   1              		.syntax unified
   2              		.cpu cortex-m4
   3              		.eabi_attribute 27, 3
   4              		.fpu fpv4-sp-d16
   5              		.eabi_attribute 20, 1
   6              		.eabi_attribute 21, 1
   7              		.eabi_attribute 23, 3
   8              		.eabi_attribute 24, 1
   9              		.eabi_attribute 25, 1
  10              		.eabi_attribute 26, 1
  11              		.eabi_attribute 30, 6
  12              		.eabi_attribute 34, 1
  13              		.eabi_attribute 18, 4
  14              		.thumb
  15              		.file	"misc.c"
  16              		.text
  17              	.Ltext0:
  18              		.cfi_sections	.debug_frame
  19              		.section	.text.NVIC_PriorityGroupConfig,"ax",%progbits
  20              		.align	2
  21              		.global	NVIC_PriorityGroupConfig
  22              		.thumb
  23              		.thumb_func
  25              	NVIC_PriorityGroupConfig:
  26              	.LFB110:
  27              		.file 1 "libs/STM32F4xx_StdPeriph_Driver/src/misc.c"
   1:libs/STM32F4xx_StdPeriph_Driver/src/misc.c **** /**
   2:libs/STM32F4xx_StdPeriph_Driver/src/misc.c ****   ******************************************************************************
   3:libs/STM32F4xx_StdPeriph_Driver/src/misc.c ****   * @file    misc.c
   4:libs/STM32F4xx_StdPeriph_Driver/src/misc.c ****   * @author  MCD Application Team
   5:libs/STM32F4xx_StdPeriph_Driver/src/misc.c ****   * @version V1.0.0RC1
   6:libs/STM32F4xx_StdPeriph_Driver/src/misc.c ****   * @date    25-August-2011
   7:libs/STM32F4xx_StdPeriph_Driver/src/misc.c ****   * @brief   This file provides all the miscellaneous firmware functions (add-on
   8:libs/STM32F4xx_StdPeriph_Driver/src/misc.c ****   *          to CMSIS functions).
   9:libs/STM32F4xx_StdPeriph_Driver/src/misc.c ****   *          
  10:libs/STM32F4xx_StdPeriph_Driver/src/misc.c ****   *  @verbatim   
  11:libs/STM32F4xx_StdPeriph_Driver/src/misc.c ****   *                               
  12:libs/STM32F4xx_StdPeriph_Driver/src/misc.c ****   *          ===================================================================      
  13:libs/STM32F4xx_StdPeriph_Driver/src/misc.c ****   *                        How to configure Interrupts using driver 
  14:libs/STM32F4xx_StdPeriph_Driver/src/misc.c ****   *          ===================================================================      
  15:libs/STM32F4xx_StdPeriph_Driver/src/misc.c ****   * 
  16:libs/STM32F4xx_StdPeriph_Driver/src/misc.c ****   *            This section provide functions allowing to configure the NVIC interrupts (IRQ).
  17:libs/STM32F4xx_StdPeriph_Driver/src/misc.c ****   *            The Cortex-M4 exceptions are managed by CMSIS functions.
  18:libs/STM32F4xx_StdPeriph_Driver/src/misc.c ****   *
  19:libs/STM32F4xx_StdPeriph_Driver/src/misc.c ****   *            1. Configure the NVIC Priority Grouping using NVIC_PriorityGroupConfig()
  20:libs/STM32F4xx_StdPeriph_Driver/src/misc.c ****   *                function according to the following table.
  21:libs/STM32F4xx_StdPeriph_Driver/src/misc.c ****  
  22:libs/STM32F4xx_StdPeriph_Driver/src/misc.c ****   *  The table below gives the allowed values of the pre-emption priority and subpriority according
  23:libs/STM32F4xx_StdPeriph_Driver/src/misc.c ****   *  to the Priority Grouping configuration performed by NVIC_PriorityGroupConfig function
  24:libs/STM32F4xx_StdPeriph_Driver/src/misc.c ****   *    ============================================================================================
  25:libs/STM32F4xx_StdPeriph_Driver/src/misc.c ****   *      NVIC_PriorityGroup   | NVIC_IRQChannelPreemptionPriority | NVIC_IRQChannelSubPriority  |  
  26:libs/STM32F4xx_StdPeriph_Driver/src/misc.c ****   *    ============================================================================================
  27:libs/STM32F4xx_StdPeriph_Driver/src/misc.c ****   *     NVIC_PriorityGroup_0  |                0                  |            0-15             | 0
  28:libs/STM32F4xx_StdPeriph_Driver/src/misc.c ****   *                           |                                   |                             | 4
  29:libs/STM32F4xx_StdPeriph_Driver/src/misc.c ****   *    --------------------------------------------------------------------------------------------
  30:libs/STM32F4xx_StdPeriph_Driver/src/misc.c ****   *     NVIC_PriorityGroup_1  |                0-1                |            0-7              | 1
  31:libs/STM32F4xx_StdPeriph_Driver/src/misc.c ****   *                           |                                   |                             | 3
  32:libs/STM32F4xx_StdPeriph_Driver/src/misc.c ****   *    --------------------------------------------------------------------------------------------
  33:libs/STM32F4xx_StdPeriph_Driver/src/misc.c ****   *     NVIC_PriorityGroup_2  |                0-3                |            0-3              | 2
  34:libs/STM32F4xx_StdPeriph_Driver/src/misc.c ****   *                           |                                   |                             | 2
  35:libs/STM32F4xx_StdPeriph_Driver/src/misc.c ****   *    --------------------------------------------------------------------------------------------
  36:libs/STM32F4xx_StdPeriph_Driver/src/misc.c ****   *     NVIC_PriorityGroup_3  |                0-7                |            0-1              | 3
  37:libs/STM32F4xx_StdPeriph_Driver/src/misc.c ****   *                           |                                   |                             | 1
  38:libs/STM32F4xx_StdPeriph_Driver/src/misc.c ****   *    --------------------------------------------------------------------------------------------
  39:libs/STM32F4xx_StdPeriph_Driver/src/misc.c ****   *     NVIC_PriorityGroup_4  |                0-15               |            0                | 4
  40:libs/STM32F4xx_StdPeriph_Driver/src/misc.c ****   *                           |                                   |                             | 0
  41:libs/STM32F4xx_StdPeriph_Driver/src/misc.c ****   *    ============================================================================================
  42:libs/STM32F4xx_StdPeriph_Driver/src/misc.c ****   *
  43:libs/STM32F4xx_StdPeriph_Driver/src/misc.c ****   *            2. Enable and Configure the priority of the selected IRQ Channels using NVIC_Init() 
  44:libs/STM32F4xx_StdPeriph_Driver/src/misc.c ****   *
  45:libs/STM32F4xx_StdPeriph_Driver/src/misc.c ****   * @note  When the NVIC_PriorityGroup_0 is selected, IRQ pre-emption is no more possible. 
  46:libs/STM32F4xx_StdPeriph_Driver/src/misc.c ****   *        The pending IRQ priority will be managed only by the subpriority.
  47:libs/STM32F4xx_StdPeriph_Driver/src/misc.c ****   *
  48:libs/STM32F4xx_StdPeriph_Driver/src/misc.c ****   * @note  IRQ priority order (sorted by highest to lowest priority):
  49:libs/STM32F4xx_StdPeriph_Driver/src/misc.c ****   *         - Lowest pre-emption priority
  50:libs/STM32F4xx_StdPeriph_Driver/src/misc.c ****   *         - Lowest subpriority
  51:libs/STM32F4xx_StdPeriph_Driver/src/misc.c ****   *         - Lowest hardware priority (IRQ number)
  52:libs/STM32F4xx_StdPeriph_Driver/src/misc.c ****   *
  53:libs/STM32F4xx_StdPeriph_Driver/src/misc.c ****   *  @endverbatim
  54:libs/STM32F4xx_StdPeriph_Driver/src/misc.c ****   *
  55:libs/STM32F4xx_StdPeriph_Driver/src/misc.c ****   ******************************************************************************
  56:libs/STM32F4xx_StdPeriph_Driver/src/misc.c ****   * @attention
  57:libs/STM32F4xx_StdPeriph_Driver/src/misc.c ****   *
  58:libs/STM32F4xx_StdPeriph_Driver/src/misc.c ****   * THE PRESENT FIRMWARE WHICH IS FOR GUIDANCE ONLY AIMS AT PROVIDING CUSTOMERS
  59:libs/STM32F4xx_StdPeriph_Driver/src/misc.c ****   * WITH CODING INFORMATION REGARDING THEIR PRODUCTS IN ORDER FOR THEM TO SAVE
  60:libs/STM32F4xx_StdPeriph_Driver/src/misc.c ****   * TIME. AS A RESULT, STMICROELECTRONICS SHALL NOT BE HELD LIABLE FOR ANY
  61:libs/STM32F4xx_StdPeriph_Driver/src/misc.c ****   * DIRECT, INDIRECT OR CONSEQUENTIAL DAMAGES WITH RESPECT TO ANY CLAIMS ARISING
  62:libs/STM32F4xx_StdPeriph_Driver/src/misc.c ****   * FROM THE CONTENT OF SUCH FIRMWARE AND/OR THE USE MADE BY CUSTOMERS OF THE
  63:libs/STM32F4xx_StdPeriph_Driver/src/misc.c ****   * CODING INFORMATION CONTAINED HEREIN IN CONNECTION WITH THEIR PRODUCTS.
  64:libs/STM32F4xx_StdPeriph_Driver/src/misc.c ****   *
  65:libs/STM32F4xx_StdPeriph_Driver/src/misc.c ****   * <h2><center>&copy; COPYRIGHT 2011 STMicroelectronics</center></h2>
  66:libs/STM32F4xx_StdPeriph_Driver/src/misc.c ****   ******************************************************************************
  67:libs/STM32F4xx_StdPeriph_Driver/src/misc.c ****   */
  68:libs/STM32F4xx_StdPeriph_Driver/src/misc.c **** 
  69:libs/STM32F4xx_StdPeriph_Driver/src/misc.c **** /* Includes ------------------------------------------------------------------*/
  70:libs/STM32F4xx_StdPeriph_Driver/src/misc.c **** #include "misc.h"
  71:libs/STM32F4xx_StdPeriph_Driver/src/misc.c **** 
  72:libs/STM32F4xx_StdPeriph_Driver/src/misc.c **** /** @addtogroup STM32F4xx_StdPeriph_Driver
  73:libs/STM32F4xx_StdPeriph_Driver/src/misc.c ****   * @{
  74:libs/STM32F4xx_StdPeriph_Driver/src/misc.c ****   */
  75:libs/STM32F4xx_StdPeriph_Driver/src/misc.c **** 
  76:libs/STM32F4xx_StdPeriph_Driver/src/misc.c **** /** @defgroup MISC 
  77:libs/STM32F4xx_StdPeriph_Driver/src/misc.c ****   * @brief MISC driver modules
  78:libs/STM32F4xx_StdPeriph_Driver/src/misc.c ****   * @{
  79:libs/STM32F4xx_StdPeriph_Driver/src/misc.c ****   */
  80:libs/STM32F4xx_StdPeriph_Driver/src/misc.c **** 
  81:libs/STM32F4xx_StdPeriph_Driver/src/misc.c **** /* Private typedef -----------------------------------------------------------*/
  82:libs/STM32F4xx_StdPeriph_Driver/src/misc.c **** /* Private define ------------------------------------------------------------*/
  83:libs/STM32F4xx_StdPeriph_Driver/src/misc.c **** #define AIRCR_VECTKEY_MASK    ((uint32_t)0x05FA0000)
  84:libs/STM32F4xx_StdPeriph_Driver/src/misc.c **** 
  85:libs/STM32F4xx_StdPeriph_Driver/src/misc.c **** /* Private macro -------------------------------------------------------------*/
  86:libs/STM32F4xx_StdPeriph_Driver/src/misc.c **** /* Private variables ---------------------------------------------------------*/
  87:libs/STM32F4xx_StdPeriph_Driver/src/misc.c **** /* Private function prototypes -----------------------------------------------*/
  88:libs/STM32F4xx_StdPeriph_Driver/src/misc.c **** /* Private functions ---------------------------------------------------------*/
  89:libs/STM32F4xx_StdPeriph_Driver/src/misc.c **** 
  90:libs/STM32F4xx_StdPeriph_Driver/src/misc.c **** /** @defgroup MISC_Private_Functions
  91:libs/STM32F4xx_StdPeriph_Driver/src/misc.c ****   * @{
  92:libs/STM32F4xx_StdPeriph_Driver/src/misc.c ****   */
  93:libs/STM32F4xx_StdPeriph_Driver/src/misc.c **** 
  94:libs/STM32F4xx_StdPeriph_Driver/src/misc.c **** /**
  95:libs/STM32F4xx_StdPeriph_Driver/src/misc.c ****   * @brief  Configures the priority grouping: pre-emption priority and subpriority.
  96:libs/STM32F4xx_StdPeriph_Driver/src/misc.c ****   * @param  NVIC_PriorityGroup: specifies the priority grouping bits length. 
  97:libs/STM32F4xx_StdPeriph_Driver/src/misc.c ****   *   This parameter can be one of the following values:
  98:libs/STM32F4xx_StdPeriph_Driver/src/misc.c ****   *     @arg NVIC_PriorityGroup_0: 0 bits for pre-emption priority
  99:libs/STM32F4xx_StdPeriph_Driver/src/misc.c ****   *                                4 bits for subpriority
 100:libs/STM32F4xx_StdPeriph_Driver/src/misc.c ****   *     @arg NVIC_PriorityGroup_1: 1 bits for pre-emption priority
 101:libs/STM32F4xx_StdPeriph_Driver/src/misc.c ****   *                                3 bits for subpriority
 102:libs/STM32F4xx_StdPeriph_Driver/src/misc.c ****   *     @arg NVIC_PriorityGroup_2: 2 bits for pre-emption priority
 103:libs/STM32F4xx_StdPeriph_Driver/src/misc.c ****   *                                2 bits for subpriority
 104:libs/STM32F4xx_StdPeriph_Driver/src/misc.c ****   *     @arg NVIC_PriorityGroup_3: 3 bits for pre-emption priority
 105:libs/STM32F4xx_StdPeriph_Driver/src/misc.c ****   *                                1 bits for subpriority
 106:libs/STM32F4xx_StdPeriph_Driver/src/misc.c ****   *     @arg NVIC_PriorityGroup_4: 4 bits for pre-emption priority
 107:libs/STM32F4xx_StdPeriph_Driver/src/misc.c ****   *                                0 bits for subpriority
 108:libs/STM32F4xx_StdPeriph_Driver/src/misc.c ****   * @note   When the NVIC_PriorityGroup_0 is selected, IRQ pre-emption is no more possible. 
 109:libs/STM32F4xx_StdPeriph_Driver/src/misc.c ****   *         The pending IRQ priority will be managed only by the subpriority. 
 110:libs/STM32F4xx_StdPeriph_Driver/src/misc.c ****   * @retval None
 111:libs/STM32F4xx_StdPeriph_Driver/src/misc.c ****   */
 112:libs/STM32F4xx_StdPeriph_Driver/src/misc.c **** void NVIC_PriorityGroupConfig(uint32_t NVIC_PriorityGroup)
 113:libs/STM32F4xx_StdPeriph_Driver/src/misc.c **** {
  28              		.loc 1 113 0
  29              		.cfi_startproc
  30              		@ args = 0, pretend = 0, frame = 8
  31              		@ frame_needed = 1, uses_anonymous_args = 0
  32              		@ link register save eliminated.
  33 0000 80B4     		push	{r7}
  34              	.LCFI0:
  35              		.cfi_def_cfa_offset 4
  36              		.cfi_offset 7, -4
  37 0002 83B0     		sub	sp, sp, #12
  38              	.LCFI1:
  39              		.cfi_def_cfa_offset 16
  40 0004 00AF     		add	r7, sp, #0
  41              	.LCFI2:
  42              		.cfi_def_cfa_register 7
  43 0006 7860     		str	r0, [r7, #4]
 114:libs/STM32F4xx_StdPeriph_Driver/src/misc.c ****   /* Check the parameters */
 115:libs/STM32F4xx_StdPeriph_Driver/src/misc.c ****   assert_param(IS_NVIC_PRIORITY_GROUP(NVIC_PriorityGroup));
 116:libs/STM32F4xx_StdPeriph_Driver/src/misc.c ****   
 117:libs/STM32F4xx_StdPeriph_Driver/src/misc.c ****   /* Set the PRIGROUP[10:8] bits according to NVIC_PriorityGroup value */
 118:libs/STM32F4xx_StdPeriph_Driver/src/misc.c ****   SCB->AIRCR = AIRCR_VECTKEY_MASK | NVIC_PriorityGroup;
  44              		.loc 1 118 0
  45 0008 4FF46D43 		mov	r3, #60672
  46 000c CEF20003 		movt	r3, 57344
  47 0010 7A68     		ldr	r2, [r7, #4]
  48 0012 42F0BF62 		orr	r2, r2, #100139008
  49 0016 42F40032 		orr	r2, r2, #131072
  50 001a DA60     		str	r2, [r3, #12]
 119:libs/STM32F4xx_StdPeriph_Driver/src/misc.c **** }
  51              		.loc 1 119 0
  52 001c 0C37     		adds	r7, r7, #12
  53 001e BD46     		mov	sp, r7
  54              		@ sp needed
  55 0020 5DF8047B 		ldr	r7, [sp], #4
  56 0024 7047     		bx	lr
  57              		.cfi_endproc
  58              	.LFE110:
  60 0026 00BF     		.section	.text.NVIC_Init,"ax",%progbits
  61              		.align	2
  62              		.global	NVIC_Init
  63              		.thumb
  64              		.thumb_func
  66              	NVIC_Init:
  67              	.LFB111:
 120:libs/STM32F4xx_StdPeriph_Driver/src/misc.c **** 
 121:libs/STM32F4xx_StdPeriph_Driver/src/misc.c **** /**
 122:libs/STM32F4xx_StdPeriph_Driver/src/misc.c ****   * @brief  Initializes the NVIC peripheral according to the specified
 123:libs/STM32F4xx_StdPeriph_Driver/src/misc.c ****   *         parameters in the NVIC_InitStruct.
 124:libs/STM32F4xx_StdPeriph_Driver/src/misc.c ****   * @note   To configure interrupts priority correctly, the NVIC_PriorityGroupConfig()
 125:libs/STM32F4xx_StdPeriph_Driver/src/misc.c ****   *         function should be called before. 
 126:libs/STM32F4xx_StdPeriph_Driver/src/misc.c ****   * @param  NVIC_InitStruct: pointer to a NVIC_InitTypeDef structure that contains
 127:libs/STM32F4xx_StdPeriph_Driver/src/misc.c ****   *         the configuration information for the specified NVIC peripheral.
 128:libs/STM32F4xx_StdPeriph_Driver/src/misc.c ****   * @retval None
 129:libs/STM32F4xx_StdPeriph_Driver/src/misc.c ****   */
 130:libs/STM32F4xx_StdPeriph_Driver/src/misc.c **** void NVIC_Init(NVIC_InitTypeDef* NVIC_InitStruct)
 131:libs/STM32F4xx_StdPeriph_Driver/src/misc.c **** {
  68              		.loc 1 131 0
  69              		.cfi_startproc
  70              		@ args = 0, pretend = 0, frame = 16
  71              		@ frame_needed = 1, uses_anonymous_args = 0
  72              		@ link register save eliminated.
  73 0000 80B4     		push	{r7}
  74              	.LCFI3:
  75              		.cfi_def_cfa_offset 4
  76              		.cfi_offset 7, -4
  77 0002 85B0     		sub	sp, sp, #20
  78              	.LCFI4:
  79              		.cfi_def_cfa_offset 24
  80 0004 00AF     		add	r7, sp, #0
  81              	.LCFI5:
  82              		.cfi_def_cfa_register 7
  83 0006 7860     		str	r0, [r7, #4]
 132:libs/STM32F4xx_StdPeriph_Driver/src/misc.c ****   uint8_t tmppriority = 0x00, tmppre = 0x00, tmpsub = 0x0F;
  84              		.loc 1 132 0
  85 0008 0023     		movs	r3, #0
  86 000a FB73     		strb	r3, [r7, #15]
  87 000c 0023     		movs	r3, #0
  88 000e BB73     		strb	r3, [r7, #14]
  89 0010 0F23     		movs	r3, #15
  90 0012 7B73     		strb	r3, [r7, #13]
 133:libs/STM32F4xx_StdPeriph_Driver/src/misc.c ****   
 134:libs/STM32F4xx_StdPeriph_Driver/src/misc.c ****   /* Check the parameters */
 135:libs/STM32F4xx_StdPeriph_Driver/src/misc.c ****   assert_param(IS_FUNCTIONAL_STATE(NVIC_InitStruct->NVIC_IRQChannelCmd));
 136:libs/STM32F4xx_StdPeriph_Driver/src/misc.c ****   assert_param(IS_NVIC_PREEMPTION_PRIORITY(NVIC_InitStruct->NVIC_IRQChannelPreemptionPriority));  
 137:libs/STM32F4xx_StdPeriph_Driver/src/misc.c ****   assert_param(IS_NVIC_SUB_PRIORITY(NVIC_InitStruct->NVIC_IRQChannelSubPriority));
 138:libs/STM32F4xx_StdPeriph_Driver/src/misc.c ****     
 139:libs/STM32F4xx_StdPeriph_Driver/src/misc.c ****   if (NVIC_InitStruct->NVIC_IRQChannelCmd != DISABLE)
  91              		.loc 1 139 0
  92 0014 7B68     		ldr	r3, [r7, #4]
  93 0016 DB78     		ldrb	r3, [r3, #3]	@ zero_extendqisi2
  94 0018 002B     		cmp	r3, #0
  95 001a 40D0     		beq	.L3
 140:libs/STM32F4xx_StdPeriph_Driver/src/misc.c ****   {
 141:libs/STM32F4xx_StdPeriph_Driver/src/misc.c ****     /* Compute the Corresponding IRQ Priority --------------------------------*/    
 142:libs/STM32F4xx_StdPeriph_Driver/src/misc.c ****     tmppriority = (0x700 - ((SCB->AIRCR) & (uint32_t)0x700))>> 0x08;
  96              		.loc 1 142 0
  97 001c 4FF46D43 		mov	r3, #60672
  98 0020 CEF20003 		movt	r3, 57344
  99 0024 DB68     		ldr	r3, [r3, #12]
 100 0026 DB43     		mvns	r3, r3
 101 0028 03F4E063 		and	r3, r3, #1792
 102 002c 1B0A     		lsrs	r3, r3, #8
 103 002e FB73     		strb	r3, [r7, #15]
 143:libs/STM32F4xx_StdPeriph_Driver/src/misc.c ****     tmppre = (0x4 - tmppriority);
 104              		.loc 1 143 0
 105 0030 FB7B     		ldrb	r3, [r7, #15]
 106 0032 C3F10403 		rsb	r3, r3, #4
 107 0036 BB73     		strb	r3, [r7, #14]
 144:libs/STM32F4xx_StdPeriph_Driver/src/misc.c ****     tmpsub = tmpsub >> tmppriority;
 108              		.loc 1 144 0
 109 0038 7A7B     		ldrb	r2, [r7, #13]	@ zero_extendqisi2
 110 003a FB7B     		ldrb	r3, [r7, #15]	@ zero_extendqisi2
 111 003c 42FA03F3 		asr	r3, r2, r3
 112 0040 7B73     		strb	r3, [r7, #13]
 145:libs/STM32F4xx_StdPeriph_Driver/src/misc.c **** 
 146:libs/STM32F4xx_StdPeriph_Driver/src/misc.c ****     tmppriority = NVIC_InitStruct->NVIC_IRQChannelPreemptionPriority << tmppre;
 113              		.loc 1 146 0
 114 0042 7B68     		ldr	r3, [r7, #4]
 115 0044 5B78     		ldrb	r3, [r3, #1]	@ zero_extendqisi2
 116 0046 1A46     		mov	r2, r3
 117 0048 BB7B     		ldrb	r3, [r7, #14]	@ zero_extendqisi2
 118 004a 02FA03F3 		lsl	r3, r2, r3
 119 004e FB73     		strb	r3, [r7, #15]
 147:libs/STM32F4xx_StdPeriph_Driver/src/misc.c ****     tmppriority |=  (uint8_t)(NVIC_InitStruct->NVIC_IRQChannelSubPriority & tmpsub);
 120              		.loc 1 147 0
 121 0050 7B68     		ldr	r3, [r7, #4]
 122 0052 9A78     		ldrb	r2, [r3, #2]	@ zero_extendqisi2
 123 0054 7B7B     		ldrb	r3, [r7, #13]
 124 0056 1340     		ands	r3, r3, r2
 125 0058 DAB2     		uxtb	r2, r3
 126 005a FB7B     		ldrb	r3, [r7, #15]
 127 005c 1343     		orrs	r3, r3, r2
 128 005e FB73     		strb	r3, [r7, #15]
 148:libs/STM32F4xx_StdPeriph_Driver/src/misc.c ****         
 149:libs/STM32F4xx_StdPeriph_Driver/src/misc.c ****     tmppriority = tmppriority << 0x04;
 129              		.loc 1 149 0
 130 0060 FB7B     		ldrb	r3, [r7, #15]
 131 0062 1B01     		lsls	r3, r3, #4
 132 0064 FB73     		strb	r3, [r7, #15]
 150:libs/STM32F4xx_StdPeriph_Driver/src/misc.c ****         
 151:libs/STM32F4xx_StdPeriph_Driver/src/misc.c ****     NVIC->IP[NVIC_InitStruct->NVIC_IRQChannel] = tmppriority;
 133              		.loc 1 151 0
 134 0066 4FF46143 		mov	r3, #57600
 135 006a CEF20003 		movt	r3, 57344
 136 006e 7A68     		ldr	r2, [r7, #4]
 137 0070 1278     		ldrb	r2, [r2]	@ zero_extendqisi2
 138 0072 1344     		add	r3, r3, r2
 139 0074 FA7B     		ldrb	r2, [r7, #15]
 140 0076 83F80023 		strb	r2, [r3, #768]
 152:libs/STM32F4xx_StdPeriph_Driver/src/misc.c ****     
 153:libs/STM32F4xx_StdPeriph_Driver/src/misc.c ****     /* Enable the Selected IRQ Channels --------------------------------------*/
 154:libs/STM32F4xx_StdPeriph_Driver/src/misc.c ****     NVIC->ISER[NVIC_InitStruct->NVIC_IRQChannel >> 0x05] =
 141              		.loc 1 154 0
 142 007a 4FF46143 		mov	r3, #57600
 143 007e CEF20003 		movt	r3, 57344
 144 0082 7A68     		ldr	r2, [r7, #4]
 145 0084 1278     		ldrb	r2, [r2]	@ zero_extendqisi2
 146 0086 5209     		lsrs	r2, r2, #5
 147 0088 D2B2     		uxtb	r2, r2
 155:libs/STM32F4xx_StdPeriph_Driver/src/misc.c ****       (uint32_t)0x01 << (NVIC_InitStruct->NVIC_IRQChannel & (uint8_t)0x1F);
 148              		.loc 1 155 0
 149 008a 7968     		ldr	r1, [r7, #4]
 150 008c 0978     		ldrb	r1, [r1]	@ zero_extendqisi2
 151 008e 01F01F01 		and	r1, r1, #31
 152 0092 0120     		movs	r0, #1
 153 0094 00FA01F1 		lsl	r1, r0, r1
 154:libs/STM32F4xx_StdPeriph_Driver/src/misc.c ****       (uint32_t)0x01 << (NVIC_InitStruct->NVIC_IRQChannel & (uint8_t)0x1F);
 154              		.loc 1 154 0
 155 0098 43F82210 		str	r1, [r3, r2, lsl #2]
 156 009c 11E0     		b	.L2
 157              	.L3:
 156:libs/STM32F4xx_StdPeriph_Driver/src/misc.c ****   }
 157:libs/STM32F4xx_StdPeriph_Driver/src/misc.c ****   else
 158:libs/STM32F4xx_StdPeriph_Driver/src/misc.c ****   {
 159:libs/STM32F4xx_StdPeriph_Driver/src/misc.c ****     /* Disable the Selected IRQ Channels -------------------------------------*/
 160:libs/STM32F4xx_StdPeriph_Driver/src/misc.c ****     NVIC->ICER[NVIC_InitStruct->NVIC_IRQChannel >> 0x05] =
 158              		.loc 1 160 0
 159 009e 4FF46143 		mov	r3, #57600
 160 00a2 CEF20003 		movt	r3, 57344
 161 00a6 7A68     		ldr	r2, [r7, #4]
 162 00a8 1278     		ldrb	r2, [r2]	@ zero_extendqisi2
 163 00aa 5209     		lsrs	r2, r2, #5
 164 00ac D2B2     		uxtb	r2, r2
 161:libs/STM32F4xx_StdPeriph_Driver/src/misc.c ****       (uint32_t)0x01 << (NVIC_InitStruct->NVIC_IRQChannel & (uint8_t)0x1F);
 165              		.loc 1 161 0
 166 00ae 7968     		ldr	r1, [r7, #4]
 167 00b0 0978     		ldrb	r1, [r1]	@ zero_extendqisi2
 168 00b2 01F01F01 		and	r1, r1, #31
 169 00b6 0120     		movs	r0, #1
 170 00b8 00FA01F1 		lsl	r1, r0, r1
 160:libs/STM32F4xx_StdPeriph_Driver/src/misc.c ****       (uint32_t)0x01 << (NVIC_InitStruct->NVIC_IRQChannel & (uint8_t)0x1F);
 171              		.loc 1 160 0
 172 00bc 2032     		adds	r2, r2, #32
 173 00be 43F82210 		str	r1, [r3, r2, lsl #2]
 174              	.L2:
 162:libs/STM32F4xx_StdPeriph_Driver/src/misc.c ****   }
 163:libs/STM32F4xx_StdPeriph_Driver/src/misc.c **** }
 175              		.loc 1 163 0
 176 00c2 1437     		adds	r7, r7, #20
 177 00c4 BD46     		mov	sp, r7
 178              		@ sp needed
 179 00c6 5DF8047B 		ldr	r7, [sp], #4
 180 00ca 7047     		bx	lr
 181              		.cfi_endproc
 182              	.LFE111:
 184              		.section	.text.NVIC_SetVectorTable,"ax",%progbits
 185              		.align	2
 186              		.global	NVIC_SetVectorTable
 187              		.thumb
 188              		.thumb_func
 190              	NVIC_SetVectorTable:
 191              	.LFB112:
 164:libs/STM32F4xx_StdPeriph_Driver/src/misc.c **** 
 165:libs/STM32F4xx_StdPeriph_Driver/src/misc.c **** /**
 166:libs/STM32F4xx_StdPeriph_Driver/src/misc.c ****   * @brief  Sets the vector table location and Offset.
 167:libs/STM32F4xx_StdPeriph_Driver/src/misc.c ****   * @param  NVIC_VectTab: specifies if the vector table is in RAM or FLASH memory.
 168:libs/STM32F4xx_StdPeriph_Driver/src/misc.c ****   *   This parameter can be one of the following values:
 169:libs/STM32F4xx_StdPeriph_Driver/src/misc.c ****   *     @arg NVIC_VectTab_RAM: Vector Table in internal SRAM.
 170:libs/STM32F4xx_StdPeriph_Driver/src/misc.c ****   *     @arg NVIC_VectTab_FLASH: Vector Table in internal FLASH.
 171:libs/STM32F4xx_StdPeriph_Driver/src/misc.c ****   * @param  Offset: Vector Table base offset field. This value must be a multiple of 0x200.
 172:libs/STM32F4xx_StdPeriph_Driver/src/misc.c ****   * @retval None
 173:libs/STM32F4xx_StdPeriph_Driver/src/misc.c ****   */
 174:libs/STM32F4xx_StdPeriph_Driver/src/misc.c **** void NVIC_SetVectorTable(uint32_t NVIC_VectTab, uint32_t Offset)
 175:libs/STM32F4xx_StdPeriph_Driver/src/misc.c **** { 
 192              		.loc 1 175 0
 193              		.cfi_startproc
 194              		@ args = 0, pretend = 0, frame = 8
 195              		@ frame_needed = 1, uses_anonymous_args = 0
 196              		@ link register save eliminated.
 197 0000 80B4     		push	{r7}
 198              	.LCFI6:
 199              		.cfi_def_cfa_offset 4
 200              		.cfi_offset 7, -4
 201 0002 83B0     		sub	sp, sp, #12
 202              	.LCFI7:
 203              		.cfi_def_cfa_offset 16
 204 0004 00AF     		add	r7, sp, #0
 205              	.LCFI8:
 206              		.cfi_def_cfa_register 7
 207 0006 7860     		str	r0, [r7, #4]
 208 0008 3960     		str	r1, [r7]
 176:libs/STM32F4xx_StdPeriph_Driver/src/misc.c ****   /* Check the parameters */
 177:libs/STM32F4xx_StdPeriph_Driver/src/misc.c ****   assert_param(IS_NVIC_VECTTAB(NVIC_VectTab));
 178:libs/STM32F4xx_StdPeriph_Driver/src/misc.c ****   assert_param(IS_NVIC_OFFSET(Offset));  
 179:libs/STM32F4xx_StdPeriph_Driver/src/misc.c ****    
 180:libs/STM32F4xx_StdPeriph_Driver/src/misc.c ****   SCB->VTOR = NVIC_VectTab | (Offset & (uint32_t)0x1FFFFF80);
 209              		.loc 1 180 0
 210 000a 4FF46D43 		mov	r3, #60672
 211 000e CEF20003 		movt	r3, 57344
 212 0012 3A68     		ldr	r2, [r7]
 213 0014 22F06042 		bic	r2, r2, #-536870912
 214 0018 22F07F02 		bic	r2, r2, #127
 215 001c 7968     		ldr	r1, [r7, #4]
 216 001e 0A43     		orrs	r2, r2, r1
 217 0020 9A60     		str	r2, [r3, #8]
 181:libs/STM32F4xx_StdPeriph_Driver/src/misc.c **** }
 218              		.loc 1 181 0
 219 0022 0C37     		adds	r7, r7, #12
 220 0024 BD46     		mov	sp, r7
 221              		@ sp needed
 222 0026 5DF8047B 		ldr	r7, [sp], #4
 223 002a 7047     		bx	lr
 224              		.cfi_endproc
 225              	.LFE112:
 227              		.section	.text.NVIC_SystemLPConfig,"ax",%progbits
 228              		.align	2
 229              		.global	NVIC_SystemLPConfig
 230              		.thumb
 231              		.thumb_func
 233              	NVIC_SystemLPConfig:
 234              	.LFB113:
 182:libs/STM32F4xx_StdPeriph_Driver/src/misc.c **** 
 183:libs/STM32F4xx_StdPeriph_Driver/src/misc.c **** /**
 184:libs/STM32F4xx_StdPeriph_Driver/src/misc.c ****   * @brief  Selects the condition for the system to enter low power mode.
 185:libs/STM32F4xx_StdPeriph_Driver/src/misc.c ****   * @param  LowPowerMode: Specifies the new mode for the system to enter low power mode.
 186:libs/STM32F4xx_StdPeriph_Driver/src/misc.c ****   *   This parameter can be one of the following values:
 187:libs/STM32F4xx_StdPeriph_Driver/src/misc.c ****   *     @arg NVIC_LP_SEVONPEND: Low Power SEV on Pend.
 188:libs/STM32F4xx_StdPeriph_Driver/src/misc.c ****   *     @arg NVIC_LP_SLEEPDEEP: Low Power DEEPSLEEP request.
 189:libs/STM32F4xx_StdPeriph_Driver/src/misc.c ****   *     @arg NVIC_LP_SLEEPONEXIT: Low Power Sleep on Exit.
 190:libs/STM32F4xx_StdPeriph_Driver/src/misc.c ****   * @param  NewState: new state of LP condition. This parameter can be: ENABLE or DISABLE.
 191:libs/STM32F4xx_StdPeriph_Driver/src/misc.c ****   * @retval None
 192:libs/STM32F4xx_StdPeriph_Driver/src/misc.c ****   */
 193:libs/STM32F4xx_StdPeriph_Driver/src/misc.c **** void NVIC_SystemLPConfig(uint8_t LowPowerMode, FunctionalState NewState)
 194:libs/STM32F4xx_StdPeriph_Driver/src/misc.c **** {
 235              		.loc 1 194 0
 236              		.cfi_startproc
 237              		@ args = 0, pretend = 0, frame = 8
 238              		@ frame_needed = 1, uses_anonymous_args = 0
 239              		@ link register save eliminated.
 240 0000 80B4     		push	{r7}
 241              	.LCFI9:
 242              		.cfi_def_cfa_offset 4
 243              		.cfi_offset 7, -4
 244 0002 83B0     		sub	sp, sp, #12
 245              	.LCFI10:
 246              		.cfi_def_cfa_offset 16
 247 0004 00AF     		add	r7, sp, #0
 248              	.LCFI11:
 249              		.cfi_def_cfa_register 7
 250 0006 0246     		mov	r2, r0
 251 0008 0B46     		mov	r3, r1
 252 000a FA71     		strb	r2, [r7, #7]
 253 000c BB71     		strb	r3, [r7, #6]
 195:libs/STM32F4xx_StdPeriph_Driver/src/misc.c ****   /* Check the parameters */
 196:libs/STM32F4xx_StdPeriph_Driver/src/misc.c ****   assert_param(IS_NVIC_LP(LowPowerMode));
 197:libs/STM32F4xx_StdPeriph_Driver/src/misc.c ****   assert_param(IS_FUNCTIONAL_STATE(NewState));  
 198:libs/STM32F4xx_StdPeriph_Driver/src/misc.c ****   
 199:libs/STM32F4xx_StdPeriph_Driver/src/misc.c ****   if (NewState != DISABLE)
 254              		.loc 1 199 0
 255 000e BB79     		ldrb	r3, [r7, #6]	@ zero_extendqisi2
 256 0010 002B     		cmp	r3, #0
 257 0012 0CD0     		beq	.L7
 200:libs/STM32F4xx_StdPeriph_Driver/src/misc.c ****   {
 201:libs/STM32F4xx_StdPeriph_Driver/src/misc.c ****     SCB->SCR |= LowPowerMode;
 258              		.loc 1 201 0
 259 0014 4FF46D43 		mov	r3, #60672
 260 0018 CEF20003 		movt	r3, 57344
 261 001c 4FF46D42 		mov	r2, #60672
 262 0020 CEF20002 		movt	r2, 57344
 263 0024 1169     		ldr	r1, [r2, #16]
 264 0026 FA79     		ldrb	r2, [r7, #7]	@ zero_extendqisi2
 265 0028 0A43     		orrs	r2, r2, r1
 266 002a 1A61     		str	r2, [r3, #16]
 267 002c 0CE0     		b	.L6
 268              	.L7:
 202:libs/STM32F4xx_StdPeriph_Driver/src/misc.c ****   }
 203:libs/STM32F4xx_StdPeriph_Driver/src/misc.c ****   else
 204:libs/STM32F4xx_StdPeriph_Driver/src/misc.c ****   {
 205:libs/STM32F4xx_StdPeriph_Driver/src/misc.c ****     SCB->SCR &= (uint32_t)(~(uint32_t)LowPowerMode);
 269              		.loc 1 205 0
 270 002e 4FF46D43 		mov	r3, #60672
 271 0032 CEF20003 		movt	r3, 57344
 272 0036 4FF46D42 		mov	r2, #60672
 273 003a CEF20002 		movt	r2, 57344
 274 003e 1169     		ldr	r1, [r2, #16]
 275 0040 FA79     		ldrb	r2, [r7, #7]	@ zero_extendqisi2
 276 0042 D243     		mvns	r2, r2
 277 0044 0A40     		ands	r2, r2, r1
 278 0046 1A61     		str	r2, [r3, #16]
 279              	.L6:
 206:libs/STM32F4xx_StdPeriph_Driver/src/misc.c ****   }
 207:libs/STM32F4xx_StdPeriph_Driver/src/misc.c **** }
 280              		.loc 1 207 0
 281 0048 0C37     		adds	r7, r7, #12
 282 004a BD46     		mov	sp, r7
 283              		@ sp needed
 284 004c 5DF8047B 		ldr	r7, [sp], #4
 285 0050 7047     		bx	lr
 286              		.cfi_endproc
 287              	.LFE113:
 289 0052 00BF     		.section	.text.SysTick_CLKSourceConfig,"ax",%progbits
 290              		.align	2
 291              		.global	SysTick_CLKSourceConfig
 292              		.thumb
 293              		.thumb_func
 295              	SysTick_CLKSourceConfig:
 296              	.LFB114:
 208:libs/STM32F4xx_StdPeriph_Driver/src/misc.c **** 
 209:libs/STM32F4xx_StdPeriph_Driver/src/misc.c **** /**
 210:libs/STM32F4xx_StdPeriph_Driver/src/misc.c ****   * @brief  Configures the SysTick clock source.
 211:libs/STM32F4xx_StdPeriph_Driver/src/misc.c ****   * @param  SysTick_CLKSource: specifies the SysTick clock source.
 212:libs/STM32F4xx_StdPeriph_Driver/src/misc.c ****   *   This parameter can be one of the following values:
 213:libs/STM32F4xx_StdPeriph_Driver/src/misc.c ****   *     @arg SysTick_CLKSource_HCLK_Div8: AHB clock divided by 8 selected as SysTick clock source.
 214:libs/STM32F4xx_StdPeriph_Driver/src/misc.c ****   *     @arg SysTick_CLKSource_HCLK: AHB clock selected as SysTick clock source.
 215:libs/STM32F4xx_StdPeriph_Driver/src/misc.c ****   * @retval None
 216:libs/STM32F4xx_StdPeriph_Driver/src/misc.c ****   */
 217:libs/STM32F4xx_StdPeriph_Driver/src/misc.c **** void SysTick_CLKSourceConfig(uint32_t SysTick_CLKSource)
 218:libs/STM32F4xx_StdPeriph_Driver/src/misc.c **** {
 297              		.loc 1 218 0
 298              		.cfi_startproc
 299              		@ args = 0, pretend = 0, frame = 8
 300              		@ frame_needed = 1, uses_anonymous_args = 0
 301              		@ link register save eliminated.
 302 0000 80B4     		push	{r7}
 303              	.LCFI12:
 304              		.cfi_def_cfa_offset 4
 305              		.cfi_offset 7, -4
 306 0002 83B0     		sub	sp, sp, #12
 307              	.LCFI13:
 308              		.cfi_def_cfa_offset 16
 309 0004 00AF     		add	r7, sp, #0
 310              	.LCFI14:
 311              		.cfi_def_cfa_register 7
 312 0006 7860     		str	r0, [r7, #4]
 219:libs/STM32F4xx_StdPeriph_Driver/src/misc.c ****   /* Check the parameters */
 220:libs/STM32F4xx_StdPeriph_Driver/src/misc.c ****   assert_param(IS_SYSTICK_CLK_SOURCE(SysTick_CLKSource));
 221:libs/STM32F4xx_StdPeriph_Driver/src/misc.c ****   if (SysTick_CLKSource == SysTick_CLKSource_HCLK)
 313              		.loc 1 221 0
 314 0008 7B68     		ldr	r3, [r7, #4]
 315 000a 042B     		cmp	r3, #4
 316 000c 0CD1     		bne	.L10
 222:libs/STM32F4xx_StdPeriph_Driver/src/misc.c ****   {
 223:libs/STM32F4xx_StdPeriph_Driver/src/misc.c ****     SysTick->CTRL |= SysTick_CLKSource_HCLK;
 317              		.loc 1 223 0
 318 000e 4EF21003 		movw	r3, #57360
 319 0012 CEF20003 		movt	r3, 57344
 320 0016 4EF21002 		movw	r2, #57360
 321 001a CEF20002 		movt	r2, 57344
 322 001e 1268     		ldr	r2, [r2]
 323 0020 42F00402 		orr	r2, r2, #4
 324 0024 1A60     		str	r2, [r3]
 325 0026 0BE0     		b	.L9
 326              	.L10:
 224:libs/STM32F4xx_StdPeriph_Driver/src/misc.c ****   }
 225:libs/STM32F4xx_StdPeriph_Driver/src/misc.c ****   else
 226:libs/STM32F4xx_StdPeriph_Driver/src/misc.c ****   {
 227:libs/STM32F4xx_StdPeriph_Driver/src/misc.c ****     SysTick->CTRL &= SysTick_CLKSource_HCLK_Div8;
 327              		.loc 1 227 0
 328 0028 4EF21003 		movw	r3, #57360
 329 002c CEF20003 		movt	r3, 57344
 330 0030 4EF21002 		movw	r2, #57360
 331 0034 CEF20002 		movt	r2, 57344
 332 0038 1268     		ldr	r2, [r2]
 333 003a 22F00402 		bic	r2, r2, #4
 334 003e 1A60     		str	r2, [r3]
 335              	.L9:
 228:libs/STM32F4xx_StdPeriph_Driver/src/misc.c ****   }
 229:libs/STM32F4xx_StdPeriph_Driver/src/misc.c **** }
 336              		.loc 1 229 0
 337 0040 0C37     		adds	r7, r7, #12
 338 0042 BD46     		mov	sp, r7
 339              		@ sp needed
 340 0044 5DF8047B 		ldr	r7, [sp], #4
 341 0048 7047     		bx	lr
 342              		.cfi_endproc
 343              	.LFE114:
 345 004a 00BF     		.text
 346              	.Letext0:
 347              		.file 2 "/usr/include/newlib/machine/_default_types.h"
 348              		.file 3 "/usr/include/newlib/stdint.h"
 349              		.file 4 "libs/CMSIS/Include/core_cm4.h"
 350              		.file 5 "libs/Device/STM32F4xx/Include/stm32f4xx.h"
 351              		.file 6 "libs/STM32F4xx_StdPeriph_Driver/inc/misc.h"
DEFINED SYMBOLS
                            *ABS*:0000000000000000 misc.c
     /tmp/ccLsRKDK.s:20     .text.NVIC_PriorityGroupConfig:0000000000000000 $t
     /tmp/ccLsRKDK.s:25     .text.NVIC_PriorityGroupConfig:0000000000000000 NVIC_PriorityGroupConfig
     /tmp/ccLsRKDK.s:61     .text.NVIC_Init:0000000000000000 $t
     /tmp/ccLsRKDK.s:66     .text.NVIC_Init:0000000000000000 NVIC_Init
     /tmp/ccLsRKDK.s:185    .text.NVIC_SetVectorTable:0000000000000000 $t
     /tmp/ccLsRKDK.s:190    .text.NVIC_SetVectorTable:0000000000000000 NVIC_SetVectorTable
     /tmp/ccLsRKDK.s:228    .text.NVIC_SystemLPConfig:0000000000000000 $t
     /tmp/ccLsRKDK.s:233    .text.NVIC_SystemLPConfig:0000000000000000 NVIC_SystemLPConfig
     /tmp/ccLsRKDK.s:290    .text.SysTick_CLKSourceConfig:0000000000000000 $t
     /tmp/ccLsRKDK.s:295    .text.SysTick_CLKSourceConfig:0000000000000000 SysTick_CLKSourceConfig
                     .debug_frame:0000000000000010 $d

NO UNDEFINED SYMBOLS
