   1              		.syntax unified
   2              		.cpu cortex-m4
   3              		.eabi_attribute 27, 3
   4              		.fpu fpv4-sp-d16
   5              		.eabi_attribute 20, 1
   6              		.eabi_attribute 21, 1
   7              		.eabi_attribute 23, 3
   8              		.eabi_attribute 24, 1
   9              		.eabi_attribute 25, 1
  10              		.eabi_attribute 26, 1
  11              		.eabi_attribute 30, 6
  12              		.eabi_attribute 34, 1
  13              		.eabi_attribute 18, 4
  14              		.thumb
  15              		.file	"port.c"
  16              		.text
  17              	.Ltext0:
  18              		.cfi_sections	.debug_frame
  19              		.global	ulKernelPriority
  20              		.section	.rodata.ulKernelPriority,"a",%progbits
  21              		.align	2
  24              	ulKernelPriority:
  25 0000 FF000000 		.word	255
  26              		.section	.data.uxCriticalNesting,"aw",%progbits
  27              		.align	2
  30              	uxCriticalNesting:
  31 0000 AAAAAAAA 		.word	-1431655766
  32              		.section	.text.pxPortInitialiseStack,"ax",%progbits
  33              		.align	2
  34              		.global	pxPortInitialiseStack
  35              		.thumb
  36              		.thumb_func
  38              	pxPortInitialiseStack:
  39              	.LFB110:
  40              		.file 1 "FreeRTOS/Source/portable/GCC/ARM_CM4F/port.c"
   1:FreeRTOS/Source/portable/GCC/ARM_CM4F/port.c **** /*
   2:FreeRTOS/Source/portable/GCC/ARM_CM4F/port.c ****     FreeRTOS V7.1.1 - Copyright (C) 2012 Real Time Engineers Ltd.
   3:FreeRTOS/Source/portable/GCC/ARM_CM4F/port.c **** 
   4:FreeRTOS/Source/portable/GCC/ARM_CM4F/port.c **** 
   5:FreeRTOS/Source/portable/GCC/ARM_CM4F/port.c ****     ***************************************************************************
   6:FreeRTOS/Source/portable/GCC/ARM_CM4F/port.c ****      *                                                                       *
   7:FreeRTOS/Source/portable/GCC/ARM_CM4F/port.c ****      *    FreeRTOS tutorial books are available in pdf and paperback.        *
   8:FreeRTOS/Source/portable/GCC/ARM_CM4F/port.c ****      *    Complete, revised, and edited pdf reference manuals are also       *
   9:FreeRTOS/Source/portable/GCC/ARM_CM4F/port.c ****      *    available.                                                         *
  10:FreeRTOS/Source/portable/GCC/ARM_CM4F/port.c ****      *                                                                       *
  11:FreeRTOS/Source/portable/GCC/ARM_CM4F/port.c ****      *    Purchasing FreeRTOS documentation will not only help you, by       *
  12:FreeRTOS/Source/portable/GCC/ARM_CM4F/port.c ****      *    ensuring you get running as quickly as possible and with an        *
  13:FreeRTOS/Source/portable/GCC/ARM_CM4F/port.c ****      *    in-depth knowledge of how to use FreeRTOS, it will also help       *
  14:FreeRTOS/Source/portable/GCC/ARM_CM4F/port.c ****      *    the FreeRTOS project to continue with its mission of providing     *
  15:FreeRTOS/Source/portable/GCC/ARM_CM4F/port.c ****      *    professional grade, cross platform, de facto standard solutions    *
  16:FreeRTOS/Source/portable/GCC/ARM_CM4F/port.c ****      *    for microcontrollers - completely free of charge!                  *
  17:FreeRTOS/Source/portable/GCC/ARM_CM4F/port.c ****      *                                                                       *
  18:FreeRTOS/Source/portable/GCC/ARM_CM4F/port.c ****      *    >>> See http://www.FreeRTOS.org/Documentation for details. <<<     *
  19:FreeRTOS/Source/portable/GCC/ARM_CM4F/port.c ****      *                                                                       *
  20:FreeRTOS/Source/portable/GCC/ARM_CM4F/port.c ****      *    Thank you for using FreeRTOS, and thank you for your support!      *
  21:FreeRTOS/Source/portable/GCC/ARM_CM4F/port.c ****      *                                                                       *
  22:FreeRTOS/Source/portable/GCC/ARM_CM4F/port.c ****     ***************************************************************************
  23:FreeRTOS/Source/portable/GCC/ARM_CM4F/port.c **** 
  24:FreeRTOS/Source/portable/GCC/ARM_CM4F/port.c **** 
  25:FreeRTOS/Source/portable/GCC/ARM_CM4F/port.c ****     This file is part of the FreeRTOS distribution.
  26:FreeRTOS/Source/portable/GCC/ARM_CM4F/port.c **** 
  27:FreeRTOS/Source/portable/GCC/ARM_CM4F/port.c ****     FreeRTOS is free software; you can redistribute it and/or modify it under
  28:FreeRTOS/Source/portable/GCC/ARM_CM4F/port.c ****     the terms of the GNU General Public License (version 2) as published by the
  29:FreeRTOS/Source/portable/GCC/ARM_CM4F/port.c ****     Free Software Foundation AND MODIFIED BY the FreeRTOS exception.
  30:FreeRTOS/Source/portable/GCC/ARM_CM4F/port.c ****     >>>NOTE<<< The modification to the GPL is included to allow you to
  31:FreeRTOS/Source/portable/GCC/ARM_CM4F/port.c ****     distribute a combined work that includes FreeRTOS without being obliged to
  32:FreeRTOS/Source/portable/GCC/ARM_CM4F/port.c ****     provide the source code for proprietary components outside of the FreeRTOS
  33:FreeRTOS/Source/portable/GCC/ARM_CM4F/port.c ****     kernel.  FreeRTOS is distributed in the hope that it will be useful, but
  34:FreeRTOS/Source/portable/GCC/ARM_CM4F/port.c ****     WITHOUT ANY WARRANTY; without even the implied warranty of MERCHANTABILITY
  35:FreeRTOS/Source/portable/GCC/ARM_CM4F/port.c ****     or FITNESS FOR A PARTICULAR PURPOSE.  See the GNU General Public License for
  36:FreeRTOS/Source/portable/GCC/ARM_CM4F/port.c ****     more details. You should have received a copy of the GNU General Public
  37:FreeRTOS/Source/portable/GCC/ARM_CM4F/port.c ****     License and the FreeRTOS license exception along with FreeRTOS; if not it
  38:FreeRTOS/Source/portable/GCC/ARM_CM4F/port.c ****     can be viewed here: http://www.freertos.org/a00114.html and also obtained
  39:FreeRTOS/Source/portable/GCC/ARM_CM4F/port.c ****     by writing to Richard Barry, contact details for whom are available on the
  40:FreeRTOS/Source/portable/GCC/ARM_CM4F/port.c ****     FreeRTOS WEB site.
  41:FreeRTOS/Source/portable/GCC/ARM_CM4F/port.c **** 
  42:FreeRTOS/Source/portable/GCC/ARM_CM4F/port.c ****     1 tab == 4 spaces!
  43:FreeRTOS/Source/portable/GCC/ARM_CM4F/port.c ****     
  44:FreeRTOS/Source/portable/GCC/ARM_CM4F/port.c ****     ***************************************************************************
  45:FreeRTOS/Source/portable/GCC/ARM_CM4F/port.c ****      *                                                                       *
  46:FreeRTOS/Source/portable/GCC/ARM_CM4F/port.c ****      *    Having a problem?  Start by reading the FAQ "My application does   *
  47:FreeRTOS/Source/portable/GCC/ARM_CM4F/port.c ****      *    not run, what could be wrong?                                      *
  48:FreeRTOS/Source/portable/GCC/ARM_CM4F/port.c ****      *                                                                       *
  49:FreeRTOS/Source/portable/GCC/ARM_CM4F/port.c ****      *    http://www.FreeRTOS.org/FAQHelp.html                               *
  50:FreeRTOS/Source/portable/GCC/ARM_CM4F/port.c ****      *                                                                       *
  51:FreeRTOS/Source/portable/GCC/ARM_CM4F/port.c ****     ***************************************************************************
  52:FreeRTOS/Source/portable/GCC/ARM_CM4F/port.c **** 
  53:FreeRTOS/Source/portable/GCC/ARM_CM4F/port.c ****     
  54:FreeRTOS/Source/portable/GCC/ARM_CM4F/port.c ****     http://www.FreeRTOS.org - Documentation, training, latest information, 
  55:FreeRTOS/Source/portable/GCC/ARM_CM4F/port.c ****     license and contact details.
  56:FreeRTOS/Source/portable/GCC/ARM_CM4F/port.c ****     
  57:FreeRTOS/Source/portable/GCC/ARM_CM4F/port.c ****     http://www.FreeRTOS.org/plus - A selection of FreeRTOS ecosystem products,
  58:FreeRTOS/Source/portable/GCC/ARM_CM4F/port.c ****     including FreeRTOS+Trace - an indispensable productivity tool.
  59:FreeRTOS/Source/portable/GCC/ARM_CM4F/port.c **** 
  60:FreeRTOS/Source/portable/GCC/ARM_CM4F/port.c ****     Real Time Engineers ltd license FreeRTOS to High Integrity Systems, who sell 
  61:FreeRTOS/Source/portable/GCC/ARM_CM4F/port.c ****     the code with commercial support, indemnification, and middleware, under 
  62:FreeRTOS/Source/portable/GCC/ARM_CM4F/port.c ****     the OpenRTOS brand: http://www.OpenRTOS.com.  High Integrity Systems also
  63:FreeRTOS/Source/portable/GCC/ARM_CM4F/port.c ****     provide a safety engineered and independently SIL3 certified version under 
  64:FreeRTOS/Source/portable/GCC/ARM_CM4F/port.c ****     the SafeRTOS brand: http://www.SafeRTOS.com.
  65:FreeRTOS/Source/portable/GCC/ARM_CM4F/port.c **** */
  66:FreeRTOS/Source/portable/GCC/ARM_CM4F/port.c **** 
  67:FreeRTOS/Source/portable/GCC/ARM_CM4F/port.c **** /*-----------------------------------------------------------
  68:FreeRTOS/Source/portable/GCC/ARM_CM4F/port.c ****  * Implementation of functions defined in portable.h for the ARM CM4F port.
  69:FreeRTOS/Source/portable/GCC/ARM_CM4F/port.c ****  *----------------------------------------------------------*/
  70:FreeRTOS/Source/portable/GCC/ARM_CM4F/port.c **** 
  71:FreeRTOS/Source/portable/GCC/ARM_CM4F/port.c **** /* Scheduler includes. */
  72:FreeRTOS/Source/portable/GCC/ARM_CM4F/port.c **** #include "FreeRTOS.h"
  73:FreeRTOS/Source/portable/GCC/ARM_CM4F/port.c **** #include "task.h"
  74:FreeRTOS/Source/portable/GCC/ARM_CM4F/port.c **** 
  75:FreeRTOS/Source/portable/GCC/ARM_CM4F/port.c **** #ifndef __VFP_FP__
  76:FreeRTOS/Source/portable/GCC/ARM_CM4F/port.c **** 	#error This port can only be used when the project options are configured to enable hardware float
  77:FreeRTOS/Source/portable/GCC/ARM_CM4F/port.c **** #endif
  78:FreeRTOS/Source/portable/GCC/ARM_CM4F/port.c **** 
  79:FreeRTOS/Source/portable/GCC/ARM_CM4F/port.c **** /* Constants required to manipulate the NVIC. */
  80:FreeRTOS/Source/portable/GCC/ARM_CM4F/port.c **** #define portNVIC_SYSTICK_CTRL		( ( volatile unsigned long * ) 0xe000e010 )
  81:FreeRTOS/Source/portable/GCC/ARM_CM4F/port.c **** #define portNVIC_SYSTICK_LOAD		( ( volatile unsigned long * ) 0xe000e014 )
  82:FreeRTOS/Source/portable/GCC/ARM_CM4F/port.c **** #define portNVIC_INT_CTRL			( ( volatile unsigned long * ) 0xe000ed04 )
  83:FreeRTOS/Source/portable/GCC/ARM_CM4F/port.c **** #define portNVIC_SYSPRI2			( ( volatile unsigned long * ) 0xe000ed20 )
  84:FreeRTOS/Source/portable/GCC/ARM_CM4F/port.c **** #define portNVIC_SYSTICK_CLK		0x00000004
  85:FreeRTOS/Source/portable/GCC/ARM_CM4F/port.c **** #define portNVIC_SYSTICK_INT		0x00000002
  86:FreeRTOS/Source/portable/GCC/ARM_CM4F/port.c **** #define portNVIC_SYSTICK_ENABLE		0x00000001
  87:FreeRTOS/Source/portable/GCC/ARM_CM4F/port.c **** #define portNVIC_PENDSVSET			0x10000000
  88:FreeRTOS/Source/portable/GCC/ARM_CM4F/port.c **** #define portNVIC_PENDSV_PRI			( ( ( unsigned long ) configKERNEL_INTERRUPT_PRIORITY ) << 16 )
  89:FreeRTOS/Source/portable/GCC/ARM_CM4F/port.c **** #define portNVIC_SYSTICK_PRI		( ( ( unsigned long ) configKERNEL_INTERRUPT_PRIORITY ) << 24 )
  90:FreeRTOS/Source/portable/GCC/ARM_CM4F/port.c **** 
  91:FreeRTOS/Source/portable/GCC/ARM_CM4F/port.c **** /* Constants required to manipulate the VFP. */
  92:FreeRTOS/Source/portable/GCC/ARM_CM4F/port.c **** #define portFPCCR					( ( volatile unsigned long * ) 0xe000ef34 ) /* Floating point context control
  93:FreeRTOS/Source/portable/GCC/ARM_CM4F/port.c **** #define portASPEN_AND_LSPEN_BITS	( 0x3UL << 30UL )
  94:FreeRTOS/Source/portable/GCC/ARM_CM4F/port.c **** 
  95:FreeRTOS/Source/portable/GCC/ARM_CM4F/port.c **** /* Constants required to set up the initial stack. */
  96:FreeRTOS/Source/portable/GCC/ARM_CM4F/port.c **** #define portINITIAL_XPSR			( 0x01000000 )
  97:FreeRTOS/Source/portable/GCC/ARM_CM4F/port.c **** #define portINITIAL_EXEC_RETURN		( 0xfffffffd )
  98:FreeRTOS/Source/portable/GCC/ARM_CM4F/port.c **** 
  99:FreeRTOS/Source/portable/GCC/ARM_CM4F/port.c **** /* The priority used by the kernel is assigned to a variable to make access
 100:FreeRTOS/Source/portable/GCC/ARM_CM4F/port.c **** from inline assembler easier. */
 101:FreeRTOS/Source/portable/GCC/ARM_CM4F/port.c **** const unsigned long ulKernelPriority = configKERNEL_INTERRUPT_PRIORITY;
 102:FreeRTOS/Source/portable/GCC/ARM_CM4F/port.c **** 
 103:FreeRTOS/Source/portable/GCC/ARM_CM4F/port.c **** /* Each task maintains its own interrupt status in the critical nesting
 104:FreeRTOS/Source/portable/GCC/ARM_CM4F/port.c **** variable. */
 105:FreeRTOS/Source/portable/GCC/ARM_CM4F/port.c **** static unsigned portBASE_TYPE uxCriticalNesting = 0xaaaaaaaa;
 106:FreeRTOS/Source/portable/GCC/ARM_CM4F/port.c **** 
 107:FreeRTOS/Source/portable/GCC/ARM_CM4F/port.c **** /*
 108:FreeRTOS/Source/portable/GCC/ARM_CM4F/port.c ****  * Setup the timer to generate the tick interrupts.
 109:FreeRTOS/Source/portable/GCC/ARM_CM4F/port.c ****  */
 110:FreeRTOS/Source/portable/GCC/ARM_CM4F/port.c **** static void prvSetupTimerInterrupt( void );
 111:FreeRTOS/Source/portable/GCC/ARM_CM4F/port.c **** 
 112:FreeRTOS/Source/portable/GCC/ARM_CM4F/port.c **** /*
 113:FreeRTOS/Source/portable/GCC/ARM_CM4F/port.c ****  * Exception handlers.
 114:FreeRTOS/Source/portable/GCC/ARM_CM4F/port.c ****  */
 115:FreeRTOS/Source/portable/GCC/ARM_CM4F/port.c **** void xPortPendSVHandler( void ) __attribute__ (( naked ));
 116:FreeRTOS/Source/portable/GCC/ARM_CM4F/port.c **** void xPortSysTickHandler( void );
 117:FreeRTOS/Source/portable/GCC/ARM_CM4F/port.c **** void vPortSVCHandler( void ) __attribute__ (( naked ));
 118:FreeRTOS/Source/portable/GCC/ARM_CM4F/port.c **** 
 119:FreeRTOS/Source/portable/GCC/ARM_CM4F/port.c **** /*
 120:FreeRTOS/Source/portable/GCC/ARM_CM4F/port.c ****  * Start first task is a separate function so it can be tested in isolation.
 121:FreeRTOS/Source/portable/GCC/ARM_CM4F/port.c ****  */
 122:FreeRTOS/Source/portable/GCC/ARM_CM4F/port.c **** static void vPortStartFirstTask( void ) __attribute__ (( naked ));
 123:FreeRTOS/Source/portable/GCC/ARM_CM4F/port.c **** 
 124:FreeRTOS/Source/portable/GCC/ARM_CM4F/port.c **** /*
 125:FreeRTOS/Source/portable/GCC/ARM_CM4F/port.c ****  * Function to enable the VFP.
 126:FreeRTOS/Source/portable/GCC/ARM_CM4F/port.c ****  */
 127:FreeRTOS/Source/portable/GCC/ARM_CM4F/port.c ****  static void vPortEnableVFP( void ) __attribute__ (( naked ));
 128:FreeRTOS/Source/portable/GCC/ARM_CM4F/port.c **** 
 129:FreeRTOS/Source/portable/GCC/ARM_CM4F/port.c **** 
 130:FreeRTOS/Source/portable/GCC/ARM_CM4F/port.c **** /*-----------------------------------------------------------*/
 131:FreeRTOS/Source/portable/GCC/ARM_CM4F/port.c **** 
 132:FreeRTOS/Source/portable/GCC/ARM_CM4F/port.c **** /*
 133:FreeRTOS/Source/portable/GCC/ARM_CM4F/port.c ****  * See header file for description.
 134:FreeRTOS/Source/portable/GCC/ARM_CM4F/port.c ****  */
 135:FreeRTOS/Source/portable/GCC/ARM_CM4F/port.c **** portSTACK_TYPE *pxPortInitialiseStack( portSTACK_TYPE *pxTopOfStack, pdTASK_CODE pxCode, void *pvPa
 136:FreeRTOS/Source/portable/GCC/ARM_CM4F/port.c **** {
  41              		.loc 1 136 0
  42              		.cfi_startproc
  43              		@ args = 0, pretend = 0, frame = 16
  44              		@ frame_needed = 1, uses_anonymous_args = 0
  45              		@ link register save eliminated.
  46 0000 80B4     		push	{r7}
  47              	.LCFI0:
  48              		.cfi_def_cfa_offset 4
  49              		.cfi_offset 7, -4
  50 0002 85B0     		sub	sp, sp, #20
  51              	.LCFI1:
  52              		.cfi_def_cfa_offset 24
  53 0004 00AF     		add	r7, sp, #0
  54              	.LCFI2:
  55              		.cfi_def_cfa_register 7
  56 0006 F860     		str	r0, [r7, #12]
  57 0008 B960     		str	r1, [r7, #8]
  58 000a 7A60     		str	r2, [r7, #4]
 137:FreeRTOS/Source/portable/GCC/ARM_CM4F/port.c **** 	/* Simulate the stack frame as it would be created by a context switch
 138:FreeRTOS/Source/portable/GCC/ARM_CM4F/port.c **** 	interrupt. */
 139:FreeRTOS/Source/portable/GCC/ARM_CM4F/port.c **** 
 140:FreeRTOS/Source/portable/GCC/ARM_CM4F/port.c **** 	/* Offset added to account for the way the MCU uses the stack on entry/exit
 141:FreeRTOS/Source/portable/GCC/ARM_CM4F/port.c **** 	of interrupts, and to ensure alignment. */
 142:FreeRTOS/Source/portable/GCC/ARM_CM4F/port.c **** 	pxTopOfStack--;
  59              		.loc 1 142 0
  60 000c FB68     		ldr	r3, [r7, #12]
  61 000e 043B     		subs	r3, r3, #4
  62 0010 FB60     		str	r3, [r7, #12]
 143:FreeRTOS/Source/portable/GCC/ARM_CM4F/port.c **** 
 144:FreeRTOS/Source/portable/GCC/ARM_CM4F/port.c **** 	*pxTopOfStack = portINITIAL_XPSR;	/* xPSR */
  63              		.loc 1 144 0
  64 0012 FB68     		ldr	r3, [r7, #12]
  65 0014 4FF08072 		mov	r2, #16777216
  66 0018 1A60     		str	r2, [r3]
 145:FreeRTOS/Source/portable/GCC/ARM_CM4F/port.c **** 	pxTopOfStack--;
  67              		.loc 1 145 0
  68 001a FB68     		ldr	r3, [r7, #12]
  69 001c 043B     		subs	r3, r3, #4
  70 001e FB60     		str	r3, [r7, #12]
 146:FreeRTOS/Source/portable/GCC/ARM_CM4F/port.c **** 	*pxTopOfStack = ( portSTACK_TYPE ) pxCode;	/* PC */
  71              		.loc 1 146 0
  72 0020 BA68     		ldr	r2, [r7, #8]
  73 0022 FB68     		ldr	r3, [r7, #12]
  74 0024 1A60     		str	r2, [r3]
 147:FreeRTOS/Source/portable/GCC/ARM_CM4F/port.c **** 	pxTopOfStack--;
  75              		.loc 1 147 0
  76 0026 FB68     		ldr	r3, [r7, #12]
  77 0028 043B     		subs	r3, r3, #4
  78 002a FB60     		str	r3, [r7, #12]
 148:FreeRTOS/Source/portable/GCC/ARM_CM4F/port.c **** 	*pxTopOfStack = 0;	/* LR */
  79              		.loc 1 148 0
  80 002c FB68     		ldr	r3, [r7, #12]
  81 002e 0022     		movs	r2, #0
  82 0030 1A60     		str	r2, [r3]
 149:FreeRTOS/Source/portable/GCC/ARM_CM4F/port.c **** 
 150:FreeRTOS/Source/portable/GCC/ARM_CM4F/port.c **** 	/* Save code space by skipping register initialisation. */
 151:FreeRTOS/Source/portable/GCC/ARM_CM4F/port.c **** 	pxTopOfStack -= 5;	/* R12, R3, R2 and R1. */
  83              		.loc 1 151 0
  84 0032 FB68     		ldr	r3, [r7, #12]
  85 0034 143B     		subs	r3, r3, #20
  86 0036 FB60     		str	r3, [r7, #12]
 152:FreeRTOS/Source/portable/GCC/ARM_CM4F/port.c **** 	*pxTopOfStack = ( portSTACK_TYPE ) pvParameters;	/* R0 */
  87              		.loc 1 152 0
  88 0038 7A68     		ldr	r2, [r7, #4]
  89 003a FB68     		ldr	r3, [r7, #12]
  90 003c 1A60     		str	r2, [r3]
 153:FreeRTOS/Source/portable/GCC/ARM_CM4F/port.c **** 
 154:FreeRTOS/Source/portable/GCC/ARM_CM4F/port.c **** 	/* A save method is being used that requires each task to maintain its
 155:FreeRTOS/Source/portable/GCC/ARM_CM4F/port.c **** 	own exec return value. */
 156:FreeRTOS/Source/portable/GCC/ARM_CM4F/port.c **** 	pxTopOfStack--;
  91              		.loc 1 156 0
  92 003e FB68     		ldr	r3, [r7, #12]
  93 0040 043B     		subs	r3, r3, #4
  94 0042 FB60     		str	r3, [r7, #12]
 157:FreeRTOS/Source/portable/GCC/ARM_CM4F/port.c **** 	*pxTopOfStack = portINITIAL_EXEC_RETURN;
  95              		.loc 1 157 0
  96 0044 FB68     		ldr	r3, [r7, #12]
  97 0046 6FF00202 		mvn	r2, #2
  98 004a 1A60     		str	r2, [r3]
 158:FreeRTOS/Source/portable/GCC/ARM_CM4F/port.c **** 
 159:FreeRTOS/Source/portable/GCC/ARM_CM4F/port.c **** 	pxTopOfStack -= 8;	/* R11, R10, R9, R8, R7, R6, R5 and R4. */
  99              		.loc 1 159 0
 100 004c FB68     		ldr	r3, [r7, #12]
 101 004e 203B     		subs	r3, r3, #32
 102 0050 FB60     		str	r3, [r7, #12]
 160:FreeRTOS/Source/portable/GCC/ARM_CM4F/port.c **** 
 161:FreeRTOS/Source/portable/GCC/ARM_CM4F/port.c **** 	return pxTopOfStack;
 103              		.loc 1 161 0
 104 0052 FB68     		ldr	r3, [r7, #12]
 162:FreeRTOS/Source/portable/GCC/ARM_CM4F/port.c **** }
 105              		.loc 1 162 0
 106 0054 1846     		mov	r0, r3
 107 0056 1437     		adds	r7, r7, #20
 108 0058 BD46     		mov	sp, r7
 109              		@ sp needed
 110 005a 5DF8047B 		ldr	r7, [sp], #4
 111 005e 7047     		bx	lr
 112              		.cfi_endproc
 113              	.LFE110:
 115              		.section	.text.SVC_Handler,"ax",%progbits
 116              		.align	2
 117              		.global	SVC_Handler
 118              		.thumb
 119              		.thumb_func
 121              	SVC_Handler:
 122              	.LFB111:
 163:FreeRTOS/Source/portable/GCC/ARM_CM4F/port.c **** /*-----------------------------------------------------------*/
 164:FreeRTOS/Source/portable/GCC/ARM_CM4F/port.c **** 
 165:FreeRTOS/Source/portable/GCC/ARM_CM4F/port.c **** void vPortSVCHandler( void )
 166:FreeRTOS/Source/portable/GCC/ARM_CM4F/port.c **** {
 123              		.loc 1 166 0
 124              		.cfi_startproc
 125              		@ Naked Function: prologue and epilogue provided by programmer.
 126              		@ args = 0, pretend = 0, frame = 0
 127              		@ frame_needed = 1, uses_anonymous_args = 0
 167:FreeRTOS/Source/portable/GCC/ARM_CM4F/port.c **** 	__asm volatile (
 128              		.loc 1 167 0
 129              	@ 167 "FreeRTOS/Source/portable/GCC/ARM_CM4F/port.c" 1
 130 0000 054B     			ldr	r3, pxCurrentTCBConst2		
 131 0002 1968     		ldr r1, [r3]					
 132 0004 0868     		ldr r0, [r1]					
 133 0006 B0E8F04F 		ldmia r0!, {r4-r11, r14}		
 134 000a 80F30988 		msr psp, r0						
 135 000e 4FF00000 		mov r0, #0 						
 136 0012 80F31188 		msr	basepri, r0					
 137 0016 7047     		bx r14							
 138              										
 139              		.align 2						
 140 0018 00000000 	pxCurrentTCBConst2: .word pxCurrentTCB				
 141              	
 142              	@ 0 "" 2
 168:FreeRTOS/Source/portable/GCC/ARM_CM4F/port.c **** 					"	ldr	r3, pxCurrentTCBConst2		\n" /* Restore the context. */
 169:FreeRTOS/Source/portable/GCC/ARM_CM4F/port.c **** 					"	ldr r1, [r3]					\n" /* Use pxCurrentTCBConst to get the pxCurrentTCB address. */
 170:FreeRTOS/Source/portable/GCC/ARM_CM4F/port.c **** 					"	ldr r0, [r1]					\n" /* The first item in pxCurrentTCB is the task top of stack. */
 171:FreeRTOS/Source/portable/GCC/ARM_CM4F/port.c **** 					"	ldmia r0!, {r4-r11, r14}		\n" /* Pop the registers that are not automatically saved on excep
 172:FreeRTOS/Source/portable/GCC/ARM_CM4F/port.c **** 					"	msr psp, r0						\n" /* Restore the task stack pointer. */
 173:FreeRTOS/Source/portable/GCC/ARM_CM4F/port.c **** 					"	mov r0, #0 						\n"
 174:FreeRTOS/Source/portable/GCC/ARM_CM4F/port.c **** 					"	msr	basepri, r0					\n"
 175:FreeRTOS/Source/portable/GCC/ARM_CM4F/port.c **** 					"	bx r14							\n"
 176:FreeRTOS/Source/portable/GCC/ARM_CM4F/port.c **** 					"									\n"
 177:FreeRTOS/Source/portable/GCC/ARM_CM4F/port.c **** 					"	.align 2						\n"
 178:FreeRTOS/Source/portable/GCC/ARM_CM4F/port.c **** 					"pxCurrentTCBConst2: .word pxCurrentTCB				\n"
 179:FreeRTOS/Source/portable/GCC/ARM_CM4F/port.c **** 				);
 180:FreeRTOS/Source/portable/GCC/ARM_CM4F/port.c **** }
 143              		.loc 1 180 0
 144              		.thumb
 145              		.cfi_endproc
 146              	.LFE111:
 148              		.section	.text.vPortStartFirstTask,"ax",%progbits
 149              		.align	2
 150              		.thumb
 151              		.thumb_func
 153              	vPortStartFirstTask:
 154              	.LFB112:
 181:FreeRTOS/Source/portable/GCC/ARM_CM4F/port.c **** /*-----------------------------------------------------------*/
 182:FreeRTOS/Source/portable/GCC/ARM_CM4F/port.c **** 
 183:FreeRTOS/Source/portable/GCC/ARM_CM4F/port.c **** static void vPortStartFirstTask( void )
 184:FreeRTOS/Source/portable/GCC/ARM_CM4F/port.c **** {
 155              		.loc 1 184 0
 156              		.cfi_startproc
 157              		@ Naked Function: prologue and epilogue provided by programmer.
 158              		@ args = 0, pretend = 0, frame = 0
 159              		@ frame_needed = 1, uses_anonymous_args = 0
 185:FreeRTOS/Source/portable/GCC/ARM_CM4F/port.c **** 	__asm volatile(
 160              		.loc 1 185 0
 161              	@ 185 "FreeRTOS/Source/portable/GCC/ARM_CM4F/port.c" 1
 162 0000 0348     		 ldr r0, =0xE000ED08 	
 163 0002 0068     	 ldr r0, [r0] 			
 164 0004 0068     	 ldr r0, [r0] 			
 165 0006 80F30888 	 msr msp, r0			
 166 000a 62B6     	 cpsie i				
 167 000c 00DF     	 svc 0					
 168 000e 00BF     	 nop					
 169              	
 170              	@ 0 "" 2
 186:FreeRTOS/Source/portable/GCC/ARM_CM4F/port.c **** 					" ldr r0, =0xE000ED08 	\n" /* Use the NVIC offset register to locate the stack. */
 187:FreeRTOS/Source/portable/GCC/ARM_CM4F/port.c **** 					" ldr r0, [r0] 			\n"
 188:FreeRTOS/Source/portable/GCC/ARM_CM4F/port.c **** 					" ldr r0, [r0] 			\n"
 189:FreeRTOS/Source/portable/GCC/ARM_CM4F/port.c **** 					" msr msp, r0			\n" /* Set the msp back to the start of the stack. */
 190:FreeRTOS/Source/portable/GCC/ARM_CM4F/port.c **** 					" cpsie i				\n" /* Globally enable interrupts. */
 191:FreeRTOS/Source/portable/GCC/ARM_CM4F/port.c **** 					" svc 0					\n" /* System call to start first task. */
 192:FreeRTOS/Source/portable/GCC/ARM_CM4F/port.c **** 					" nop					\n"
 193:FreeRTOS/Source/portable/GCC/ARM_CM4F/port.c **** 				);
 194:FreeRTOS/Source/portable/GCC/ARM_CM4F/port.c **** }
 171              		.loc 1 194 0
 172              		.thumb
 173              		.cfi_endproc
 174              	.LFE112:
 176              		.section	.text.xPortStartScheduler,"ax",%progbits
 177              		.align	2
 178              		.global	xPortStartScheduler
 179              		.thumb
 180              		.thumb_func
 182              	xPortStartScheduler:
 183              	.LFB113:
 195:FreeRTOS/Source/portable/GCC/ARM_CM4F/port.c **** /*-----------------------------------------------------------*/
 196:FreeRTOS/Source/portable/GCC/ARM_CM4F/port.c **** 
 197:FreeRTOS/Source/portable/GCC/ARM_CM4F/port.c **** /*
 198:FreeRTOS/Source/portable/GCC/ARM_CM4F/port.c ****  * See header file for description.
 199:FreeRTOS/Source/portable/GCC/ARM_CM4F/port.c ****  */
 200:FreeRTOS/Source/portable/GCC/ARM_CM4F/port.c **** portBASE_TYPE xPortStartScheduler( void )
 201:FreeRTOS/Source/portable/GCC/ARM_CM4F/port.c **** {
 184              		.loc 1 201 0
 185              		.cfi_startproc
 186              		@ args = 0, pretend = 0, frame = 0
 187              		@ frame_needed = 1, uses_anonymous_args = 0
 188 0000 80B5     		push	{r7, lr}
 189              	.LCFI3:
 190              		.cfi_def_cfa_offset 8
 191              		.cfi_offset 7, -8
 192              		.cfi_offset 14, -4
 193 0002 00AF     		add	r7, sp, #0
 194              	.LCFI4:
 195              		.cfi_def_cfa_register 7
 202:FreeRTOS/Source/portable/GCC/ARM_CM4F/port.c **** 	/* Make PendSV and SysTick the lowest priority interrupts. */
 203:FreeRTOS/Source/portable/GCC/ARM_CM4F/port.c **** 	*(portNVIC_SYSPRI2) |= portNVIC_PENDSV_PRI;
 196              		.loc 1 203 0
 197 0004 4EF62053 		movw	r3, #60704
 198 0008 CEF20003 		movt	r3, 57344
 199 000c 4EF62052 		movw	r2, #60704
 200 0010 CEF20002 		movt	r2, 57344
 201 0014 1268     		ldr	r2, [r2]
 202 0016 42F47F02 		orr	r2, r2, #16711680
 203 001a 1A60     		str	r2, [r3]
 204:FreeRTOS/Source/portable/GCC/ARM_CM4F/port.c **** 	*(portNVIC_SYSPRI2) |= portNVIC_SYSTICK_PRI;
 204              		.loc 1 204 0
 205 001c 4EF62053 		movw	r3, #60704
 206 0020 CEF20003 		movt	r3, 57344
 207 0024 4EF62052 		movw	r2, #60704
 208 0028 CEF20002 		movt	r2, 57344
 209 002c 1268     		ldr	r2, [r2]
 210 002e 42F07F42 		orr	r2, r2, #-16777216
 211 0032 1A60     		str	r2, [r3]
 205:FreeRTOS/Source/portable/GCC/ARM_CM4F/port.c **** 
 206:FreeRTOS/Source/portable/GCC/ARM_CM4F/port.c **** 	/* Start the timer that generates the tick ISR.  Interrupts are disabled
 207:FreeRTOS/Source/portable/GCC/ARM_CM4F/port.c **** 	here already. */
 208:FreeRTOS/Source/portable/GCC/ARM_CM4F/port.c **** 	prvSetupTimerInterrupt();
 212              		.loc 1 208 0
 213 0034 FFF7FEFF 		bl	prvSetupTimerInterrupt
 209:FreeRTOS/Source/portable/GCC/ARM_CM4F/port.c **** 
 210:FreeRTOS/Source/portable/GCC/ARM_CM4F/port.c **** 	/* Initialise the critical nesting count ready for the first task. */
 211:FreeRTOS/Source/portable/GCC/ARM_CM4F/port.c **** 	uxCriticalNesting = 0;
 214              		.loc 1 211 0
 215 0038 40F20003 		movw	r3, #:lower16:uxCriticalNesting
 216 003c C0F20003 		movt	r3, #:upper16:uxCriticalNesting
 217 0040 0022     		movs	r2, #0
 218 0042 1A60     		str	r2, [r3]
 212:FreeRTOS/Source/portable/GCC/ARM_CM4F/port.c **** 
 213:FreeRTOS/Source/portable/GCC/ARM_CM4F/port.c **** 	/* Ensure the VFP is enabled - it should be anyway. */
 214:FreeRTOS/Source/portable/GCC/ARM_CM4F/port.c **** 	vPortEnableVFP();
 219              		.loc 1 214 0
 220 0044 FFF7FEFF 		bl	vPortEnableVFP
 215:FreeRTOS/Source/portable/GCC/ARM_CM4F/port.c **** 
 216:FreeRTOS/Source/portable/GCC/ARM_CM4F/port.c **** 	/* Lazy save always. */
 217:FreeRTOS/Source/portable/GCC/ARM_CM4F/port.c **** 	*( portFPCCR ) |= portASPEN_AND_LSPEN_BITS;
 221              		.loc 1 217 0
 222 0048 4EF63473 		movw	r3, #61236
 223 004c CEF20003 		movt	r3, 57344
 224 0050 4EF63472 		movw	r2, #61236
 225 0054 CEF20002 		movt	r2, 57344
 226 0058 1268     		ldr	r2, [r2]
 227 005a 42F04042 		orr	r2, r2, #-1073741824
 228 005e 1A60     		str	r2, [r3]
 218:FreeRTOS/Source/portable/GCC/ARM_CM4F/port.c **** 
 219:FreeRTOS/Source/portable/GCC/ARM_CM4F/port.c **** 	/* Start the first task. */
 220:FreeRTOS/Source/portable/GCC/ARM_CM4F/port.c **** 	vPortStartFirstTask();
 229              		.loc 1 220 0
 230 0060 FFF7FEFF 		bl	vPortStartFirstTask
 221:FreeRTOS/Source/portable/GCC/ARM_CM4F/port.c **** 
 222:FreeRTOS/Source/portable/GCC/ARM_CM4F/port.c **** 	/* Should not get here! */
 223:FreeRTOS/Source/portable/GCC/ARM_CM4F/port.c **** 	return 0;
 231              		.loc 1 223 0
 232 0064 0023     		movs	r3, #0
 224:FreeRTOS/Source/portable/GCC/ARM_CM4F/port.c **** }
 233              		.loc 1 224 0
 234 0066 1846     		mov	r0, r3
 235 0068 80BD     		pop	{r7, pc}
 236              		.cfi_endproc
 237              	.LFE113:
 239 006a 00BF     		.section	.text.vPortEndScheduler,"ax",%progbits
 240              		.align	2
 241              		.global	vPortEndScheduler
 242              		.thumb
 243              		.thumb_func
 245              	vPortEndScheduler:
 246              	.LFB114:
 225:FreeRTOS/Source/portable/GCC/ARM_CM4F/port.c **** /*-----------------------------------------------------------*/
 226:FreeRTOS/Source/portable/GCC/ARM_CM4F/port.c **** 
 227:FreeRTOS/Source/portable/GCC/ARM_CM4F/port.c **** void vPortEndScheduler( void )
 228:FreeRTOS/Source/portable/GCC/ARM_CM4F/port.c **** {
 247              		.loc 1 228 0
 248              		.cfi_startproc
 249              		@ args = 0, pretend = 0, frame = 0
 250              		@ frame_needed = 1, uses_anonymous_args = 0
 251              		@ link register save eliminated.
 252 0000 80B4     		push	{r7}
 253              	.LCFI5:
 254              		.cfi_def_cfa_offset 4
 255              		.cfi_offset 7, -4
 256 0002 00AF     		add	r7, sp, #0
 257              	.LCFI6:
 258              		.cfi_def_cfa_register 7
 229:FreeRTOS/Source/portable/GCC/ARM_CM4F/port.c **** 	/* It is unlikely that the CM4F port will require this function as there
 230:FreeRTOS/Source/portable/GCC/ARM_CM4F/port.c **** 	is nothing to return to.  */
 231:FreeRTOS/Source/portable/GCC/ARM_CM4F/port.c **** }
 259              		.loc 1 231 0
 260 0004 BD46     		mov	sp, r7
 261              		@ sp needed
 262 0006 5DF8047B 		ldr	r7, [sp], #4
 263 000a 7047     		bx	lr
 264              		.cfi_endproc
 265              	.LFE114:
 267              		.section	.text.vPortYieldFromISR,"ax",%progbits
 268              		.align	2
 269              		.global	vPortYieldFromISR
 270              		.thumb
 271              		.thumb_func
 273              	vPortYieldFromISR:
 274              	.LFB115:
 232:FreeRTOS/Source/portable/GCC/ARM_CM4F/port.c **** /*-----------------------------------------------------------*/
 233:FreeRTOS/Source/portable/GCC/ARM_CM4F/port.c **** 
 234:FreeRTOS/Source/portable/GCC/ARM_CM4F/port.c **** void vPortYieldFromISR( void )
 235:FreeRTOS/Source/portable/GCC/ARM_CM4F/port.c **** {
 275              		.loc 1 235 0
 276              		.cfi_startproc
 277              		@ args = 0, pretend = 0, frame = 0
 278              		@ frame_needed = 1, uses_anonymous_args = 0
 279              		@ link register save eliminated.
 280 0000 80B4     		push	{r7}
 281              	.LCFI7:
 282              		.cfi_def_cfa_offset 4
 283              		.cfi_offset 7, -4
 284 0002 00AF     		add	r7, sp, #0
 285              	.LCFI8:
 286              		.cfi_def_cfa_register 7
 236:FreeRTOS/Source/portable/GCC/ARM_CM4F/port.c **** 	/* Set a PendSV to request a context switch. */
 237:FreeRTOS/Source/portable/GCC/ARM_CM4F/port.c **** 	*(portNVIC_INT_CTRL) = portNVIC_PENDSVSET;
 287              		.loc 1 237 0
 288 0004 4EF60453 		movw	r3, #60676
 289 0008 CEF20003 		movt	r3, 57344
 290 000c 4FF08052 		mov	r2, #268435456
 291 0010 1A60     		str	r2, [r3]
 238:FreeRTOS/Source/portable/GCC/ARM_CM4F/port.c **** }
 292              		.loc 1 238 0
 293 0012 BD46     		mov	sp, r7
 294              		@ sp needed
 295 0014 5DF8047B 		ldr	r7, [sp], #4
 296 0018 7047     		bx	lr
 297              		.cfi_endproc
 298              	.LFE115:
 300 001a 00BF     		.section	.text.vPortEnterCritical,"ax",%progbits
 301              		.align	2
 302              		.global	vPortEnterCritical
 303              		.thumb
 304              		.thumb_func
 306              	vPortEnterCritical:
 307              	.LFB116:
 239:FreeRTOS/Source/portable/GCC/ARM_CM4F/port.c **** /*-----------------------------------------------------------*/
 240:FreeRTOS/Source/portable/GCC/ARM_CM4F/port.c **** 
 241:FreeRTOS/Source/portable/GCC/ARM_CM4F/port.c **** void vPortEnterCritical( void )
 242:FreeRTOS/Source/portable/GCC/ARM_CM4F/port.c **** {
 308              		.loc 1 242 0
 309              		.cfi_startproc
 310              		@ args = 0, pretend = 0, frame = 0
 311              		@ frame_needed = 1, uses_anonymous_args = 0
 312              		@ link register save eliminated.
 313 0000 80B4     		push	{r7}
 314              	.LCFI9:
 315              		.cfi_def_cfa_offset 4
 316              		.cfi_offset 7, -4
 317 0002 00AF     		add	r7, sp, #0
 318              	.LCFI10:
 319              		.cfi_def_cfa_register 7
 243:FreeRTOS/Source/portable/GCC/ARM_CM4F/port.c **** 	portDISABLE_INTERRUPTS();
 320              		.loc 1 243 0
 321              	@ 243 "FreeRTOS/Source/portable/GCC/ARM_CM4F/port.c" 1
 322 0004 4FF0BF00 			mov r0, #191								
 323 0008 80F31188 		msr basepri, r0							
 324              	
 325              	@ 0 "" 2
 244:FreeRTOS/Source/portable/GCC/ARM_CM4F/port.c **** 	uxCriticalNesting++;
 326              		.loc 1 244 0
 327              		.thumb
 328 000c 40F20003 		movw	r3, #:lower16:uxCriticalNesting
 329 0010 C0F20003 		movt	r3, #:upper16:uxCriticalNesting
 330 0014 1B68     		ldr	r3, [r3]
 331 0016 5A1C     		adds	r2, r3, #1
 332 0018 40F20003 		movw	r3, #:lower16:uxCriticalNesting
 333 001c C0F20003 		movt	r3, #:upper16:uxCriticalNesting
 334 0020 1A60     		str	r2, [r3]
 245:FreeRTOS/Source/portable/GCC/ARM_CM4F/port.c **** }
 335              		.loc 1 245 0
 336 0022 BD46     		mov	sp, r7
 337              		@ sp needed
 338 0024 5DF8047B 		ldr	r7, [sp], #4
 339 0028 7047     		bx	lr
 340              		.cfi_endproc
 341              	.LFE116:
 343 002a 00BF     		.section	.text.vPortExitCritical,"ax",%progbits
 344              		.align	2
 345              		.global	vPortExitCritical
 346              		.thumb
 347              		.thumb_func
 349              	vPortExitCritical:
 350              	.LFB117:
 246:FreeRTOS/Source/portable/GCC/ARM_CM4F/port.c **** /*-----------------------------------------------------------*/
 247:FreeRTOS/Source/portable/GCC/ARM_CM4F/port.c **** 
 248:FreeRTOS/Source/portable/GCC/ARM_CM4F/port.c **** void vPortExitCritical( void )
 249:FreeRTOS/Source/portable/GCC/ARM_CM4F/port.c **** {
 351              		.loc 1 249 0
 352              		.cfi_startproc
 353              		@ args = 0, pretend = 0, frame = 0
 354              		@ frame_needed = 1, uses_anonymous_args = 0
 355              		@ link register save eliminated.
 356 0000 80B4     		push	{r7}
 357              	.LCFI11:
 358              		.cfi_def_cfa_offset 4
 359              		.cfi_offset 7, -4
 360 0002 00AF     		add	r7, sp, #0
 361              	.LCFI12:
 362              		.cfi_def_cfa_register 7
 250:FreeRTOS/Source/portable/GCC/ARM_CM4F/port.c **** 	uxCriticalNesting--;
 363              		.loc 1 250 0
 364 0004 40F20003 		movw	r3, #:lower16:uxCriticalNesting
 365 0008 C0F20003 		movt	r3, #:upper16:uxCriticalNesting
 366 000c 1B68     		ldr	r3, [r3]
 367 000e 5A1E     		subs	r2, r3, #1
 368 0010 40F20003 		movw	r3, #:lower16:uxCriticalNesting
 369 0014 C0F20003 		movt	r3, #:upper16:uxCriticalNesting
 370 0018 1A60     		str	r2, [r3]
 251:FreeRTOS/Source/portable/GCC/ARM_CM4F/port.c **** 	if( uxCriticalNesting == 0 )
 371              		.loc 1 251 0
 372 001a 40F20003 		movw	r3, #:lower16:uxCriticalNesting
 373 001e C0F20003 		movt	r3, #:upper16:uxCriticalNesting
 374 0022 1B68     		ldr	r3, [r3]
 375 0024 002B     		cmp	r3, #0
 376 0026 03D1     		bne	.L10
 252:FreeRTOS/Source/portable/GCC/ARM_CM4F/port.c **** 	{
 253:FreeRTOS/Source/portable/GCC/ARM_CM4F/port.c **** 		portENABLE_INTERRUPTS();
 377              		.loc 1 253 0
 378              	@ 253 "FreeRTOS/Source/portable/GCC/ARM_CM4F/port.c" 1
 379 0028 4FF00000 			mov r0, #0					
 380 002c 80F31188 		msr basepri, r0				
 381              	
 382              	@ 0 "" 2
 383              		.thumb
 384              	.L10:
 254:FreeRTOS/Source/portable/GCC/ARM_CM4F/port.c **** 	}
 255:FreeRTOS/Source/portable/GCC/ARM_CM4F/port.c **** }
 385              		.loc 1 255 0
 386 0030 BD46     		mov	sp, r7
 387              		@ sp needed
 388 0032 5DF8047B 		ldr	r7, [sp], #4
 389 0036 7047     		bx	lr
 390              		.cfi_endproc
 391              	.LFE117:
 393              		.section	.text.PendSV_Handler,"ax",%progbits
 394              		.align	2
 395              		.global	PendSV_Handler
 396              		.thumb
 397              		.thumb_func
 399              	PendSV_Handler:
 400              	.LFB118:
 256:FreeRTOS/Source/portable/GCC/ARM_CM4F/port.c **** /*-----------------------------------------------------------*/
 257:FreeRTOS/Source/portable/GCC/ARM_CM4F/port.c **** 
 258:FreeRTOS/Source/portable/GCC/ARM_CM4F/port.c **** void xPortPendSVHandler( void )
 259:FreeRTOS/Source/portable/GCC/ARM_CM4F/port.c **** {
 401              		.loc 1 259 0
 402              		.cfi_startproc
 403              		@ Naked Function: prologue and epilogue provided by programmer.
 404              		@ args = 0, pretend = 0, frame = 0
 405              		@ frame_needed = 1, uses_anonymous_args = 0
 260:FreeRTOS/Source/portable/GCC/ARM_CM4F/port.c **** 	/* This is a naked function. */
 261:FreeRTOS/Source/portable/GCC/ARM_CM4F/port.c **** 
 262:FreeRTOS/Source/portable/GCC/ARM_CM4F/port.c **** 	__asm volatile
 406              		.loc 1 262 0
 407              	@ 262 "FreeRTOS/Source/portable/GCC/ARM_CM4F/port.c" 1
 408 0000 EFF30980 			mrs r0, psp							
 409              											
 410 0004 114B     		ldr	r3, pxCurrentTCBConst				
 411 0006 1A68     		ldr	r2, [r3]						
 412              											
 413 0008 1EF0100F 		tst r14, #0x10						
 414 000c 08BF     		it eq								
 415 000e 20ED108A 		vstmdbeq r0!, {s16-s31}				
 416              											
 417 0012 20E9F04F 		stmdb r0!, {r4-r11, r14}			
 418              											
 419 0016 1060     		str r0, [r2]						
 420              											
 421 0018 2DE90840 		stmdb sp!, {r3, r14}				
 422 001c 4FF0BF00 		mov r0, #191 							
 423 0020 80F31188 		msr basepri, r0						
 424 0024 FFF7FEFF 		bl vTaskSwitchContext				
 425 0028 4FF00000 		mov r0, #0							
 426 002c 80F31188 		msr basepri, r0						
 427 0030 BDE80840 		ldmia sp!, {r3, r14}				
 428              											
 429 0034 1968     		ldr r1, [r3]						
 430 0036 0868     		ldr r0, [r1]						
 431              											
 432 0038 B0E8F04F 		ldmia r0!, {r4-r11, r14}			
 433              											
 434 003c 1EF0100F 		tst r14, #0x10						
 435 0040 08BF     		it eq								
 436 0042 B0EC108A 		vldmiaeq r0!, {s16-s31}				
 437              											
 438 0046 80F30988 		msr psp, r0							
 439 004a 7047     		bx r14								
 440              											
 441              		.align 2							
 442 004c 00000000 	pxCurrentTCBConst: .word pxCurrentTCB	
 443              	
 444              	@ 0 "" 2
 263:FreeRTOS/Source/portable/GCC/ARM_CM4F/port.c **** 	(
 264:FreeRTOS/Source/portable/GCC/ARM_CM4F/port.c **** 	"	mrs r0, psp							\n"
 265:FreeRTOS/Source/portable/GCC/ARM_CM4F/port.c **** 	"										\n"
 266:FreeRTOS/Source/portable/GCC/ARM_CM4F/port.c **** 	"	ldr	r3, pxCurrentTCBConst				\n" /* Get the location of the current TCB. */
 267:FreeRTOS/Source/portable/GCC/ARM_CM4F/port.c **** 	"	ldr	r2, [r3]						\n"
 268:FreeRTOS/Source/portable/GCC/ARM_CM4F/port.c **** 	"										\n"
 269:FreeRTOS/Source/portable/GCC/ARM_CM4F/port.c **** 	"	tst r14, #0x10						\n" /* Is the task using the FPU context?  If so, push high vfp registers. *
 270:FreeRTOS/Source/portable/GCC/ARM_CM4F/port.c **** 	"	it eq								\n"
 271:FreeRTOS/Source/portable/GCC/ARM_CM4F/port.c **** 	"	vstmdbeq r0!, {s16-s31}				\n"
 272:FreeRTOS/Source/portable/GCC/ARM_CM4F/port.c **** 	"										\n"
 273:FreeRTOS/Source/portable/GCC/ARM_CM4F/port.c **** 	"	stmdb r0!, {r4-r11, r14}			\n" /* Save the core registers. */
 274:FreeRTOS/Source/portable/GCC/ARM_CM4F/port.c **** 	"										\n"
 275:FreeRTOS/Source/portable/GCC/ARM_CM4F/port.c **** 	"	str r0, [r2]						\n" /* Save the new top of stack into the first member of the TCB. */
 276:FreeRTOS/Source/portable/GCC/ARM_CM4F/port.c **** 	"										\n"
 277:FreeRTOS/Source/portable/GCC/ARM_CM4F/port.c **** 	"	stmdb sp!, {r3, r14}				\n"
 278:FreeRTOS/Source/portable/GCC/ARM_CM4F/port.c **** 	"	mov r0, %0 							\n"
 279:FreeRTOS/Source/portable/GCC/ARM_CM4F/port.c **** 	"	msr basepri, r0						\n"
 280:FreeRTOS/Source/portable/GCC/ARM_CM4F/port.c **** 	"	bl vTaskSwitchContext				\n"
 281:FreeRTOS/Source/portable/GCC/ARM_CM4F/port.c **** 	"	mov r0, #0							\n"
 282:FreeRTOS/Source/portable/GCC/ARM_CM4F/port.c **** 	"	msr basepri, r0						\n"
 283:FreeRTOS/Source/portable/GCC/ARM_CM4F/port.c **** 	"	ldmia sp!, {r3, r14}				\n"
 284:FreeRTOS/Source/portable/GCC/ARM_CM4F/port.c **** 	"										\n"
 285:FreeRTOS/Source/portable/GCC/ARM_CM4F/port.c **** 	"	ldr r1, [r3]						\n" /* The first item in pxCurrentTCB is the task top of stack. */
 286:FreeRTOS/Source/portable/GCC/ARM_CM4F/port.c **** 	"	ldr r0, [r1]						\n"
 287:FreeRTOS/Source/portable/GCC/ARM_CM4F/port.c **** 	"										\n"
 288:FreeRTOS/Source/portable/GCC/ARM_CM4F/port.c **** 	"	ldmia r0!, {r4-r11, r14}			\n" /* Pop the core registers. */
 289:FreeRTOS/Source/portable/GCC/ARM_CM4F/port.c **** 	"										\n"
 290:FreeRTOS/Source/portable/GCC/ARM_CM4F/port.c **** 	"	tst r14, #0x10						\n" /* Is the task using the FPU context?  If so, pop the high vfp registers
 291:FreeRTOS/Source/portable/GCC/ARM_CM4F/port.c **** 	"	it eq								\n"
 292:FreeRTOS/Source/portable/GCC/ARM_CM4F/port.c **** 	"	vldmiaeq r0!, {s16-s31}				\n"
 293:FreeRTOS/Source/portable/GCC/ARM_CM4F/port.c **** 	"										\n"
 294:FreeRTOS/Source/portable/GCC/ARM_CM4F/port.c **** 	"	msr psp, r0							\n"
 295:FreeRTOS/Source/portable/GCC/ARM_CM4F/port.c **** 	"	bx r14								\n"
 296:FreeRTOS/Source/portable/GCC/ARM_CM4F/port.c **** 	"										\n"
 297:FreeRTOS/Source/portable/GCC/ARM_CM4F/port.c **** 	"	.align 2							\n"
 298:FreeRTOS/Source/portable/GCC/ARM_CM4F/port.c **** 	"pxCurrentTCBConst: .word pxCurrentTCB	\n"
 299:FreeRTOS/Source/portable/GCC/ARM_CM4F/port.c **** 	::"i"(configMAX_SYSCALL_INTERRUPT_PRIORITY)
 300:FreeRTOS/Source/portable/GCC/ARM_CM4F/port.c **** 	);
 301:FreeRTOS/Source/portable/GCC/ARM_CM4F/port.c **** }
 445              		.loc 1 301 0
 446              		.thumb
 447              		.cfi_endproc
 448              	.LFE118:
 450              		.section	.text.SysTick_Handler,"ax",%progbits
 451              		.align	2
 452              		.global	SysTick_Handler
 453              		.thumb
 454              		.thumb_func
 456              	SysTick_Handler:
 457              	.LFB119:
 302:FreeRTOS/Source/portable/GCC/ARM_CM4F/port.c **** /*-----------------------------------------------------------*/
 303:FreeRTOS/Source/portable/GCC/ARM_CM4F/port.c **** 
 304:FreeRTOS/Source/portable/GCC/ARM_CM4F/port.c **** void xPortSysTickHandler( void )
 305:FreeRTOS/Source/portable/GCC/ARM_CM4F/port.c **** {
 458              		.loc 1 305 0
 459              		.cfi_startproc
 460              		@ args = 0, pretend = 0, frame = 8
 461              		@ frame_needed = 1, uses_anonymous_args = 0
 462 0000 80B5     		push	{r7, lr}
 463              	.LCFI13:
 464              		.cfi_def_cfa_offset 8
 465              		.cfi_offset 7, -8
 466              		.cfi_offset 14, -4
 467 0002 82B0     		sub	sp, sp, #8
 468              	.LCFI14:
 469              		.cfi_def_cfa_offset 16
 470 0004 00AF     		add	r7, sp, #0
 471              	.LCFI15:
 472              		.cfi_def_cfa_register 7
 306:FreeRTOS/Source/portable/GCC/ARM_CM4F/port.c **** unsigned long ulDummy;
 307:FreeRTOS/Source/portable/GCC/ARM_CM4F/port.c **** 
 308:FreeRTOS/Source/portable/GCC/ARM_CM4F/port.c **** 	/* If using preemption, also force a context switch. */
 309:FreeRTOS/Source/portable/GCC/ARM_CM4F/port.c **** 	#if configUSE_PREEMPTION == 1
 310:FreeRTOS/Source/portable/GCC/ARM_CM4F/port.c **** 		*(portNVIC_INT_CTRL) = portNVIC_PENDSVSET;
 473              		.loc 1 310 0
 474 0006 4EF60453 		movw	r3, #60676
 475 000a CEF20003 		movt	r3, 57344
 476 000e 4FF08052 		mov	r2, #268435456
 477 0012 1A60     		str	r2, [r3]
 311:FreeRTOS/Source/portable/GCC/ARM_CM4F/port.c **** 	#endif
 312:FreeRTOS/Source/portable/GCC/ARM_CM4F/port.c **** 
 313:FreeRTOS/Source/portable/GCC/ARM_CM4F/port.c **** 	ulDummy = portSET_INTERRUPT_MASK_FROM_ISR();
 478              		.loc 1 313 0
 479 0014 0023     		movs	r3, #0
 480 0016 7B60     		str	r3, [r7, #4]
 481              	@ 313 "FreeRTOS/Source/portable/GCC/ARM_CM4F/port.c" 1
 482 0018 4FF0BF00 			mov r0, #191								
 483 001c 80F31188 		msr basepri, r0							
 484              	
 485              	@ 0 "" 2
 314:FreeRTOS/Source/portable/GCC/ARM_CM4F/port.c **** 	{
 315:FreeRTOS/Source/portable/GCC/ARM_CM4F/port.c **** 		vTaskIncrementTick();
 486              		.loc 1 315 0
 487              		.thumb
 488 0020 FFF7FEFF 		bl	vTaskIncrementTick
 316:FreeRTOS/Source/portable/GCC/ARM_CM4F/port.c **** 	}
 317:FreeRTOS/Source/portable/GCC/ARM_CM4F/port.c **** 	portCLEAR_INTERRUPT_MASK_FROM_ISR( ulDummy );
 489              		.loc 1 317 0
 490              	@ 317 "FreeRTOS/Source/portable/GCC/ARM_CM4F/port.c" 1
 491 0024 4FF00000 			mov r0, #0					
 492 0028 80F31188 		msr basepri, r0				
 493              	
 494              	@ 0 "" 2
 318:FreeRTOS/Source/portable/GCC/ARM_CM4F/port.c **** }
 495              		.loc 1 318 0
 496              		.thumb
 497 002c 0837     		adds	r7, r7, #8
 498 002e BD46     		mov	sp, r7
 499              		@ sp needed
 500 0030 80BD     		pop	{r7, pc}
 501              		.cfi_endproc
 502              	.LFE119:
 504 0032 00BF     		.section	.text.prvSetupTimerInterrupt,"ax",%progbits
 505              		.align	2
 506              		.thumb
 507              		.thumb_func
 509              	prvSetupTimerInterrupt:
 510              	.LFB120:
 319:FreeRTOS/Source/portable/GCC/ARM_CM4F/port.c **** /*-----------------------------------------------------------*/
 320:FreeRTOS/Source/portable/GCC/ARM_CM4F/port.c **** 
 321:FreeRTOS/Source/portable/GCC/ARM_CM4F/port.c **** /*
 322:FreeRTOS/Source/portable/GCC/ARM_CM4F/port.c ****  * Setup the systick timer to generate the tick interrupts at the required
 323:FreeRTOS/Source/portable/GCC/ARM_CM4F/port.c ****  * frequency.
 324:FreeRTOS/Source/portable/GCC/ARM_CM4F/port.c ****  */
 325:FreeRTOS/Source/portable/GCC/ARM_CM4F/port.c **** void prvSetupTimerInterrupt( void )
 326:FreeRTOS/Source/portable/GCC/ARM_CM4F/port.c **** {
 511              		.loc 1 326 0
 512              		.cfi_startproc
 513              		@ args = 0, pretend = 0, frame = 0
 514              		@ frame_needed = 1, uses_anonymous_args = 0
 515              		@ link register save eliminated.
 516 0000 80B4     		push	{r7}
 517              	.LCFI16:
 518              		.cfi_def_cfa_offset 4
 519              		.cfi_offset 7, -4
 520 0002 00AF     		add	r7, sp, #0
 521              	.LCFI17:
 522              		.cfi_def_cfa_register 7
 327:FreeRTOS/Source/portable/GCC/ARM_CM4F/port.c **** 	/* Configure SysTick to interrupt at the requested rate. */
 328:FreeRTOS/Source/portable/GCC/ARM_CM4F/port.c **** 	*(portNVIC_SYSTICK_LOAD) = ( configCPU_CLOCK_HZ / configTICK_RATE_HZ ) - 1UL;
 523              		.loc 1 328 0
 524 0004 4EF21403 		movw	r3, #57364
 525 0008 CEF20003 		movt	r3, 57344
 526 000c 40F20002 		movw	r2, #:lower16:SystemCoreClock
 527 0010 C0F20002 		movt	r2, #:upper16:SystemCoreClock
 528 0014 1168     		ldr	r1, [r2]
 529 0016 44F6D352 		movw	r2, #19923
 530 001a C1F26202 		movt	r2, 4194
 531 001e A2FB0102 		umull	r0, r2, r2, r1
 532 0022 9209     		lsrs	r2, r2, #6
 533 0024 013A     		subs	r2, r2, #1
 534 0026 1A60     		str	r2, [r3]
 329:FreeRTOS/Source/portable/GCC/ARM_CM4F/port.c **** 	*(portNVIC_SYSTICK_CTRL) = portNVIC_SYSTICK_CLK | portNVIC_SYSTICK_INT | portNVIC_SYSTICK_ENABLE;
 535              		.loc 1 329 0
 536 0028 4EF21003 		movw	r3, #57360
 537 002c CEF20003 		movt	r3, 57344
 538 0030 0722     		movs	r2, #7
 539 0032 1A60     		str	r2, [r3]
 330:FreeRTOS/Source/portable/GCC/ARM_CM4F/port.c **** }
 540              		.loc 1 330 0
 541 0034 BD46     		mov	sp, r7
 542              		@ sp needed
 543 0036 5DF8047B 		ldr	r7, [sp], #4
 544 003a 7047     		bx	lr
 545              		.cfi_endproc
 546              	.LFE120:
 548              		.section	.text.vPortEnableVFP,"ax",%progbits
 549              		.align	2
 550              		.thumb
 551              		.thumb_func
 553              	vPortEnableVFP:
 554              	.LFB121:
 331:FreeRTOS/Source/portable/GCC/ARM_CM4F/port.c **** /*-----------------------------------------------------------*/
 332:FreeRTOS/Source/portable/GCC/ARM_CM4F/port.c **** 
 333:FreeRTOS/Source/portable/GCC/ARM_CM4F/port.c **** /* This is a naked function. */
 334:FreeRTOS/Source/portable/GCC/ARM_CM4F/port.c **** static void vPortEnableVFP( void )
 335:FreeRTOS/Source/portable/GCC/ARM_CM4F/port.c **** {
 555              		.loc 1 335 0
 556              		.cfi_startproc
 557              		@ Naked Function: prologue and epilogue provided by programmer.
 558              		@ args = 0, pretend = 0, frame = 0
 559              		@ frame_needed = 1, uses_anonymous_args = 0
 336:FreeRTOS/Source/portable/GCC/ARM_CM4F/port.c **** 	__asm volatile
 560              		.loc 1 336 0
 561              	@ 336 "FreeRTOS/Source/portable/GCC/ARM_CM4F/port.c" 1
 562 0000 DFF80C00 			ldr.w r0, =0xE000ED88		
 563 0004 0168     		ldr r1, [r0]				
 564              									
 565 0006 41F47001 		orr r1, r1, #( 0xf << 20 )	
 566 000a 0160     		str r1, [r0]				
 567 000c 7047     		bx r14						
 568              	@ 0 "" 2
 337:FreeRTOS/Source/portable/GCC/ARM_CM4F/port.c **** 	(
 338:FreeRTOS/Source/portable/GCC/ARM_CM4F/port.c **** 		"	ldr.w r0, =0xE000ED88		\n" /* The FPU enable bits are in the CPACR. */
 339:FreeRTOS/Source/portable/GCC/ARM_CM4F/port.c **** 		"	ldr r1, [r0]				\n"
 340:FreeRTOS/Source/portable/GCC/ARM_CM4F/port.c **** 		"								\n"
 341:FreeRTOS/Source/portable/GCC/ARM_CM4F/port.c **** 		"	orr r1, r1, #( 0xf << 20 )	\n" /* Enable CP10 and CP11 coprocessors, then save back. */
 342:FreeRTOS/Source/portable/GCC/ARM_CM4F/port.c **** 		"	str r1, [r0]				\n"
 343:FreeRTOS/Source/portable/GCC/ARM_CM4F/port.c **** 		"	bx r14						"
 344:FreeRTOS/Source/portable/GCC/ARM_CM4F/port.c **** 	);
 345:FreeRTOS/Source/portable/GCC/ARM_CM4F/port.c **** }
 569              		.loc 1 345 0
 570              		.thumb
 571              		.cfi_endproc
 572              	.LFE121:
 574 000e 0000     		.text
 575              	.Letext0:
 576              		.file 2 "FreeRTOS/Source/include/projdefs.h"
 577              		.file 3 "/usr/include/newlib/machine/_default_types.h"
 578              		.file 4 "/usr/include/newlib/stdint.h"
 579              		.file 5 "FreeRTOS/Source/include/../../Source/portable/GCC/ARM_CM4F/portmacro.h"
 580              		.file 6 "libs/CMSIS/Include/core_cm4.h"
 581              		.file 7 "libs/Device/STM32F4xx/Include/system_stm32f4xx.h"
DEFINED SYMBOLS
                            *ABS*:0000000000000000 port.c
     /tmp/ccvopTBE.s:24     .rodata.ulKernelPriority:0000000000000000 ulKernelPriority
     /tmp/ccvopTBE.s:21     .rodata.ulKernelPriority:0000000000000000 $d
     /tmp/ccvopTBE.s:27     .data.uxCriticalNesting:0000000000000000 $d
     /tmp/ccvopTBE.s:30     .data.uxCriticalNesting:0000000000000000 uxCriticalNesting
     /tmp/ccvopTBE.s:33     .text.pxPortInitialiseStack:0000000000000000 $t
     /tmp/ccvopTBE.s:38     .text.pxPortInitialiseStack:0000000000000000 pxPortInitialiseStack
     /tmp/ccvopTBE.s:116    .text.SVC_Handler:0000000000000000 $t
     /tmp/ccvopTBE.s:121    .text.SVC_Handler:0000000000000000 SVC_Handler
     /tmp/ccvopTBE.s:140    .text.SVC_Handler:0000000000000018 pxCurrentTCBConst2
     /tmp/ccvopTBE.s:140    .text.SVC_Handler:0000000000000018 $d
     /tmp/ccvopTBE.s:149    .text.vPortStartFirstTask:0000000000000000 $t
     /tmp/ccvopTBE.s:153    .text.vPortStartFirstTask:0000000000000000 vPortStartFirstTask
     /tmp/ccvopTBE.s:177    .text.xPortStartScheduler:0000000000000000 $t
     /tmp/ccvopTBE.s:182    .text.xPortStartScheduler:0000000000000000 xPortStartScheduler
     /tmp/ccvopTBE.s:509    .text.prvSetupTimerInterrupt:0000000000000000 prvSetupTimerInterrupt
     /tmp/ccvopTBE.s:553    .text.vPortEnableVFP:0000000000000000 vPortEnableVFP
     /tmp/ccvopTBE.s:240    .text.vPortEndScheduler:0000000000000000 $t
     /tmp/ccvopTBE.s:245    .text.vPortEndScheduler:0000000000000000 vPortEndScheduler
     /tmp/ccvopTBE.s:268    .text.vPortYieldFromISR:0000000000000000 $t
     /tmp/ccvopTBE.s:273    .text.vPortYieldFromISR:0000000000000000 vPortYieldFromISR
     /tmp/ccvopTBE.s:301    .text.vPortEnterCritical:0000000000000000 $t
     /tmp/ccvopTBE.s:306    .text.vPortEnterCritical:0000000000000000 vPortEnterCritical
     /tmp/ccvopTBE.s:344    .text.vPortExitCritical:0000000000000000 $t
     /tmp/ccvopTBE.s:349    .text.vPortExitCritical:0000000000000000 vPortExitCritical
     /tmp/ccvopTBE.s:394    .text.PendSV_Handler:0000000000000000 $t
     /tmp/ccvopTBE.s:399    .text.PendSV_Handler:0000000000000000 PendSV_Handler
     /tmp/ccvopTBE.s:442    .text.PendSV_Handler:000000000000004c pxCurrentTCBConst
     /tmp/ccvopTBE.s:442    .text.PendSV_Handler:000000000000004c $d
     /tmp/ccvopTBE.s:451    .text.SysTick_Handler:0000000000000000 $t
     /tmp/ccvopTBE.s:456    .text.SysTick_Handler:0000000000000000 SysTick_Handler
     /tmp/ccvopTBE.s:505    .text.prvSetupTimerInterrupt:0000000000000000 $t
     /tmp/ccvopTBE.s:549    .text.vPortEnableVFP:0000000000000000 $t
     /tmp/ccvopTBE.s:574    .text.vPortEnableVFP:000000000000000e $d
     /tmp/ccvopTBE.s:176    .text.vPortStartFirstTask:0000000000000010 $d
                     .debug_frame:0000000000000010 $d

UNDEFINED SYMBOLS
pxCurrentTCB
vTaskSwitchContext
vTaskIncrementTick
SystemCoreClock
