   1              		.syntax unified
   2              		.cpu cortex-m4
   3              		.eabi_attribute 27, 3
   4              		.fpu fpv4-sp-d16
   5              		.eabi_attribute 20, 1
   6              		.eabi_attribute 21, 1
   7              		.eabi_attribute 23, 3
   8              		.eabi_attribute 24, 1
   9              		.eabi_attribute 25, 1
  10              		.eabi_attribute 26, 1
  11              		.eabi_attribute 30, 1
  12              		.eabi_attribute 34, 1
  13              		.eabi_attribute 18, 4
  14              		.thumb
  15              		.file	"stm32f4xx_dbgmcu.c"
  16              		.text
  17              	.Ltext0:
  18              		.cfi_sections	.debug_frame
  19              		.section	.text.DBGMCU_GetREVID,"ax",%progbits
  20              		.align	2
  21              		.global	DBGMCU_GetREVID
  22              		.thumb
  23              		.thumb_func
  25              	DBGMCU_GetREVID:
  26              	.LFB110:
  27              		.file 1 "libs/STM32F4xx_StdPeriph_Driver/src/stm32f4xx_dbgmcu.c"
   1:libs/STM32F4xx_StdPeriph_Driver/src/stm32f4xx_dbgmcu.c **** /**
   2:libs/STM32F4xx_StdPeriph_Driver/src/stm32f4xx_dbgmcu.c ****   ******************************************************************************
   3:libs/STM32F4xx_StdPeriph_Driver/src/stm32f4xx_dbgmcu.c ****   * @file    stm32f4xx_dbgmcu.c
   4:libs/STM32F4xx_StdPeriph_Driver/src/stm32f4xx_dbgmcu.c ****   * @author  MCD Application Team
   5:libs/STM32F4xx_StdPeriph_Driver/src/stm32f4xx_dbgmcu.c ****   * @version V1.0.0RC1
   6:libs/STM32F4xx_StdPeriph_Driver/src/stm32f4xx_dbgmcu.c ****   * @date    25-August-2011
   7:libs/STM32F4xx_StdPeriph_Driver/src/stm32f4xx_dbgmcu.c ****   * @brief   This file provides all the DBGMCU firmware functions.
   8:libs/STM32F4xx_StdPeriph_Driver/src/stm32f4xx_dbgmcu.c ****   ******************************************************************************
   9:libs/STM32F4xx_StdPeriph_Driver/src/stm32f4xx_dbgmcu.c ****   * @attention
  10:libs/STM32F4xx_StdPeriph_Driver/src/stm32f4xx_dbgmcu.c ****   *
  11:libs/STM32F4xx_StdPeriph_Driver/src/stm32f4xx_dbgmcu.c ****   * THE PRESENT FIRMWARE WHICH IS FOR GUIDANCE ONLY AIMS AT PROVIDING CUSTOMERS
  12:libs/STM32F4xx_StdPeriph_Driver/src/stm32f4xx_dbgmcu.c ****   * WITH CODING INFORMATION REGARDING THEIR PRODUCTS IN ORDER FOR THEM TO SAVE
  13:libs/STM32F4xx_StdPeriph_Driver/src/stm32f4xx_dbgmcu.c ****   * TIME. AS A RESULT, STMICROELECTRONICS SHALL NOT BE HELD LIABLE FOR ANY
  14:libs/STM32F4xx_StdPeriph_Driver/src/stm32f4xx_dbgmcu.c ****   * DIRECT, INDIRECT OR CONSEQUENTIAL DAMAGES WITH RESPECT TO ANY CLAIMS ARISING
  15:libs/STM32F4xx_StdPeriph_Driver/src/stm32f4xx_dbgmcu.c ****   * FROM THE CONTENT OF SUCH FIRMWARE AND/OR THE USE MADE BY CUSTOMERS OF THE
  16:libs/STM32F4xx_StdPeriph_Driver/src/stm32f4xx_dbgmcu.c ****   * CODING INFORMATION CONTAINED HEREIN IN CONNECTION WITH THEIR PRODUCTS.
  17:libs/STM32F4xx_StdPeriph_Driver/src/stm32f4xx_dbgmcu.c ****   *
  18:libs/STM32F4xx_StdPeriph_Driver/src/stm32f4xx_dbgmcu.c ****   * <h2><center>&copy; COPYRIGHT 2011 STMicroelectronics</center></h2>
  19:libs/STM32F4xx_StdPeriph_Driver/src/stm32f4xx_dbgmcu.c ****   ******************************************************************************
  20:libs/STM32F4xx_StdPeriph_Driver/src/stm32f4xx_dbgmcu.c ****   */
  21:libs/STM32F4xx_StdPeriph_Driver/src/stm32f4xx_dbgmcu.c **** 
  22:libs/STM32F4xx_StdPeriph_Driver/src/stm32f4xx_dbgmcu.c **** /* Includes ------------------------------------------------------------------*/
  23:libs/STM32F4xx_StdPeriph_Driver/src/stm32f4xx_dbgmcu.c **** #include "stm32f4xx_dbgmcu.h"
  24:libs/STM32F4xx_StdPeriph_Driver/src/stm32f4xx_dbgmcu.c **** 
  25:libs/STM32F4xx_StdPeriph_Driver/src/stm32f4xx_dbgmcu.c **** /** @addtogroup STM32F4xx_StdPeriph_Driver
  26:libs/STM32F4xx_StdPeriph_Driver/src/stm32f4xx_dbgmcu.c ****   * @{
  27:libs/STM32F4xx_StdPeriph_Driver/src/stm32f4xx_dbgmcu.c ****   */
  28:libs/STM32F4xx_StdPeriph_Driver/src/stm32f4xx_dbgmcu.c **** 
  29:libs/STM32F4xx_StdPeriph_Driver/src/stm32f4xx_dbgmcu.c **** /** @defgroup DBGMCU 
  30:libs/STM32F4xx_StdPeriph_Driver/src/stm32f4xx_dbgmcu.c ****   * @brief DBGMCU driver modules
  31:libs/STM32F4xx_StdPeriph_Driver/src/stm32f4xx_dbgmcu.c ****   * @{
  32:libs/STM32F4xx_StdPeriph_Driver/src/stm32f4xx_dbgmcu.c ****   */ 
  33:libs/STM32F4xx_StdPeriph_Driver/src/stm32f4xx_dbgmcu.c **** 
  34:libs/STM32F4xx_StdPeriph_Driver/src/stm32f4xx_dbgmcu.c **** /* Private typedef -----------------------------------------------------------*/
  35:libs/STM32F4xx_StdPeriph_Driver/src/stm32f4xx_dbgmcu.c **** /* Private define ------------------------------------------------------------*/
  36:libs/STM32F4xx_StdPeriph_Driver/src/stm32f4xx_dbgmcu.c **** #define IDCODE_DEVID_MASK    ((uint32_t)0x00000FFF)
  37:libs/STM32F4xx_StdPeriph_Driver/src/stm32f4xx_dbgmcu.c **** 
  38:libs/STM32F4xx_StdPeriph_Driver/src/stm32f4xx_dbgmcu.c **** /* Private macro -------------------------------------------------------------*/
  39:libs/STM32F4xx_StdPeriph_Driver/src/stm32f4xx_dbgmcu.c **** /* Private variables ---------------------------------------------------------*/
  40:libs/STM32F4xx_StdPeriph_Driver/src/stm32f4xx_dbgmcu.c **** /* Private function prototypes -----------------------------------------------*/
  41:libs/STM32F4xx_StdPeriph_Driver/src/stm32f4xx_dbgmcu.c **** /* Private functions ---------------------------------------------------------*/
  42:libs/STM32F4xx_StdPeriph_Driver/src/stm32f4xx_dbgmcu.c **** 
  43:libs/STM32F4xx_StdPeriph_Driver/src/stm32f4xx_dbgmcu.c **** /** @defgroup DBGMCU_Private_Functions
  44:libs/STM32F4xx_StdPeriph_Driver/src/stm32f4xx_dbgmcu.c ****   * @{
  45:libs/STM32F4xx_StdPeriph_Driver/src/stm32f4xx_dbgmcu.c ****   */ 
  46:libs/STM32F4xx_StdPeriph_Driver/src/stm32f4xx_dbgmcu.c **** 
  47:libs/STM32F4xx_StdPeriph_Driver/src/stm32f4xx_dbgmcu.c **** /**
  48:libs/STM32F4xx_StdPeriph_Driver/src/stm32f4xx_dbgmcu.c ****   * @brief  Returns the device revision identifier.
  49:libs/STM32F4xx_StdPeriph_Driver/src/stm32f4xx_dbgmcu.c ****   * @param  None
  50:libs/STM32F4xx_StdPeriph_Driver/src/stm32f4xx_dbgmcu.c ****   * @retval Device revision identifier
  51:libs/STM32F4xx_StdPeriph_Driver/src/stm32f4xx_dbgmcu.c ****   */
  52:libs/STM32F4xx_StdPeriph_Driver/src/stm32f4xx_dbgmcu.c **** uint32_t DBGMCU_GetREVID(void)
  53:libs/STM32F4xx_StdPeriph_Driver/src/stm32f4xx_dbgmcu.c **** {
  28              		.loc 1 53 0
  29              		.cfi_startproc
  30              		@ args = 0, pretend = 0, frame = 0
  31              		@ frame_needed = 0, uses_anonymous_args = 0
  32              		@ link register save eliminated.
  54:libs/STM32F4xx_StdPeriph_Driver/src/stm32f4xx_dbgmcu.c ****    return(DBGMCU->IDCODE >> 16);
  33              		.loc 1 54 0
  34 0000 4FF40053 		mov	r3, #8192
  35 0004 CEF20403 		movt	r3, 57348
  36 0008 1868     		ldr	r0, [r3]
  55:libs/STM32F4xx_StdPeriph_Driver/src/stm32f4xx_dbgmcu.c **** }
  37              		.loc 1 55 0
  38 000a 000C     		lsrs	r0, r0, #16
  39 000c 7047     		bx	lr
  40              		.cfi_endproc
  41              	.LFE110:
  43 000e 00BF     		.section	.text.DBGMCU_GetDEVID,"ax",%progbits
  44              		.align	2
  45              		.global	DBGMCU_GetDEVID
  46              		.thumb
  47              		.thumb_func
  49              	DBGMCU_GetDEVID:
  50              	.LFB111:
  56:libs/STM32F4xx_StdPeriph_Driver/src/stm32f4xx_dbgmcu.c **** 
  57:libs/STM32F4xx_StdPeriph_Driver/src/stm32f4xx_dbgmcu.c **** /**
  58:libs/STM32F4xx_StdPeriph_Driver/src/stm32f4xx_dbgmcu.c ****   * @brief  Returns the device identifier.
  59:libs/STM32F4xx_StdPeriph_Driver/src/stm32f4xx_dbgmcu.c ****   * @param  None
  60:libs/STM32F4xx_StdPeriph_Driver/src/stm32f4xx_dbgmcu.c ****   * @retval Device identifier
  61:libs/STM32F4xx_StdPeriph_Driver/src/stm32f4xx_dbgmcu.c ****   */
  62:libs/STM32F4xx_StdPeriph_Driver/src/stm32f4xx_dbgmcu.c **** uint32_t DBGMCU_GetDEVID(void)
  63:libs/STM32F4xx_StdPeriph_Driver/src/stm32f4xx_dbgmcu.c **** {
  51              		.loc 1 63 0
  52              		.cfi_startproc
  53              		@ args = 0, pretend = 0, frame = 0
  54              		@ frame_needed = 0, uses_anonymous_args = 0
  55              		@ link register save eliminated.
  64:libs/STM32F4xx_StdPeriph_Driver/src/stm32f4xx_dbgmcu.c ****    return(DBGMCU->IDCODE & IDCODE_DEVID_MASK);
  56              		.loc 1 64 0
  57 0000 4FF40053 		mov	r3, #8192
  58 0004 CEF20403 		movt	r3, 57348
  59 0008 1868     		ldr	r0, [r3]
  65:libs/STM32F4xx_StdPeriph_Driver/src/stm32f4xx_dbgmcu.c **** }
  60              		.loc 1 65 0
  61 000a C0F30B00 		ubfx	r0, r0, #0, #12
  62 000e 7047     		bx	lr
  63              		.cfi_endproc
  64              	.LFE111:
  66              		.section	.text.DBGMCU_Config,"ax",%progbits
  67              		.align	2
  68              		.global	DBGMCU_Config
  69              		.thumb
  70              		.thumb_func
  72              	DBGMCU_Config:
  73              	.LFB112:
  66:libs/STM32F4xx_StdPeriph_Driver/src/stm32f4xx_dbgmcu.c **** 
  67:libs/STM32F4xx_StdPeriph_Driver/src/stm32f4xx_dbgmcu.c **** /**
  68:libs/STM32F4xx_StdPeriph_Driver/src/stm32f4xx_dbgmcu.c ****   * @brief  Configures low power mode behavior when the MCU is in Debug mode.
  69:libs/STM32F4xx_StdPeriph_Driver/src/stm32f4xx_dbgmcu.c ****   * @param  DBGMCU_Periph: specifies the low power mode.
  70:libs/STM32F4xx_StdPeriph_Driver/src/stm32f4xx_dbgmcu.c ****   *   This parameter can be any combination of the following values:
  71:libs/STM32F4xx_StdPeriph_Driver/src/stm32f4xx_dbgmcu.c ****   *     @arg DBGMCU_SLEEP: Keep debugger connection during SLEEP mode              
  72:libs/STM32F4xx_StdPeriph_Driver/src/stm32f4xx_dbgmcu.c ****   *     @arg DBGMCU_STOP: Keep debugger connection during STOP mode               
  73:libs/STM32F4xx_StdPeriph_Driver/src/stm32f4xx_dbgmcu.c ****   *     @arg DBGMCU_STANDBY: Keep debugger connection during STANDBY mode        
  74:libs/STM32F4xx_StdPeriph_Driver/src/stm32f4xx_dbgmcu.c ****   * @param  NewState: new state of the specified low power mode in Debug mode.
  75:libs/STM32F4xx_StdPeriph_Driver/src/stm32f4xx_dbgmcu.c ****   *   This parameter can be: ENABLE or DISABLE.
  76:libs/STM32F4xx_StdPeriph_Driver/src/stm32f4xx_dbgmcu.c ****   * @retval None
  77:libs/STM32F4xx_StdPeriph_Driver/src/stm32f4xx_dbgmcu.c ****   */
  78:libs/STM32F4xx_StdPeriph_Driver/src/stm32f4xx_dbgmcu.c **** void DBGMCU_Config(uint32_t DBGMCU_Periph, FunctionalState NewState)
  79:libs/STM32F4xx_StdPeriph_Driver/src/stm32f4xx_dbgmcu.c **** {
  74              		.loc 1 79 0
  75              		.cfi_startproc
  76              		@ args = 0, pretend = 0, frame = 0
  77              		@ frame_needed = 0, uses_anonymous_args = 0
  78              		@ link register save eliminated.
  79              	.LVL0:
  80:libs/STM32F4xx_StdPeriph_Driver/src/stm32f4xx_dbgmcu.c ****   /* Check the parameters */
  81:libs/STM32F4xx_StdPeriph_Driver/src/stm32f4xx_dbgmcu.c ****   assert_param(IS_DBGMCU_PERIPH(DBGMCU_Periph));
  82:libs/STM32F4xx_StdPeriph_Driver/src/stm32f4xx_dbgmcu.c ****   assert_param(IS_FUNCTIONAL_STATE(NewState));
  83:libs/STM32F4xx_StdPeriph_Driver/src/stm32f4xx_dbgmcu.c ****   if (NewState != DISABLE)
  80              		.loc 1 83 0
  81 0000 39B1     		cbz	r1, .L4
  84:libs/STM32F4xx_StdPeriph_Driver/src/stm32f4xx_dbgmcu.c ****   {
  85:libs/STM32F4xx_StdPeriph_Driver/src/stm32f4xx_dbgmcu.c ****     DBGMCU->CR |= DBGMCU_Periph;
  82              		.loc 1 85 0
  83 0002 4FF40053 		mov	r3, #8192
  84 0006 CEF20403 		movt	r3, 57348
  85 000a 5A68     		ldr	r2, [r3, #4]
  86 000c 1043     		orrs	r0, r0, r2
  87              	.LVL1:
  88 000e 5860     		str	r0, [r3, #4]
  89 0010 7047     		bx	lr
  90              	.LVL2:
  91              	.L4:
  86:libs/STM32F4xx_StdPeriph_Driver/src/stm32f4xx_dbgmcu.c ****   }
  87:libs/STM32F4xx_StdPeriph_Driver/src/stm32f4xx_dbgmcu.c ****   else
  88:libs/STM32F4xx_StdPeriph_Driver/src/stm32f4xx_dbgmcu.c ****   {
  89:libs/STM32F4xx_StdPeriph_Driver/src/stm32f4xx_dbgmcu.c ****     DBGMCU->CR &= ~DBGMCU_Periph;
  92              		.loc 1 89 0
  93 0012 4FF40053 		mov	r3, #8192
  94 0016 CEF20403 		movt	r3, 57348
  95 001a 5A68     		ldr	r2, [r3, #4]
  96 001c 22EA0000 		bic	r0, r2, r0
  97              	.LVL3:
  98 0020 5860     		str	r0, [r3, #4]
  99 0022 7047     		bx	lr
 100              		.cfi_endproc
 101              	.LFE112:
 103              		.section	.text.DBGMCU_APB1PeriphConfig,"ax",%progbits
 104              		.align	2
 105              		.global	DBGMCU_APB1PeriphConfig
 106              		.thumb
 107              		.thumb_func
 109              	DBGMCU_APB1PeriphConfig:
 110              	.LFB113:
  90:libs/STM32F4xx_StdPeriph_Driver/src/stm32f4xx_dbgmcu.c ****   }
  91:libs/STM32F4xx_StdPeriph_Driver/src/stm32f4xx_dbgmcu.c **** }
  92:libs/STM32F4xx_StdPeriph_Driver/src/stm32f4xx_dbgmcu.c **** 
  93:libs/STM32F4xx_StdPeriph_Driver/src/stm32f4xx_dbgmcu.c **** /**
  94:libs/STM32F4xx_StdPeriph_Driver/src/stm32f4xx_dbgmcu.c ****   * @brief  Configures APB1 peripheral behavior when the MCU is in Debug mode.
  95:libs/STM32F4xx_StdPeriph_Driver/src/stm32f4xx_dbgmcu.c ****   * @param  DBGMCU_Periph: specifies the APB1 peripheral.
  96:libs/STM32F4xx_StdPeriph_Driver/src/stm32f4xx_dbgmcu.c ****   *   This parameter can be any combination of the following values:        
  97:libs/STM32F4xx_StdPeriph_Driver/src/stm32f4xx_dbgmcu.c ****   *     @arg DBGMCU_TIM2_STOP: TIM2 counter stopped when Core is halted          
  98:libs/STM32F4xx_StdPeriph_Driver/src/stm32f4xx_dbgmcu.c ****   *     @arg DBGMCU_TIM3_STOP: TIM3 counter stopped when Core is halted          
  99:libs/STM32F4xx_StdPeriph_Driver/src/stm32f4xx_dbgmcu.c ****   *     @arg DBGMCU_TIM4_STOP: TIM4 counter stopped when Core is halted
 100:libs/STM32F4xx_StdPeriph_Driver/src/stm32f4xx_dbgmcu.c ****   *     @arg DBGMCU_TIM5_STOP: TIM5 counter stopped when Core is halted          
 101:libs/STM32F4xx_StdPeriph_Driver/src/stm32f4xx_dbgmcu.c ****   *     @arg DBGMCU_TIM6_STOP: TIM6 counter stopped when Core is halted          
 102:libs/STM32F4xx_StdPeriph_Driver/src/stm32f4xx_dbgmcu.c ****   *     @arg DBGMCU_TIM7_STOP: TIM7 counter stopped when Core is halted
 103:libs/STM32F4xx_StdPeriph_Driver/src/stm32f4xx_dbgmcu.c ****   *     @arg DBGMCU_TIM12_STOP: TIM12 counter stopped when Core is halted  
 104:libs/STM32F4xx_StdPeriph_Driver/src/stm32f4xx_dbgmcu.c ****   *     @arg DBGMCU_TIM13_STOP: TIM13 counter stopped when Core is halted  
 105:libs/STM32F4xx_StdPeriph_Driver/src/stm32f4xx_dbgmcu.c ****   *     @arg DBGMCU_TIM14_STOP: TIM14 counter stopped when Core is halted 
 106:libs/STM32F4xx_StdPeriph_Driver/src/stm32f4xx_dbgmcu.c ****   *     @arg DBGMCU_RTC_STOP: RTC Calendar and Wakeup counter stopped when Core is halted.         
 107:libs/STM32F4xx_StdPeriph_Driver/src/stm32f4xx_dbgmcu.c ****   *     @arg DBGMCU_WWDG_STOP: Debug WWDG stopped when Core is halted
 108:libs/STM32F4xx_StdPeriph_Driver/src/stm32f4xx_dbgmcu.c ****   *     @arg DBGMCU_IWDG_STOP: Debug IWDG stopped when Core is halted        
 109:libs/STM32F4xx_StdPeriph_Driver/src/stm32f4xx_dbgmcu.c ****   *     @arg DBGMCU_I2C1_SMBUS_TIMEOUT: I2C1 SMBUS timeout mode stopped when Core is halted
 110:libs/STM32F4xx_StdPeriph_Driver/src/stm32f4xx_dbgmcu.c ****   *     @arg DBGMCU_I2C2_SMBUS_TIMEOUT: I2C2 SMBUS timeout mode stopped when Core is halted
 111:libs/STM32F4xx_StdPeriph_Driver/src/stm32f4xx_dbgmcu.c ****   *     @arg DBGMCU_I2C3_SMBUS_TIMEOUT: I2C3 SMBUS timeout mode stopped when Core is halted
 112:libs/STM32F4xx_StdPeriph_Driver/src/stm32f4xx_dbgmcu.c ****   *     @arg DBGMCU_CAN2_STOP: Debug CAN1 stopped when Core is halted           
 113:libs/STM32F4xx_StdPeriph_Driver/src/stm32f4xx_dbgmcu.c ****   *     @arg DBGMCU_CAN1_STOP: Debug CAN2 stopped when Core is halted        
 114:libs/STM32F4xx_StdPeriph_Driver/src/stm32f4xx_dbgmcu.c ****   *   This parameter can be: ENABLE or DISABLE.
 115:libs/STM32F4xx_StdPeriph_Driver/src/stm32f4xx_dbgmcu.c ****   * @retval None
 116:libs/STM32F4xx_StdPeriph_Driver/src/stm32f4xx_dbgmcu.c ****   */
 117:libs/STM32F4xx_StdPeriph_Driver/src/stm32f4xx_dbgmcu.c **** void DBGMCU_APB1PeriphConfig(uint32_t DBGMCU_Periph, FunctionalState NewState)
 118:libs/STM32F4xx_StdPeriph_Driver/src/stm32f4xx_dbgmcu.c **** {
 111              		.loc 1 118 0
 112              		.cfi_startproc
 113              		@ args = 0, pretend = 0, frame = 0
 114              		@ frame_needed = 0, uses_anonymous_args = 0
 115              		@ link register save eliminated.
 116              	.LVL4:
 119:libs/STM32F4xx_StdPeriph_Driver/src/stm32f4xx_dbgmcu.c ****   /* Check the parameters */
 120:libs/STM32F4xx_StdPeriph_Driver/src/stm32f4xx_dbgmcu.c ****   assert_param(IS_DBGMCU_APB1PERIPH(DBGMCU_Periph));
 121:libs/STM32F4xx_StdPeriph_Driver/src/stm32f4xx_dbgmcu.c ****   assert_param(IS_FUNCTIONAL_STATE(NewState));
 122:libs/STM32F4xx_StdPeriph_Driver/src/stm32f4xx_dbgmcu.c **** 
 123:libs/STM32F4xx_StdPeriph_Driver/src/stm32f4xx_dbgmcu.c ****   if (NewState != DISABLE)
 117              		.loc 1 123 0
 118 0000 39B1     		cbz	r1, .L7
 124:libs/STM32F4xx_StdPeriph_Driver/src/stm32f4xx_dbgmcu.c ****   {
 125:libs/STM32F4xx_StdPeriph_Driver/src/stm32f4xx_dbgmcu.c ****     DBGMCU->APB1FZ |= DBGMCU_Periph;
 119              		.loc 1 125 0
 120 0002 4FF40053 		mov	r3, #8192
 121 0006 CEF20403 		movt	r3, 57348
 122 000a 9A68     		ldr	r2, [r3, #8]
 123 000c 1043     		orrs	r0, r0, r2
 124              	.LVL5:
 125 000e 9860     		str	r0, [r3, #8]
 126 0010 7047     		bx	lr
 127              	.LVL6:
 128              	.L7:
 126:libs/STM32F4xx_StdPeriph_Driver/src/stm32f4xx_dbgmcu.c ****   }
 127:libs/STM32F4xx_StdPeriph_Driver/src/stm32f4xx_dbgmcu.c ****   else
 128:libs/STM32F4xx_StdPeriph_Driver/src/stm32f4xx_dbgmcu.c ****   {
 129:libs/STM32F4xx_StdPeriph_Driver/src/stm32f4xx_dbgmcu.c ****     DBGMCU->APB1FZ &= ~DBGMCU_Periph;
 129              		.loc 1 129 0
 130 0012 4FF40053 		mov	r3, #8192
 131 0016 CEF20403 		movt	r3, 57348
 132 001a 9A68     		ldr	r2, [r3, #8]
 133 001c 22EA0000 		bic	r0, r2, r0
 134              	.LVL7:
 135 0020 9860     		str	r0, [r3, #8]
 136 0022 7047     		bx	lr
 137              		.cfi_endproc
 138              	.LFE113:
 140              		.section	.text.DBGMCU_APB2PeriphConfig,"ax",%progbits
 141              		.align	2
 142              		.global	DBGMCU_APB2PeriphConfig
 143              		.thumb
 144              		.thumb_func
 146              	DBGMCU_APB2PeriphConfig:
 147              	.LFB114:
 130:libs/STM32F4xx_StdPeriph_Driver/src/stm32f4xx_dbgmcu.c ****   }
 131:libs/STM32F4xx_StdPeriph_Driver/src/stm32f4xx_dbgmcu.c **** }
 132:libs/STM32F4xx_StdPeriph_Driver/src/stm32f4xx_dbgmcu.c **** 
 133:libs/STM32F4xx_StdPeriph_Driver/src/stm32f4xx_dbgmcu.c **** /**
 134:libs/STM32F4xx_StdPeriph_Driver/src/stm32f4xx_dbgmcu.c ****   * @brief  Configures APB2 peripheral behavior when the MCU is in Debug mode.
 135:libs/STM32F4xx_StdPeriph_Driver/src/stm32f4xx_dbgmcu.c ****   * @param  DBGMCU_Periph: specifies the APB2 peripheral.
 136:libs/STM32F4xx_StdPeriph_Driver/src/stm32f4xx_dbgmcu.c ****   *   This parameter can be any combination of the following values:       
 137:libs/STM32F4xx_StdPeriph_Driver/src/stm32f4xx_dbgmcu.c ****   *     @arg DBGMCU_TIM1_STOP: TIM1 counter stopped when Core is halted                
 138:libs/STM32F4xx_StdPeriph_Driver/src/stm32f4xx_dbgmcu.c ****   *     @arg DBGMCU_TIM8_STOP: TIM8 counter stopped when Core is halted
 139:libs/STM32F4xx_StdPeriph_Driver/src/stm32f4xx_dbgmcu.c ****   *     @arg DBGMCU_TIM9_STOP: TIM9 counter stopped when Core is halted   
 140:libs/STM32F4xx_StdPeriph_Driver/src/stm32f4xx_dbgmcu.c ****   *     @arg DBGMCU_TIM10_STOP: TIM10 counter stopped when Core is halted   
 141:libs/STM32F4xx_StdPeriph_Driver/src/stm32f4xx_dbgmcu.c ****   *     @arg DBGMCU_TIM11_STOP: TIM11 counter stopped when Core is halted                          
 142:libs/STM32F4xx_StdPeriph_Driver/src/stm32f4xx_dbgmcu.c ****   * @param  NewState: new state of the specified peripheral in Debug mode.
 143:libs/STM32F4xx_StdPeriph_Driver/src/stm32f4xx_dbgmcu.c ****   *   This parameter can be: ENABLE or DISABLE.
 144:libs/STM32F4xx_StdPeriph_Driver/src/stm32f4xx_dbgmcu.c ****   * @retval None
 145:libs/STM32F4xx_StdPeriph_Driver/src/stm32f4xx_dbgmcu.c ****   */
 146:libs/STM32F4xx_StdPeriph_Driver/src/stm32f4xx_dbgmcu.c **** void DBGMCU_APB2PeriphConfig(uint32_t DBGMCU_Periph, FunctionalState NewState)
 147:libs/STM32F4xx_StdPeriph_Driver/src/stm32f4xx_dbgmcu.c **** {
 148              		.loc 1 147 0
 149              		.cfi_startproc
 150              		@ args = 0, pretend = 0, frame = 0
 151              		@ frame_needed = 0, uses_anonymous_args = 0
 152              		@ link register save eliminated.
 153              	.LVL8:
 148:libs/STM32F4xx_StdPeriph_Driver/src/stm32f4xx_dbgmcu.c ****   /* Check the parameters */
 149:libs/STM32F4xx_StdPeriph_Driver/src/stm32f4xx_dbgmcu.c ****   assert_param(IS_DBGMCU_APB2PERIPH(DBGMCU_Periph));
 150:libs/STM32F4xx_StdPeriph_Driver/src/stm32f4xx_dbgmcu.c ****   assert_param(IS_FUNCTIONAL_STATE(NewState));
 151:libs/STM32F4xx_StdPeriph_Driver/src/stm32f4xx_dbgmcu.c **** 
 152:libs/STM32F4xx_StdPeriph_Driver/src/stm32f4xx_dbgmcu.c ****   if (NewState != DISABLE)
 154              		.loc 1 152 0
 155 0000 39B1     		cbz	r1, .L10
 153:libs/STM32F4xx_StdPeriph_Driver/src/stm32f4xx_dbgmcu.c ****   {
 154:libs/STM32F4xx_StdPeriph_Driver/src/stm32f4xx_dbgmcu.c ****     DBGMCU->APB2FZ |= DBGMCU_Periph;
 156              		.loc 1 154 0
 157 0002 4FF40053 		mov	r3, #8192
 158 0006 CEF20403 		movt	r3, 57348
 159 000a DA68     		ldr	r2, [r3, #12]
 160 000c 1043     		orrs	r0, r0, r2
 161              	.LVL9:
 162 000e D860     		str	r0, [r3, #12]
 163 0010 7047     		bx	lr
 164              	.LVL10:
 165              	.L10:
 155:libs/STM32F4xx_StdPeriph_Driver/src/stm32f4xx_dbgmcu.c ****   }
 156:libs/STM32F4xx_StdPeriph_Driver/src/stm32f4xx_dbgmcu.c ****   else
 157:libs/STM32F4xx_StdPeriph_Driver/src/stm32f4xx_dbgmcu.c ****   {
 158:libs/STM32F4xx_StdPeriph_Driver/src/stm32f4xx_dbgmcu.c ****     DBGMCU->APB2FZ &= ~DBGMCU_Periph;
 166              		.loc 1 158 0
 167 0012 4FF40053 		mov	r3, #8192
 168 0016 CEF20403 		movt	r3, 57348
 169 001a DA68     		ldr	r2, [r3, #12]
 170 001c 22EA0000 		bic	r0, r2, r0
 171              	.LVL11:
 172 0020 D860     		str	r0, [r3, #12]
 173 0022 7047     		bx	lr
 174              		.cfi_endproc
 175              	.LFE114:
 177              		.text
 178              	.Letext0:
 179              		.file 2 "/usr/include/newlib/machine/_default_types.h"
 180              		.file 3 "/usr/include/newlib/stdint.h"
 181              		.file 4 "libs/Device/STM32F4xx/Include/stm32f4xx.h"
 182              		.file 5 "libs/CMSIS/Include/core_cm4.h"
DEFINED SYMBOLS
                            *ABS*:0000000000000000 stm32f4xx_dbgmcu.c
     /tmp/ccsM03Zt.s:20     .text.DBGMCU_GetREVID:0000000000000000 $t
     /tmp/ccsM03Zt.s:25     .text.DBGMCU_GetREVID:0000000000000000 DBGMCU_GetREVID
     /tmp/ccsM03Zt.s:44     .text.DBGMCU_GetDEVID:0000000000000000 $t
     /tmp/ccsM03Zt.s:49     .text.DBGMCU_GetDEVID:0000000000000000 DBGMCU_GetDEVID
     /tmp/ccsM03Zt.s:67     .text.DBGMCU_Config:0000000000000000 $t
     /tmp/ccsM03Zt.s:72     .text.DBGMCU_Config:0000000000000000 DBGMCU_Config
     /tmp/ccsM03Zt.s:104    .text.DBGMCU_APB1PeriphConfig:0000000000000000 $t
     /tmp/ccsM03Zt.s:109    .text.DBGMCU_APB1PeriphConfig:0000000000000000 DBGMCU_APB1PeriphConfig
     /tmp/ccsM03Zt.s:141    .text.DBGMCU_APB2PeriphConfig:0000000000000000 $t
     /tmp/ccsM03Zt.s:146    .text.DBGMCU_APB2PeriphConfig:0000000000000000 DBGMCU_APB2PeriphConfig
                     .debug_frame:0000000000000010 $d
                           .group:0000000000000000 wm4.1.7402b5479d3fa4780665141f585fc0ee
                           .group:0000000000000000 wm4.stm32f4xx.h.48.a3308e16720c7afc3eb28e585e628ce6
                           .group:0000000000000000 wm4.core_cm4.h.32.5f62939b60122629d60d85d0c4a14709
                           .group:0000000000000000 wm4.features.h.22.6a4ca7cd053637cc1d0db6c16f39b2d7
                           .group:0000000000000000 wm4._default_types.h.15.8b2cb27e528498f8ff711db085d6e489
                           .group:0000000000000000 wm4.stdint.h.20.796e373797e732130a803d4c0338fa1b
                           .group:0000000000000000 wm4.core_cmInstr.h.25.f50f886f2edf670cf199b35fd96f5c91
                           .group:0000000000000000 wm4.core_cm4_simd.h.29.b4a3fdfb606cb3b26119424324d4b963
                           .group:0000000000000000 wm4.core_cm4.h.153.5393ef7e6cebf34dd51ca528f9218ab3
                           .group:0000000000000000 wm4.stm32f4xx.h.282.95bae448a91bccfbf24a6f9d95904bb8
                           .group:0000000000000000 wm4.stm32f4xx_adc.h.102.2061aa73008746f3c2cc6ce8f635cad3
                           .group:0000000000000000 wm4.stm32f4xx_can.h.25.87f18ca48b2692d39f76e87b1f07c953
                           .group:0000000000000000 wm4.stm32f4xx_cryp.h.25.db1951c06ee684df97ea3a11aba6cb51
                           .group:0000000000000000 wm4.stm32f4xx_dac.h.25.c43557a6416ea4dfa986c1209c2558d6
                           .group:0000000000000000 wm4.stm32f4xx_dcmi.h.24.64883d9be802a535b1d7770d14da73e0
                           .group:0000000000000000 wm4.stm32f4xx_dma.h.25.c1fa1d44ae0bc9c2b3a0d1d355d8c1e6
                           .group:0000000000000000 wm4.stm32f4xx_exti.h.25.620998268d5d3d9042a8297fbe07d507
                           .group:0000000000000000 wm4.stm32f4xx_flash.h.25.65d4f351b72ee41355279f70305f361a
                           .group:0000000000000000 wm4.stm32f4xx_fsmc.h.25.b907ac7bd9bec46e02d06b137d53cfd8
                           .group:0000000000000000 wm4.stm32f4xx_hash.h.25.633fb84f031cf2ab1bd834e536716dfa
                           .group:0000000000000000 wm4.stm32f4xx_gpio.h.25.5bd1d790d742a307b55aea5fa8fcdae8
                           .group:0000000000000000 wm4.stm32f4xx_i2c.h.25.8fcdb817a00a67d4624d79bab0d9275f
                           .group:0000000000000000 wm4.stm32f4xx_iwdg.h.25.3013e8d2058415cb9d51af77f748a146
                           .group:0000000000000000 wm4.stm32f4xx_pwr.h.25.48b68c1f3a894ab012f9c2a2c222f159
                           .group:0000000000000000 wm4.stm32f4xx_rcc.h.24.c15e7c8dc065bb29146f29591b195c87
                           .group:0000000000000000 wm4.stm32f4xx_rng.h.25.cdb5c5c07de6a48aedfde608da3f447e
                           .group:0000000000000000 wm4.stm32f4xx_rtc.h.25.4809a79ad46ad97b4a01e735a96738eb
                           .group:0000000000000000 wm4.stm32f4xx_sdio.h.25.406302aabae34eada94e5f2cde635a3e
                           .group:0000000000000000 wm4.stm32f4xx_spi.h.25.46c61b79ff8408da93e2e90cf9b717d6
                           .group:0000000000000000 wm4.stm32f4xx_syscfg.h.25.9d5caab5677661b69e959531364e23d7
                           .group:0000000000000000 wm4.stm32f4xx_tim.h.25.948f7fc943f34bd206e29758e77ee0a2
                           .group:0000000000000000 wm4.stm32f4xx_usart.h.25.b64697dad017ba547dd272c2cdb5846a
                           .group:0000000000000000 wm4.stm32f4xx_wwdg.h.25.09d70b7849c6894ddf1e83c8e86b70e1
                           .group:0000000000000000 wm4.misc.h.25.a0cb758c1f091b46f201b19cec9e63a1
                           .group:0000000000000000 wm4.stm32f4xx.h.6913.da011404ccb203790556c86f10c46b18
                           .group:0000000000000000 wm4.stm32f4xx_dbgmcu.h.47.8cfe3e283b7c85998040fd1c20b05268

NO UNDEFINED SYMBOLS
