   1              		.syntax unified
   2              		.cpu cortex-m4
   3              		.eabi_attribute 27, 3
   4              		.fpu fpv4-sp-d16
   5              		.eabi_attribute 20, 1
   6              		.eabi_attribute 21, 1
   7              		.eabi_attribute 23, 3
   8              		.eabi_attribute 24, 1
   9              		.eabi_attribute 25, 1
  10              		.eabi_attribute 26, 1
  11              		.eabi_attribute 30, 1
  12              		.eabi_attribute 34, 1
  13              		.eabi_attribute 18, 4
  14              		.thumb
  15              		.file	"stm32f4xx_gpio.c"
  16              		.text
  17              	.Ltext0:
  18              		.cfi_sections	.debug_frame
  19              		.section	.text.GPIO_DeInit,"ax",%progbits
  20              		.align	2
  21              		.global	GPIO_DeInit
  22              		.thumb
  23              		.thumb_func
  25              	GPIO_DeInit:
  26              	.LFB110:
  27              		.file 1 "libs/STM32F4xx_StdPeriph_Driver/src/stm32f4xx_gpio.c"
   1:libs/STM32F4xx_StdPeriph_Driver/src/stm32f4xx_gpio.c **** /**
   2:libs/STM32F4xx_StdPeriph_Driver/src/stm32f4xx_gpio.c ****   ******************************************************************************
   3:libs/STM32F4xx_StdPeriph_Driver/src/stm32f4xx_gpio.c ****   * @file    stm32f4xx_gpio.c
   4:libs/STM32F4xx_StdPeriph_Driver/src/stm32f4xx_gpio.c ****   * @author  MCD Application Team
   5:libs/STM32F4xx_StdPeriph_Driver/src/stm32f4xx_gpio.c ****   * @version V1.0.0RC1
   6:libs/STM32F4xx_StdPeriph_Driver/src/stm32f4xx_gpio.c ****   * @date    25-August-2011
   7:libs/STM32F4xx_StdPeriph_Driver/src/stm32f4xx_gpio.c ****   * @brief   This file provides firmware functions to manage the following 
   8:libs/STM32F4xx_StdPeriph_Driver/src/stm32f4xx_gpio.c ****   *          functionalities of the GPIO peripheral:           
   9:libs/STM32F4xx_StdPeriph_Driver/src/stm32f4xx_gpio.c ****   *           - Initialization and Configuration
  10:libs/STM32F4xx_StdPeriph_Driver/src/stm32f4xx_gpio.c ****   *           - GPIO Read and Write
  11:libs/STM32F4xx_StdPeriph_Driver/src/stm32f4xx_gpio.c ****   *           - GPIO Alternate functions configuration
  12:libs/STM32F4xx_StdPeriph_Driver/src/stm32f4xx_gpio.c ****   * 
  13:libs/STM32F4xx_StdPeriph_Driver/src/stm32f4xx_gpio.c ****   *  @verbatim
  14:libs/STM32F4xx_StdPeriph_Driver/src/stm32f4xx_gpio.c ****   *
  15:libs/STM32F4xx_StdPeriph_Driver/src/stm32f4xx_gpio.c ****   *          ===================================================================
  16:libs/STM32F4xx_StdPeriph_Driver/src/stm32f4xx_gpio.c ****   *                                 How to use this driver
  17:libs/STM32F4xx_StdPeriph_Driver/src/stm32f4xx_gpio.c ****   *          ===================================================================       
  18:libs/STM32F4xx_StdPeriph_Driver/src/stm32f4xx_gpio.c ****   *           1. Enable the GPIO AHB clock using the following function
  19:libs/STM32F4xx_StdPeriph_Driver/src/stm32f4xx_gpio.c ****   *                RCC_AHB1PeriphClockCmd(RCC_AHB1Periph_GPIOx, ENABLE);
  20:libs/STM32F4xx_StdPeriph_Driver/src/stm32f4xx_gpio.c ****   *             
  21:libs/STM32F4xx_StdPeriph_Driver/src/stm32f4xx_gpio.c ****   *           2. Configure the GPIO pin(s) using GPIO_Init()
  22:libs/STM32F4xx_StdPeriph_Driver/src/stm32f4xx_gpio.c ****   *              Four possible configuration are available for each pin:
  23:libs/STM32F4xx_StdPeriph_Driver/src/stm32f4xx_gpio.c ****   *                - Input: Floating, Pull-up, Pull-down.
  24:libs/STM32F4xx_StdPeriph_Driver/src/stm32f4xx_gpio.c ****   *                - Output: Push-Pull (Pull-up, Pull-down or no Pull)
  25:libs/STM32F4xx_StdPeriph_Driver/src/stm32f4xx_gpio.c ****   *                          Open Drain (Pull-up, Pull-down or no Pull).
  26:libs/STM32F4xx_StdPeriph_Driver/src/stm32f4xx_gpio.c ****   *                  In output mode, the speed is configurable: 2 MHz, 25 MHz,
  27:libs/STM32F4xx_StdPeriph_Driver/src/stm32f4xx_gpio.c ****   *                  50 MHz or 100 MHz.
  28:libs/STM32F4xx_StdPeriph_Driver/src/stm32f4xx_gpio.c ****   *                - Alternate Function: Push-Pull (Pull-up, Pull-down or no Pull)
  29:libs/STM32F4xx_StdPeriph_Driver/src/stm32f4xx_gpio.c ****   *                                      Open Drain (Pull-up, Pull-down or no Pull).
  30:libs/STM32F4xx_StdPeriph_Driver/src/stm32f4xx_gpio.c ****   *                - Analog: required mode when a pin is to be used as ADC channel
  31:libs/STM32F4xx_StdPeriph_Driver/src/stm32f4xx_gpio.c ****   *                          or DAC output.
  32:libs/STM32F4xx_StdPeriph_Driver/src/stm32f4xx_gpio.c ****   * 
  33:libs/STM32F4xx_StdPeriph_Driver/src/stm32f4xx_gpio.c ****   *          3- Peripherals alternate function:
  34:libs/STM32F4xx_StdPeriph_Driver/src/stm32f4xx_gpio.c ****   *              - For ADC and DAC, configure the desired pin in analog mode using 
  35:libs/STM32F4xx_StdPeriph_Driver/src/stm32f4xx_gpio.c ****   *                  GPIO_InitStruct->GPIO_Mode = GPIO_Mode_AN;
  36:libs/STM32F4xx_StdPeriph_Driver/src/stm32f4xx_gpio.c ****   *              - For other peripherals (TIM, USART...):
  37:libs/STM32F4xx_StdPeriph_Driver/src/stm32f4xx_gpio.c ****   *                 - Connect the pin to the desired peripherals' Alternate 
  38:libs/STM32F4xx_StdPeriph_Driver/src/stm32f4xx_gpio.c ****   *                   Function (AF) using GPIO_PinAFConfig() function
  39:libs/STM32F4xx_StdPeriph_Driver/src/stm32f4xx_gpio.c ****   *                 - Configure the desired pin in alternate function mode using
  40:libs/STM32F4xx_StdPeriph_Driver/src/stm32f4xx_gpio.c ****   *                   GPIO_InitStruct->GPIO_Mode = GPIO_Mode_AF
  41:libs/STM32F4xx_StdPeriph_Driver/src/stm32f4xx_gpio.c ****   *                 - Select the type, pull-up/pull-down and output speed via 
  42:libs/STM32F4xx_StdPeriph_Driver/src/stm32f4xx_gpio.c ****   *                   GPIO_PuPd, GPIO_OType and GPIO_Speed members
  43:libs/STM32F4xx_StdPeriph_Driver/src/stm32f4xx_gpio.c ****   *                 - Call GPIO_Init() function
  44:libs/STM32F4xx_StdPeriph_Driver/src/stm32f4xx_gpio.c ****   *        
  45:libs/STM32F4xx_StdPeriph_Driver/src/stm32f4xx_gpio.c ****   *          4. To get the level of a pin configured in input mode use GPIO_ReadInputDataBit()
  46:libs/STM32F4xx_StdPeriph_Driver/src/stm32f4xx_gpio.c ****   *          
  47:libs/STM32F4xx_StdPeriph_Driver/src/stm32f4xx_gpio.c ****   *          5. To set/reset the level of a pin configured in output mode use
  48:libs/STM32F4xx_StdPeriph_Driver/src/stm32f4xx_gpio.c ****   *             GPIO_SetBits()/GPIO_ResetBits()
  49:libs/STM32F4xx_StdPeriph_Driver/src/stm32f4xx_gpio.c ****   *               
  50:libs/STM32F4xx_StdPeriph_Driver/src/stm32f4xx_gpio.c ****   *          6. During and just after reset, the alternate functions are not 
  51:libs/STM32F4xx_StdPeriph_Driver/src/stm32f4xx_gpio.c ****   *             active and the GPIO pins are configured in input floating mode
  52:libs/STM32F4xx_StdPeriph_Driver/src/stm32f4xx_gpio.c ****   *             (except JTAG pins).
  53:libs/STM32F4xx_StdPeriph_Driver/src/stm32f4xx_gpio.c ****   *
  54:libs/STM32F4xx_StdPeriph_Driver/src/stm32f4xx_gpio.c ****   *          7. The LSE oscillator pins OSC32_IN and OSC32_OUT can be used as 
  55:libs/STM32F4xx_StdPeriph_Driver/src/stm32f4xx_gpio.c ****   *             general-purpose (PC14 and PC15, respectively) when the LSE
  56:libs/STM32F4xx_StdPeriph_Driver/src/stm32f4xx_gpio.c ****   *             oscillator is off. The LSE has priority over the GPIO function.
  57:libs/STM32F4xx_StdPeriph_Driver/src/stm32f4xx_gpio.c ****   *
  58:libs/STM32F4xx_StdPeriph_Driver/src/stm32f4xx_gpio.c ****   *          8. The HSE oscillator pins OSC_IN/OSC_OUT can be used as 
  59:libs/STM32F4xx_StdPeriph_Driver/src/stm32f4xx_gpio.c ****   *             general-purpose PH0 and PH1, respectively, when the HSE 
  60:libs/STM32F4xx_StdPeriph_Driver/src/stm32f4xx_gpio.c ****   *             oscillator is off. The HSE has priority over the GPIO function.
  61:libs/STM32F4xx_StdPeriph_Driver/src/stm32f4xx_gpio.c ****   *             
  62:libs/STM32F4xx_StdPeriph_Driver/src/stm32f4xx_gpio.c ****   *  @endverbatim        
  63:libs/STM32F4xx_StdPeriph_Driver/src/stm32f4xx_gpio.c ****   *
  64:libs/STM32F4xx_StdPeriph_Driver/src/stm32f4xx_gpio.c ****   ******************************************************************************
  65:libs/STM32F4xx_StdPeriph_Driver/src/stm32f4xx_gpio.c ****   * @attention
  66:libs/STM32F4xx_StdPeriph_Driver/src/stm32f4xx_gpio.c ****   *
  67:libs/STM32F4xx_StdPeriph_Driver/src/stm32f4xx_gpio.c ****   * THE PRESENT FIRMWARE WHICH IS FOR GUIDANCE ONLY AIMS AT PROVIDING CUSTOMERS
  68:libs/STM32F4xx_StdPeriph_Driver/src/stm32f4xx_gpio.c ****   * WITH CODING INFORMATION REGARDING THEIR PRODUCTS IN ORDER FOR THEM TO SAVE
  69:libs/STM32F4xx_StdPeriph_Driver/src/stm32f4xx_gpio.c ****   * TIME. AS A RESULT, STMICROELECTRONICS SHALL NOT BE HELD LIABLE FOR ANY
  70:libs/STM32F4xx_StdPeriph_Driver/src/stm32f4xx_gpio.c ****   * DIRECT, INDIRECT OR CONSEQUENTIAL DAMAGES WITH RESPECT TO ANY CLAIMS ARISING
  71:libs/STM32F4xx_StdPeriph_Driver/src/stm32f4xx_gpio.c ****   * FROM THE CONTENT OF SUCH FIRMWARE AND/OR THE USE MADE BY CUSTOMERS OF THE
  72:libs/STM32F4xx_StdPeriph_Driver/src/stm32f4xx_gpio.c ****   * CODING INFORMATION CONTAINED HEREIN IN CONNECTION WITH THEIR PRODUCTS.
  73:libs/STM32F4xx_StdPeriph_Driver/src/stm32f4xx_gpio.c ****   *
  74:libs/STM32F4xx_StdPeriph_Driver/src/stm32f4xx_gpio.c ****   * <h2><center>&copy; COPYRIGHT 2011 STMicroelectronics</center></h2>
  75:libs/STM32F4xx_StdPeriph_Driver/src/stm32f4xx_gpio.c ****   ******************************************************************************
  76:libs/STM32F4xx_StdPeriph_Driver/src/stm32f4xx_gpio.c ****   */
  77:libs/STM32F4xx_StdPeriph_Driver/src/stm32f4xx_gpio.c **** 
  78:libs/STM32F4xx_StdPeriph_Driver/src/stm32f4xx_gpio.c **** /* Includes ------------------------------------------------------------------*/
  79:libs/STM32F4xx_StdPeriph_Driver/src/stm32f4xx_gpio.c **** #include "stm32f4xx_gpio.h"
  80:libs/STM32F4xx_StdPeriph_Driver/src/stm32f4xx_gpio.c **** #include "stm32f4xx_rcc.h"
  81:libs/STM32F4xx_StdPeriph_Driver/src/stm32f4xx_gpio.c **** 
  82:libs/STM32F4xx_StdPeriph_Driver/src/stm32f4xx_gpio.c **** /** @addtogroup STM32F4xx_StdPeriph_Driver
  83:libs/STM32F4xx_StdPeriph_Driver/src/stm32f4xx_gpio.c ****   * @{
  84:libs/STM32F4xx_StdPeriph_Driver/src/stm32f4xx_gpio.c ****   */
  85:libs/STM32F4xx_StdPeriph_Driver/src/stm32f4xx_gpio.c **** 
  86:libs/STM32F4xx_StdPeriph_Driver/src/stm32f4xx_gpio.c **** /** @defgroup GPIO 
  87:libs/STM32F4xx_StdPeriph_Driver/src/stm32f4xx_gpio.c ****   * @brief GPIO driver modules
  88:libs/STM32F4xx_StdPeriph_Driver/src/stm32f4xx_gpio.c ****   * @{
  89:libs/STM32F4xx_StdPeriph_Driver/src/stm32f4xx_gpio.c ****   */ 
  90:libs/STM32F4xx_StdPeriph_Driver/src/stm32f4xx_gpio.c **** 
  91:libs/STM32F4xx_StdPeriph_Driver/src/stm32f4xx_gpio.c **** /* Private typedef -----------------------------------------------------------*/
  92:libs/STM32F4xx_StdPeriph_Driver/src/stm32f4xx_gpio.c **** /* Private define ------------------------------------------------------------*/
  93:libs/STM32F4xx_StdPeriph_Driver/src/stm32f4xx_gpio.c **** /* Private macro -------------------------------------------------------------*/
  94:libs/STM32F4xx_StdPeriph_Driver/src/stm32f4xx_gpio.c **** /* Private variables ---------------------------------------------------------*/
  95:libs/STM32F4xx_StdPeriph_Driver/src/stm32f4xx_gpio.c **** /* Private function prototypes -----------------------------------------------*/
  96:libs/STM32F4xx_StdPeriph_Driver/src/stm32f4xx_gpio.c **** /* Private functions ---------------------------------------------------------*/
  97:libs/STM32F4xx_StdPeriph_Driver/src/stm32f4xx_gpio.c **** 
  98:libs/STM32F4xx_StdPeriph_Driver/src/stm32f4xx_gpio.c **** /** @defgroup GPIO_Private_Functions
  99:libs/STM32F4xx_StdPeriph_Driver/src/stm32f4xx_gpio.c ****   * @{
 100:libs/STM32F4xx_StdPeriph_Driver/src/stm32f4xx_gpio.c ****   */ 
 101:libs/STM32F4xx_StdPeriph_Driver/src/stm32f4xx_gpio.c **** 
 102:libs/STM32F4xx_StdPeriph_Driver/src/stm32f4xx_gpio.c **** /** @defgroup GPIO_Group1 Initialization and Configuration
 103:libs/STM32F4xx_StdPeriph_Driver/src/stm32f4xx_gpio.c ****  *  @brief   Initialization and Configuration
 104:libs/STM32F4xx_StdPeriph_Driver/src/stm32f4xx_gpio.c ****  *
 105:libs/STM32F4xx_StdPeriph_Driver/src/stm32f4xx_gpio.c **** @verbatim   
 106:libs/STM32F4xx_StdPeriph_Driver/src/stm32f4xx_gpio.c ****  ===============================================================================
 107:libs/STM32F4xx_StdPeriph_Driver/src/stm32f4xx_gpio.c ****                         Initialization and Configuration
 108:libs/STM32F4xx_StdPeriph_Driver/src/stm32f4xx_gpio.c ****  ===============================================================================  
 109:libs/STM32F4xx_StdPeriph_Driver/src/stm32f4xx_gpio.c **** 
 110:libs/STM32F4xx_StdPeriph_Driver/src/stm32f4xx_gpio.c **** @endverbatim
 111:libs/STM32F4xx_StdPeriph_Driver/src/stm32f4xx_gpio.c ****   * @{
 112:libs/STM32F4xx_StdPeriph_Driver/src/stm32f4xx_gpio.c ****   */
 113:libs/STM32F4xx_StdPeriph_Driver/src/stm32f4xx_gpio.c **** 
 114:libs/STM32F4xx_StdPeriph_Driver/src/stm32f4xx_gpio.c **** /**
 115:libs/STM32F4xx_StdPeriph_Driver/src/stm32f4xx_gpio.c ****   * @brief  Deinitializes the GPIOx peripheral registers to their default reset values.
 116:libs/STM32F4xx_StdPeriph_Driver/src/stm32f4xx_gpio.c ****   * @note   By default, The GPIO pins are configured in input floating mode (except JTAG pins).
 117:libs/STM32F4xx_StdPeriph_Driver/src/stm32f4xx_gpio.c ****   * @param  GPIOx: where x can be (A..I) to select the GPIO peripheral.
 118:libs/STM32F4xx_StdPeriph_Driver/src/stm32f4xx_gpio.c ****   * @retval None
 119:libs/STM32F4xx_StdPeriph_Driver/src/stm32f4xx_gpio.c ****   */
 120:libs/STM32F4xx_StdPeriph_Driver/src/stm32f4xx_gpio.c **** void GPIO_DeInit(GPIO_TypeDef* GPIOx)
 121:libs/STM32F4xx_StdPeriph_Driver/src/stm32f4xx_gpio.c **** {
  28              		.loc 1 121 0
  29              		.cfi_startproc
  30              		@ args = 0, pretend = 0, frame = 0
  31              		@ frame_needed = 0, uses_anonymous_args = 0
  32              	.LVL0:
  33 0000 08B5     		push	{r3, lr}
  34              	.LCFI0:
  35              		.cfi_def_cfa_offset 8
  36              		.cfi_offset 3, -8
  37              		.cfi_offset 14, -4
 122:libs/STM32F4xx_StdPeriph_Driver/src/stm32f4xx_gpio.c ****   /* Check the parameters */
 123:libs/STM32F4xx_StdPeriph_Driver/src/stm32f4xx_gpio.c ****   assert_param(IS_GPIO_ALL_PERIPH(GPIOx));
 124:libs/STM32F4xx_StdPeriph_Driver/src/stm32f4xx_gpio.c **** 
 125:libs/STM32F4xx_StdPeriph_Driver/src/stm32f4xx_gpio.c ****   if (GPIOx == GPIOA)
  38              		.loc 1 125 0
  39 0002 0023     		movs	r3, #0
  40 0004 C4F20203 		movt	r3, 16386
  41 0008 9842     		cmp	r0, r3
  42 000a 08D1     		bne	.L2
 126:libs/STM32F4xx_StdPeriph_Driver/src/stm32f4xx_gpio.c ****   {
 127:libs/STM32F4xx_StdPeriph_Driver/src/stm32f4xx_gpio.c ****     RCC_AHB1PeriphResetCmd(RCC_AHB1Periph_GPIOA, ENABLE);
  43              		.loc 1 127 0
  44 000c 0120     		movs	r0, #1
  45              	.LVL1:
  46 000e 0146     		mov	r1, r0
  47 0010 FFF7FEFF 		bl	RCC_AHB1PeriphResetCmd
  48              	.LVL2:
 128:libs/STM32F4xx_StdPeriph_Driver/src/stm32f4xx_gpio.c ****     RCC_AHB1PeriphResetCmd(RCC_AHB1Periph_GPIOA, DISABLE);
  49              		.loc 1 128 0
  50 0014 0120     		movs	r0, #1
  51 0016 0021     		movs	r1, #0
  52 0018 FFF7FEFF 		bl	RCC_AHB1PeriphResetCmd
  53              	.LVL3:
  54 001c 08BD     		pop	{r3, pc}
  55              	.LVL4:
  56              	.L2:
 129:libs/STM32F4xx_StdPeriph_Driver/src/stm32f4xx_gpio.c ****   }
 130:libs/STM32F4xx_StdPeriph_Driver/src/stm32f4xx_gpio.c ****   else if (GPIOx == GPIOB)
  57              		.loc 1 130 0
  58 001e 4FF48063 		mov	r3, #1024
  59 0022 C4F20203 		movt	r3, 16386
  60 0026 9842     		cmp	r0, r3
  61 0028 08D1     		bne	.L4
 131:libs/STM32F4xx_StdPeriph_Driver/src/stm32f4xx_gpio.c ****   {
 132:libs/STM32F4xx_StdPeriph_Driver/src/stm32f4xx_gpio.c ****     RCC_AHB1PeriphResetCmd(RCC_AHB1Periph_GPIOB, ENABLE);
  62              		.loc 1 132 0
  63 002a 0220     		movs	r0, #2
  64              	.LVL5:
  65 002c 0121     		movs	r1, #1
  66 002e FFF7FEFF 		bl	RCC_AHB1PeriphResetCmd
  67              	.LVL6:
 133:libs/STM32F4xx_StdPeriph_Driver/src/stm32f4xx_gpio.c ****     RCC_AHB1PeriphResetCmd(RCC_AHB1Periph_GPIOB, DISABLE);
  68              		.loc 1 133 0
  69 0032 0220     		movs	r0, #2
  70 0034 0021     		movs	r1, #0
  71 0036 FFF7FEFF 		bl	RCC_AHB1PeriphResetCmd
  72              	.LVL7:
  73 003a 08BD     		pop	{r3, pc}
  74              	.LVL8:
  75              	.L4:
 134:libs/STM32F4xx_StdPeriph_Driver/src/stm32f4xx_gpio.c ****   }
 135:libs/STM32F4xx_StdPeriph_Driver/src/stm32f4xx_gpio.c ****   else if (GPIOx == GPIOC)
  76              		.loc 1 135 0
  77 003c 4FF40063 		mov	r3, #2048
  78 0040 C4F20203 		movt	r3, 16386
  79 0044 9842     		cmp	r0, r3
  80 0046 08D1     		bne	.L5
 136:libs/STM32F4xx_StdPeriph_Driver/src/stm32f4xx_gpio.c ****   {
 137:libs/STM32F4xx_StdPeriph_Driver/src/stm32f4xx_gpio.c ****     RCC_AHB1PeriphResetCmd(RCC_AHB1Periph_GPIOC, ENABLE);
  81              		.loc 1 137 0
  82 0048 0420     		movs	r0, #4
  83              	.LVL9:
  84 004a 0121     		movs	r1, #1
  85 004c FFF7FEFF 		bl	RCC_AHB1PeriphResetCmd
  86              	.LVL10:
 138:libs/STM32F4xx_StdPeriph_Driver/src/stm32f4xx_gpio.c ****     RCC_AHB1PeriphResetCmd(RCC_AHB1Periph_GPIOC, DISABLE);
  87              		.loc 1 138 0
  88 0050 0420     		movs	r0, #4
  89 0052 0021     		movs	r1, #0
  90 0054 FFF7FEFF 		bl	RCC_AHB1PeriphResetCmd
  91              	.LVL11:
  92 0058 08BD     		pop	{r3, pc}
  93              	.LVL12:
  94              	.L5:
 139:libs/STM32F4xx_StdPeriph_Driver/src/stm32f4xx_gpio.c ****   }
 140:libs/STM32F4xx_StdPeriph_Driver/src/stm32f4xx_gpio.c ****   else if (GPIOx == GPIOD)
  95              		.loc 1 140 0
  96 005a 4FF44063 		mov	r3, #3072
  97 005e C4F20203 		movt	r3, 16386
  98 0062 9842     		cmp	r0, r3
  99 0064 08D1     		bne	.L6
 141:libs/STM32F4xx_StdPeriph_Driver/src/stm32f4xx_gpio.c ****   {
 142:libs/STM32F4xx_StdPeriph_Driver/src/stm32f4xx_gpio.c ****     RCC_AHB1PeriphResetCmd(RCC_AHB1Periph_GPIOD, ENABLE);
 100              		.loc 1 142 0
 101 0066 0820     		movs	r0, #8
 102              	.LVL13:
 103 0068 0121     		movs	r1, #1
 104 006a FFF7FEFF 		bl	RCC_AHB1PeriphResetCmd
 105              	.LVL14:
 143:libs/STM32F4xx_StdPeriph_Driver/src/stm32f4xx_gpio.c ****     RCC_AHB1PeriphResetCmd(RCC_AHB1Periph_GPIOD, DISABLE);
 106              		.loc 1 143 0
 107 006e 0820     		movs	r0, #8
 108 0070 0021     		movs	r1, #0
 109 0072 FFF7FEFF 		bl	RCC_AHB1PeriphResetCmd
 110              	.LVL15:
 111 0076 08BD     		pop	{r3, pc}
 112              	.LVL16:
 113              	.L6:
 144:libs/STM32F4xx_StdPeriph_Driver/src/stm32f4xx_gpio.c ****   }
 145:libs/STM32F4xx_StdPeriph_Driver/src/stm32f4xx_gpio.c ****   else if (GPIOx == GPIOE)
 114              		.loc 1 145 0
 115 0078 4FF48053 		mov	r3, #4096
 116 007c C4F20203 		movt	r3, 16386
 117 0080 9842     		cmp	r0, r3
 118 0082 08D1     		bne	.L7
 146:libs/STM32F4xx_StdPeriph_Driver/src/stm32f4xx_gpio.c ****   {
 147:libs/STM32F4xx_StdPeriph_Driver/src/stm32f4xx_gpio.c ****     RCC_AHB1PeriphResetCmd(RCC_AHB1Periph_GPIOE, ENABLE);
 119              		.loc 1 147 0
 120 0084 1020     		movs	r0, #16
 121              	.LVL17:
 122 0086 0121     		movs	r1, #1
 123 0088 FFF7FEFF 		bl	RCC_AHB1PeriphResetCmd
 124              	.LVL18:
 148:libs/STM32F4xx_StdPeriph_Driver/src/stm32f4xx_gpio.c ****     RCC_AHB1PeriphResetCmd(RCC_AHB1Periph_GPIOE, DISABLE);
 125              		.loc 1 148 0
 126 008c 1020     		movs	r0, #16
 127 008e 0021     		movs	r1, #0
 128 0090 FFF7FEFF 		bl	RCC_AHB1PeriphResetCmd
 129              	.LVL19:
 130 0094 08BD     		pop	{r3, pc}
 131              	.LVL20:
 132              	.L7:
 149:libs/STM32F4xx_StdPeriph_Driver/src/stm32f4xx_gpio.c ****   }
 150:libs/STM32F4xx_StdPeriph_Driver/src/stm32f4xx_gpio.c ****   else if (GPIOx == GPIOF)
 133              		.loc 1 150 0
 134 0096 4FF4A053 		mov	r3, #5120
 135 009a C4F20203 		movt	r3, 16386
 136 009e 9842     		cmp	r0, r3
 137 00a0 08D1     		bne	.L8
 151:libs/STM32F4xx_StdPeriph_Driver/src/stm32f4xx_gpio.c ****   {
 152:libs/STM32F4xx_StdPeriph_Driver/src/stm32f4xx_gpio.c ****     RCC_AHB1PeriphResetCmd(RCC_AHB1Periph_GPIOF, ENABLE);
 138              		.loc 1 152 0
 139 00a2 2020     		movs	r0, #32
 140              	.LVL21:
 141 00a4 0121     		movs	r1, #1
 142 00a6 FFF7FEFF 		bl	RCC_AHB1PeriphResetCmd
 143              	.LVL22:
 153:libs/STM32F4xx_StdPeriph_Driver/src/stm32f4xx_gpio.c ****     RCC_AHB1PeriphResetCmd(RCC_AHB1Periph_GPIOF, DISABLE);
 144              		.loc 1 153 0
 145 00aa 2020     		movs	r0, #32
 146 00ac 0021     		movs	r1, #0
 147 00ae FFF7FEFF 		bl	RCC_AHB1PeriphResetCmd
 148              	.LVL23:
 149 00b2 08BD     		pop	{r3, pc}
 150              	.LVL24:
 151              	.L8:
 154:libs/STM32F4xx_StdPeriph_Driver/src/stm32f4xx_gpio.c ****   }
 155:libs/STM32F4xx_StdPeriph_Driver/src/stm32f4xx_gpio.c ****   else if (GPIOx == GPIOG)
 152              		.loc 1 155 0
 153 00b4 4FF4C053 		mov	r3, #6144
 154 00b8 C4F20203 		movt	r3, 16386
 155 00bc 9842     		cmp	r0, r3
 156 00be 08D1     		bne	.L9
 156:libs/STM32F4xx_StdPeriph_Driver/src/stm32f4xx_gpio.c ****   {
 157:libs/STM32F4xx_StdPeriph_Driver/src/stm32f4xx_gpio.c ****     RCC_AHB1PeriphResetCmd(RCC_AHB1Periph_GPIOG, ENABLE);
 157              		.loc 1 157 0
 158 00c0 4020     		movs	r0, #64
 159              	.LVL25:
 160 00c2 0121     		movs	r1, #1
 161 00c4 FFF7FEFF 		bl	RCC_AHB1PeriphResetCmd
 162              	.LVL26:
 158:libs/STM32F4xx_StdPeriph_Driver/src/stm32f4xx_gpio.c ****     RCC_AHB1PeriphResetCmd(RCC_AHB1Periph_GPIOG, DISABLE);
 163              		.loc 1 158 0
 164 00c8 4020     		movs	r0, #64
 165 00ca 0021     		movs	r1, #0
 166 00cc FFF7FEFF 		bl	RCC_AHB1PeriphResetCmd
 167              	.LVL27:
 168 00d0 08BD     		pop	{r3, pc}
 169              	.LVL28:
 170              	.L9:
 159:libs/STM32F4xx_StdPeriph_Driver/src/stm32f4xx_gpio.c ****   }
 160:libs/STM32F4xx_StdPeriph_Driver/src/stm32f4xx_gpio.c ****   else if (GPIOx == GPIOH)
 171              		.loc 1 160 0
 172 00d2 4FF4E053 		mov	r3, #7168
 173 00d6 C4F20203 		movt	r3, 16386
 174 00da 9842     		cmp	r0, r3
 175 00dc 08D1     		bne	.L10
 161:libs/STM32F4xx_StdPeriph_Driver/src/stm32f4xx_gpio.c ****   {
 162:libs/STM32F4xx_StdPeriph_Driver/src/stm32f4xx_gpio.c ****     RCC_AHB1PeriphResetCmd(RCC_AHB1Periph_GPIOH, ENABLE);
 176              		.loc 1 162 0
 177 00de 8020     		movs	r0, #128
 178              	.LVL29:
 179 00e0 0121     		movs	r1, #1
 180 00e2 FFF7FEFF 		bl	RCC_AHB1PeriphResetCmd
 181              	.LVL30:
 163:libs/STM32F4xx_StdPeriph_Driver/src/stm32f4xx_gpio.c ****     RCC_AHB1PeriphResetCmd(RCC_AHB1Periph_GPIOH, DISABLE);
 182              		.loc 1 163 0
 183 00e6 8020     		movs	r0, #128
 184 00e8 0021     		movs	r1, #0
 185 00ea FFF7FEFF 		bl	RCC_AHB1PeriphResetCmd
 186              	.LVL31:
 187 00ee 08BD     		pop	{r3, pc}
 188              	.LVL32:
 189              	.L10:
 164:libs/STM32F4xx_StdPeriph_Driver/src/stm32f4xx_gpio.c ****   }
 165:libs/STM32F4xx_StdPeriph_Driver/src/stm32f4xx_gpio.c ****   else
 166:libs/STM32F4xx_StdPeriph_Driver/src/stm32f4xx_gpio.c ****   {
 167:libs/STM32F4xx_StdPeriph_Driver/src/stm32f4xx_gpio.c ****     if (GPIOx == GPIOI)
 190              		.loc 1 167 0
 191 00f0 4FF40053 		mov	r3, #8192
 192 00f4 C4F20203 		movt	r3, 16386
 193 00f8 9842     		cmp	r0, r3
 194 00fa 09D1     		bne	.L1
 168:libs/STM32F4xx_StdPeriph_Driver/src/stm32f4xx_gpio.c ****     {
 169:libs/STM32F4xx_StdPeriph_Driver/src/stm32f4xx_gpio.c ****       RCC_AHB1PeriphResetCmd(RCC_AHB1Periph_GPIOI, ENABLE);
 195              		.loc 1 169 0
 196 00fc 4FF48070 		mov	r0, #256
 197              	.LVL33:
 198 0100 0121     		movs	r1, #1
 199 0102 FFF7FEFF 		bl	RCC_AHB1PeriphResetCmd
 200              	.LVL34:
 170:libs/STM32F4xx_StdPeriph_Driver/src/stm32f4xx_gpio.c ****       RCC_AHB1PeriphResetCmd(RCC_AHB1Periph_GPIOI, DISABLE);
 201              		.loc 1 170 0
 202 0106 4FF48070 		mov	r0, #256
 203 010a 0021     		movs	r1, #0
 204 010c FFF7FEFF 		bl	RCC_AHB1PeriphResetCmd
 205              	.LVL35:
 206              	.L1:
 207 0110 08BD     		pop	{r3, pc}
 208              		.cfi_endproc
 209              	.LFE110:
 211 0112 00BF     		.section	.text.GPIO_Init,"ax",%progbits
 212              		.align	2
 213              		.global	GPIO_Init
 214              		.thumb
 215              		.thumb_func
 217              	GPIO_Init:
 218              	.LFB111:
 171:libs/STM32F4xx_StdPeriph_Driver/src/stm32f4xx_gpio.c ****     }
 172:libs/STM32F4xx_StdPeriph_Driver/src/stm32f4xx_gpio.c ****   }
 173:libs/STM32F4xx_StdPeriph_Driver/src/stm32f4xx_gpio.c **** }
 174:libs/STM32F4xx_StdPeriph_Driver/src/stm32f4xx_gpio.c **** 
 175:libs/STM32F4xx_StdPeriph_Driver/src/stm32f4xx_gpio.c **** /**
 176:libs/STM32F4xx_StdPeriph_Driver/src/stm32f4xx_gpio.c ****   * @brief  Initializes the GPIOx peripheral according to the specified parameters in the GPIO_Init
 177:libs/STM32F4xx_StdPeriph_Driver/src/stm32f4xx_gpio.c ****   * @param  GPIOx: where x can be (A..I) to select the GPIO peripheral.
 178:libs/STM32F4xx_StdPeriph_Driver/src/stm32f4xx_gpio.c ****   * @param  GPIO_InitStruct: pointer to a GPIO_InitTypeDef structure that contains
 179:libs/STM32F4xx_StdPeriph_Driver/src/stm32f4xx_gpio.c ****   *         the configuration information for the specified GPIO peripheral.
 180:libs/STM32F4xx_StdPeriph_Driver/src/stm32f4xx_gpio.c ****   * @retval None
 181:libs/STM32F4xx_StdPeriph_Driver/src/stm32f4xx_gpio.c ****   */
 182:libs/STM32F4xx_StdPeriph_Driver/src/stm32f4xx_gpio.c **** void GPIO_Init(GPIO_TypeDef* GPIOx, GPIO_InitTypeDef* GPIO_InitStruct)
 183:libs/STM32F4xx_StdPeriph_Driver/src/stm32f4xx_gpio.c **** {
 219              		.loc 1 183 0
 220              		.cfi_startproc
 221              		@ args = 0, pretend = 0, frame = 0
 222              		@ frame_needed = 0, uses_anonymous_args = 0
 223              		@ link register save eliminated.
 224              	.LVL36:
 225 0000 F0B4     		push	{r4, r5, r6, r7}
 226              	.LCFI1:
 227              		.cfi_def_cfa_offset 16
 228              		.cfi_offset 4, -16
 229              		.cfi_offset 5, -12
 230              		.cfi_offset 6, -8
 231              		.cfi_offset 7, -4
 232              	.LVL37:
 184:libs/STM32F4xx_StdPeriph_Driver/src/stm32f4xx_gpio.c ****   uint32_t pinpos = 0x00, pos = 0x00 , currentpin = 0x00;
 185:libs/STM32F4xx_StdPeriph_Driver/src/stm32f4xx_gpio.c **** 
 186:libs/STM32F4xx_StdPeriph_Driver/src/stm32f4xx_gpio.c ****   /* Check the parameters */
 187:libs/STM32F4xx_StdPeriph_Driver/src/stm32f4xx_gpio.c ****   assert_param(IS_GPIO_ALL_PERIPH(GPIOx));
 188:libs/STM32F4xx_StdPeriph_Driver/src/stm32f4xx_gpio.c ****   assert_param(IS_GPIO_PIN(GPIO_InitStruct->GPIO_Pin));
 189:libs/STM32F4xx_StdPeriph_Driver/src/stm32f4xx_gpio.c ****   assert_param(IS_GPIO_MODE(GPIO_InitStruct->GPIO_Mode));
 190:libs/STM32F4xx_StdPeriph_Driver/src/stm32f4xx_gpio.c ****   assert_param(IS_GPIO_PUPD(GPIO_InitStruct->GPIO_PuPd));
 191:libs/STM32F4xx_StdPeriph_Driver/src/stm32f4xx_gpio.c **** 
 192:libs/STM32F4xx_StdPeriph_Driver/src/stm32f4xx_gpio.c ****   /* -------------------------Configure the port pins---------------- */
 193:libs/STM32F4xx_StdPeriph_Driver/src/stm32f4xx_gpio.c ****   /*-- GPIO Mode Configuration --*/
 194:libs/STM32F4xx_StdPeriph_Driver/src/stm32f4xx_gpio.c ****   for (pinpos = 0x00; pinpos < 0x10; pinpos++)
 233              		.loc 1 194 0
 234 0002 0023     		movs	r3, #0
 195:libs/STM32F4xx_StdPeriph_Driver/src/stm32f4xx_gpio.c ****   {
 196:libs/STM32F4xx_StdPeriph_Driver/src/stm32f4xx_gpio.c ****     pos = ((uint32_t)0x01) << pinpos;
 235              		.loc 1 196 0
 236 0004 0125     		movs	r5, #1
 197:libs/STM32F4xx_StdPeriph_Driver/src/stm32f4xx_gpio.c ****     /* Get the port pins position */
 198:libs/STM32F4xx_StdPeriph_Driver/src/stm32f4xx_gpio.c ****     currentpin = (GPIO_InitStruct->GPIO_Pin) & pos;
 199:libs/STM32F4xx_StdPeriph_Driver/src/stm32f4xx_gpio.c **** 
 200:libs/STM32F4xx_StdPeriph_Driver/src/stm32f4xx_gpio.c ****     if (currentpin == pos)
 201:libs/STM32F4xx_StdPeriph_Driver/src/stm32f4xx_gpio.c ****     {
 202:libs/STM32F4xx_StdPeriph_Driver/src/stm32f4xx_gpio.c ****       GPIOx->MODER  &= ~(GPIO_MODER_MODER0 << (pinpos * 2));
 237              		.loc 1 202 0
 238 0006 0326     		movs	r6, #3
 194:libs/STM32F4xx_StdPeriph_Driver/src/stm32f4xx_gpio.c ****   {
 239              		.loc 1 194 0
 240 0008 3EE0     		b	.L12
 241              	.LVL38:
 242              	.L15:
 196:libs/STM32F4xx_StdPeriph_Driver/src/stm32f4xx_gpio.c ****     /* Get the port pins position */
 243              		.loc 1 196 0
 244 000a 05FA03F2 		lsl	r2, r5, r3
 198:libs/STM32F4xx_StdPeriph_Driver/src/stm32f4xx_gpio.c **** 
 245              		.loc 1 198 0
 246 000e 0C68     		ldr	r4, [r1]
 247 0010 1440     		ands	r4, r4, r2
 248              	.LVL39:
 200:libs/STM32F4xx_StdPeriph_Driver/src/stm32f4xx_gpio.c ****     {
 249              		.loc 1 200 0
 250 0012 9442     		cmp	r4, r2
 251 0014 37D1     		bne	.L13
 252              		.loc 1 202 0
 253 0016 0768     		ldr	r7, [r0]
 254 0018 5A00     		lsls	r2, r3, #1
 255 001a 06FA02F4 		lsl	r4, r6, r2
 256              	.LVL40:
 257 001e E443     		mvns	r4, r4
 258 0020 2740     		ands	r7, r7, r4
 259 0022 0760     		str	r7, [r0]
 260              	.LVL41:
 203:libs/STM32F4xx_StdPeriph_Driver/src/stm32f4xx_gpio.c ****       GPIOx->MODER |= (((uint32_t)GPIO_InitStruct->GPIO_Mode) << (pinpos * 2));
 261              		.loc 1 203 0
 262 0024 D0F800C0 		ldr	ip, [r0]
 263 0028 0F79     		ldrb	r7, [r1, #4]	@ zero_extendqisi2
 264 002a 9740     		lsls	r7, r7, r2
 265 002c 4CEA0707 		orr	r7, ip, r7
 266 0030 0760     		str	r7, [r0]
 204:libs/STM32F4xx_StdPeriph_Driver/src/stm32f4xx_gpio.c **** 
 205:libs/STM32F4xx_StdPeriph_Driver/src/stm32f4xx_gpio.c ****       if ((GPIO_InitStruct->GPIO_Mode == GPIO_Mode_OUT) || (GPIO_InitStruct->GPIO_Mode == GPIO_Mode
 267              		.loc 1 205 0
 268 0032 0F79     		ldrb	r7, [r1, #4]	@ zero_extendqisi2
 269 0034 013F     		subs	r7, r7, #1
 270 0036 FFB2     		uxtb	r7, r7
 271 0038 012F     		cmp	r7, #1
 272 003a 16D8     		bhi	.L14
 206:libs/STM32F4xx_StdPeriph_Driver/src/stm32f4xx_gpio.c ****       {
 207:libs/STM32F4xx_StdPeriph_Driver/src/stm32f4xx_gpio.c ****         /* Check Speed mode parameters */
 208:libs/STM32F4xx_StdPeriph_Driver/src/stm32f4xx_gpio.c ****         assert_param(IS_GPIO_SPEED(GPIO_InitStruct->GPIO_Speed));
 209:libs/STM32F4xx_StdPeriph_Driver/src/stm32f4xx_gpio.c **** 
 210:libs/STM32F4xx_StdPeriph_Driver/src/stm32f4xx_gpio.c ****         /* Speed mode configuration */
 211:libs/STM32F4xx_StdPeriph_Driver/src/stm32f4xx_gpio.c ****         GPIOx->OSPEEDR &= ~(GPIO_OSPEEDER_OSPEEDR0 << (pinpos * 2));
 273              		.loc 1 211 0
 274 003c 8768     		ldr	r7, [r0, #8]
 275 003e 3C40     		ands	r4, r4, r7
 276 0040 8460     		str	r4, [r0, #8]
 212:libs/STM32F4xx_StdPeriph_Driver/src/stm32f4xx_gpio.c ****         GPIOx->OSPEEDR |= ((uint32_t)(GPIO_InitStruct->GPIO_Speed) << (pinpos * 2));
 277              		.loc 1 212 0
 278 0042 8768     		ldr	r7, [r0, #8]
 279 0044 4C79     		ldrb	r4, [r1, #5]	@ zero_extendqisi2
 280 0046 9440     		lsls	r4, r4, r2
 281 0048 3C43     		orrs	r4, r4, r7
 282 004a 8460     		str	r4, [r0, #8]
 213:libs/STM32F4xx_StdPeriph_Driver/src/stm32f4xx_gpio.c **** 
 214:libs/STM32F4xx_StdPeriph_Driver/src/stm32f4xx_gpio.c ****         /* Check Output mode parameters */
 215:libs/STM32F4xx_StdPeriph_Driver/src/stm32f4xx_gpio.c ****         assert_param(IS_GPIO_OTYPE(GPIO_InitStruct->GPIO_OType));
 216:libs/STM32F4xx_StdPeriph_Driver/src/stm32f4xx_gpio.c **** 
 217:libs/STM32F4xx_StdPeriph_Driver/src/stm32f4xx_gpio.c ****         /* Output mode configuration*/
 218:libs/STM32F4xx_StdPeriph_Driver/src/stm32f4xx_gpio.c ****         GPIOx->OTYPER  &= ~((GPIO_OTYPER_OT_0) << ((uint16_t)pinpos)) ;
 283              		.loc 1 218 0
 284 004c 4768     		ldr	r7, [r0, #4]
 285 004e 9CB2     		uxth	r4, r3
 286 0050 05FA04FC 		lsl	ip, r5, r4
 287 0054 27EA0C07 		bic	r7, r7, ip
 288 0058 4760     		str	r7, [r0, #4]
 219:libs/STM32F4xx_StdPeriph_Driver/src/stm32f4xx_gpio.c ****         GPIOx->OTYPER |= (uint16_t)(((uint16_t)GPIO_InitStruct->GPIO_OType) << ((uint16_t)pinpos));
 289              		.loc 1 219 0
 290 005a 4768     		ldr	r7, [r0, #4]
 291 005c 91F806C0 		ldrb	ip, [r1, #6]	@ zero_extendqisi2
 292 0060 0CFA04F4 		lsl	r4, ip, r4
 293 0064 A4B2     		uxth	r4, r4
 294 0066 3C43     		orrs	r4, r4, r7
 295 0068 4460     		str	r4, [r0, #4]
 296              	.L14:
 220:libs/STM32F4xx_StdPeriph_Driver/src/stm32f4xx_gpio.c ****       }
 221:libs/STM32F4xx_StdPeriph_Driver/src/stm32f4xx_gpio.c **** 
 222:libs/STM32F4xx_StdPeriph_Driver/src/stm32f4xx_gpio.c ****       /* Pull-up Pull down resistor configuration*/
 223:libs/STM32F4xx_StdPeriph_Driver/src/stm32f4xx_gpio.c ****       GPIOx->PUPDR &= ~(GPIO_PUPDR_PUPDR0 << ((uint16_t)pinpos * 2));
 297              		.loc 1 223 0
 298 006a C768     		ldr	r7, [r0, #12]
 299 006c 9CB2     		uxth	r4, r3
 300 006e 6400     		lsls	r4, r4, #1
 301 0070 06FA04F4 		lsl	r4, r6, r4
 302 0074 27EA0404 		bic	r4, r7, r4
 303 0078 C460     		str	r4, [r0, #12]
 224:libs/STM32F4xx_StdPeriph_Driver/src/stm32f4xx_gpio.c ****       GPIOx->PUPDR |= (((uint32_t)GPIO_InitStruct->GPIO_PuPd) << (pinpos * 2));
 304              		.loc 1 224 0
 305 007a C468     		ldr	r4, [r0, #12]
 306 007c CF79     		ldrb	r7, [r1, #7]	@ zero_extendqisi2
 307 007e 07FA02F2 		lsl	r2, r7, r2
 308 0082 2243     		orrs	r2, r2, r4
 309 0084 C260     		str	r2, [r0, #12]
 310              	.L13:
 194:libs/STM32F4xx_StdPeriph_Driver/src/stm32f4xx_gpio.c ****   {
 311              		.loc 1 194 0
 312 0086 0133     		adds	r3, r3, #1
 313              	.LVL42:
 314              	.L12:
 194:libs/STM32F4xx_StdPeriph_Driver/src/stm32f4xx_gpio.c ****   {
 315              		.loc 1 194 0 is_stmt 0 discriminator 1
 316 0088 0F2B     		cmp	r3, #15
 317 008a BED9     		bls	.L15
 225:libs/STM32F4xx_StdPeriph_Driver/src/stm32f4xx_gpio.c ****     }
 226:libs/STM32F4xx_StdPeriph_Driver/src/stm32f4xx_gpio.c ****   }
 227:libs/STM32F4xx_StdPeriph_Driver/src/stm32f4xx_gpio.c **** }
 318              		.loc 1 227 0 is_stmt 1
 319 008c F0BC     		pop	{r4, r5, r6, r7}
 320 008e 7047     		bx	lr
 321              		.cfi_endproc
 322              	.LFE111:
 324              		.section	.text.GPIO_StructInit,"ax",%progbits
 325              		.align	2
 326              		.global	GPIO_StructInit
 327              		.thumb
 328              		.thumb_func
 330              	GPIO_StructInit:
 331              	.LFB112:
 228:libs/STM32F4xx_StdPeriph_Driver/src/stm32f4xx_gpio.c **** 
 229:libs/STM32F4xx_StdPeriph_Driver/src/stm32f4xx_gpio.c **** /**
 230:libs/STM32F4xx_StdPeriph_Driver/src/stm32f4xx_gpio.c ****   * @brief  Fills each GPIO_InitStruct member with its default value.
 231:libs/STM32F4xx_StdPeriph_Driver/src/stm32f4xx_gpio.c ****   * @param  GPIO_InitStruct : pointer to a GPIO_InitTypeDef structure which will be initialized.
 232:libs/STM32F4xx_StdPeriph_Driver/src/stm32f4xx_gpio.c ****   * @retval None
 233:libs/STM32F4xx_StdPeriph_Driver/src/stm32f4xx_gpio.c ****   */
 234:libs/STM32F4xx_StdPeriph_Driver/src/stm32f4xx_gpio.c **** void GPIO_StructInit(GPIO_InitTypeDef* GPIO_InitStruct)
 235:libs/STM32F4xx_StdPeriph_Driver/src/stm32f4xx_gpio.c **** {
 332              		.loc 1 235 0
 333              		.cfi_startproc
 334              		@ args = 0, pretend = 0, frame = 0
 335              		@ frame_needed = 0, uses_anonymous_args = 0
 336              		@ link register save eliminated.
 337              	.LVL43:
 236:libs/STM32F4xx_StdPeriph_Driver/src/stm32f4xx_gpio.c ****   /* Reset GPIO init structure parameters values */
 237:libs/STM32F4xx_StdPeriph_Driver/src/stm32f4xx_gpio.c ****   GPIO_InitStruct->GPIO_Pin  = GPIO_Pin_All;
 338              		.loc 1 237 0
 339 0000 4FF6FF73 		movw	r3, #65535
 340 0004 0360     		str	r3, [r0]
 238:libs/STM32F4xx_StdPeriph_Driver/src/stm32f4xx_gpio.c ****   GPIO_InitStruct->GPIO_Mode = GPIO_Mode_IN;
 341              		.loc 1 238 0
 342 0006 0023     		movs	r3, #0
 343 0008 0371     		strb	r3, [r0, #4]
 239:libs/STM32F4xx_StdPeriph_Driver/src/stm32f4xx_gpio.c ****   GPIO_InitStruct->GPIO_Speed = GPIO_Speed_2MHz;
 344              		.loc 1 239 0
 345 000a 4371     		strb	r3, [r0, #5]
 240:libs/STM32F4xx_StdPeriph_Driver/src/stm32f4xx_gpio.c ****   GPIO_InitStruct->GPIO_OType = GPIO_OType_PP;
 346              		.loc 1 240 0
 347 000c 8371     		strb	r3, [r0, #6]
 241:libs/STM32F4xx_StdPeriph_Driver/src/stm32f4xx_gpio.c ****   GPIO_InitStruct->GPIO_PuPd = GPIO_PuPd_NOPULL;
 348              		.loc 1 241 0
 349 000e C371     		strb	r3, [r0, #7]
 350 0010 7047     		bx	lr
 351              		.cfi_endproc
 352              	.LFE112:
 354 0012 00BF     		.section	.text.GPIO_PinLockConfig,"ax",%progbits
 355              		.align	2
 356              		.global	GPIO_PinLockConfig
 357              		.thumb
 358              		.thumb_func
 360              	GPIO_PinLockConfig:
 361              	.LFB113:
 242:libs/STM32F4xx_StdPeriph_Driver/src/stm32f4xx_gpio.c **** }
 243:libs/STM32F4xx_StdPeriph_Driver/src/stm32f4xx_gpio.c **** 
 244:libs/STM32F4xx_StdPeriph_Driver/src/stm32f4xx_gpio.c **** /**
 245:libs/STM32F4xx_StdPeriph_Driver/src/stm32f4xx_gpio.c ****   * @brief  Locks GPIO Pins configuration registers.
 246:libs/STM32F4xx_StdPeriph_Driver/src/stm32f4xx_gpio.c ****   * @note   The locked registers are GPIOx_MODER, GPIOx_OTYPER, GPIOx_OSPEEDR,
 247:libs/STM32F4xx_StdPeriph_Driver/src/stm32f4xx_gpio.c ****   *         GPIOx_PUPDR, GPIOx_AFRL and GPIOx_AFRH.
 248:libs/STM32F4xx_StdPeriph_Driver/src/stm32f4xx_gpio.c ****   * @note   The configuration of the locked GPIO pins can no longer be modified
 249:libs/STM32F4xx_StdPeriph_Driver/src/stm32f4xx_gpio.c ****   *         until the next reset.
 250:libs/STM32F4xx_StdPeriph_Driver/src/stm32f4xx_gpio.c ****   * @param  GPIOx: where x can be (A..I) to select the GPIO peripheral.
 251:libs/STM32F4xx_StdPeriph_Driver/src/stm32f4xx_gpio.c ****   * @param  GPIO_Pin: specifies the port bit to be locked.
 252:libs/STM32F4xx_StdPeriph_Driver/src/stm32f4xx_gpio.c ****   *          This parameter can be any combination of GPIO_Pin_x where x can be (0..15).
 253:libs/STM32F4xx_StdPeriph_Driver/src/stm32f4xx_gpio.c ****   * @retval None
 254:libs/STM32F4xx_StdPeriph_Driver/src/stm32f4xx_gpio.c ****   */
 255:libs/STM32F4xx_StdPeriph_Driver/src/stm32f4xx_gpio.c **** void GPIO_PinLockConfig(GPIO_TypeDef* GPIOx, uint16_t GPIO_Pin)
 256:libs/STM32F4xx_StdPeriph_Driver/src/stm32f4xx_gpio.c **** {
 362              		.loc 1 256 0
 363              		.cfi_startproc
 364              		@ args = 0, pretend = 0, frame = 8
 365              		@ frame_needed = 0, uses_anonymous_args = 0
 366              		@ link register save eliminated.
 367              	.LVL44:
 368 0000 82B0     		sub	sp, sp, #8
 369              	.LCFI2:
 370              		.cfi_def_cfa_offset 8
 257:libs/STM32F4xx_StdPeriph_Driver/src/stm32f4xx_gpio.c ****   __IO uint32_t tmp = 0x00010000;
 371              		.loc 1 257 0
 372 0002 4FF48033 		mov	r3, #65536
 373 0006 0193     		str	r3, [sp, #4]
 258:libs/STM32F4xx_StdPeriph_Driver/src/stm32f4xx_gpio.c **** 
 259:libs/STM32F4xx_StdPeriph_Driver/src/stm32f4xx_gpio.c ****   /* Check the parameters */
 260:libs/STM32F4xx_StdPeriph_Driver/src/stm32f4xx_gpio.c ****   assert_param(IS_GPIO_ALL_PERIPH(GPIOx));
 261:libs/STM32F4xx_StdPeriph_Driver/src/stm32f4xx_gpio.c ****   assert_param(IS_GPIO_PIN(GPIO_Pin));
 262:libs/STM32F4xx_StdPeriph_Driver/src/stm32f4xx_gpio.c **** 
 263:libs/STM32F4xx_StdPeriph_Driver/src/stm32f4xx_gpio.c ****   tmp |= GPIO_Pin;
 374              		.loc 1 263 0
 375 0008 019B     		ldr	r3, [sp, #4]
 376 000a 0B43     		orrs	r3, r3, r1
 377 000c 0193     		str	r3, [sp, #4]
 264:libs/STM32F4xx_StdPeriph_Driver/src/stm32f4xx_gpio.c ****   /* Set LCKK bit */
 265:libs/STM32F4xx_StdPeriph_Driver/src/stm32f4xx_gpio.c ****   GPIOx->LCKR = tmp;
 378              		.loc 1 265 0
 379 000e 019B     		ldr	r3, [sp, #4]
 380 0010 C361     		str	r3, [r0, #28]
 266:libs/STM32F4xx_StdPeriph_Driver/src/stm32f4xx_gpio.c ****   /* Reset LCKK bit */
 267:libs/STM32F4xx_StdPeriph_Driver/src/stm32f4xx_gpio.c ****   GPIOx->LCKR =  GPIO_Pin;
 381              		.loc 1 267 0
 382 0012 C161     		str	r1, [r0, #28]
 268:libs/STM32F4xx_StdPeriph_Driver/src/stm32f4xx_gpio.c ****   /* Set LCKK bit */
 269:libs/STM32F4xx_StdPeriph_Driver/src/stm32f4xx_gpio.c ****   GPIOx->LCKR = tmp;
 383              		.loc 1 269 0
 384 0014 019B     		ldr	r3, [sp, #4]
 385 0016 C361     		str	r3, [r0, #28]
 270:libs/STM32F4xx_StdPeriph_Driver/src/stm32f4xx_gpio.c ****   /* Read LCKK bit*/
 271:libs/STM32F4xx_StdPeriph_Driver/src/stm32f4xx_gpio.c ****   tmp = GPIOx->LCKR;
 386              		.loc 1 271 0
 387 0018 C369     		ldr	r3, [r0, #28]
 388 001a 0193     		str	r3, [sp, #4]
 272:libs/STM32F4xx_StdPeriph_Driver/src/stm32f4xx_gpio.c ****   /* Read LCKK bit*/
 273:libs/STM32F4xx_StdPeriph_Driver/src/stm32f4xx_gpio.c ****   tmp = GPIOx->LCKR;
 389              		.loc 1 273 0
 390 001c C369     		ldr	r3, [r0, #28]
 391 001e 0193     		str	r3, [sp, #4]
 274:libs/STM32F4xx_StdPeriph_Driver/src/stm32f4xx_gpio.c **** }
 392              		.loc 1 274 0
 393 0020 02B0     		add	sp, sp, #8
 394              		@ sp needed
 395 0022 7047     		bx	lr
 396              		.cfi_endproc
 397              	.LFE113:
 399              		.section	.text.GPIO_ReadInputDataBit,"ax",%progbits
 400              		.align	2
 401              		.global	GPIO_ReadInputDataBit
 402              		.thumb
 403              		.thumb_func
 405              	GPIO_ReadInputDataBit:
 406              	.LFB114:
 275:libs/STM32F4xx_StdPeriph_Driver/src/stm32f4xx_gpio.c **** 
 276:libs/STM32F4xx_StdPeriph_Driver/src/stm32f4xx_gpio.c **** /**
 277:libs/STM32F4xx_StdPeriph_Driver/src/stm32f4xx_gpio.c ****   * @}
 278:libs/STM32F4xx_StdPeriph_Driver/src/stm32f4xx_gpio.c ****   */
 279:libs/STM32F4xx_StdPeriph_Driver/src/stm32f4xx_gpio.c **** 
 280:libs/STM32F4xx_StdPeriph_Driver/src/stm32f4xx_gpio.c **** /** @defgroup GPIO_Group2 GPIO Read and Write
 281:libs/STM32F4xx_StdPeriph_Driver/src/stm32f4xx_gpio.c ****  *  @brief   GPIO Read and Write
 282:libs/STM32F4xx_StdPeriph_Driver/src/stm32f4xx_gpio.c ****  *
 283:libs/STM32F4xx_StdPeriph_Driver/src/stm32f4xx_gpio.c **** @verbatim   
 284:libs/STM32F4xx_StdPeriph_Driver/src/stm32f4xx_gpio.c ****  ===============================================================================
 285:libs/STM32F4xx_StdPeriph_Driver/src/stm32f4xx_gpio.c ****                               GPIO Read and Write
 286:libs/STM32F4xx_StdPeriph_Driver/src/stm32f4xx_gpio.c ****  ===============================================================================  
 287:libs/STM32F4xx_StdPeriph_Driver/src/stm32f4xx_gpio.c **** 
 288:libs/STM32F4xx_StdPeriph_Driver/src/stm32f4xx_gpio.c **** @endverbatim
 289:libs/STM32F4xx_StdPeriph_Driver/src/stm32f4xx_gpio.c ****   * @{
 290:libs/STM32F4xx_StdPeriph_Driver/src/stm32f4xx_gpio.c ****   */
 291:libs/STM32F4xx_StdPeriph_Driver/src/stm32f4xx_gpio.c **** 
 292:libs/STM32F4xx_StdPeriph_Driver/src/stm32f4xx_gpio.c **** /**
 293:libs/STM32F4xx_StdPeriph_Driver/src/stm32f4xx_gpio.c ****   * @brief  Reads the specified input port pin.
 294:libs/STM32F4xx_StdPeriph_Driver/src/stm32f4xx_gpio.c ****   * @param  GPIOx: where x can be (A..I) to select the GPIO peripheral.
 295:libs/STM32F4xx_StdPeriph_Driver/src/stm32f4xx_gpio.c ****   * @param  GPIO_Pin: specifies the port bit to read.
 296:libs/STM32F4xx_StdPeriph_Driver/src/stm32f4xx_gpio.c ****   *         This parameter can be GPIO_Pin_x where x can be (0..15).
 297:libs/STM32F4xx_StdPeriph_Driver/src/stm32f4xx_gpio.c ****   * @retval The input port pin value.
 298:libs/STM32F4xx_StdPeriph_Driver/src/stm32f4xx_gpio.c ****   */
 299:libs/STM32F4xx_StdPeriph_Driver/src/stm32f4xx_gpio.c **** uint8_t GPIO_ReadInputDataBit(GPIO_TypeDef* GPIOx, uint16_t GPIO_Pin)
 300:libs/STM32F4xx_StdPeriph_Driver/src/stm32f4xx_gpio.c **** {
 407              		.loc 1 300 0
 408              		.cfi_startproc
 409              		@ args = 0, pretend = 0, frame = 0
 410              		@ frame_needed = 0, uses_anonymous_args = 0
 411              		@ link register save eliminated.
 412              	.LVL45:
 301:libs/STM32F4xx_StdPeriph_Driver/src/stm32f4xx_gpio.c ****   uint8_t bitstatus = 0x00;
 302:libs/STM32F4xx_StdPeriph_Driver/src/stm32f4xx_gpio.c **** 
 303:libs/STM32F4xx_StdPeriph_Driver/src/stm32f4xx_gpio.c ****   /* Check the parameters */
 304:libs/STM32F4xx_StdPeriph_Driver/src/stm32f4xx_gpio.c ****   assert_param(IS_GPIO_ALL_PERIPH(GPIOx));
 305:libs/STM32F4xx_StdPeriph_Driver/src/stm32f4xx_gpio.c ****   assert_param(IS_GET_GPIO_PIN(GPIO_Pin));
 306:libs/STM32F4xx_StdPeriph_Driver/src/stm32f4xx_gpio.c **** 
 307:libs/STM32F4xx_StdPeriph_Driver/src/stm32f4xx_gpio.c ****   if ((GPIOx->IDR & GPIO_Pin) != (uint32_t)Bit_RESET)
 413              		.loc 1 307 0
 414 0000 0069     		ldr	r0, [r0, #16]
 415              	.LVL46:
 416 0002 0840     		ands	r0, r0, r1
 417              	.LVL47:
 308:libs/STM32F4xx_StdPeriph_Driver/src/stm32f4xx_gpio.c ****   {
 309:libs/STM32F4xx_StdPeriph_Driver/src/stm32f4xx_gpio.c ****     bitstatus = (uint8_t)Bit_SET;
 310:libs/STM32F4xx_StdPeriph_Driver/src/stm32f4xx_gpio.c ****   }
 311:libs/STM32F4xx_StdPeriph_Driver/src/stm32f4xx_gpio.c ****   else
 312:libs/STM32F4xx_StdPeriph_Driver/src/stm32f4xx_gpio.c ****   {
 313:libs/STM32F4xx_StdPeriph_Driver/src/stm32f4xx_gpio.c ****     bitstatus = (uint8_t)Bit_RESET;
 314:libs/STM32F4xx_StdPeriph_Driver/src/stm32f4xx_gpio.c ****   }
 315:libs/STM32F4xx_StdPeriph_Driver/src/stm32f4xx_gpio.c ****   return bitstatus;
 316:libs/STM32F4xx_StdPeriph_Driver/src/stm32f4xx_gpio.c **** }
 418              		.loc 1 316 0
 419 0004 0030     		adds	r0, r0, #0
 420 0006 18BF     		it	ne
 421 0008 0120     		movne	r0, #1
 422              	.LVL48:
 423 000a 7047     		bx	lr
 424              		.cfi_endproc
 425              	.LFE114:
 427              		.section	.text.GPIO_ReadInputData,"ax",%progbits
 428              		.align	2
 429              		.global	GPIO_ReadInputData
 430              		.thumb
 431              		.thumb_func
 433              	GPIO_ReadInputData:
 434              	.LFB115:
 317:libs/STM32F4xx_StdPeriph_Driver/src/stm32f4xx_gpio.c **** 
 318:libs/STM32F4xx_StdPeriph_Driver/src/stm32f4xx_gpio.c **** /**
 319:libs/STM32F4xx_StdPeriph_Driver/src/stm32f4xx_gpio.c ****   * @brief  Reads the specified GPIO input data port.
 320:libs/STM32F4xx_StdPeriph_Driver/src/stm32f4xx_gpio.c ****   * @param  GPIOx: where x can be (A..I) to select the GPIO peripheral.
 321:libs/STM32F4xx_StdPeriph_Driver/src/stm32f4xx_gpio.c ****   * @retval GPIO input data port value.
 322:libs/STM32F4xx_StdPeriph_Driver/src/stm32f4xx_gpio.c ****   */
 323:libs/STM32F4xx_StdPeriph_Driver/src/stm32f4xx_gpio.c **** uint16_t GPIO_ReadInputData(GPIO_TypeDef* GPIOx)
 324:libs/STM32F4xx_StdPeriph_Driver/src/stm32f4xx_gpio.c **** {
 435              		.loc 1 324 0
 436              		.cfi_startproc
 437              		@ args = 0, pretend = 0, frame = 0
 438              		@ frame_needed = 0, uses_anonymous_args = 0
 439              		@ link register save eliminated.
 440              	.LVL49:
 325:libs/STM32F4xx_StdPeriph_Driver/src/stm32f4xx_gpio.c ****   /* Check the parameters */
 326:libs/STM32F4xx_StdPeriph_Driver/src/stm32f4xx_gpio.c ****   assert_param(IS_GPIO_ALL_PERIPH(GPIOx));
 327:libs/STM32F4xx_StdPeriph_Driver/src/stm32f4xx_gpio.c **** 
 328:libs/STM32F4xx_StdPeriph_Driver/src/stm32f4xx_gpio.c ****   return ((uint16_t)GPIOx->IDR);
 441              		.loc 1 328 0
 442 0000 0069     		ldr	r0, [r0, #16]
 443              	.LVL50:
 329:libs/STM32F4xx_StdPeriph_Driver/src/stm32f4xx_gpio.c **** }
 444              		.loc 1 329 0
 445 0002 80B2     		uxth	r0, r0
 446 0004 7047     		bx	lr
 447              		.cfi_endproc
 448              	.LFE115:
 450 0006 00BF     		.section	.text.GPIO_ReadOutputDataBit,"ax",%progbits
 451              		.align	2
 452              		.global	GPIO_ReadOutputDataBit
 453              		.thumb
 454              		.thumb_func
 456              	GPIO_ReadOutputDataBit:
 457              	.LFB116:
 330:libs/STM32F4xx_StdPeriph_Driver/src/stm32f4xx_gpio.c **** 
 331:libs/STM32F4xx_StdPeriph_Driver/src/stm32f4xx_gpio.c **** /**
 332:libs/STM32F4xx_StdPeriph_Driver/src/stm32f4xx_gpio.c ****   * @brief  Reads the specified output data port bit.
 333:libs/STM32F4xx_StdPeriph_Driver/src/stm32f4xx_gpio.c ****   * @param  GPIOx: where x can be (A..I) to select the GPIO peripheral.
 334:libs/STM32F4xx_StdPeriph_Driver/src/stm32f4xx_gpio.c ****   * @param  GPIO_Pin: specifies the port bit to read.
 335:libs/STM32F4xx_StdPeriph_Driver/src/stm32f4xx_gpio.c ****   *          This parameter can be GPIO_Pin_x where x can be (0..15).
 336:libs/STM32F4xx_StdPeriph_Driver/src/stm32f4xx_gpio.c ****   * @retval The output port pin value.
 337:libs/STM32F4xx_StdPeriph_Driver/src/stm32f4xx_gpio.c ****   */
 338:libs/STM32F4xx_StdPeriph_Driver/src/stm32f4xx_gpio.c **** uint8_t GPIO_ReadOutputDataBit(GPIO_TypeDef* GPIOx, uint16_t GPIO_Pin)
 339:libs/STM32F4xx_StdPeriph_Driver/src/stm32f4xx_gpio.c **** {
 458              		.loc 1 339 0
 459              		.cfi_startproc
 460              		@ args = 0, pretend = 0, frame = 0
 461              		@ frame_needed = 0, uses_anonymous_args = 0
 462              		@ link register save eliminated.
 463              	.LVL51:
 340:libs/STM32F4xx_StdPeriph_Driver/src/stm32f4xx_gpio.c ****   uint8_t bitstatus = 0x00;
 341:libs/STM32F4xx_StdPeriph_Driver/src/stm32f4xx_gpio.c **** 
 342:libs/STM32F4xx_StdPeriph_Driver/src/stm32f4xx_gpio.c ****   /* Check the parameters */
 343:libs/STM32F4xx_StdPeriph_Driver/src/stm32f4xx_gpio.c ****   assert_param(IS_GPIO_ALL_PERIPH(GPIOx));
 344:libs/STM32F4xx_StdPeriph_Driver/src/stm32f4xx_gpio.c ****   assert_param(IS_GET_GPIO_PIN(GPIO_Pin));
 345:libs/STM32F4xx_StdPeriph_Driver/src/stm32f4xx_gpio.c **** 
 346:libs/STM32F4xx_StdPeriph_Driver/src/stm32f4xx_gpio.c ****   if ((GPIOx->ODR & GPIO_Pin) != (uint32_t)Bit_RESET)
 464              		.loc 1 346 0
 465 0000 4069     		ldr	r0, [r0, #20]
 466              	.LVL52:
 467 0002 0840     		ands	r0, r0, r1
 468              	.LVL53:
 347:libs/STM32F4xx_StdPeriph_Driver/src/stm32f4xx_gpio.c ****   {
 348:libs/STM32F4xx_StdPeriph_Driver/src/stm32f4xx_gpio.c ****     bitstatus = (uint8_t)Bit_SET;
 349:libs/STM32F4xx_StdPeriph_Driver/src/stm32f4xx_gpio.c ****   }
 350:libs/STM32F4xx_StdPeriph_Driver/src/stm32f4xx_gpio.c ****   else
 351:libs/STM32F4xx_StdPeriph_Driver/src/stm32f4xx_gpio.c ****   {
 352:libs/STM32F4xx_StdPeriph_Driver/src/stm32f4xx_gpio.c ****     bitstatus = (uint8_t)Bit_RESET;
 353:libs/STM32F4xx_StdPeriph_Driver/src/stm32f4xx_gpio.c ****   }
 354:libs/STM32F4xx_StdPeriph_Driver/src/stm32f4xx_gpio.c ****   return bitstatus;
 355:libs/STM32F4xx_StdPeriph_Driver/src/stm32f4xx_gpio.c **** }
 469              		.loc 1 355 0
 470 0004 0030     		adds	r0, r0, #0
 471 0006 18BF     		it	ne
 472 0008 0120     		movne	r0, #1
 473              	.LVL54:
 474 000a 7047     		bx	lr
 475              		.cfi_endproc
 476              	.LFE116:
 478              		.section	.text.GPIO_ReadOutputData,"ax",%progbits
 479              		.align	2
 480              		.global	GPIO_ReadOutputData
 481              		.thumb
 482              		.thumb_func
 484              	GPIO_ReadOutputData:
 485              	.LFB117:
 356:libs/STM32F4xx_StdPeriph_Driver/src/stm32f4xx_gpio.c **** 
 357:libs/STM32F4xx_StdPeriph_Driver/src/stm32f4xx_gpio.c **** /**
 358:libs/STM32F4xx_StdPeriph_Driver/src/stm32f4xx_gpio.c ****   * @brief  Reads the specified GPIO output data port.
 359:libs/STM32F4xx_StdPeriph_Driver/src/stm32f4xx_gpio.c ****   * @param  GPIOx: where x can be (A..I) to select the GPIO peripheral.
 360:libs/STM32F4xx_StdPeriph_Driver/src/stm32f4xx_gpio.c ****   * @retval GPIO output data port value.
 361:libs/STM32F4xx_StdPeriph_Driver/src/stm32f4xx_gpio.c ****   */
 362:libs/STM32F4xx_StdPeriph_Driver/src/stm32f4xx_gpio.c **** uint16_t GPIO_ReadOutputData(GPIO_TypeDef* GPIOx)
 363:libs/STM32F4xx_StdPeriph_Driver/src/stm32f4xx_gpio.c **** {
 486              		.loc 1 363 0
 487              		.cfi_startproc
 488              		@ args = 0, pretend = 0, frame = 0
 489              		@ frame_needed = 0, uses_anonymous_args = 0
 490              		@ link register save eliminated.
 491              	.LVL55:
 364:libs/STM32F4xx_StdPeriph_Driver/src/stm32f4xx_gpio.c ****   /* Check the parameters */
 365:libs/STM32F4xx_StdPeriph_Driver/src/stm32f4xx_gpio.c ****   assert_param(IS_GPIO_ALL_PERIPH(GPIOx));
 366:libs/STM32F4xx_StdPeriph_Driver/src/stm32f4xx_gpio.c **** 
 367:libs/STM32F4xx_StdPeriph_Driver/src/stm32f4xx_gpio.c ****   return ((uint16_t)GPIOx->ODR);
 492              		.loc 1 367 0
 493 0000 4069     		ldr	r0, [r0, #20]
 494              	.LVL56:
 368:libs/STM32F4xx_StdPeriph_Driver/src/stm32f4xx_gpio.c **** }
 495              		.loc 1 368 0
 496 0002 80B2     		uxth	r0, r0
 497 0004 7047     		bx	lr
 498              		.cfi_endproc
 499              	.LFE117:
 501 0006 00BF     		.section	.text.GPIO_SetBits,"ax",%progbits
 502              		.align	2
 503              		.global	GPIO_SetBits
 504              		.thumb
 505              		.thumb_func
 507              	GPIO_SetBits:
 508              	.LFB118:
 369:libs/STM32F4xx_StdPeriph_Driver/src/stm32f4xx_gpio.c **** 
 370:libs/STM32F4xx_StdPeriph_Driver/src/stm32f4xx_gpio.c **** /**
 371:libs/STM32F4xx_StdPeriph_Driver/src/stm32f4xx_gpio.c ****   * @brief  Sets the selected data port bits.
 372:libs/STM32F4xx_StdPeriph_Driver/src/stm32f4xx_gpio.c ****   * @note   This functions uses GPIOx_BSRR register to allow atomic read/modify 
 373:libs/STM32F4xx_StdPeriph_Driver/src/stm32f4xx_gpio.c ****   *         accesses. In this way, there is no risk of an IRQ occurring between
 374:libs/STM32F4xx_StdPeriph_Driver/src/stm32f4xx_gpio.c ****   *         the read and the modify access.
 375:libs/STM32F4xx_StdPeriph_Driver/src/stm32f4xx_gpio.c ****   * @param  GPIOx: where x can be (A..I) to select the GPIO peripheral.
 376:libs/STM32F4xx_StdPeriph_Driver/src/stm32f4xx_gpio.c ****   * @param  GPIO_Pin: specifies the port bits to be written.
 377:libs/STM32F4xx_StdPeriph_Driver/src/stm32f4xx_gpio.c ****   *          This parameter can be any combination of GPIO_Pin_x where x can be (0..15).
 378:libs/STM32F4xx_StdPeriph_Driver/src/stm32f4xx_gpio.c ****   * @retval None
 379:libs/STM32F4xx_StdPeriph_Driver/src/stm32f4xx_gpio.c ****   */
 380:libs/STM32F4xx_StdPeriph_Driver/src/stm32f4xx_gpio.c **** void GPIO_SetBits(GPIO_TypeDef* GPIOx, uint16_t GPIO_Pin)
 381:libs/STM32F4xx_StdPeriph_Driver/src/stm32f4xx_gpio.c **** {
 509              		.loc 1 381 0
 510              		.cfi_startproc
 511              		@ args = 0, pretend = 0, frame = 0
 512              		@ frame_needed = 0, uses_anonymous_args = 0
 513              		@ link register save eliminated.
 514              	.LVL57:
 382:libs/STM32F4xx_StdPeriph_Driver/src/stm32f4xx_gpio.c ****   /* Check the parameters */
 383:libs/STM32F4xx_StdPeriph_Driver/src/stm32f4xx_gpio.c ****   assert_param(IS_GPIO_ALL_PERIPH(GPIOx));
 384:libs/STM32F4xx_StdPeriph_Driver/src/stm32f4xx_gpio.c ****   assert_param(IS_GPIO_PIN(GPIO_Pin));
 385:libs/STM32F4xx_StdPeriph_Driver/src/stm32f4xx_gpio.c **** 
 386:libs/STM32F4xx_StdPeriph_Driver/src/stm32f4xx_gpio.c ****   GPIOx->BSRRL = GPIO_Pin;
 515              		.loc 1 386 0
 516 0000 0183     		strh	r1, [r0, #24]	@ movhi
 517 0002 7047     		bx	lr
 518              		.cfi_endproc
 519              	.LFE118:
 521              		.section	.text.GPIO_ResetBits,"ax",%progbits
 522              		.align	2
 523              		.global	GPIO_ResetBits
 524              		.thumb
 525              		.thumb_func
 527              	GPIO_ResetBits:
 528              	.LFB119:
 387:libs/STM32F4xx_StdPeriph_Driver/src/stm32f4xx_gpio.c **** }
 388:libs/STM32F4xx_StdPeriph_Driver/src/stm32f4xx_gpio.c **** 
 389:libs/STM32F4xx_StdPeriph_Driver/src/stm32f4xx_gpio.c **** /**
 390:libs/STM32F4xx_StdPeriph_Driver/src/stm32f4xx_gpio.c ****   * @brief  Clears the selected data port bits.
 391:libs/STM32F4xx_StdPeriph_Driver/src/stm32f4xx_gpio.c ****   * @note   This functions uses GPIOx_BSRR register to allow atomic read/modify 
 392:libs/STM32F4xx_StdPeriph_Driver/src/stm32f4xx_gpio.c ****   *         accesses. In this way, there is no risk of an IRQ occurring between
 393:libs/STM32F4xx_StdPeriph_Driver/src/stm32f4xx_gpio.c ****   *         the read and the modify access.
 394:libs/STM32F4xx_StdPeriph_Driver/src/stm32f4xx_gpio.c ****   * @param  GPIOx: where x can be (A..I) to select the GPIO peripheral.
 395:libs/STM32F4xx_StdPeriph_Driver/src/stm32f4xx_gpio.c ****   * @param  GPIO_Pin: specifies the port bits to be written.
 396:libs/STM32F4xx_StdPeriph_Driver/src/stm32f4xx_gpio.c ****   *          This parameter can be any combination of GPIO_Pin_x where x can be (0..15).
 397:libs/STM32F4xx_StdPeriph_Driver/src/stm32f4xx_gpio.c ****   * @retval None
 398:libs/STM32F4xx_StdPeriph_Driver/src/stm32f4xx_gpio.c ****   */
 399:libs/STM32F4xx_StdPeriph_Driver/src/stm32f4xx_gpio.c **** void GPIO_ResetBits(GPIO_TypeDef* GPIOx, uint16_t GPIO_Pin)
 400:libs/STM32F4xx_StdPeriph_Driver/src/stm32f4xx_gpio.c **** {
 529              		.loc 1 400 0
 530              		.cfi_startproc
 531              		@ args = 0, pretend = 0, frame = 0
 532              		@ frame_needed = 0, uses_anonymous_args = 0
 533              		@ link register save eliminated.
 534              	.LVL58:
 401:libs/STM32F4xx_StdPeriph_Driver/src/stm32f4xx_gpio.c ****   /* Check the parameters */
 402:libs/STM32F4xx_StdPeriph_Driver/src/stm32f4xx_gpio.c ****   assert_param(IS_GPIO_ALL_PERIPH(GPIOx));
 403:libs/STM32F4xx_StdPeriph_Driver/src/stm32f4xx_gpio.c ****   assert_param(IS_GPIO_PIN(GPIO_Pin));
 404:libs/STM32F4xx_StdPeriph_Driver/src/stm32f4xx_gpio.c **** 
 405:libs/STM32F4xx_StdPeriph_Driver/src/stm32f4xx_gpio.c ****   GPIOx->BSRRH = GPIO_Pin;
 535              		.loc 1 405 0
 536 0000 4183     		strh	r1, [r0, #26]	@ movhi
 537 0002 7047     		bx	lr
 538              		.cfi_endproc
 539              	.LFE119:
 541              		.section	.text.GPIO_WriteBit,"ax",%progbits
 542              		.align	2
 543              		.global	GPIO_WriteBit
 544              		.thumb
 545              		.thumb_func
 547              	GPIO_WriteBit:
 548              	.LFB120:
 406:libs/STM32F4xx_StdPeriph_Driver/src/stm32f4xx_gpio.c **** }
 407:libs/STM32F4xx_StdPeriph_Driver/src/stm32f4xx_gpio.c **** 
 408:libs/STM32F4xx_StdPeriph_Driver/src/stm32f4xx_gpio.c **** /**
 409:libs/STM32F4xx_StdPeriph_Driver/src/stm32f4xx_gpio.c ****   * @brief  Sets or clears the selected data port bit.
 410:libs/STM32F4xx_StdPeriph_Driver/src/stm32f4xx_gpio.c ****   * @param  GPIOx: where x can be (A..I) to select the GPIO peripheral.
 411:libs/STM32F4xx_StdPeriph_Driver/src/stm32f4xx_gpio.c ****   * @param  GPIO_Pin: specifies the port bit to be written.
 412:libs/STM32F4xx_StdPeriph_Driver/src/stm32f4xx_gpio.c ****   *          This parameter can be one of GPIO_Pin_x where x can be (0..15).
 413:libs/STM32F4xx_StdPeriph_Driver/src/stm32f4xx_gpio.c ****   * @param  BitVal: specifies the value to be written to the selected bit.
 414:libs/STM32F4xx_StdPeriph_Driver/src/stm32f4xx_gpio.c ****   *          This parameter can be one of the BitAction enum values:
 415:libs/STM32F4xx_StdPeriph_Driver/src/stm32f4xx_gpio.c ****   *            @arg Bit_RESET: to clear the port pin
 416:libs/STM32F4xx_StdPeriph_Driver/src/stm32f4xx_gpio.c ****   *            @arg Bit_SET: to set the port pin
 417:libs/STM32F4xx_StdPeriph_Driver/src/stm32f4xx_gpio.c ****   * @retval None
 418:libs/STM32F4xx_StdPeriph_Driver/src/stm32f4xx_gpio.c ****   */
 419:libs/STM32F4xx_StdPeriph_Driver/src/stm32f4xx_gpio.c **** void GPIO_WriteBit(GPIO_TypeDef* GPIOx, uint16_t GPIO_Pin, BitAction BitVal)
 420:libs/STM32F4xx_StdPeriph_Driver/src/stm32f4xx_gpio.c **** {
 549              		.loc 1 420 0
 550              		.cfi_startproc
 551              		@ args = 0, pretend = 0, frame = 0
 552              		@ frame_needed = 0, uses_anonymous_args = 0
 553              		@ link register save eliminated.
 554              	.LVL59:
 421:libs/STM32F4xx_StdPeriph_Driver/src/stm32f4xx_gpio.c ****   /* Check the parameters */
 422:libs/STM32F4xx_StdPeriph_Driver/src/stm32f4xx_gpio.c ****   assert_param(IS_GPIO_ALL_PERIPH(GPIOx));
 423:libs/STM32F4xx_StdPeriph_Driver/src/stm32f4xx_gpio.c ****   assert_param(IS_GET_GPIO_PIN(GPIO_Pin));
 424:libs/STM32F4xx_StdPeriph_Driver/src/stm32f4xx_gpio.c ****   assert_param(IS_GPIO_BIT_ACTION(BitVal));
 425:libs/STM32F4xx_StdPeriph_Driver/src/stm32f4xx_gpio.c **** 
 426:libs/STM32F4xx_StdPeriph_Driver/src/stm32f4xx_gpio.c ****   if (BitVal != Bit_RESET)
 555              		.loc 1 426 0
 556 0000 0AB1     		cbz	r2, .L29
 427:libs/STM32F4xx_StdPeriph_Driver/src/stm32f4xx_gpio.c ****   {
 428:libs/STM32F4xx_StdPeriph_Driver/src/stm32f4xx_gpio.c ****     GPIOx->BSRRL = GPIO_Pin;
 557              		.loc 1 428 0
 558 0002 0183     		strh	r1, [r0, #24]	@ movhi
 559 0004 7047     		bx	lr
 560              	.L29:
 429:libs/STM32F4xx_StdPeriph_Driver/src/stm32f4xx_gpio.c ****   }
 430:libs/STM32F4xx_StdPeriph_Driver/src/stm32f4xx_gpio.c ****   else
 431:libs/STM32F4xx_StdPeriph_Driver/src/stm32f4xx_gpio.c ****   {
 432:libs/STM32F4xx_StdPeriph_Driver/src/stm32f4xx_gpio.c ****     GPIOx->BSRRH = GPIO_Pin ;
 561              		.loc 1 432 0
 562 0006 4183     		strh	r1, [r0, #26]	@ movhi
 563 0008 7047     		bx	lr
 564              		.cfi_endproc
 565              	.LFE120:
 567 000a 00BF     		.section	.text.GPIO_Write,"ax",%progbits
 568              		.align	2
 569              		.global	GPIO_Write
 570              		.thumb
 571              		.thumb_func
 573              	GPIO_Write:
 574              	.LFB121:
 433:libs/STM32F4xx_StdPeriph_Driver/src/stm32f4xx_gpio.c ****   }
 434:libs/STM32F4xx_StdPeriph_Driver/src/stm32f4xx_gpio.c **** }
 435:libs/STM32F4xx_StdPeriph_Driver/src/stm32f4xx_gpio.c **** 
 436:libs/STM32F4xx_StdPeriph_Driver/src/stm32f4xx_gpio.c **** /**
 437:libs/STM32F4xx_StdPeriph_Driver/src/stm32f4xx_gpio.c ****   * @brief  Writes data to the specified GPIO data port.
 438:libs/STM32F4xx_StdPeriph_Driver/src/stm32f4xx_gpio.c ****   * @param  GPIOx: where x can be (A..I) to select the GPIO peripheral.
 439:libs/STM32F4xx_StdPeriph_Driver/src/stm32f4xx_gpio.c ****   * @param  PortVal: specifies the value to be written to the port output data register.
 440:libs/STM32F4xx_StdPeriph_Driver/src/stm32f4xx_gpio.c ****   * @retval None
 441:libs/STM32F4xx_StdPeriph_Driver/src/stm32f4xx_gpio.c ****   */
 442:libs/STM32F4xx_StdPeriph_Driver/src/stm32f4xx_gpio.c **** void GPIO_Write(GPIO_TypeDef* GPIOx, uint16_t PortVal)
 443:libs/STM32F4xx_StdPeriph_Driver/src/stm32f4xx_gpio.c **** {
 575              		.loc 1 443 0
 576              		.cfi_startproc
 577              		@ args = 0, pretend = 0, frame = 0
 578              		@ frame_needed = 0, uses_anonymous_args = 0
 579              		@ link register save eliminated.
 580              	.LVL60:
 444:libs/STM32F4xx_StdPeriph_Driver/src/stm32f4xx_gpio.c ****   /* Check the parameters */
 445:libs/STM32F4xx_StdPeriph_Driver/src/stm32f4xx_gpio.c ****   assert_param(IS_GPIO_ALL_PERIPH(GPIOx));
 446:libs/STM32F4xx_StdPeriph_Driver/src/stm32f4xx_gpio.c **** 
 447:libs/STM32F4xx_StdPeriph_Driver/src/stm32f4xx_gpio.c ****   GPIOx->ODR = PortVal;
 581              		.loc 1 447 0
 582 0000 4161     		str	r1, [r0, #20]
 583 0002 7047     		bx	lr
 584              		.cfi_endproc
 585              	.LFE121:
 587              		.section	.text.GPIO_ToggleBits,"ax",%progbits
 588              		.align	2
 589              		.global	GPIO_ToggleBits
 590              		.thumb
 591              		.thumb_func
 593              	GPIO_ToggleBits:
 594              	.LFB122:
 448:libs/STM32F4xx_StdPeriph_Driver/src/stm32f4xx_gpio.c **** }
 449:libs/STM32F4xx_StdPeriph_Driver/src/stm32f4xx_gpio.c **** 
 450:libs/STM32F4xx_StdPeriph_Driver/src/stm32f4xx_gpio.c **** /**
 451:libs/STM32F4xx_StdPeriph_Driver/src/stm32f4xx_gpio.c ****   * @brief  Toggles the specified GPIO pins..
 452:libs/STM32F4xx_StdPeriph_Driver/src/stm32f4xx_gpio.c ****   * @param  GPIOx: where x can be (A..I) to select the GPIO peripheral.
 453:libs/STM32F4xx_StdPeriph_Driver/src/stm32f4xx_gpio.c ****   * @param  GPIO_Pin: Specifies the pins to be toggled.
 454:libs/STM32F4xx_StdPeriph_Driver/src/stm32f4xx_gpio.c ****   * @retval None
 455:libs/STM32F4xx_StdPeriph_Driver/src/stm32f4xx_gpio.c ****   */
 456:libs/STM32F4xx_StdPeriph_Driver/src/stm32f4xx_gpio.c **** void GPIO_ToggleBits(GPIO_TypeDef* GPIOx, uint16_t GPIO_Pin)
 457:libs/STM32F4xx_StdPeriph_Driver/src/stm32f4xx_gpio.c **** {
 595              		.loc 1 457 0
 596              		.cfi_startproc
 597              		@ args = 0, pretend = 0, frame = 0
 598              		@ frame_needed = 0, uses_anonymous_args = 0
 599              		@ link register save eliminated.
 600              	.LVL61:
 458:libs/STM32F4xx_StdPeriph_Driver/src/stm32f4xx_gpio.c ****   /* Check the parameters */
 459:libs/STM32F4xx_StdPeriph_Driver/src/stm32f4xx_gpio.c ****   assert_param(IS_GPIO_ALL_PERIPH(GPIOx));
 460:libs/STM32F4xx_StdPeriph_Driver/src/stm32f4xx_gpio.c **** 
 461:libs/STM32F4xx_StdPeriph_Driver/src/stm32f4xx_gpio.c ****   GPIOx->ODR ^= GPIO_Pin;
 601              		.loc 1 461 0
 602 0000 4369     		ldr	r3, [r0, #20]
 603 0002 5940     		eors	r1, r1, r3
 604              	.LVL62:
 605 0004 4161     		str	r1, [r0, #20]
 606 0006 7047     		bx	lr
 607              		.cfi_endproc
 608              	.LFE122:
 610              		.section	.text.GPIO_PinAFConfig,"ax",%progbits
 611              		.align	2
 612              		.global	GPIO_PinAFConfig
 613              		.thumb
 614              		.thumb_func
 616              	GPIO_PinAFConfig:
 617              	.LFB123:
 462:libs/STM32F4xx_StdPeriph_Driver/src/stm32f4xx_gpio.c **** }
 463:libs/STM32F4xx_StdPeriph_Driver/src/stm32f4xx_gpio.c **** 
 464:libs/STM32F4xx_StdPeriph_Driver/src/stm32f4xx_gpio.c **** /**
 465:libs/STM32F4xx_StdPeriph_Driver/src/stm32f4xx_gpio.c ****   * @}
 466:libs/STM32F4xx_StdPeriph_Driver/src/stm32f4xx_gpio.c ****   */
 467:libs/STM32F4xx_StdPeriph_Driver/src/stm32f4xx_gpio.c **** 
 468:libs/STM32F4xx_StdPeriph_Driver/src/stm32f4xx_gpio.c **** /** @defgroup GPIO_Group3 GPIO Alternate functions configuration function
 469:libs/STM32F4xx_StdPeriph_Driver/src/stm32f4xx_gpio.c ****  *  @brief   GPIO Alternate functions configuration function
 470:libs/STM32F4xx_StdPeriph_Driver/src/stm32f4xx_gpio.c ****  *
 471:libs/STM32F4xx_StdPeriph_Driver/src/stm32f4xx_gpio.c **** @verbatim   
 472:libs/STM32F4xx_StdPeriph_Driver/src/stm32f4xx_gpio.c ****  ===============================================================================
 473:libs/STM32F4xx_StdPeriph_Driver/src/stm32f4xx_gpio.c ****                GPIO Alternate functions configuration function
 474:libs/STM32F4xx_StdPeriph_Driver/src/stm32f4xx_gpio.c ****  ===============================================================================  
 475:libs/STM32F4xx_StdPeriph_Driver/src/stm32f4xx_gpio.c **** 
 476:libs/STM32F4xx_StdPeriph_Driver/src/stm32f4xx_gpio.c **** @endverbatim
 477:libs/STM32F4xx_StdPeriph_Driver/src/stm32f4xx_gpio.c ****   * @{
 478:libs/STM32F4xx_StdPeriph_Driver/src/stm32f4xx_gpio.c ****   */
 479:libs/STM32F4xx_StdPeriph_Driver/src/stm32f4xx_gpio.c **** 
 480:libs/STM32F4xx_StdPeriph_Driver/src/stm32f4xx_gpio.c **** /**
 481:libs/STM32F4xx_StdPeriph_Driver/src/stm32f4xx_gpio.c ****   * @brief  Changes the mapping of the specified pin.
 482:libs/STM32F4xx_StdPeriph_Driver/src/stm32f4xx_gpio.c ****   * @param  GPIOx: where x can be (A..I) to select the GPIO peripheral.
 483:libs/STM32F4xx_StdPeriph_Driver/src/stm32f4xx_gpio.c ****   * @param  GPIO_PinSource: specifies the pin for the Alternate function.
 484:libs/STM32F4xx_StdPeriph_Driver/src/stm32f4xx_gpio.c ****   *         This parameter can be GPIO_PinSourcex where x can be (0..15).
 485:libs/STM32F4xx_StdPeriph_Driver/src/stm32f4xx_gpio.c ****   * @param  GPIO_AFSelection: selects the pin to used as Alternate function.
 486:libs/STM32F4xx_StdPeriph_Driver/src/stm32f4xx_gpio.c ****   *          This parameter can be one of the following values:
 487:libs/STM32F4xx_StdPeriph_Driver/src/stm32f4xx_gpio.c ****   *            @arg GPIO_AF_RTC_50Hz: Connect RTC_50Hz pin to AF0 (default after reset) 
 488:libs/STM32F4xx_StdPeriph_Driver/src/stm32f4xx_gpio.c ****   *            @arg GPIO_AF_MCO: Connect MCO pin (MCO1 and MCO2) to AF0 (default after reset) 
 489:libs/STM32F4xx_StdPeriph_Driver/src/stm32f4xx_gpio.c ****   *            @arg GPIO_AF_TAMPER: Connect TAMPER pins (TAMPER_1 and TAMPER_2) to AF0 (default aft
 490:libs/STM32F4xx_StdPeriph_Driver/src/stm32f4xx_gpio.c ****   *            @arg GPIO_AF_SWJ: Connect SWJ pins (SWD and JTAG)to AF0 (default after reset) 
 491:libs/STM32F4xx_StdPeriph_Driver/src/stm32f4xx_gpio.c ****   *            @arg GPIO_AF_TRACE: Connect TRACE pins to AF0 (default after reset)
 492:libs/STM32F4xx_StdPeriph_Driver/src/stm32f4xx_gpio.c ****   *            @arg GPIO_AF_TIM1: Connect TIM1 pins to AF1
 493:libs/STM32F4xx_StdPeriph_Driver/src/stm32f4xx_gpio.c ****   *            @arg GPIO_AF_TIM2: Connect TIM2 pins to AF1
 494:libs/STM32F4xx_StdPeriph_Driver/src/stm32f4xx_gpio.c ****   *            @arg GPIO_AF_TIM3: Connect TIM3 pins to AF2
 495:libs/STM32F4xx_StdPeriph_Driver/src/stm32f4xx_gpio.c ****   *            @arg GPIO_AF_TIM4: Connect TIM4 pins to AF2
 496:libs/STM32F4xx_StdPeriph_Driver/src/stm32f4xx_gpio.c ****   *            @arg GPIO_AF_TIM5: Connect TIM5 pins to AF2
 497:libs/STM32F4xx_StdPeriph_Driver/src/stm32f4xx_gpio.c ****   *            @arg GPIO_AF_TIM8: Connect TIM8 pins to AF3
 498:libs/STM32F4xx_StdPeriph_Driver/src/stm32f4xx_gpio.c ****   *            @arg GPIO_AF_TIM9: Connect TIM9 pins to AF3
 499:libs/STM32F4xx_StdPeriph_Driver/src/stm32f4xx_gpio.c ****   *            @arg GPIO_AF_TIM10: Connect TIM10 pins to AF3
 500:libs/STM32F4xx_StdPeriph_Driver/src/stm32f4xx_gpio.c ****   *            @arg GPIO_AF_TIM11: Connect TIM11 pins to AF3
 501:libs/STM32F4xx_StdPeriph_Driver/src/stm32f4xx_gpio.c ****   *            @arg GPIO_AF_I2C1: Connect I2C1 pins to AF4
 502:libs/STM32F4xx_StdPeriph_Driver/src/stm32f4xx_gpio.c ****   *            @arg GPIO_AF_I2C2: Connect I2C2 pins to AF4
 503:libs/STM32F4xx_StdPeriph_Driver/src/stm32f4xx_gpio.c ****   *            @arg GPIO_AF_I2C3: Connect I2C3 pins to AF4
 504:libs/STM32F4xx_StdPeriph_Driver/src/stm32f4xx_gpio.c ****   *            @arg GPIO_AF_SPI1: Connect SPI1 pins to AF5
 505:libs/STM32F4xx_StdPeriph_Driver/src/stm32f4xx_gpio.c ****   *            @arg GPIO_AF_SPI2: Connect SPI2/I2S2 pins to AF5
 506:libs/STM32F4xx_StdPeriph_Driver/src/stm32f4xx_gpio.c ****   *            @arg GPIO_AF_SPI3: Connect SPI3/I2S3 pins to AF6
 507:libs/STM32F4xx_StdPeriph_Driver/src/stm32f4xx_gpio.c ****   *            @arg GPIO_AF_I2S3ext: Connect I2S3ext pins to AF7
 508:libs/STM32F4xx_StdPeriph_Driver/src/stm32f4xx_gpio.c ****   *            @arg GPIO_AF_USART1: Connect USART1 pins to AF7
 509:libs/STM32F4xx_StdPeriph_Driver/src/stm32f4xx_gpio.c ****   *            @arg GPIO_AF_USART2: Connect USART2 pins to AF7
 510:libs/STM32F4xx_StdPeriph_Driver/src/stm32f4xx_gpio.c ****   *            @arg GPIO_AF_USART3: Connect USART3 pins to AF7
 511:libs/STM32F4xx_StdPeriph_Driver/src/stm32f4xx_gpio.c ****   *            @arg GPIO_AF_UART4: Connect UART4 pins to AF8
 512:libs/STM32F4xx_StdPeriph_Driver/src/stm32f4xx_gpio.c ****   *            @arg GPIO_AF_UART5: Connect UART5 pins to AF8
 513:libs/STM32F4xx_StdPeriph_Driver/src/stm32f4xx_gpio.c ****   *            @arg GPIO_AF_USART6: Connect USART6 pins to AF8
 514:libs/STM32F4xx_StdPeriph_Driver/src/stm32f4xx_gpio.c ****   *            @arg GPIO_AF_CAN1: Connect CAN1 pins to AF9
 515:libs/STM32F4xx_StdPeriph_Driver/src/stm32f4xx_gpio.c ****   *            @arg GPIO_AF_CAN2: Connect CAN2 pins to AF9
 516:libs/STM32F4xx_StdPeriph_Driver/src/stm32f4xx_gpio.c ****   *            @arg GPIO_AF_TIM12: Connect TIM12 pins to AF9
 517:libs/STM32F4xx_StdPeriph_Driver/src/stm32f4xx_gpio.c ****   *            @arg GPIO_AF_TIM13: Connect TIM13 pins to AF9
 518:libs/STM32F4xx_StdPeriph_Driver/src/stm32f4xx_gpio.c ****   *            @arg GPIO_AF_TIM14: Connect TIM14 pins to AF9
 519:libs/STM32F4xx_StdPeriph_Driver/src/stm32f4xx_gpio.c ****   *            @arg GPIO_AF_OTG_FS: Connect OTG_FS pins to AF10
 520:libs/STM32F4xx_StdPeriph_Driver/src/stm32f4xx_gpio.c ****   *            @arg GPIO_AF_OTG_HS: Connect OTG_HS pins to AF10
 521:libs/STM32F4xx_StdPeriph_Driver/src/stm32f4xx_gpio.c ****   *            @arg GPIO_AF_ETH: Connect ETHERNET pins to AF11
 522:libs/STM32F4xx_StdPeriph_Driver/src/stm32f4xx_gpio.c ****   *            @arg GPIO_AF_FSMC: Connect FSMC pins to AF12
 523:libs/STM32F4xx_StdPeriph_Driver/src/stm32f4xx_gpio.c ****   *            @arg GPIO_AF_OTG_HS_FS: Connect OTG HS (configured in FS) pins to AF12
 524:libs/STM32F4xx_StdPeriph_Driver/src/stm32f4xx_gpio.c ****   *            @arg GPIO_AF_SDIO: Connect SDIO pins to AF12
 525:libs/STM32F4xx_StdPeriph_Driver/src/stm32f4xx_gpio.c ****   *            @arg GPIO_AF_DCMI: Connect DCMI pins to AF13
 526:libs/STM32F4xx_StdPeriph_Driver/src/stm32f4xx_gpio.c ****   *            @arg GPIO_AF_EVENTOUT: Connect EVENTOUT pins to AF15
 527:libs/STM32F4xx_StdPeriph_Driver/src/stm32f4xx_gpio.c ****   * @retval None
 528:libs/STM32F4xx_StdPeriph_Driver/src/stm32f4xx_gpio.c ****   */
 529:libs/STM32F4xx_StdPeriph_Driver/src/stm32f4xx_gpio.c **** void GPIO_PinAFConfig(GPIO_TypeDef* GPIOx, uint16_t GPIO_PinSource, uint8_t GPIO_AF)
 530:libs/STM32F4xx_StdPeriph_Driver/src/stm32f4xx_gpio.c **** {
 618              		.loc 1 530 0
 619              		.cfi_startproc
 620              		@ args = 0, pretend = 0, frame = 0
 621              		@ frame_needed = 0, uses_anonymous_args = 0
 622              		@ link register save eliminated.
 623              	.LVL63:
 624 0000 30B4     		push	{r4, r5}
 625              	.LCFI3:
 626              		.cfi_def_cfa_offset 8
 627              		.cfi_offset 4, -8
 628              		.cfi_offset 5, -4
 629              	.LVL64:
 531:libs/STM32F4xx_StdPeriph_Driver/src/stm32f4xx_gpio.c ****   uint32_t temp = 0x00;
 532:libs/STM32F4xx_StdPeriph_Driver/src/stm32f4xx_gpio.c ****   uint32_t temp_2 = 0x00;
 533:libs/STM32F4xx_StdPeriph_Driver/src/stm32f4xx_gpio.c ****   
 534:libs/STM32F4xx_StdPeriph_Driver/src/stm32f4xx_gpio.c ****   /* Check the parameters */
 535:libs/STM32F4xx_StdPeriph_Driver/src/stm32f4xx_gpio.c ****   assert_param(IS_GPIO_ALL_PERIPH(GPIOx));
 536:libs/STM32F4xx_StdPeriph_Driver/src/stm32f4xx_gpio.c ****   assert_param(IS_GPIO_PIN_SOURCE(GPIO_PinSource));
 537:libs/STM32F4xx_StdPeriph_Driver/src/stm32f4xx_gpio.c ****   assert_param(IS_GPIO_AF(GPIO_AF));
 538:libs/STM32F4xx_StdPeriph_Driver/src/stm32f4xx_gpio.c ****   
 539:libs/STM32F4xx_StdPeriph_Driver/src/stm32f4xx_gpio.c ****   temp = ((uint32_t)(GPIO_AF) << ((uint32_t)((uint32_t)GPIO_PinSource & (uint32_t)0x07) * 4)) ;
 630              		.loc 1 539 0
 631 0002 01F00703 		and	r3, r1, #7
 632 0006 9B00     		lsls	r3, r3, #2
 633 0008 9A40     		lsls	r2, r2, r3
 634              	.LVL65:
 540:libs/STM32F4xx_StdPeriph_Driver/src/stm32f4xx_gpio.c ****   GPIOx->AFR[GPIO_PinSource >> 0x03] &= ~((uint32_t)0xF << ((uint32_t)((uint32_t)GPIO_PinSource & (
 635              		.loc 1 540 0
 636 000a C908     		lsrs	r1, r1, #3
 637              	.LVL66:
 638 000c 0831     		adds	r1, r1, #8
 639 000e 50F82140 		ldr	r4, [r0, r1, lsl #2]
 640 0012 0F25     		movs	r5, #15
 641 0014 05FA03F3 		lsl	r3, r5, r3
 642 0018 24EA0303 		bic	r3, r4, r3
 643 001c 40F82130 		str	r3, [r0, r1, lsl #2]
 541:libs/STM32F4xx_StdPeriph_Driver/src/stm32f4xx_gpio.c ****   temp_2 = GPIOx->AFR[GPIO_PinSource >> 0x03] | temp;
 644              		.loc 1 541 0
 645 0020 50F82130 		ldr	r3, [r0, r1, lsl #2]
 646 0024 1A43     		orrs	r2, r2, r3
 647              	.LVL67:
 542:libs/STM32F4xx_StdPeriph_Driver/src/stm32f4xx_gpio.c ****   GPIOx->AFR[GPIO_PinSource >> 0x03] = temp_2;
 648              		.loc 1 542 0
 649 0026 40F82120 		str	r2, [r0, r1, lsl #2]
 543:libs/STM32F4xx_StdPeriph_Driver/src/stm32f4xx_gpio.c **** }
 650              		.loc 1 543 0
 651 002a 30BC     		pop	{r4, r5}
 652 002c 7047     		bx	lr
 653              		.cfi_endproc
 654              	.LFE123:
 656 002e 00BF     		.text
 657              	.Letext0:
 658              		.file 2 "/usr/include/newlib/machine/_default_types.h"
 659              		.file 3 "/usr/include/newlib/stdint.h"
 660              		.file 4 "libs/Device/STM32F4xx/Include/stm32f4xx.h"
 661              		.file 5 "libs/STM32F4xx_StdPeriph_Driver/inc/stm32f4xx_gpio.h"
 662              		.file 6 "libs/CMSIS/Include/core_cm4.h"
 663              		.file 7 "libs/STM32F4xx_StdPeriph_Driver/inc/stm32f4xx_rcc.h"
DEFINED SYMBOLS
                            *ABS*:0000000000000000 stm32f4xx_gpio.c
     /tmp/ccmzmfzQ.s:20     .text.GPIO_DeInit:0000000000000000 $t
     /tmp/ccmzmfzQ.s:25     .text.GPIO_DeInit:0000000000000000 GPIO_DeInit
     /tmp/ccmzmfzQ.s:212    .text.GPIO_Init:0000000000000000 $t
     /tmp/ccmzmfzQ.s:217    .text.GPIO_Init:0000000000000000 GPIO_Init
     /tmp/ccmzmfzQ.s:325    .text.GPIO_StructInit:0000000000000000 $t
     /tmp/ccmzmfzQ.s:330    .text.GPIO_StructInit:0000000000000000 GPIO_StructInit
     /tmp/ccmzmfzQ.s:355    .text.GPIO_PinLockConfig:0000000000000000 $t
     /tmp/ccmzmfzQ.s:360    .text.GPIO_PinLockConfig:0000000000000000 GPIO_PinLockConfig
     /tmp/ccmzmfzQ.s:400    .text.GPIO_ReadInputDataBit:0000000000000000 $t
     /tmp/ccmzmfzQ.s:405    .text.GPIO_ReadInputDataBit:0000000000000000 GPIO_ReadInputDataBit
     /tmp/ccmzmfzQ.s:428    .text.GPIO_ReadInputData:0000000000000000 $t
     /tmp/ccmzmfzQ.s:433    .text.GPIO_ReadInputData:0000000000000000 GPIO_ReadInputData
     /tmp/ccmzmfzQ.s:451    .text.GPIO_ReadOutputDataBit:0000000000000000 $t
     /tmp/ccmzmfzQ.s:456    .text.GPIO_ReadOutputDataBit:0000000000000000 GPIO_ReadOutputDataBit
     /tmp/ccmzmfzQ.s:479    .text.GPIO_ReadOutputData:0000000000000000 $t
     /tmp/ccmzmfzQ.s:484    .text.GPIO_ReadOutputData:0000000000000000 GPIO_ReadOutputData
     /tmp/ccmzmfzQ.s:502    .text.GPIO_SetBits:0000000000000000 $t
     /tmp/ccmzmfzQ.s:507    .text.GPIO_SetBits:0000000000000000 GPIO_SetBits
     /tmp/ccmzmfzQ.s:522    .text.GPIO_ResetBits:0000000000000000 $t
     /tmp/ccmzmfzQ.s:527    .text.GPIO_ResetBits:0000000000000000 GPIO_ResetBits
     /tmp/ccmzmfzQ.s:542    .text.GPIO_WriteBit:0000000000000000 $t
     /tmp/ccmzmfzQ.s:547    .text.GPIO_WriteBit:0000000000000000 GPIO_WriteBit
     /tmp/ccmzmfzQ.s:568    .text.GPIO_Write:0000000000000000 $t
     /tmp/ccmzmfzQ.s:573    .text.GPIO_Write:0000000000000000 GPIO_Write
     /tmp/ccmzmfzQ.s:588    .text.GPIO_ToggleBits:0000000000000000 $t
     /tmp/ccmzmfzQ.s:593    .text.GPIO_ToggleBits:0000000000000000 GPIO_ToggleBits
     /tmp/ccmzmfzQ.s:611    .text.GPIO_PinAFConfig:0000000000000000 $t
     /tmp/ccmzmfzQ.s:616    .text.GPIO_PinAFConfig:0000000000000000 GPIO_PinAFConfig
                     .debug_frame:0000000000000010 $d
                           .group:0000000000000000 wm4.1.7402b5479d3fa4780665141f585fc0ee
                           .group:0000000000000000 wm4.stm32f4xx.h.48.a3308e16720c7afc3eb28e585e628ce6
                           .group:0000000000000000 wm4.core_cm4.h.32.5f62939b60122629d60d85d0c4a14709
                           .group:0000000000000000 wm4.features.h.22.6a4ca7cd053637cc1d0db6c16f39b2d7
                           .group:0000000000000000 wm4._default_types.h.15.8b2cb27e528498f8ff711db085d6e489
                           .group:0000000000000000 wm4.stdint.h.20.796e373797e732130a803d4c0338fa1b
                           .group:0000000000000000 wm4.core_cmInstr.h.25.f50f886f2edf670cf199b35fd96f5c91
                           .group:0000000000000000 wm4.core_cm4_simd.h.29.b4a3fdfb606cb3b26119424324d4b963
                           .group:0000000000000000 wm4.core_cm4.h.153.5393ef7e6cebf34dd51ca528f9218ab3
                           .group:0000000000000000 wm4.stm32f4xx.h.282.95bae448a91bccfbf24a6f9d95904bb8
                           .group:0000000000000000 wm4.stm32f4xx_adc.h.102.2061aa73008746f3c2cc6ce8f635cad3
                           .group:0000000000000000 wm4.stm32f4xx_can.h.25.87f18ca48b2692d39f76e87b1f07c953
                           .group:0000000000000000 wm4.stm32f4xx_cryp.h.25.db1951c06ee684df97ea3a11aba6cb51
                           .group:0000000000000000 wm4.stm32f4xx_dac.h.25.c43557a6416ea4dfa986c1209c2558d6
                           .group:0000000000000000 wm4.stm32f4xx_dbgmcu.h.24.7aedfdcf091890b5cb96019bd29a2bfc
                           .group:0000000000000000 wm4.stm32f4xx_dcmi.h.24.64883d9be802a535b1d7770d14da73e0
                           .group:0000000000000000 wm4.stm32f4xx_dma.h.25.c1fa1d44ae0bc9c2b3a0d1d355d8c1e6
                           .group:0000000000000000 wm4.stm32f4xx_exti.h.25.620998268d5d3d9042a8297fbe07d507
                           .group:0000000000000000 wm4.stm32f4xx_flash.h.25.65d4f351b72ee41355279f70305f361a
                           .group:0000000000000000 wm4.stm32f4xx_fsmc.h.25.b907ac7bd9bec46e02d06b137d53cfd8
                           .group:0000000000000000 wm4.stm32f4xx_hash.h.25.633fb84f031cf2ab1bd834e536716dfa
                           .group:0000000000000000 wm4.stm32f4xx_i2c.h.25.8fcdb817a00a67d4624d79bab0d9275f
                           .group:0000000000000000 wm4.stm32f4xx_iwdg.h.25.3013e8d2058415cb9d51af77f748a146
                           .group:0000000000000000 wm4.stm32f4xx_pwr.h.25.48b68c1f3a894ab012f9c2a2c222f159
                           .group:0000000000000000 wm4.stm32f4xx_rcc.h.24.c15e7c8dc065bb29146f29591b195c87
                           .group:0000000000000000 wm4.stm32f4xx_rng.h.25.cdb5c5c07de6a48aedfde608da3f447e
                           .group:0000000000000000 wm4.stm32f4xx_rtc.h.25.4809a79ad46ad97b4a01e735a96738eb
                           .group:0000000000000000 wm4.stm32f4xx_sdio.h.25.406302aabae34eada94e5f2cde635a3e
                           .group:0000000000000000 wm4.stm32f4xx_spi.h.25.46c61b79ff8408da93e2e90cf9b717d6
                           .group:0000000000000000 wm4.stm32f4xx_syscfg.h.25.9d5caab5677661b69e959531364e23d7
                           .group:0000000000000000 wm4.stm32f4xx_tim.h.25.948f7fc943f34bd206e29758e77ee0a2
                           .group:0000000000000000 wm4.stm32f4xx_usart.h.25.b64697dad017ba547dd272c2cdb5846a
                           .group:0000000000000000 wm4.stm32f4xx_wwdg.h.25.09d70b7849c6894ddf1e83c8e86b70e1
                           .group:0000000000000000 wm4.misc.h.25.a0cb758c1f091b46f201b19cec9e63a1
                           .group:0000000000000000 wm4.stm32f4xx.h.6913.da011404ccb203790556c86f10c46b18
                           .group:0000000000000000 wm4.stm32f4xx_gpio.h.44.fd28ce2b8ef72fda54fdf6fae811c118

UNDEFINED SYMBOLS
RCC_AHB1PeriphResetCmd
