   1              		.syntax unified
   2              		.cpu cortex-m4
   3              		.eabi_attribute 27, 3
   4              		.fpu fpv4-sp-d16
   5              		.eabi_attribute 20, 1
   6              		.eabi_attribute 21, 1
   7              		.eabi_attribute 23, 3
   8              		.eabi_attribute 24, 1
   9              		.eabi_attribute 25, 1
  10              		.eabi_attribute 26, 1
  11              		.eabi_attribute 30, 1
  12              		.eabi_attribute 34, 1
  13              		.eabi_attribute 18, 4
  14              		.thumb
  15              		.file	"stm32f4xx_rng.c"
  16              		.text
  17              	.Ltext0:
  18              		.cfi_sections	.debug_frame
  19              		.section	.text.RNG_DeInit,"ax",%progbits
  20              		.align	2
  21              		.global	RNG_DeInit
  22              		.thumb
  23              		.thumb_func
  25              	RNG_DeInit:
  26              	.LFB110:
  27              		.file 1 "libs/STM32F4xx_StdPeriph_Driver/src/stm32f4xx_rng.c"
   1:libs/STM32F4xx_StdPeriph_Driver/src/stm32f4xx_rng.c **** /**
   2:libs/STM32F4xx_StdPeriph_Driver/src/stm32f4xx_rng.c ****   ******************************************************************************
   3:libs/STM32F4xx_StdPeriph_Driver/src/stm32f4xx_rng.c ****   * @file    stm32f4xx_rng.c
   4:libs/STM32F4xx_StdPeriph_Driver/src/stm32f4xx_rng.c ****   * @author  MCD Application Team
   5:libs/STM32F4xx_StdPeriph_Driver/src/stm32f4xx_rng.c ****   * @version V1.0.0RC1
   6:libs/STM32F4xx_StdPeriph_Driver/src/stm32f4xx_rng.c ****   * @date    25-August-2011
   7:libs/STM32F4xx_StdPeriph_Driver/src/stm32f4xx_rng.c ****     * @brief This file provides firmware functions to manage the following 
   8:libs/STM32F4xx_StdPeriph_Driver/src/stm32f4xx_rng.c ****   *          functionalities of the Random Number Generator (RNG) peripheral:           
   9:libs/STM32F4xx_StdPeriph_Driver/src/stm32f4xx_rng.c ****   *           - Initialization and Configuration 
  10:libs/STM32F4xx_StdPeriph_Driver/src/stm32f4xx_rng.c ****   *           - Get 32 bit Random number      
  11:libs/STM32F4xx_StdPeriph_Driver/src/stm32f4xx_rng.c ****   *           - Interrupts and flags management       
  12:libs/STM32F4xx_StdPeriph_Driver/src/stm32f4xx_rng.c ****   *         
  13:libs/STM32F4xx_StdPeriph_Driver/src/stm32f4xx_rng.c ****   *  @verbatim
  14:libs/STM32F4xx_StdPeriph_Driver/src/stm32f4xx_rng.c ****   *                               
  15:libs/STM32F4xx_StdPeriph_Driver/src/stm32f4xx_rng.c ****   *          ===================================================================      
  16:libs/STM32F4xx_StdPeriph_Driver/src/stm32f4xx_rng.c ****   *                                   How to use this driver
  17:libs/STM32F4xx_StdPeriph_Driver/src/stm32f4xx_rng.c ****   *          ===================================================================          
  18:libs/STM32F4xx_StdPeriph_Driver/src/stm32f4xx_rng.c ****   *          1. Enable The RNG controller clock using 
  19:libs/STM32F4xx_StdPeriph_Driver/src/stm32f4xx_rng.c ****   *            RCC_AHB2PeriphClockCmd(RCC_AHB2Periph_RNG, ENABLE) function.
  20:libs/STM32F4xx_StdPeriph_Driver/src/stm32f4xx_rng.c ****   *              
  21:libs/STM32F4xx_StdPeriph_Driver/src/stm32f4xx_rng.c ****   *          2. Activate the RNG peripheral using RNG_Cmd() function.
  22:libs/STM32F4xx_StdPeriph_Driver/src/stm32f4xx_rng.c ****   *          
  23:libs/STM32F4xx_StdPeriph_Driver/src/stm32f4xx_rng.c ****   *          3. Wait until the 32 bit Random number Generator contains a valid 
  24:libs/STM32F4xx_StdPeriph_Driver/src/stm32f4xx_rng.c ****   *            random data (using polling/interrupt mode). For more details, 
  25:libs/STM32F4xx_StdPeriph_Driver/src/stm32f4xx_rng.c ****   *            refer to "Interrupts and flags management functions" module 
  26:libs/STM32F4xx_StdPeriph_Driver/src/stm32f4xx_rng.c ****   *            description.
  27:libs/STM32F4xx_StdPeriph_Driver/src/stm32f4xx_rng.c ****   *           
  28:libs/STM32F4xx_StdPeriph_Driver/src/stm32f4xx_rng.c ****   *          4. Get the 32 bit Random number using RNG_GetRandomNumber() function
  29:libs/STM32F4xx_StdPeriph_Driver/src/stm32f4xx_rng.c ****   *          
  30:libs/STM32F4xx_StdPeriph_Driver/src/stm32f4xx_rng.c ****   *          5. To get another 32 bit Random number, go to step 3.       
  31:libs/STM32F4xx_StdPeriph_Driver/src/stm32f4xx_rng.c ****   *
  32:libs/STM32F4xx_StdPeriph_Driver/src/stm32f4xx_rng.c ****   *         
  33:libs/STM32F4xx_StdPeriph_Driver/src/stm32f4xx_rng.c ****   *              
  34:libs/STM32F4xx_StdPeriph_Driver/src/stm32f4xx_rng.c ****   *  @endverbatim
  35:libs/STM32F4xx_StdPeriph_Driver/src/stm32f4xx_rng.c ****   *         
  36:libs/STM32F4xx_StdPeriph_Driver/src/stm32f4xx_rng.c ****   ******************************************************************************
  37:libs/STM32F4xx_StdPeriph_Driver/src/stm32f4xx_rng.c ****   * @attention
  38:libs/STM32F4xx_StdPeriph_Driver/src/stm32f4xx_rng.c ****   *
  39:libs/STM32F4xx_StdPeriph_Driver/src/stm32f4xx_rng.c ****   * THE PRESENT FIRMWARE WHICH IS FOR GUIDANCE ONLY AIMS AT PROVIDING CUSTOMERS
  40:libs/STM32F4xx_StdPeriph_Driver/src/stm32f4xx_rng.c ****   * WITH CODING INFORMATION REGARDING THEIR PRODUCTS IN ORDER FOR THEM TO SAVE
  41:libs/STM32F4xx_StdPeriph_Driver/src/stm32f4xx_rng.c ****   * TIME. AS A RESULT, STMICROELECTRONICS SHALL NOT BE HELD LIABLE FOR ANY
  42:libs/STM32F4xx_StdPeriph_Driver/src/stm32f4xx_rng.c ****   * DIRECT, INDIRECT OR CONSEQUENTIAL DAMAGES WITH RESPECT TO ANY CLAIMS ARISING
  43:libs/STM32F4xx_StdPeriph_Driver/src/stm32f4xx_rng.c ****   * FROM THE CONTENT OF SUCH FIRMWARE AND/OR THE USE MADE BY CUSTOMERS OF THE
  44:libs/STM32F4xx_StdPeriph_Driver/src/stm32f4xx_rng.c ****   * CODING INFORMATION CONTAINED HEREIN IN CONNECTION WITH THEIR PRODUCTS.
  45:libs/STM32F4xx_StdPeriph_Driver/src/stm32f4xx_rng.c ****   *
  46:libs/STM32F4xx_StdPeriph_Driver/src/stm32f4xx_rng.c ****   * <h2><center>&copy; COPYRIGHT 2011 STMicroelectronics</center></h2>
  47:libs/STM32F4xx_StdPeriph_Driver/src/stm32f4xx_rng.c ****   ******************************************************************************  
  48:libs/STM32F4xx_StdPeriph_Driver/src/stm32f4xx_rng.c ****   */
  49:libs/STM32F4xx_StdPeriph_Driver/src/stm32f4xx_rng.c **** 
  50:libs/STM32F4xx_StdPeriph_Driver/src/stm32f4xx_rng.c **** /* Includes ------------------------------------------------------------------*/
  51:libs/STM32F4xx_StdPeriph_Driver/src/stm32f4xx_rng.c **** #include "stm32f4xx_rng.h"
  52:libs/STM32F4xx_StdPeriph_Driver/src/stm32f4xx_rng.c **** #include "stm32f4xx_rcc.h"
  53:libs/STM32F4xx_StdPeriph_Driver/src/stm32f4xx_rng.c **** 
  54:libs/STM32F4xx_StdPeriph_Driver/src/stm32f4xx_rng.c **** /** @addtogroup STM32F4xx_StdPeriph_Driver
  55:libs/STM32F4xx_StdPeriph_Driver/src/stm32f4xx_rng.c ****   * @{
  56:libs/STM32F4xx_StdPeriph_Driver/src/stm32f4xx_rng.c ****   */
  57:libs/STM32F4xx_StdPeriph_Driver/src/stm32f4xx_rng.c **** 
  58:libs/STM32F4xx_StdPeriph_Driver/src/stm32f4xx_rng.c **** /** @defgroup RNG 
  59:libs/STM32F4xx_StdPeriph_Driver/src/stm32f4xx_rng.c ****   * @brief RNG driver modules
  60:libs/STM32F4xx_StdPeriph_Driver/src/stm32f4xx_rng.c ****   * @{
  61:libs/STM32F4xx_StdPeriph_Driver/src/stm32f4xx_rng.c ****   */ 
  62:libs/STM32F4xx_StdPeriph_Driver/src/stm32f4xx_rng.c **** 
  63:libs/STM32F4xx_StdPeriph_Driver/src/stm32f4xx_rng.c **** /* Private typedef -----------------------------------------------------------*/
  64:libs/STM32F4xx_StdPeriph_Driver/src/stm32f4xx_rng.c **** /* Private define ------------------------------------------------------------*/
  65:libs/STM32F4xx_StdPeriph_Driver/src/stm32f4xx_rng.c **** /* Private macro -------------------------------------------------------------*/
  66:libs/STM32F4xx_StdPeriph_Driver/src/stm32f4xx_rng.c **** /* Private variables ---------------------------------------------------------*/
  67:libs/STM32F4xx_StdPeriph_Driver/src/stm32f4xx_rng.c **** /* Private function prototypes -----------------------------------------------*/
  68:libs/STM32F4xx_StdPeriph_Driver/src/stm32f4xx_rng.c **** /* Private functions ---------------------------------------------------------*/
  69:libs/STM32F4xx_StdPeriph_Driver/src/stm32f4xx_rng.c **** 
  70:libs/STM32F4xx_StdPeriph_Driver/src/stm32f4xx_rng.c **** /** @defgroup RNG_Private_Functions
  71:libs/STM32F4xx_StdPeriph_Driver/src/stm32f4xx_rng.c ****   * @{
  72:libs/STM32F4xx_StdPeriph_Driver/src/stm32f4xx_rng.c ****   */ 
  73:libs/STM32F4xx_StdPeriph_Driver/src/stm32f4xx_rng.c **** 
  74:libs/STM32F4xx_StdPeriph_Driver/src/stm32f4xx_rng.c **** /** @defgroup RNG_Group1 Initialization and Configuration functions
  75:libs/STM32F4xx_StdPeriph_Driver/src/stm32f4xx_rng.c ****  *  @brief    Initialization and Configuration functions 
  76:libs/STM32F4xx_StdPeriph_Driver/src/stm32f4xx_rng.c ****  *
  77:libs/STM32F4xx_StdPeriph_Driver/src/stm32f4xx_rng.c **** @verbatim    
  78:libs/STM32F4xx_StdPeriph_Driver/src/stm32f4xx_rng.c ****  ===============================================================================
  79:libs/STM32F4xx_StdPeriph_Driver/src/stm32f4xx_rng.c ****                       Initialization and Configuration functions
  80:libs/STM32F4xx_StdPeriph_Driver/src/stm32f4xx_rng.c ****  ===============================================================================  
  81:libs/STM32F4xx_StdPeriph_Driver/src/stm32f4xx_rng.c ****   This section provides functions allowing to 
  82:libs/STM32F4xx_StdPeriph_Driver/src/stm32f4xx_rng.c ****    - Initialize the RNG peripheral
  83:libs/STM32F4xx_StdPeriph_Driver/src/stm32f4xx_rng.c ****    - Enable or disable the RNG peripheral
  84:libs/STM32F4xx_StdPeriph_Driver/src/stm32f4xx_rng.c ****    
  85:libs/STM32F4xx_StdPeriph_Driver/src/stm32f4xx_rng.c **** @endverbatim
  86:libs/STM32F4xx_StdPeriph_Driver/src/stm32f4xx_rng.c ****   * @{
  87:libs/STM32F4xx_StdPeriph_Driver/src/stm32f4xx_rng.c ****   */
  88:libs/STM32F4xx_StdPeriph_Driver/src/stm32f4xx_rng.c **** 
  89:libs/STM32F4xx_StdPeriph_Driver/src/stm32f4xx_rng.c **** /**
  90:libs/STM32F4xx_StdPeriph_Driver/src/stm32f4xx_rng.c ****   * @brief  Deinitializes the RNG peripheral registers to their default reset values.
  91:libs/STM32F4xx_StdPeriph_Driver/src/stm32f4xx_rng.c ****   * @param  None
  92:libs/STM32F4xx_StdPeriph_Driver/src/stm32f4xx_rng.c ****   * @retval None
  93:libs/STM32F4xx_StdPeriph_Driver/src/stm32f4xx_rng.c ****   */
  94:libs/STM32F4xx_StdPeriph_Driver/src/stm32f4xx_rng.c **** void RNG_DeInit(void)
  95:libs/STM32F4xx_StdPeriph_Driver/src/stm32f4xx_rng.c **** {
  28              		.loc 1 95 0
  29              		.cfi_startproc
  30              		@ args = 0, pretend = 0, frame = 0
  31              		@ frame_needed = 0, uses_anonymous_args = 0
  32 0000 08B5     		push	{r3, lr}
  33              	.LCFI0:
  34              		.cfi_def_cfa_offset 8
  35              		.cfi_offset 3, -8
  36              		.cfi_offset 14, -4
  96:libs/STM32F4xx_StdPeriph_Driver/src/stm32f4xx_rng.c ****   /* Enable RNG reset state */
  97:libs/STM32F4xx_StdPeriph_Driver/src/stm32f4xx_rng.c ****   RCC_AHB2PeriphResetCmd(RCC_AHB2Periph_RNG, ENABLE);
  37              		.loc 1 97 0
  38 0002 4020     		movs	r0, #64
  39 0004 0121     		movs	r1, #1
  40 0006 FFF7FEFF 		bl	RCC_AHB2PeriphResetCmd
  41              	.LVL0:
  98:libs/STM32F4xx_StdPeriph_Driver/src/stm32f4xx_rng.c **** 
  99:libs/STM32F4xx_StdPeriph_Driver/src/stm32f4xx_rng.c ****   /* Release RNG from reset state */
 100:libs/STM32F4xx_StdPeriph_Driver/src/stm32f4xx_rng.c ****   RCC_AHB2PeriphResetCmd(RCC_AHB2Periph_RNG, DISABLE);
  42              		.loc 1 100 0
  43 000a 4020     		movs	r0, #64
  44 000c 0021     		movs	r1, #0
  45 000e FFF7FEFF 		bl	RCC_AHB2PeriphResetCmd
  46              	.LVL1:
  47 0012 08BD     		pop	{r3, pc}
  48              		.cfi_endproc
  49              	.LFE110:
  51              		.section	.text.RNG_Cmd,"ax",%progbits
  52              		.align	2
  53              		.global	RNG_Cmd
  54              		.thumb
  55              		.thumb_func
  57              	RNG_Cmd:
  58              	.LFB111:
 101:libs/STM32F4xx_StdPeriph_Driver/src/stm32f4xx_rng.c **** }
 102:libs/STM32F4xx_StdPeriph_Driver/src/stm32f4xx_rng.c **** 
 103:libs/STM32F4xx_StdPeriph_Driver/src/stm32f4xx_rng.c **** /**
 104:libs/STM32F4xx_StdPeriph_Driver/src/stm32f4xx_rng.c ****   * @brief  Enables or disables the RNG peripheral.
 105:libs/STM32F4xx_StdPeriph_Driver/src/stm32f4xx_rng.c ****   * @param  NewState: new state of the RNG peripheral.
 106:libs/STM32F4xx_StdPeriph_Driver/src/stm32f4xx_rng.c ****   *          This parameter can be: ENABLE or DISABLE.
 107:libs/STM32F4xx_StdPeriph_Driver/src/stm32f4xx_rng.c ****   * @retval None
 108:libs/STM32F4xx_StdPeriph_Driver/src/stm32f4xx_rng.c ****   */
 109:libs/STM32F4xx_StdPeriph_Driver/src/stm32f4xx_rng.c **** void RNG_Cmd(FunctionalState NewState)
 110:libs/STM32F4xx_StdPeriph_Driver/src/stm32f4xx_rng.c **** {
  59              		.loc 1 110 0
  60              		.cfi_startproc
  61              		@ args = 0, pretend = 0, frame = 0
  62              		@ frame_needed = 0, uses_anonymous_args = 0
  63              		@ link register save eliminated.
  64              	.LVL2:
 111:libs/STM32F4xx_StdPeriph_Driver/src/stm32f4xx_rng.c ****   /* Check the parameters */
 112:libs/STM32F4xx_StdPeriph_Driver/src/stm32f4xx_rng.c ****   assert_param(IS_FUNCTIONAL_STATE(NewState));
 113:libs/STM32F4xx_StdPeriph_Driver/src/stm32f4xx_rng.c **** 
 114:libs/STM32F4xx_StdPeriph_Driver/src/stm32f4xx_rng.c ****   if (NewState != DISABLE)
  65              		.loc 1 114 0
  66 0000 40B1     		cbz	r0, .L3
 115:libs/STM32F4xx_StdPeriph_Driver/src/stm32f4xx_rng.c ****   {
 116:libs/STM32F4xx_StdPeriph_Driver/src/stm32f4xx_rng.c ****     /* Enable the RNG */
 117:libs/STM32F4xx_StdPeriph_Driver/src/stm32f4xx_rng.c ****     RNG->CR |= RNG_CR_RNGEN;
  67              		.loc 1 117 0
  68 0002 4FF40063 		mov	r3, #2048
  69 0006 C5F20603 		movt	r3, 20486
  70 000a 1A68     		ldr	r2, [r3]
  71 000c 42F00402 		orr	r2, r2, #4
  72 0010 1A60     		str	r2, [r3]
  73 0012 7047     		bx	lr
  74              	.L3:
 118:libs/STM32F4xx_StdPeriph_Driver/src/stm32f4xx_rng.c ****   }
 119:libs/STM32F4xx_StdPeriph_Driver/src/stm32f4xx_rng.c ****   else
 120:libs/STM32F4xx_StdPeriph_Driver/src/stm32f4xx_rng.c ****   {
 121:libs/STM32F4xx_StdPeriph_Driver/src/stm32f4xx_rng.c ****     /* Disable the RNG */
 122:libs/STM32F4xx_StdPeriph_Driver/src/stm32f4xx_rng.c ****     RNG->CR &= ~RNG_CR_RNGEN;
  75              		.loc 1 122 0
  76 0014 4FF40063 		mov	r3, #2048
  77 0018 C5F20603 		movt	r3, 20486
  78 001c 1A68     		ldr	r2, [r3]
  79 001e 22F00402 		bic	r2, r2, #4
  80 0022 1A60     		str	r2, [r3]
  81 0024 7047     		bx	lr
  82              		.cfi_endproc
  83              	.LFE111:
  85 0026 00BF     		.section	.text.RNG_GetRandomNumber,"ax",%progbits
  86              		.align	2
  87              		.global	RNG_GetRandomNumber
  88              		.thumb
  89              		.thumb_func
  91              	RNG_GetRandomNumber:
  92              	.LFB112:
 123:libs/STM32F4xx_StdPeriph_Driver/src/stm32f4xx_rng.c ****   }
 124:libs/STM32F4xx_StdPeriph_Driver/src/stm32f4xx_rng.c **** }
 125:libs/STM32F4xx_StdPeriph_Driver/src/stm32f4xx_rng.c **** /**
 126:libs/STM32F4xx_StdPeriph_Driver/src/stm32f4xx_rng.c ****   * @}
 127:libs/STM32F4xx_StdPeriph_Driver/src/stm32f4xx_rng.c ****   */
 128:libs/STM32F4xx_StdPeriph_Driver/src/stm32f4xx_rng.c **** 
 129:libs/STM32F4xx_StdPeriph_Driver/src/stm32f4xx_rng.c **** /** @defgroup RNG_Group2 Get 32 bit Random number function
 130:libs/STM32F4xx_StdPeriph_Driver/src/stm32f4xx_rng.c ****  *  @brief    Get 32 bit Random number function 
 131:libs/STM32F4xx_StdPeriph_Driver/src/stm32f4xx_rng.c ****  *
 132:libs/STM32F4xx_StdPeriph_Driver/src/stm32f4xx_rng.c **** 
 133:libs/STM32F4xx_StdPeriph_Driver/src/stm32f4xx_rng.c **** @verbatim    
 134:libs/STM32F4xx_StdPeriph_Driver/src/stm32f4xx_rng.c ****  ===============================================================================
 135:libs/STM32F4xx_StdPeriph_Driver/src/stm32f4xx_rng.c ****                       Get 32 bit Random number function
 136:libs/STM32F4xx_StdPeriph_Driver/src/stm32f4xx_rng.c ****  ===============================================================================  
 137:libs/STM32F4xx_StdPeriph_Driver/src/stm32f4xx_rng.c ****   This section provides a function allowing to get the 32 bit Random number  
 138:libs/STM32F4xx_StdPeriph_Driver/src/stm32f4xx_rng.c ****   
 139:libs/STM32F4xx_StdPeriph_Driver/src/stm32f4xx_rng.c ****   @note  Before to call this function you have to wait till DRDY flag is set,
 140:libs/STM32F4xx_StdPeriph_Driver/src/stm32f4xx_rng.c ****          using RNG_GetFlagStatus(RNG_FLAG_DRDY) function. 
 141:libs/STM32F4xx_StdPeriph_Driver/src/stm32f4xx_rng.c ****    
 142:libs/STM32F4xx_StdPeriph_Driver/src/stm32f4xx_rng.c **** @endverbatim
 143:libs/STM32F4xx_StdPeriph_Driver/src/stm32f4xx_rng.c ****   * @{
 144:libs/STM32F4xx_StdPeriph_Driver/src/stm32f4xx_rng.c ****   */
 145:libs/STM32F4xx_StdPeriph_Driver/src/stm32f4xx_rng.c **** 
 146:libs/STM32F4xx_StdPeriph_Driver/src/stm32f4xx_rng.c **** 
 147:libs/STM32F4xx_StdPeriph_Driver/src/stm32f4xx_rng.c **** /**
 148:libs/STM32F4xx_StdPeriph_Driver/src/stm32f4xx_rng.c ****   * @brief  Returns a 32-bit random number.
 149:libs/STM32F4xx_StdPeriph_Driver/src/stm32f4xx_rng.c ****   *   
 150:libs/STM32F4xx_StdPeriph_Driver/src/stm32f4xx_rng.c ****   * @note   Before to call this function you have to wait till DRDY (data ready)
 151:libs/STM32F4xx_StdPeriph_Driver/src/stm32f4xx_rng.c ****   *         flag is set, using RNG_GetFlagStatus(RNG_FLAG_DRDY) function.
 152:libs/STM32F4xx_StdPeriph_Driver/src/stm32f4xx_rng.c ****   * @note   Each time the the Random number data is read (using RNG_GetRandomNumber()
 153:libs/STM32F4xx_StdPeriph_Driver/src/stm32f4xx_rng.c ****   *         function), the RNG_FLAG_DRDY flag is automatically cleared.
 154:libs/STM32F4xx_StdPeriph_Driver/src/stm32f4xx_rng.c ****   * @note   In the case of a seed error, the generation of random numbers is 
 155:libs/STM32F4xx_StdPeriph_Driver/src/stm32f4xx_rng.c ****   *         interrupted for as long as the SECS bit is '1'. If a number is 
 156:libs/STM32F4xx_StdPeriph_Driver/src/stm32f4xx_rng.c ****   *         available in the RNG_DR register, it must not be used because it may 
 157:libs/STM32F4xx_StdPeriph_Driver/src/stm32f4xx_rng.c ****   *         not have enough entropy. In this case, it is recommended to clear the 
 158:libs/STM32F4xx_StdPeriph_Driver/src/stm32f4xx_rng.c ****   *         SEIS bit(using RNG_ClearFlag(RNG_FLAG_SECS) function), then disable 
 159:libs/STM32F4xx_StdPeriph_Driver/src/stm32f4xx_rng.c ****   *         and enable the RNG peripheral (using RNG_Cmd() function) to 
 160:libs/STM32F4xx_StdPeriph_Driver/src/stm32f4xx_rng.c ****   *         reinitialize and restart the RNG.
 161:libs/STM32F4xx_StdPeriph_Driver/src/stm32f4xx_rng.c ****   * @note   In the case of a clock error, the RNG is no more able to generate 
 162:libs/STM32F4xx_StdPeriph_Driver/src/stm32f4xx_rng.c ****   *         random numbers because the PLL48CLK clock is not correct. User have 
 163:libs/STM32F4xx_StdPeriph_Driver/src/stm32f4xx_rng.c ****   *         to check that the clock controller is correctly configured to provide
 164:libs/STM32F4xx_StdPeriph_Driver/src/stm32f4xx_rng.c ****   *         the RNG clock and clear the CEIS bit (using RNG_ClearFlag(RNG_FLAG_CECS) 
 165:libs/STM32F4xx_StdPeriph_Driver/src/stm32f4xx_rng.c ****   *         function) . The clock error has no impact on the previously generated 
 166:libs/STM32F4xx_StdPeriph_Driver/src/stm32f4xx_rng.c ****   *         random numbers, and the RNG_DR register contents can be used.
 167:libs/STM32F4xx_StdPeriph_Driver/src/stm32f4xx_rng.c ****   *         
 168:libs/STM32F4xx_StdPeriph_Driver/src/stm32f4xx_rng.c ****   * @param  None
 169:libs/STM32F4xx_StdPeriph_Driver/src/stm32f4xx_rng.c ****   * @retval 32-bit random number.
 170:libs/STM32F4xx_StdPeriph_Driver/src/stm32f4xx_rng.c ****   */
 171:libs/STM32F4xx_StdPeriph_Driver/src/stm32f4xx_rng.c **** uint32_t RNG_GetRandomNumber(void)
 172:libs/STM32F4xx_StdPeriph_Driver/src/stm32f4xx_rng.c **** {
  93              		.loc 1 172 0
  94              		.cfi_startproc
  95              		@ args = 0, pretend = 0, frame = 0
  96              		@ frame_needed = 0, uses_anonymous_args = 0
  97              		@ link register save eliminated.
 173:libs/STM32F4xx_StdPeriph_Driver/src/stm32f4xx_rng.c ****   /* Return the 32 bit random number from the DR register */
 174:libs/STM32F4xx_StdPeriph_Driver/src/stm32f4xx_rng.c ****   return RNG->DR;
  98              		.loc 1 174 0
  99 0000 4FF40063 		mov	r3, #2048
 100 0004 C5F20603 		movt	r3, 20486
 101 0008 9868     		ldr	r0, [r3, #8]
 175:libs/STM32F4xx_StdPeriph_Driver/src/stm32f4xx_rng.c **** }
 102              		.loc 1 175 0
 103 000a 7047     		bx	lr
 104              		.cfi_endproc
 105              	.LFE112:
 107              		.section	.text.RNG_ITConfig,"ax",%progbits
 108              		.align	2
 109              		.global	RNG_ITConfig
 110              		.thumb
 111              		.thumb_func
 113              	RNG_ITConfig:
 114              	.LFB113:
 176:libs/STM32F4xx_StdPeriph_Driver/src/stm32f4xx_rng.c **** 
 177:libs/STM32F4xx_StdPeriph_Driver/src/stm32f4xx_rng.c **** 
 178:libs/STM32F4xx_StdPeriph_Driver/src/stm32f4xx_rng.c **** /**
 179:libs/STM32F4xx_StdPeriph_Driver/src/stm32f4xx_rng.c ****   * @}
 180:libs/STM32F4xx_StdPeriph_Driver/src/stm32f4xx_rng.c ****   */
 181:libs/STM32F4xx_StdPeriph_Driver/src/stm32f4xx_rng.c **** 
 182:libs/STM32F4xx_StdPeriph_Driver/src/stm32f4xx_rng.c **** /** @defgroup RNG_Group3 Interrupts and flags management functions
 183:libs/STM32F4xx_StdPeriph_Driver/src/stm32f4xx_rng.c ****  *  @brief   Interrupts and flags management functions
 184:libs/STM32F4xx_StdPeriph_Driver/src/stm32f4xx_rng.c ****  *
 185:libs/STM32F4xx_StdPeriph_Driver/src/stm32f4xx_rng.c **** @verbatim   
 186:libs/STM32F4xx_StdPeriph_Driver/src/stm32f4xx_rng.c ****  ===============================================================================
 187:libs/STM32F4xx_StdPeriph_Driver/src/stm32f4xx_rng.c ****                    Interrupts and flags management functions
 188:libs/STM32F4xx_StdPeriph_Driver/src/stm32f4xx_rng.c ****  ===============================================================================  
 189:libs/STM32F4xx_StdPeriph_Driver/src/stm32f4xx_rng.c **** 
 190:libs/STM32F4xx_StdPeriph_Driver/src/stm32f4xx_rng.c ****   This section provides functions allowing to configure the RNG Interrupts and 
 191:libs/STM32F4xx_StdPeriph_Driver/src/stm32f4xx_rng.c ****   to get the status and clear flags and Interrupts pending bits.
 192:libs/STM32F4xx_StdPeriph_Driver/src/stm32f4xx_rng.c ****   
 193:libs/STM32F4xx_StdPeriph_Driver/src/stm32f4xx_rng.c ****   The RNG provides 3 Interrupts sources and 3 Flags:
 194:libs/STM32F4xx_StdPeriph_Driver/src/stm32f4xx_rng.c ****   
 195:libs/STM32F4xx_StdPeriph_Driver/src/stm32f4xx_rng.c ****   Flags :
 196:libs/STM32F4xx_StdPeriph_Driver/src/stm32f4xx_rng.c ****   ---------- 
 197:libs/STM32F4xx_StdPeriph_Driver/src/stm32f4xx_rng.c ****      1. RNG_FLAG_DRDY :  In the case of the RNG_DR register contains valid 
 198:libs/STM32F4xx_StdPeriph_Driver/src/stm32f4xx_rng.c ****                          random data. it is cleared by reading the valid data 
 199:libs/STM32F4xx_StdPeriph_Driver/src/stm32f4xx_rng.c ****                          (using RNG_GetRandomNumber() function).
 200:libs/STM32F4xx_StdPeriph_Driver/src/stm32f4xx_rng.c **** 
 201:libs/STM32F4xx_StdPeriph_Driver/src/stm32f4xx_rng.c ****      2. RNG_FLAG_CECS : In the case of a seed error detection. 
 202:libs/STM32F4xx_StdPeriph_Driver/src/stm32f4xx_rng.c ****       
 203:libs/STM32F4xx_StdPeriph_Driver/src/stm32f4xx_rng.c ****      3. RNG_FLAG_SECS : In the case of a clock error detection.
 204:libs/STM32F4xx_StdPeriph_Driver/src/stm32f4xx_rng.c ****               
 205:libs/STM32F4xx_StdPeriph_Driver/src/stm32f4xx_rng.c **** 
 206:libs/STM32F4xx_StdPeriph_Driver/src/stm32f4xx_rng.c ****   Interrupts :
 207:libs/STM32F4xx_StdPeriph_Driver/src/stm32f4xx_rng.c ****   ------------
 208:libs/STM32F4xx_StdPeriph_Driver/src/stm32f4xx_rng.c ****    if enabled, an RNG interrupt is pending :
 209:libs/STM32F4xx_StdPeriph_Driver/src/stm32f4xx_rng.c ****     
 210:libs/STM32F4xx_StdPeriph_Driver/src/stm32f4xx_rng.c ****    1.  In the case of the RNG_DR register contains valid random data. 
 211:libs/STM32F4xx_StdPeriph_Driver/src/stm32f4xx_rng.c ****        This interrupt source is cleared once the RNG_DR register has been read 
 212:libs/STM32F4xx_StdPeriph_Driver/src/stm32f4xx_rng.c ****        (using RNG_GetRandomNumber() function) until a new valid value is 
 213:libs/STM32F4xx_StdPeriph_Driver/src/stm32f4xx_rng.c ****        computed. 
 214:libs/STM32F4xx_StdPeriph_Driver/src/stm32f4xx_rng.c ****    
 215:libs/STM32F4xx_StdPeriph_Driver/src/stm32f4xx_rng.c ****    or 
 216:libs/STM32F4xx_StdPeriph_Driver/src/stm32f4xx_rng.c ****    2. In the case of a seed error : One of the following faulty sequences has 
 217:libs/STM32F4xx_StdPeriph_Driver/src/stm32f4xx_rng.c ****       been detected:
 218:libs/STM32F4xx_StdPeriph_Driver/src/stm32f4xx_rng.c ****       - More than 64 consecutive bits at the same value (0 or 1)
 219:libs/STM32F4xx_StdPeriph_Driver/src/stm32f4xx_rng.c ****       - More than 32 consecutive alternance of 0 and 1 (0101010101...01)
 220:libs/STM32F4xx_StdPeriph_Driver/src/stm32f4xx_rng.c ****       This interrupt source is cleared using RNG_ClearITPendingBit(RNG_IT_SEI)
 221:libs/STM32F4xx_StdPeriph_Driver/src/stm32f4xx_rng.c ****       function.
 222:libs/STM32F4xx_StdPeriph_Driver/src/stm32f4xx_rng.c ****    
 223:libs/STM32F4xx_StdPeriph_Driver/src/stm32f4xx_rng.c ****    or
 224:libs/STM32F4xx_StdPeriph_Driver/src/stm32f4xx_rng.c ****    3. In the case of a clock error : the PLL48CLK (RNG peripheral clock source) 
 225:libs/STM32F4xx_StdPeriph_Driver/src/stm32f4xx_rng.c ****       was not correctly detected (fPLL48CLK< fHCLK/16).
 226:libs/STM32F4xx_StdPeriph_Driver/src/stm32f4xx_rng.c ****       This interrupt source is cleared using RNG_ClearITPendingBit(RNG_IT_CEI)
 227:libs/STM32F4xx_StdPeriph_Driver/src/stm32f4xx_rng.c ****       function.
 228:libs/STM32F4xx_StdPeriph_Driver/src/stm32f4xx_rng.c ****       @note In this case, User have to check that the clock controller is 
 229:libs/STM32F4xx_StdPeriph_Driver/src/stm32f4xx_rng.c ****             correctly configured to provide the RNG clock. 
 230:libs/STM32F4xx_StdPeriph_Driver/src/stm32f4xx_rng.c **** 
 231:libs/STM32F4xx_StdPeriph_Driver/src/stm32f4xx_rng.c ****   Managing the RNG controller events :
 232:libs/STM32F4xx_StdPeriph_Driver/src/stm32f4xx_rng.c ****   ------------------------------------ 
 233:libs/STM32F4xx_StdPeriph_Driver/src/stm32f4xx_rng.c ****   The user should identify which mode will be used in his application to manage 
 234:libs/STM32F4xx_StdPeriph_Driver/src/stm32f4xx_rng.c ****   the RNG controller events: Polling mode or Interrupt mode.
 235:libs/STM32F4xx_StdPeriph_Driver/src/stm32f4xx_rng.c ****   
 236:libs/STM32F4xx_StdPeriph_Driver/src/stm32f4xx_rng.c ****   1.  In the Polling Mode it is advised to use the following functions:
 237:libs/STM32F4xx_StdPeriph_Driver/src/stm32f4xx_rng.c ****       - RNG_GetFlagStatus() : to check if flags events occur. 
 238:libs/STM32F4xx_StdPeriph_Driver/src/stm32f4xx_rng.c ****       - RNG_ClearFlag()     : to clear the flags events.
 239:libs/STM32F4xx_StdPeriph_Driver/src/stm32f4xx_rng.c ****   
 240:libs/STM32F4xx_StdPeriph_Driver/src/stm32f4xx_rng.c ****   @note RNG_FLAG_DRDY can not be cleared by RNG_ClearFlag(). it is cleared only 
 241:libs/STM32F4xx_StdPeriph_Driver/src/stm32f4xx_rng.c ****         by reading the Random number data.      
 242:libs/STM32F4xx_StdPeriph_Driver/src/stm32f4xx_rng.c ****   
 243:libs/STM32F4xx_StdPeriph_Driver/src/stm32f4xx_rng.c ****   2.  In the Interrupt Mode it is advised to use the following functions:
 244:libs/STM32F4xx_StdPeriph_Driver/src/stm32f4xx_rng.c ****       - RNG_ITConfig()       : to enable or disable the interrupt source.
 245:libs/STM32F4xx_StdPeriph_Driver/src/stm32f4xx_rng.c ****       - RNG_GetITStatus()    : to check if Interrupt occurs.
 246:libs/STM32F4xx_StdPeriph_Driver/src/stm32f4xx_rng.c ****       - RNG_ClearITPendingBit() : to clear the Interrupt pending Bit 
 247:libs/STM32F4xx_StdPeriph_Driver/src/stm32f4xx_rng.c ****                                 (corresponding Flag). 
 248:libs/STM32F4xx_StdPeriph_Driver/src/stm32f4xx_rng.c ****   
 249:libs/STM32F4xx_StdPeriph_Driver/src/stm32f4xx_rng.c **** 
 250:libs/STM32F4xx_StdPeriph_Driver/src/stm32f4xx_rng.c **** @endverbatim
 251:libs/STM32F4xx_StdPeriph_Driver/src/stm32f4xx_rng.c ****   * @{
 252:libs/STM32F4xx_StdPeriph_Driver/src/stm32f4xx_rng.c ****   */ 
 253:libs/STM32F4xx_StdPeriph_Driver/src/stm32f4xx_rng.c **** 
 254:libs/STM32F4xx_StdPeriph_Driver/src/stm32f4xx_rng.c **** /**
 255:libs/STM32F4xx_StdPeriph_Driver/src/stm32f4xx_rng.c ****   * @brief  Enables or disables the RNG interrupt.
 256:libs/STM32F4xx_StdPeriph_Driver/src/stm32f4xx_rng.c ****   * @note   The RNG provides 3 interrupt sources,
 257:libs/STM32F4xx_StdPeriph_Driver/src/stm32f4xx_rng.c ****   *           - Computed data is ready event (DRDY), and           
 258:libs/STM32F4xx_StdPeriph_Driver/src/stm32f4xx_rng.c ****   *           - Seed error Interrupt (SEI) and 
 259:libs/STM32F4xx_StdPeriph_Driver/src/stm32f4xx_rng.c ****   *           - Clock error Interrupt (CEI), 
 260:libs/STM32F4xx_StdPeriph_Driver/src/stm32f4xx_rng.c ****   *         all these interrupts sources are enabled by setting the IE bit in 
 261:libs/STM32F4xx_StdPeriph_Driver/src/stm32f4xx_rng.c ****   *         CR register. However, each interrupt have its specific status bit
 262:libs/STM32F4xx_StdPeriph_Driver/src/stm32f4xx_rng.c ****   *         (see RNG_GetITStatus() function) and clear bit except the DRDY event
 263:libs/STM32F4xx_StdPeriph_Driver/src/stm32f4xx_rng.c ****   *         (see RNG_ClearITPendingBit() function).
 264:libs/STM32F4xx_StdPeriph_Driver/src/stm32f4xx_rng.c ****   * @param  NewState: new state of the RNG interrupt.
 265:libs/STM32F4xx_StdPeriph_Driver/src/stm32f4xx_rng.c ****   *          This parameter can be: ENABLE or DISABLE.
 266:libs/STM32F4xx_StdPeriph_Driver/src/stm32f4xx_rng.c ****   * @retval None
 267:libs/STM32F4xx_StdPeriph_Driver/src/stm32f4xx_rng.c ****   */
 268:libs/STM32F4xx_StdPeriph_Driver/src/stm32f4xx_rng.c **** void RNG_ITConfig(FunctionalState NewState)
 269:libs/STM32F4xx_StdPeriph_Driver/src/stm32f4xx_rng.c **** {
 115              		.loc 1 269 0
 116              		.cfi_startproc
 117              		@ args = 0, pretend = 0, frame = 0
 118              		@ frame_needed = 0, uses_anonymous_args = 0
 119              		@ link register save eliminated.
 120              	.LVL3:
 270:libs/STM32F4xx_StdPeriph_Driver/src/stm32f4xx_rng.c ****   /* Check the parameters */
 271:libs/STM32F4xx_StdPeriph_Driver/src/stm32f4xx_rng.c ****   assert_param(IS_FUNCTIONAL_STATE(NewState));
 272:libs/STM32F4xx_StdPeriph_Driver/src/stm32f4xx_rng.c **** 
 273:libs/STM32F4xx_StdPeriph_Driver/src/stm32f4xx_rng.c ****   if (NewState != DISABLE)
 121              		.loc 1 273 0
 122 0000 40B1     		cbz	r0, .L7
 274:libs/STM32F4xx_StdPeriph_Driver/src/stm32f4xx_rng.c ****   {
 275:libs/STM32F4xx_StdPeriph_Driver/src/stm32f4xx_rng.c ****     /* Enable the RNG interrupt */
 276:libs/STM32F4xx_StdPeriph_Driver/src/stm32f4xx_rng.c ****     RNG->CR |= RNG_CR_IE;
 123              		.loc 1 276 0
 124 0002 4FF40063 		mov	r3, #2048
 125 0006 C5F20603 		movt	r3, 20486
 126 000a 1A68     		ldr	r2, [r3]
 127 000c 42F00802 		orr	r2, r2, #8
 128 0010 1A60     		str	r2, [r3]
 129 0012 7047     		bx	lr
 130              	.L7:
 277:libs/STM32F4xx_StdPeriph_Driver/src/stm32f4xx_rng.c ****   }
 278:libs/STM32F4xx_StdPeriph_Driver/src/stm32f4xx_rng.c ****   else
 279:libs/STM32F4xx_StdPeriph_Driver/src/stm32f4xx_rng.c ****   {
 280:libs/STM32F4xx_StdPeriph_Driver/src/stm32f4xx_rng.c ****     /* Disable the RNG interrupt */
 281:libs/STM32F4xx_StdPeriph_Driver/src/stm32f4xx_rng.c ****     RNG->CR &= ~RNG_CR_IE;
 131              		.loc 1 281 0
 132 0014 4FF40063 		mov	r3, #2048
 133 0018 C5F20603 		movt	r3, 20486
 134 001c 1A68     		ldr	r2, [r3]
 135 001e 22F00802 		bic	r2, r2, #8
 136 0022 1A60     		str	r2, [r3]
 137 0024 7047     		bx	lr
 138              		.cfi_endproc
 139              	.LFE113:
 141 0026 00BF     		.section	.text.RNG_GetFlagStatus,"ax",%progbits
 142              		.align	2
 143              		.global	RNG_GetFlagStatus
 144              		.thumb
 145              		.thumb_func
 147              	RNG_GetFlagStatus:
 148              	.LFB114:
 282:libs/STM32F4xx_StdPeriph_Driver/src/stm32f4xx_rng.c ****   }
 283:libs/STM32F4xx_StdPeriph_Driver/src/stm32f4xx_rng.c **** }
 284:libs/STM32F4xx_StdPeriph_Driver/src/stm32f4xx_rng.c **** 
 285:libs/STM32F4xx_StdPeriph_Driver/src/stm32f4xx_rng.c **** /**
 286:libs/STM32F4xx_StdPeriph_Driver/src/stm32f4xx_rng.c ****   * @brief  Checks whether the specified RNG flag is set or not.
 287:libs/STM32F4xx_StdPeriph_Driver/src/stm32f4xx_rng.c ****   * @param  RNG_FLAG: specifies the RNG flag to check.
 288:libs/STM32F4xx_StdPeriph_Driver/src/stm32f4xx_rng.c ****   *          This parameter can be one of the following values:
 289:libs/STM32F4xx_StdPeriph_Driver/src/stm32f4xx_rng.c ****   *            @arg RNG_FLAG_DRDY: Data Ready flag.
 290:libs/STM32F4xx_StdPeriph_Driver/src/stm32f4xx_rng.c ****   *            @arg RNG_FLAG_CECS: Clock Error Current flag.
 291:libs/STM32F4xx_StdPeriph_Driver/src/stm32f4xx_rng.c ****   *            @arg RNG_FLAG_SECS: Seed Error Current flag.
 292:libs/STM32F4xx_StdPeriph_Driver/src/stm32f4xx_rng.c ****   * @retval The new state of RNG_FLAG (SET or RESET).
 293:libs/STM32F4xx_StdPeriph_Driver/src/stm32f4xx_rng.c ****   */
 294:libs/STM32F4xx_StdPeriph_Driver/src/stm32f4xx_rng.c **** FlagStatus RNG_GetFlagStatus(uint8_t RNG_FLAG)
 295:libs/STM32F4xx_StdPeriph_Driver/src/stm32f4xx_rng.c **** {
 149              		.loc 1 295 0
 150              		.cfi_startproc
 151              		@ args = 0, pretend = 0, frame = 0
 152              		@ frame_needed = 0, uses_anonymous_args = 0
 153              		@ link register save eliminated.
 154              	.LVL4:
 296:libs/STM32F4xx_StdPeriph_Driver/src/stm32f4xx_rng.c ****   FlagStatus bitstatus = RESET;
 297:libs/STM32F4xx_StdPeriph_Driver/src/stm32f4xx_rng.c ****   /* Check the parameters */
 298:libs/STM32F4xx_StdPeriph_Driver/src/stm32f4xx_rng.c ****   assert_param(IS_RNG_GET_FLAG(RNG_FLAG));
 299:libs/STM32F4xx_StdPeriph_Driver/src/stm32f4xx_rng.c **** 
 300:libs/STM32F4xx_StdPeriph_Driver/src/stm32f4xx_rng.c ****   /* Check the status of the specified RNG flag */
 301:libs/STM32F4xx_StdPeriph_Driver/src/stm32f4xx_rng.c ****   if ((RNG->SR & RNG_FLAG) != (uint8_t)RESET)
 155              		.loc 1 301 0
 156 0000 4FF40063 		mov	r3, #2048
 157 0004 C5F20603 		movt	r3, 20486
 158 0008 5B68     		ldr	r3, [r3, #4]
 159 000a 1840     		ands	r0, r0, r3
 160              	.LVL5:
 302:libs/STM32F4xx_StdPeriph_Driver/src/stm32f4xx_rng.c ****   {
 303:libs/STM32F4xx_StdPeriph_Driver/src/stm32f4xx_rng.c ****     /* RNG_FLAG is set */
 304:libs/STM32F4xx_StdPeriph_Driver/src/stm32f4xx_rng.c ****     bitstatus = SET;
 305:libs/STM32F4xx_StdPeriph_Driver/src/stm32f4xx_rng.c ****   }
 306:libs/STM32F4xx_StdPeriph_Driver/src/stm32f4xx_rng.c ****   else
 307:libs/STM32F4xx_StdPeriph_Driver/src/stm32f4xx_rng.c ****   {
 308:libs/STM32F4xx_StdPeriph_Driver/src/stm32f4xx_rng.c ****     /* RNG_FLAG is reset */
 309:libs/STM32F4xx_StdPeriph_Driver/src/stm32f4xx_rng.c ****     bitstatus = RESET;
 310:libs/STM32F4xx_StdPeriph_Driver/src/stm32f4xx_rng.c ****   }
 311:libs/STM32F4xx_StdPeriph_Driver/src/stm32f4xx_rng.c ****   /* Return the RNG_FLAG status */
 312:libs/STM32F4xx_StdPeriph_Driver/src/stm32f4xx_rng.c ****   return  bitstatus;
 313:libs/STM32F4xx_StdPeriph_Driver/src/stm32f4xx_rng.c **** }
 161              		.loc 1 313 0
 162 000c 0030     		adds	r0, r0, #0
 163 000e 18BF     		it	ne
 164 0010 0120     		movne	r0, #1
 165              	.LVL6:
 166 0012 7047     		bx	lr
 167              		.cfi_endproc
 168              	.LFE114:
 170              		.section	.text.RNG_ClearFlag,"ax",%progbits
 171              		.align	2
 172              		.global	RNG_ClearFlag
 173              		.thumb
 174              		.thumb_func
 176              	RNG_ClearFlag:
 177              	.LFB115:
 314:libs/STM32F4xx_StdPeriph_Driver/src/stm32f4xx_rng.c **** 
 315:libs/STM32F4xx_StdPeriph_Driver/src/stm32f4xx_rng.c **** 
 316:libs/STM32F4xx_StdPeriph_Driver/src/stm32f4xx_rng.c **** /**
 317:libs/STM32F4xx_StdPeriph_Driver/src/stm32f4xx_rng.c ****   * @brief  Clears the RNG flags.
 318:libs/STM32F4xx_StdPeriph_Driver/src/stm32f4xx_rng.c ****   * @param  RNG_FLAG: specifies the flag to clear. 
 319:libs/STM32F4xx_StdPeriph_Driver/src/stm32f4xx_rng.c ****   *          This parameter can be any combination of the following values:
 320:libs/STM32F4xx_StdPeriph_Driver/src/stm32f4xx_rng.c ****   *            @arg RNG_FLAG_CECS: Clock Error Current flag.
 321:libs/STM32F4xx_StdPeriph_Driver/src/stm32f4xx_rng.c ****   *            @arg RNG_FLAG_SECS: Seed Error Current flag.
 322:libs/STM32F4xx_StdPeriph_Driver/src/stm32f4xx_rng.c ****   * @note   RNG_FLAG_DRDY can not be cleared by RNG_ClearFlag() function. 
 323:libs/STM32F4xx_StdPeriph_Driver/src/stm32f4xx_rng.c ****   *         This flag is cleared only by reading the Random number data (using 
 324:libs/STM32F4xx_StdPeriph_Driver/src/stm32f4xx_rng.c ****   *         RNG_GetRandomNumber() function).                           
 325:libs/STM32F4xx_StdPeriph_Driver/src/stm32f4xx_rng.c ****   * @retval None
 326:libs/STM32F4xx_StdPeriph_Driver/src/stm32f4xx_rng.c ****   */
 327:libs/STM32F4xx_StdPeriph_Driver/src/stm32f4xx_rng.c **** void RNG_ClearFlag(uint8_t RNG_FLAG)
 328:libs/STM32F4xx_StdPeriph_Driver/src/stm32f4xx_rng.c **** {
 178              		.loc 1 328 0
 179              		.cfi_startproc
 180              		@ args = 0, pretend = 0, frame = 0
 181              		@ frame_needed = 0, uses_anonymous_args = 0
 182              		@ link register save eliminated.
 183              	.LVL7:
 329:libs/STM32F4xx_StdPeriph_Driver/src/stm32f4xx_rng.c ****   /* Check the parameters */
 330:libs/STM32F4xx_StdPeriph_Driver/src/stm32f4xx_rng.c ****   assert_param(IS_RNG_CLEAR_FLAG(RNG_FLAG));
 331:libs/STM32F4xx_StdPeriph_Driver/src/stm32f4xx_rng.c ****   /* Clear the selected RNG flags */
 332:libs/STM32F4xx_StdPeriph_Driver/src/stm32f4xx_rng.c ****   RNG->SR = ~(uint32_t)(((uint32_t)RNG_FLAG) << 4);
 184              		.loc 1 332 0
 185 0000 6FEA0010 		mvn	r0, r0, lsl #4
 186              	.LVL8:
 187 0004 4FF40063 		mov	r3, #2048
 188 0008 C5F20603 		movt	r3, 20486
 189 000c 5860     		str	r0, [r3, #4]
 190 000e 7047     		bx	lr
 191              		.cfi_endproc
 192              	.LFE115:
 194              		.section	.text.RNG_GetITStatus,"ax",%progbits
 195              		.align	2
 196              		.global	RNG_GetITStatus
 197              		.thumb
 198              		.thumb_func
 200              	RNG_GetITStatus:
 201              	.LFB116:
 333:libs/STM32F4xx_StdPeriph_Driver/src/stm32f4xx_rng.c **** }
 334:libs/STM32F4xx_StdPeriph_Driver/src/stm32f4xx_rng.c **** 
 335:libs/STM32F4xx_StdPeriph_Driver/src/stm32f4xx_rng.c **** /**
 336:libs/STM32F4xx_StdPeriph_Driver/src/stm32f4xx_rng.c ****   * @brief  Checks whether the specified RNG interrupt has occurred or not.
 337:libs/STM32F4xx_StdPeriph_Driver/src/stm32f4xx_rng.c ****   * @param  RNG_IT: specifies the RNG interrupt source to check.
 338:libs/STM32F4xx_StdPeriph_Driver/src/stm32f4xx_rng.c ****   *          This parameter can be one of the following values:
 339:libs/STM32F4xx_StdPeriph_Driver/src/stm32f4xx_rng.c ****   *            @arg RNG_IT_CEI: Clock Error Interrupt.
 340:libs/STM32F4xx_StdPeriph_Driver/src/stm32f4xx_rng.c ****   *            @arg RNG_IT_SEI: Seed Error Interrupt.                   
 341:libs/STM32F4xx_StdPeriph_Driver/src/stm32f4xx_rng.c ****   * @retval The new state of RNG_IT (SET or RESET).
 342:libs/STM32F4xx_StdPeriph_Driver/src/stm32f4xx_rng.c ****   */
 343:libs/STM32F4xx_StdPeriph_Driver/src/stm32f4xx_rng.c **** ITStatus RNG_GetITStatus(uint8_t RNG_IT)
 344:libs/STM32F4xx_StdPeriph_Driver/src/stm32f4xx_rng.c **** {
 202              		.loc 1 344 0
 203              		.cfi_startproc
 204              		@ args = 0, pretend = 0, frame = 0
 205              		@ frame_needed = 0, uses_anonymous_args = 0
 206              		@ link register save eliminated.
 207              	.LVL9:
 345:libs/STM32F4xx_StdPeriph_Driver/src/stm32f4xx_rng.c ****   ITStatus bitstatus = RESET;
 346:libs/STM32F4xx_StdPeriph_Driver/src/stm32f4xx_rng.c ****   /* Check the parameters */
 347:libs/STM32F4xx_StdPeriph_Driver/src/stm32f4xx_rng.c ****   assert_param(IS_RNG_GET_IT(RNG_IT));
 348:libs/STM32F4xx_StdPeriph_Driver/src/stm32f4xx_rng.c **** 
 349:libs/STM32F4xx_StdPeriph_Driver/src/stm32f4xx_rng.c ****   /* Check the status of the specified RNG interrupt */
 350:libs/STM32F4xx_StdPeriph_Driver/src/stm32f4xx_rng.c ****   if ((RNG->SR & RNG_IT) != (uint8_t)RESET)
 208              		.loc 1 350 0
 209 0000 4FF40063 		mov	r3, #2048
 210 0004 C5F20603 		movt	r3, 20486
 211 0008 5B68     		ldr	r3, [r3, #4]
 212 000a 1840     		ands	r0, r0, r3
 213              	.LVL10:
 351:libs/STM32F4xx_StdPeriph_Driver/src/stm32f4xx_rng.c ****   {
 352:libs/STM32F4xx_StdPeriph_Driver/src/stm32f4xx_rng.c ****     /* RNG_IT is set */
 353:libs/STM32F4xx_StdPeriph_Driver/src/stm32f4xx_rng.c ****     bitstatus = SET;
 354:libs/STM32F4xx_StdPeriph_Driver/src/stm32f4xx_rng.c ****   }
 355:libs/STM32F4xx_StdPeriph_Driver/src/stm32f4xx_rng.c ****   else
 356:libs/STM32F4xx_StdPeriph_Driver/src/stm32f4xx_rng.c ****   {
 357:libs/STM32F4xx_StdPeriph_Driver/src/stm32f4xx_rng.c ****     /* RNG_IT is reset */
 358:libs/STM32F4xx_StdPeriph_Driver/src/stm32f4xx_rng.c ****     bitstatus = RESET;
 359:libs/STM32F4xx_StdPeriph_Driver/src/stm32f4xx_rng.c ****   }
 360:libs/STM32F4xx_StdPeriph_Driver/src/stm32f4xx_rng.c ****   /* Return the RNG_IT status */
 361:libs/STM32F4xx_StdPeriph_Driver/src/stm32f4xx_rng.c ****   return bitstatus;
 362:libs/STM32F4xx_StdPeriph_Driver/src/stm32f4xx_rng.c **** }
 214              		.loc 1 362 0
 215 000c 0030     		adds	r0, r0, #0
 216 000e 18BF     		it	ne
 217 0010 0120     		movne	r0, #1
 218              	.LVL11:
 219 0012 7047     		bx	lr
 220              		.cfi_endproc
 221              	.LFE116:
 223              		.section	.text.RNG_ClearITPendingBit,"ax",%progbits
 224              		.align	2
 225              		.global	RNG_ClearITPendingBit
 226              		.thumb
 227              		.thumb_func
 229              	RNG_ClearITPendingBit:
 230              	.LFB117:
 363:libs/STM32F4xx_StdPeriph_Driver/src/stm32f4xx_rng.c **** 
 364:libs/STM32F4xx_StdPeriph_Driver/src/stm32f4xx_rng.c **** 
 365:libs/STM32F4xx_StdPeriph_Driver/src/stm32f4xx_rng.c **** /**
 366:libs/STM32F4xx_StdPeriph_Driver/src/stm32f4xx_rng.c ****   * @brief  Clears the RNG interrupt pending bit(s).
 367:libs/STM32F4xx_StdPeriph_Driver/src/stm32f4xx_rng.c ****   * @param  RNG_IT: specifies the RNG interrupt pending bit(s) to clear.
 368:libs/STM32F4xx_StdPeriph_Driver/src/stm32f4xx_rng.c ****   *          This parameter can be any combination of the following values:
 369:libs/STM32F4xx_StdPeriph_Driver/src/stm32f4xx_rng.c ****   *            @arg RNG_IT_CEI: Clock Error Interrupt.
 370:libs/STM32F4xx_StdPeriph_Driver/src/stm32f4xx_rng.c ****   *            @arg RNG_IT_SEI: Seed Error Interrupt.
 371:libs/STM32F4xx_StdPeriph_Driver/src/stm32f4xx_rng.c ****   * @retval None
 372:libs/STM32F4xx_StdPeriph_Driver/src/stm32f4xx_rng.c ****   */
 373:libs/STM32F4xx_StdPeriph_Driver/src/stm32f4xx_rng.c **** void RNG_ClearITPendingBit(uint8_t RNG_IT)
 374:libs/STM32F4xx_StdPeriph_Driver/src/stm32f4xx_rng.c **** {
 231              		.loc 1 374 0
 232              		.cfi_startproc
 233              		@ args = 0, pretend = 0, frame = 0
 234              		@ frame_needed = 0, uses_anonymous_args = 0
 235              		@ link register save eliminated.
 236              	.LVL12:
 375:libs/STM32F4xx_StdPeriph_Driver/src/stm32f4xx_rng.c ****   /* Check the parameters */
 376:libs/STM32F4xx_StdPeriph_Driver/src/stm32f4xx_rng.c ****   assert_param(IS_RNG_IT(RNG_IT));
 377:libs/STM32F4xx_StdPeriph_Driver/src/stm32f4xx_rng.c **** 
 378:libs/STM32F4xx_StdPeriph_Driver/src/stm32f4xx_rng.c ****   /* Clear the selected RNG interrupt pending bit */
 379:libs/STM32F4xx_StdPeriph_Driver/src/stm32f4xx_rng.c ****   RNG->SR = (uint8_t)~RNG_IT;
 237              		.loc 1 379 0
 238 0000 C043     		mvns	r0, r0
 239              	.LVL13:
 240 0002 C0B2     		uxtb	r0, r0
 241 0004 4FF40063 		mov	r3, #2048
 242 0008 C5F20603 		movt	r3, 20486
 243 000c 5860     		str	r0, [r3, #4]
 244 000e 7047     		bx	lr
 245              		.cfi_endproc
 246              	.LFE117:
 248              		.text
 249              	.Letext0:
 250              		.file 2 "/usr/include/newlib/machine/_default_types.h"
 251              		.file 3 "/usr/include/newlib/stdint.h"
 252              		.file 4 "libs/Device/STM32F4xx/Include/stm32f4xx.h"
 253              		.file 5 "libs/CMSIS/Include/core_cm4.h"
 254              		.file 6 "libs/STM32F4xx_StdPeriph_Driver/inc/stm32f4xx_rcc.h"
DEFINED SYMBOLS
                            *ABS*:0000000000000000 stm32f4xx_rng.c
     /tmp/cc0fQpQK.s:20     .text.RNG_DeInit:0000000000000000 $t
     /tmp/cc0fQpQK.s:25     .text.RNG_DeInit:0000000000000000 RNG_DeInit
     /tmp/cc0fQpQK.s:52     .text.RNG_Cmd:0000000000000000 $t
     /tmp/cc0fQpQK.s:57     .text.RNG_Cmd:0000000000000000 RNG_Cmd
     /tmp/cc0fQpQK.s:86     .text.RNG_GetRandomNumber:0000000000000000 $t
     /tmp/cc0fQpQK.s:91     .text.RNG_GetRandomNumber:0000000000000000 RNG_GetRandomNumber
     /tmp/cc0fQpQK.s:108    .text.RNG_ITConfig:0000000000000000 $t
     /tmp/cc0fQpQK.s:113    .text.RNG_ITConfig:0000000000000000 RNG_ITConfig
     /tmp/cc0fQpQK.s:142    .text.RNG_GetFlagStatus:0000000000000000 $t
     /tmp/cc0fQpQK.s:147    .text.RNG_GetFlagStatus:0000000000000000 RNG_GetFlagStatus
     /tmp/cc0fQpQK.s:171    .text.RNG_ClearFlag:0000000000000000 $t
     /tmp/cc0fQpQK.s:176    .text.RNG_ClearFlag:0000000000000000 RNG_ClearFlag
     /tmp/cc0fQpQK.s:195    .text.RNG_GetITStatus:0000000000000000 $t
     /tmp/cc0fQpQK.s:200    .text.RNG_GetITStatus:0000000000000000 RNG_GetITStatus
     /tmp/cc0fQpQK.s:224    .text.RNG_ClearITPendingBit:0000000000000000 $t
     /tmp/cc0fQpQK.s:229    .text.RNG_ClearITPendingBit:0000000000000000 RNG_ClearITPendingBit
                     .debug_frame:0000000000000010 $d
                           .group:0000000000000000 wm4.1.7402b5479d3fa4780665141f585fc0ee
                           .group:0000000000000000 wm4.stm32f4xx.h.48.a3308e16720c7afc3eb28e585e628ce6
                           .group:0000000000000000 wm4.core_cm4.h.32.5f62939b60122629d60d85d0c4a14709
                           .group:0000000000000000 wm4.features.h.22.6a4ca7cd053637cc1d0db6c16f39b2d7
                           .group:0000000000000000 wm4._default_types.h.15.8b2cb27e528498f8ff711db085d6e489
                           .group:0000000000000000 wm4.stdint.h.20.796e373797e732130a803d4c0338fa1b
                           .group:0000000000000000 wm4.core_cmInstr.h.25.f50f886f2edf670cf199b35fd96f5c91
                           .group:0000000000000000 wm4.core_cm4_simd.h.29.b4a3fdfb606cb3b26119424324d4b963
                           .group:0000000000000000 wm4.core_cm4.h.153.5393ef7e6cebf34dd51ca528f9218ab3
                           .group:0000000000000000 wm4.stm32f4xx.h.282.95bae448a91bccfbf24a6f9d95904bb8
                           .group:0000000000000000 wm4.stm32f4xx_adc.h.102.2061aa73008746f3c2cc6ce8f635cad3
                           .group:0000000000000000 wm4.stm32f4xx_can.h.25.87f18ca48b2692d39f76e87b1f07c953
                           .group:0000000000000000 wm4.stm32f4xx_cryp.h.25.db1951c06ee684df97ea3a11aba6cb51
                           .group:0000000000000000 wm4.stm32f4xx_dac.h.25.c43557a6416ea4dfa986c1209c2558d6
                           .group:0000000000000000 wm4.stm32f4xx_dbgmcu.h.24.7aedfdcf091890b5cb96019bd29a2bfc
                           .group:0000000000000000 wm4.stm32f4xx_dcmi.h.24.64883d9be802a535b1d7770d14da73e0
                           .group:0000000000000000 wm4.stm32f4xx_dma.h.25.c1fa1d44ae0bc9c2b3a0d1d355d8c1e6
                           .group:0000000000000000 wm4.stm32f4xx_exti.h.25.620998268d5d3d9042a8297fbe07d507
                           .group:0000000000000000 wm4.stm32f4xx_flash.h.25.65d4f351b72ee41355279f70305f361a
                           .group:0000000000000000 wm4.stm32f4xx_fsmc.h.25.b907ac7bd9bec46e02d06b137d53cfd8
                           .group:0000000000000000 wm4.stm32f4xx_hash.h.25.633fb84f031cf2ab1bd834e536716dfa
                           .group:0000000000000000 wm4.stm32f4xx_gpio.h.25.5bd1d790d742a307b55aea5fa8fcdae8
                           .group:0000000000000000 wm4.stm32f4xx_i2c.h.25.8fcdb817a00a67d4624d79bab0d9275f
                           .group:0000000000000000 wm4.stm32f4xx_iwdg.h.25.3013e8d2058415cb9d51af77f748a146
                           .group:0000000000000000 wm4.stm32f4xx_pwr.h.25.48b68c1f3a894ab012f9c2a2c222f159
                           .group:0000000000000000 wm4.stm32f4xx_rcc.h.24.c15e7c8dc065bb29146f29591b195c87
                           .group:0000000000000000 wm4.stm32f4xx_rtc.h.25.4809a79ad46ad97b4a01e735a96738eb
                           .group:0000000000000000 wm4.stm32f4xx_sdio.h.25.406302aabae34eada94e5f2cde635a3e
                           .group:0000000000000000 wm4.stm32f4xx_spi.h.25.46c61b79ff8408da93e2e90cf9b717d6
                           .group:0000000000000000 wm4.stm32f4xx_syscfg.h.25.9d5caab5677661b69e959531364e23d7
                           .group:0000000000000000 wm4.stm32f4xx_tim.h.25.948f7fc943f34bd206e29758e77ee0a2
                           .group:0000000000000000 wm4.stm32f4xx_usart.h.25.b64697dad017ba547dd272c2cdb5846a
                           .group:0000000000000000 wm4.stm32f4xx_wwdg.h.25.09d70b7849c6894ddf1e83c8e86b70e1
                           .group:0000000000000000 wm4.misc.h.25.a0cb758c1f091b46f201b19cec9e63a1
                           .group:0000000000000000 wm4.stm32f4xx.h.6913.da011404ccb203790556c86f10c46b18
                           .group:0000000000000000 wm4.stm32f4xx_rng.h.52.dbe52b3e5ee7f0bebd7860af78b124f8

UNDEFINED SYMBOLS
RCC_AHB2PeriphResetCmd
