   1              		.syntax unified
   2              		.cpu cortex-m4
   3              		.eabi_attribute 27, 3
   4              		.fpu fpv4-sp-d16
   5              		.eabi_attribute 20, 1
   6              		.eabi_attribute 21, 1
   7              		.eabi_attribute 23, 3
   8              		.eabi_attribute 24, 1
   9              		.eabi_attribute 25, 1
  10              		.eabi_attribute 26, 1
  11              		.eabi_attribute 30, 1
  12              		.eabi_attribute 34, 1
  13              		.eabi_attribute 18, 4
  14              		.thumb
  15              		.file	"stm32f4xx_cryp_des.c"
  16              		.text
  17              	.Ltext0:
  18              		.cfi_sections	.debug_frame
  19              		.section	.text.CRYP_DES_ECB,"ax",%progbits
  20              		.align	2
  21              		.global	CRYP_DES_ECB
  22              		.thumb
  23              		.thumb_func
  25              	CRYP_DES_ECB:
  26              	.LFB110:
  27              		.file 1 "libs/STM32F4xx_StdPeriph_Driver/src/stm32f4xx_cryp_des.c"
   1:libs/STM32F4xx_StdPeriph_Driver/src/stm32f4xx_cryp_des.c **** /**
   2:libs/STM32F4xx_StdPeriph_Driver/src/stm32f4xx_cryp_des.c ****   ******************************************************************************
   3:libs/STM32F4xx_StdPeriph_Driver/src/stm32f4xx_cryp_des.c ****   * @file    stm32f4xx_cryp_des.c
   4:libs/STM32F4xx_StdPeriph_Driver/src/stm32f4xx_cryp_des.c ****   * @author  MCD Application Team
   5:libs/STM32F4xx_StdPeriph_Driver/src/stm32f4xx_cryp_des.c ****   * @version V1.0.0RC1
   6:libs/STM32F4xx_StdPeriph_Driver/src/stm32f4xx_cryp_des.c ****   * @date    25-August-2011
   7:libs/STM32F4xx_StdPeriph_Driver/src/stm32f4xx_cryp_des.c ****   * @brief   This file provides high level functions to encrypt and decrypt an 
   8:libs/STM32F4xx_StdPeriph_Driver/src/stm32f4xx_cryp_des.c ****   *          input message using DES in ECB/CBC modes.
   9:libs/STM32F4xx_StdPeriph_Driver/src/stm32f4xx_cryp_des.c ****   *          It uses the stm32f4xx_cryp.c/.h drivers to access the STM32F4xx CRYP
  10:libs/STM32F4xx_StdPeriph_Driver/src/stm32f4xx_cryp_des.c ****   *          peripheral.
  11:libs/STM32F4xx_StdPeriph_Driver/src/stm32f4xx_cryp_des.c ****   *
  12:libs/STM32F4xx_StdPeriph_Driver/src/stm32f4xx_cryp_des.c ****   *  @verbatim
  13:libs/STM32F4xx_StdPeriph_Driver/src/stm32f4xx_cryp_des.c ****   *
  14:libs/STM32F4xx_StdPeriph_Driver/src/stm32f4xx_cryp_des.c ****   *          ===================================================================
  15:libs/STM32F4xx_StdPeriph_Driver/src/stm32f4xx_cryp_des.c ****   *                                   How to use this driver
  16:libs/STM32F4xx_StdPeriph_Driver/src/stm32f4xx_cryp_des.c ****   *          ===================================================================
  17:libs/STM32F4xx_StdPeriph_Driver/src/stm32f4xx_cryp_des.c ****   *          1. Enable The CRYP controller clock using 
  18:libs/STM32F4xx_StdPeriph_Driver/src/stm32f4xx_cryp_des.c ****   *            RCC_AHB2PeriphClockCmd(RCC_AHB2Periph_CRYP, ENABLE); function.
  19:libs/STM32F4xx_StdPeriph_Driver/src/stm32f4xx_cryp_des.c ****   *
  20:libs/STM32F4xx_StdPeriph_Driver/src/stm32f4xx_cryp_des.c ****   *          2. Encrypt and decrypt using DES in ECB Mode using CRYP_DES_ECB()
  21:libs/STM32F4xx_StdPeriph_Driver/src/stm32f4xx_cryp_des.c ****   *             function.
  22:libs/STM32F4xx_StdPeriph_Driver/src/stm32f4xx_cryp_des.c ****   *
  23:libs/STM32F4xx_StdPeriph_Driver/src/stm32f4xx_cryp_des.c ****   *          3. Encrypt and decrypt using DES in CBC Mode using CRYP_DES_CBC()
  24:libs/STM32F4xx_StdPeriph_Driver/src/stm32f4xx_cryp_des.c ****   *             function.
  25:libs/STM32F4xx_StdPeriph_Driver/src/stm32f4xx_cryp_des.c ****   *
  26:libs/STM32F4xx_StdPeriph_Driver/src/stm32f4xx_cryp_des.c ****   *  @endverbatim
  27:libs/STM32F4xx_StdPeriph_Driver/src/stm32f4xx_cryp_des.c ****   *
  28:libs/STM32F4xx_StdPeriph_Driver/src/stm32f4xx_cryp_des.c ****   ******************************************************************************
  29:libs/STM32F4xx_StdPeriph_Driver/src/stm32f4xx_cryp_des.c ****   * @attention
  30:libs/STM32F4xx_StdPeriph_Driver/src/stm32f4xx_cryp_des.c ****   *
  31:libs/STM32F4xx_StdPeriph_Driver/src/stm32f4xx_cryp_des.c ****   * THE PRESENT FIRMWARE WHICH IS FOR GUIDANCE ONLY AIMS AT PROVIDING CUSTOMERS
  32:libs/STM32F4xx_StdPeriph_Driver/src/stm32f4xx_cryp_des.c ****   * WITH CODING INFORMATION REGARDING THEIR PRODUCTS IN ORDER FOR THEM TO SAVE
  33:libs/STM32F4xx_StdPeriph_Driver/src/stm32f4xx_cryp_des.c ****   * TIME. AS A RESULT, STMICROELECTRONICS SHALL NOT BE HELD LIABLE FOR ANY
  34:libs/STM32F4xx_StdPeriph_Driver/src/stm32f4xx_cryp_des.c ****   * DIRECT, INDIRECT OR CONSEQUENTIAL DAMAGES WITH RESPECT TO ANY CLAIMS ARISING
  35:libs/STM32F4xx_StdPeriph_Driver/src/stm32f4xx_cryp_des.c ****   * FROM THE CONTENT OF SUCH FIRMWARE AND/OR THE USE MADE BY CUSTOMERS OF THE
  36:libs/STM32F4xx_StdPeriph_Driver/src/stm32f4xx_cryp_des.c ****   * CODING INFORMATION CONTAINED HEREIN IN CONNECTION WITH THEIR PRODUCTS.
  37:libs/STM32F4xx_StdPeriph_Driver/src/stm32f4xx_cryp_des.c ****   *
  38:libs/STM32F4xx_StdPeriph_Driver/src/stm32f4xx_cryp_des.c ****   * <h2><center>&copy; COPYRIGHT 2011 STMicroelectronics</center></h2>
  39:libs/STM32F4xx_StdPeriph_Driver/src/stm32f4xx_cryp_des.c ****   ******************************************************************************
  40:libs/STM32F4xx_StdPeriph_Driver/src/stm32f4xx_cryp_des.c ****   */
  41:libs/STM32F4xx_StdPeriph_Driver/src/stm32f4xx_cryp_des.c **** 
  42:libs/STM32F4xx_StdPeriph_Driver/src/stm32f4xx_cryp_des.c **** /* Includes ------------------------------------------------------------------*/
  43:libs/STM32F4xx_StdPeriph_Driver/src/stm32f4xx_cryp_des.c **** #include "stm32f4xx_cryp.h"
  44:libs/STM32F4xx_StdPeriph_Driver/src/stm32f4xx_cryp_des.c **** 
  45:libs/STM32F4xx_StdPeriph_Driver/src/stm32f4xx_cryp_des.c **** 
  46:libs/STM32F4xx_StdPeriph_Driver/src/stm32f4xx_cryp_des.c **** /** @addtogroup STM32F4xx_StdPeriph_Driver
  47:libs/STM32F4xx_StdPeriph_Driver/src/stm32f4xx_cryp_des.c ****   * @{
  48:libs/STM32F4xx_StdPeriph_Driver/src/stm32f4xx_cryp_des.c ****   */
  49:libs/STM32F4xx_StdPeriph_Driver/src/stm32f4xx_cryp_des.c **** 
  50:libs/STM32F4xx_StdPeriph_Driver/src/stm32f4xx_cryp_des.c **** /** @defgroup CRYP 
  51:libs/STM32F4xx_StdPeriph_Driver/src/stm32f4xx_cryp_des.c ****   * @brief CRYP driver modules
  52:libs/STM32F4xx_StdPeriph_Driver/src/stm32f4xx_cryp_des.c ****   * @{
  53:libs/STM32F4xx_StdPeriph_Driver/src/stm32f4xx_cryp_des.c ****   */
  54:libs/STM32F4xx_StdPeriph_Driver/src/stm32f4xx_cryp_des.c **** 
  55:libs/STM32F4xx_StdPeriph_Driver/src/stm32f4xx_cryp_des.c **** /* Private typedef -----------------------------------------------------------*/
  56:libs/STM32F4xx_StdPeriph_Driver/src/stm32f4xx_cryp_des.c **** /* Private define ------------------------------------------------------------*/
  57:libs/STM32F4xx_StdPeriph_Driver/src/stm32f4xx_cryp_des.c **** #define DESBUSY_TIMEOUT    ((uint32_t) 0x00010000)
  58:libs/STM32F4xx_StdPeriph_Driver/src/stm32f4xx_cryp_des.c **** 
  59:libs/STM32F4xx_StdPeriph_Driver/src/stm32f4xx_cryp_des.c **** /* Private macro -------------------------------------------------------------*/
  60:libs/STM32F4xx_StdPeriph_Driver/src/stm32f4xx_cryp_des.c **** /* Private variables ---------------------------------------------------------*/
  61:libs/STM32F4xx_StdPeriph_Driver/src/stm32f4xx_cryp_des.c **** /* Private function prototypes -----------------------------------------------*/
  62:libs/STM32F4xx_StdPeriph_Driver/src/stm32f4xx_cryp_des.c **** /* Private functions ---------------------------------------------------------*/
  63:libs/STM32F4xx_StdPeriph_Driver/src/stm32f4xx_cryp_des.c **** 
  64:libs/STM32F4xx_StdPeriph_Driver/src/stm32f4xx_cryp_des.c **** 
  65:libs/STM32F4xx_StdPeriph_Driver/src/stm32f4xx_cryp_des.c **** /** @defgroup CRYP_Private_Functions
  66:libs/STM32F4xx_StdPeriph_Driver/src/stm32f4xx_cryp_des.c ****   * @{
  67:libs/STM32F4xx_StdPeriph_Driver/src/stm32f4xx_cryp_des.c ****   */ 
  68:libs/STM32F4xx_StdPeriph_Driver/src/stm32f4xx_cryp_des.c **** 
  69:libs/STM32F4xx_StdPeriph_Driver/src/stm32f4xx_cryp_des.c **** /** @defgroup CRYP_Group8 High Level DES functions
  70:libs/STM32F4xx_StdPeriph_Driver/src/stm32f4xx_cryp_des.c ****  *  @brief   High Level DES functions 
  71:libs/STM32F4xx_StdPeriph_Driver/src/stm32f4xx_cryp_des.c ****  *
  72:libs/STM32F4xx_StdPeriph_Driver/src/stm32f4xx_cryp_des.c **** @verbatim   
  73:libs/STM32F4xx_StdPeriph_Driver/src/stm32f4xx_cryp_des.c ****  ===============================================================================
  74:libs/STM32F4xx_StdPeriph_Driver/src/stm32f4xx_cryp_des.c ****                           High Level DES functions
  75:libs/STM32F4xx_StdPeriph_Driver/src/stm32f4xx_cryp_des.c ****  ===============================================================================
  76:libs/STM32F4xx_StdPeriph_Driver/src/stm32f4xx_cryp_des.c **** @endverbatim
  77:libs/STM32F4xx_StdPeriph_Driver/src/stm32f4xx_cryp_des.c ****   * @{
  78:libs/STM32F4xx_StdPeriph_Driver/src/stm32f4xx_cryp_des.c ****   */
  79:libs/STM32F4xx_StdPeriph_Driver/src/stm32f4xx_cryp_des.c **** 
  80:libs/STM32F4xx_StdPeriph_Driver/src/stm32f4xx_cryp_des.c **** /**
  81:libs/STM32F4xx_StdPeriph_Driver/src/stm32f4xx_cryp_des.c ****   * @brief  Encrypt and decrypt using DES in ECB Mode
  82:libs/STM32F4xx_StdPeriph_Driver/src/stm32f4xx_cryp_des.c ****   * @param  Mode: encryption or decryption Mode.
  83:libs/STM32F4xx_StdPeriph_Driver/src/stm32f4xx_cryp_des.c ****   *           This parameter can be one of the following values:
  84:libs/STM32F4xx_StdPeriph_Driver/src/stm32f4xx_cryp_des.c ****   *            @arg MODE_ENCRYPT: Encryption
  85:libs/STM32F4xx_StdPeriph_Driver/src/stm32f4xx_cryp_des.c ****   *            @arg MODE_DECRYPT: Decryption
  86:libs/STM32F4xx_StdPeriph_Driver/src/stm32f4xx_cryp_des.c ****   * @param  Key: Key used for DES algorithm.
  87:libs/STM32F4xx_StdPeriph_Driver/src/stm32f4xx_cryp_des.c ****   * @param  Ilength: length of the Input buffer, must be a multiple of 8.
  88:libs/STM32F4xx_StdPeriph_Driver/src/stm32f4xx_cryp_des.c ****   * @param  Input: pointer to the Input buffer.
  89:libs/STM32F4xx_StdPeriph_Driver/src/stm32f4xx_cryp_des.c ****   * @param  Output: pointer to the returned buffer.
  90:libs/STM32F4xx_StdPeriph_Driver/src/stm32f4xx_cryp_des.c ****   * @retval An ErrorStatus enumeration value:
  91:libs/STM32F4xx_StdPeriph_Driver/src/stm32f4xx_cryp_des.c ****   *          - SUCCESS: Operation done
  92:libs/STM32F4xx_StdPeriph_Driver/src/stm32f4xx_cryp_des.c ****   *          - ERROR: Operation failed
  93:libs/STM32F4xx_StdPeriph_Driver/src/stm32f4xx_cryp_des.c ****   */
  94:libs/STM32F4xx_StdPeriph_Driver/src/stm32f4xx_cryp_des.c **** ErrorStatus CRYP_DES_ECB(uint8_t Mode, uint8_t Key[8], uint8_t *Input, 
  95:libs/STM32F4xx_StdPeriph_Driver/src/stm32f4xx_cryp_des.c ****                          uint32_t Ilength, uint8_t *Output)
  96:libs/STM32F4xx_StdPeriph_Driver/src/stm32f4xx_cryp_des.c **** {
  28              		.loc 1 96 0
  29              		.cfi_startproc
  30              		@ args = 4, pretend = 0, frame = 48
  31              		@ frame_needed = 0, uses_anonymous_args = 0
  32              	.LVL0:
  33 0000 2DE9F047 		push	{r4, r5, r6, r7, r8, r9, r10, lr}
  34              	.LCFI0:
  35              		.cfi_def_cfa_offset 32
  36              		.cfi_offset 4, -32
  37              		.cfi_offset 5, -28
  38              		.cfi_offset 6, -24
  39              		.cfi_offset 7, -20
  40              		.cfi_offset 8, -16
  41              		.cfi_offset 9, -12
  42              		.cfi_offset 10, -8
  43              		.cfi_offset 14, -4
  44 0004 8CB0     		sub	sp, sp, #48
  45              	.LCFI1:
  46              		.cfi_def_cfa_offset 80
  47 0006 0646     		mov	r6, r0
  48 0008 0C46     		mov	r4, r1
  49 000a 9A46     		mov	r10, r3
  97:libs/STM32F4xx_StdPeriph_Driver/src/stm32f4xx_cryp_des.c ****   CRYP_InitTypeDef DES_CRYP_InitStructure;
  98:libs/STM32F4xx_StdPeriph_Driver/src/stm32f4xx_cryp_des.c ****   CRYP_KeyInitTypeDef DES_CRYP_KeyInitStructure;
  99:libs/STM32F4xx_StdPeriph_Driver/src/stm32f4xx_cryp_des.c ****   __IO uint32_t counter = 0;
  50              		.loc 1 99 0
  51 000c 0023     		movs	r3, #0
  52              	.LVL1:
  53 000e 0193     		str	r3, [sp, #4]
  54              	.LVL2:
 100:libs/STM32F4xx_StdPeriph_Driver/src/stm32f4xx_cryp_des.c ****   uint32_t busystatus = 0;
 101:libs/STM32F4xx_StdPeriph_Driver/src/stm32f4xx_cryp_des.c ****   ErrorStatus status = SUCCESS;
 102:libs/STM32F4xx_StdPeriph_Driver/src/stm32f4xx_cryp_des.c ****   uint32_t keyaddr    = (uint32_t)Key;
 103:libs/STM32F4xx_StdPeriph_Driver/src/stm32f4xx_cryp_des.c ****   uint32_t inputaddr  = (uint32_t)Input;
  55              		.loc 1 103 0
  56 0010 1546     		mov	r5, r2
  57              	.LVL3:
 104:libs/STM32F4xx_StdPeriph_Driver/src/stm32f4xx_cryp_des.c ****   uint32_t outputaddr = (uint32_t)Output;
  58              		.loc 1 104 0
  59 0012 DDF85090 		ldr	r9, [sp, #80]
  60              	.LVL4:
 105:libs/STM32F4xx_StdPeriph_Driver/src/stm32f4xx_cryp_des.c ****   uint32_t i = 0;
 106:libs/STM32F4xx_StdPeriph_Driver/src/stm32f4xx_cryp_des.c **** 
 107:libs/STM32F4xx_StdPeriph_Driver/src/stm32f4xx_cryp_des.c ****   /* Crypto structures initialisation*/
 108:libs/STM32F4xx_StdPeriph_Driver/src/stm32f4xx_cryp_des.c ****   CRYP_KeyStructInit(&DES_CRYP_KeyInitStructure);
  61              		.loc 1 108 0
  62 0016 02A8     		add	r0, sp, #8
  63              	.LVL5:
  64 0018 FFF7FEFF 		bl	CRYP_KeyStructInit
  65              	.LVL6:
 109:libs/STM32F4xx_StdPeriph_Driver/src/stm32f4xx_cryp_des.c **** 
 110:libs/STM32F4xx_StdPeriph_Driver/src/stm32f4xx_cryp_des.c ****   /* Crypto Init for Encryption process */
 111:libs/STM32F4xx_StdPeriph_Driver/src/stm32f4xx_cryp_des.c ****   if( Mode == MODE_ENCRYPT ) /* DES encryption */
  66              		.loc 1 111 0
  67 001c 012E     		cmp	r6, #1
 112:libs/STM32F4xx_StdPeriph_Driver/src/stm32f4xx_cryp_des.c ****   {
 113:libs/STM32F4xx_StdPeriph_Driver/src/stm32f4xx_cryp_des.c ****      DES_CRYP_InitStructure.CRYP_AlgoDir  = CRYP_AlgoDir_Encrypt;
  68              		.loc 1 113 0
  69 001e 0CBF     		ite	eq
  70 0020 0023     		moveq	r3, #0
 114:libs/STM32F4xx_StdPeriph_Driver/src/stm32f4xx_cryp_des.c ****   }
 115:libs/STM32F4xx_StdPeriph_Driver/src/stm32f4xx_cryp_des.c ****   else/* if( Mode == MODE_DECRYPT )*/ /* DES decryption */
 116:libs/STM32F4xx_StdPeriph_Driver/src/stm32f4xx_cryp_des.c ****   {      
 117:libs/STM32F4xx_StdPeriph_Driver/src/stm32f4xx_cryp_des.c ****      DES_CRYP_InitStructure.CRYP_AlgoDir  = CRYP_AlgoDir_Decrypt;
  71              		.loc 1 117 0
  72 0022 0423     		movne	r3, #4
  73 0024 ADF82830 		strh	r3, [sp, #40]	@ movhi
 118:libs/STM32F4xx_StdPeriph_Driver/src/stm32f4xx_cryp_des.c ****   }
 119:libs/STM32F4xx_StdPeriph_Driver/src/stm32f4xx_cryp_des.c **** 
 120:libs/STM32F4xx_StdPeriph_Driver/src/stm32f4xx_cryp_des.c ****   DES_CRYP_InitStructure.CRYP_AlgoMode = CRYP_AlgoMode_DES_ECB;
  74              		.loc 1 120 0
  75 0028 1023     		movs	r3, #16
  76 002a ADF82A30 		strh	r3, [sp, #42]	@ movhi
 121:libs/STM32F4xx_StdPeriph_Driver/src/stm32f4xx_cryp_des.c ****   DES_CRYP_InitStructure.CRYP_DataType = CRYP_DataType_8b;
  77              		.loc 1 121 0
  78 002e 8023     		movs	r3, #128
  79 0030 ADF82C30 		strh	r3, [sp, #44]	@ movhi
 122:libs/STM32F4xx_StdPeriph_Driver/src/stm32f4xx_cryp_des.c ****   CRYP_Init(&DES_CRYP_InitStructure);
  80              		.loc 1 122 0
  81 0034 0AA8     		add	r0, sp, #40
  82 0036 FFF7FEFF 		bl	CRYP_Init
  83              	.LVL7:
 123:libs/STM32F4xx_StdPeriph_Driver/src/stm32f4xx_cryp_des.c **** 
 124:libs/STM32F4xx_StdPeriph_Driver/src/stm32f4xx_cryp_des.c ****   /* Key Initialisation */
 125:libs/STM32F4xx_StdPeriph_Driver/src/stm32f4xx_cryp_des.c ****   DES_CRYP_KeyInitStructure.CRYP_Key1Left = __REV(*(uint32_t*)(keyaddr));
  84              		.loc 1 125 0
  85 003a 2368     		ldr	r3, [r4]
  86              	.LVL8:
  87              	.LBB14:
  88              	.LBB15:
  89              		.file 2 "libs/CMSIS/Include/core_cmInstr.h"
   1:libs/CMSIS/Include/core_cmInstr.h **** /**************************************************************************//**
   2:libs/CMSIS/Include/core_cmInstr.h ****  * @file     core_cmInstr.h
   3:libs/CMSIS/Include/core_cmInstr.h ****  * @brief    CMSIS Cortex-M Core Instruction Access Header File
   4:libs/CMSIS/Include/core_cmInstr.h ****  * @version  V2.10
   5:libs/CMSIS/Include/core_cmInstr.h ****  * @date     19. July 2011
   6:libs/CMSIS/Include/core_cmInstr.h ****  *
   7:libs/CMSIS/Include/core_cmInstr.h ****  * @note
   8:libs/CMSIS/Include/core_cmInstr.h ****  * Copyright (C) 2009-2011 ARM Limited. All rights reserved.
   9:libs/CMSIS/Include/core_cmInstr.h ****  *
  10:libs/CMSIS/Include/core_cmInstr.h ****  * @par
  11:libs/CMSIS/Include/core_cmInstr.h ****  * ARM Limited (ARM) is supplying this software for use with Cortex-M 
  12:libs/CMSIS/Include/core_cmInstr.h ****  * processor based microcontrollers.  This file can be freely distributed 
  13:libs/CMSIS/Include/core_cmInstr.h ****  * within development tools that are supporting such ARM based processors. 
  14:libs/CMSIS/Include/core_cmInstr.h ****  *
  15:libs/CMSIS/Include/core_cmInstr.h ****  * @par
  16:libs/CMSIS/Include/core_cmInstr.h ****  * THIS SOFTWARE IS PROVIDED "AS IS".  NO WARRANTIES, WHETHER EXPRESS, IMPLIED
  17:libs/CMSIS/Include/core_cmInstr.h ****  * OR STATUTORY, INCLUDING, BUT NOT LIMITED TO, IMPLIED WARRANTIES OF
  18:libs/CMSIS/Include/core_cmInstr.h ****  * MERCHANTABILITY AND FITNESS FOR A PARTICULAR PURPOSE APPLY TO THIS SOFTWARE.
  19:libs/CMSIS/Include/core_cmInstr.h ****  * ARM SHALL NOT, IN ANY CIRCUMSTANCES, BE LIABLE FOR SPECIAL, INCIDENTAL, OR
  20:libs/CMSIS/Include/core_cmInstr.h ****  * CONSEQUENTIAL DAMAGES, FOR ANY REASON WHATSOEVER.
  21:libs/CMSIS/Include/core_cmInstr.h ****  *
  22:libs/CMSIS/Include/core_cmInstr.h ****  ******************************************************************************/
  23:libs/CMSIS/Include/core_cmInstr.h **** 
  24:libs/CMSIS/Include/core_cmInstr.h **** #ifndef __CORE_CMINSTR_H
  25:libs/CMSIS/Include/core_cmInstr.h **** #define __CORE_CMINSTR_H
  26:libs/CMSIS/Include/core_cmInstr.h **** 
  27:libs/CMSIS/Include/core_cmInstr.h **** 
  28:libs/CMSIS/Include/core_cmInstr.h **** /* ##########################  Core Instruction Access  ######################### */
  29:libs/CMSIS/Include/core_cmInstr.h **** /** \defgroup CMSIS_Core_InstructionInterface CMSIS Core Instruction Interface
  30:libs/CMSIS/Include/core_cmInstr.h ****   Access to dedicated instructions
  31:libs/CMSIS/Include/core_cmInstr.h ****   @{
  32:libs/CMSIS/Include/core_cmInstr.h **** */
  33:libs/CMSIS/Include/core_cmInstr.h **** 
  34:libs/CMSIS/Include/core_cmInstr.h **** #if   defined ( __CC_ARM ) /*------------------RealView Compiler -----------------*/
  35:libs/CMSIS/Include/core_cmInstr.h **** /* ARM armcc specific functions */
  36:libs/CMSIS/Include/core_cmInstr.h **** 
  37:libs/CMSIS/Include/core_cmInstr.h **** #if (__ARMCC_VERSION < 400677)
  38:libs/CMSIS/Include/core_cmInstr.h ****   #error "Please use ARM Compiler Toolchain V4.0.677 or later!"
  39:libs/CMSIS/Include/core_cmInstr.h **** #endif
  40:libs/CMSIS/Include/core_cmInstr.h **** 
  41:libs/CMSIS/Include/core_cmInstr.h **** 
  42:libs/CMSIS/Include/core_cmInstr.h **** /** \brief  No Operation
  43:libs/CMSIS/Include/core_cmInstr.h **** 
  44:libs/CMSIS/Include/core_cmInstr.h ****     No Operation does nothing. This instruction can be used for code alignment purposes.
  45:libs/CMSIS/Include/core_cmInstr.h ****  */
  46:libs/CMSIS/Include/core_cmInstr.h **** #define __NOP                             __nop
  47:libs/CMSIS/Include/core_cmInstr.h **** 
  48:libs/CMSIS/Include/core_cmInstr.h **** 
  49:libs/CMSIS/Include/core_cmInstr.h **** /** \brief  Wait For Interrupt
  50:libs/CMSIS/Include/core_cmInstr.h **** 
  51:libs/CMSIS/Include/core_cmInstr.h ****     Wait For Interrupt is a hint instruction that suspends execution
  52:libs/CMSIS/Include/core_cmInstr.h ****     until one of a number of events occurs.
  53:libs/CMSIS/Include/core_cmInstr.h ****  */
  54:libs/CMSIS/Include/core_cmInstr.h **** #define __WFI                             __wfi
  55:libs/CMSIS/Include/core_cmInstr.h **** 
  56:libs/CMSIS/Include/core_cmInstr.h **** 
  57:libs/CMSIS/Include/core_cmInstr.h **** /** \brief  Wait For Event
  58:libs/CMSIS/Include/core_cmInstr.h **** 
  59:libs/CMSIS/Include/core_cmInstr.h ****     Wait For Event is a hint instruction that permits the processor to enter
  60:libs/CMSIS/Include/core_cmInstr.h ****     a low-power state until one of a number of events occurs.
  61:libs/CMSIS/Include/core_cmInstr.h ****  */
  62:libs/CMSIS/Include/core_cmInstr.h **** #define __WFE                             __wfe
  63:libs/CMSIS/Include/core_cmInstr.h **** 
  64:libs/CMSIS/Include/core_cmInstr.h **** 
  65:libs/CMSIS/Include/core_cmInstr.h **** /** \brief  Send Event
  66:libs/CMSIS/Include/core_cmInstr.h **** 
  67:libs/CMSIS/Include/core_cmInstr.h ****     Send Event is a hint instruction. It causes an event to be signaled to the CPU.
  68:libs/CMSIS/Include/core_cmInstr.h ****  */
  69:libs/CMSIS/Include/core_cmInstr.h **** #define __SEV                             __sev
  70:libs/CMSIS/Include/core_cmInstr.h **** 
  71:libs/CMSIS/Include/core_cmInstr.h **** 
  72:libs/CMSIS/Include/core_cmInstr.h **** /** \brief  Instruction Synchronization Barrier
  73:libs/CMSIS/Include/core_cmInstr.h **** 
  74:libs/CMSIS/Include/core_cmInstr.h ****     Instruction Synchronization Barrier flushes the pipeline in the processor, 
  75:libs/CMSIS/Include/core_cmInstr.h ****     so that all instructions following the ISB are fetched from cache or 
  76:libs/CMSIS/Include/core_cmInstr.h ****     memory, after the instruction has been completed.
  77:libs/CMSIS/Include/core_cmInstr.h ****  */
  78:libs/CMSIS/Include/core_cmInstr.h **** #define __ISB()                           __isb(0xF)
  79:libs/CMSIS/Include/core_cmInstr.h **** 
  80:libs/CMSIS/Include/core_cmInstr.h **** 
  81:libs/CMSIS/Include/core_cmInstr.h **** /** \brief  Data Synchronization Barrier
  82:libs/CMSIS/Include/core_cmInstr.h **** 
  83:libs/CMSIS/Include/core_cmInstr.h ****     This function acts as a special kind of Data Memory Barrier. 
  84:libs/CMSIS/Include/core_cmInstr.h ****     It completes when all explicit memory accesses before this instruction complete.
  85:libs/CMSIS/Include/core_cmInstr.h ****  */
  86:libs/CMSIS/Include/core_cmInstr.h **** #define __DSB()                           __dsb(0xF)
  87:libs/CMSIS/Include/core_cmInstr.h **** 
  88:libs/CMSIS/Include/core_cmInstr.h **** 
  89:libs/CMSIS/Include/core_cmInstr.h **** /** \brief  Data Memory Barrier
  90:libs/CMSIS/Include/core_cmInstr.h **** 
  91:libs/CMSIS/Include/core_cmInstr.h ****     This function ensures the apparent order of the explicit memory operations before 
  92:libs/CMSIS/Include/core_cmInstr.h ****     and after the instruction, without ensuring their completion.
  93:libs/CMSIS/Include/core_cmInstr.h ****  */
  94:libs/CMSIS/Include/core_cmInstr.h **** #define __DMB()                           __dmb(0xF)
  95:libs/CMSIS/Include/core_cmInstr.h **** 
  96:libs/CMSIS/Include/core_cmInstr.h **** 
  97:libs/CMSIS/Include/core_cmInstr.h **** /** \brief  Reverse byte order (32 bit)
  98:libs/CMSIS/Include/core_cmInstr.h **** 
  99:libs/CMSIS/Include/core_cmInstr.h ****     This function reverses the byte order in integer value.
 100:libs/CMSIS/Include/core_cmInstr.h **** 
 101:libs/CMSIS/Include/core_cmInstr.h ****     \param [in]    value  Value to reverse
 102:libs/CMSIS/Include/core_cmInstr.h ****     \return               Reversed value
 103:libs/CMSIS/Include/core_cmInstr.h ****  */
 104:libs/CMSIS/Include/core_cmInstr.h **** #define __REV                             __rev
 105:libs/CMSIS/Include/core_cmInstr.h **** 
 106:libs/CMSIS/Include/core_cmInstr.h **** 
 107:libs/CMSIS/Include/core_cmInstr.h **** /** \brief  Reverse byte order (16 bit)
 108:libs/CMSIS/Include/core_cmInstr.h **** 
 109:libs/CMSIS/Include/core_cmInstr.h ****     This function reverses the byte order in two unsigned short values.
 110:libs/CMSIS/Include/core_cmInstr.h **** 
 111:libs/CMSIS/Include/core_cmInstr.h ****     \param [in]    value  Value to reverse
 112:libs/CMSIS/Include/core_cmInstr.h ****     \return               Reversed value
 113:libs/CMSIS/Include/core_cmInstr.h ****  */
 114:libs/CMSIS/Include/core_cmInstr.h **** static __INLINE __ASM uint32_t __REV16(uint32_t value)
 115:libs/CMSIS/Include/core_cmInstr.h **** {
 116:libs/CMSIS/Include/core_cmInstr.h ****   rev16 r0, r0
 117:libs/CMSIS/Include/core_cmInstr.h ****   bx lr
 118:libs/CMSIS/Include/core_cmInstr.h **** }
 119:libs/CMSIS/Include/core_cmInstr.h **** 
 120:libs/CMSIS/Include/core_cmInstr.h **** 
 121:libs/CMSIS/Include/core_cmInstr.h **** /** \brief  Reverse byte order in signed short value
 122:libs/CMSIS/Include/core_cmInstr.h **** 
 123:libs/CMSIS/Include/core_cmInstr.h ****     This function reverses the byte order in a signed short value with sign extension to integer.
 124:libs/CMSIS/Include/core_cmInstr.h **** 
 125:libs/CMSIS/Include/core_cmInstr.h ****     \param [in]    value  Value to reverse
 126:libs/CMSIS/Include/core_cmInstr.h ****     \return               Reversed value
 127:libs/CMSIS/Include/core_cmInstr.h ****  */
 128:libs/CMSIS/Include/core_cmInstr.h **** static __INLINE __ASM int32_t __REVSH(int32_t value)
 129:libs/CMSIS/Include/core_cmInstr.h **** {
 130:libs/CMSIS/Include/core_cmInstr.h ****   revsh r0, r0
 131:libs/CMSIS/Include/core_cmInstr.h ****   bx lr
 132:libs/CMSIS/Include/core_cmInstr.h **** }
 133:libs/CMSIS/Include/core_cmInstr.h **** 
 134:libs/CMSIS/Include/core_cmInstr.h **** 
 135:libs/CMSIS/Include/core_cmInstr.h **** #if       (__CORTEX_M >= 0x03)
 136:libs/CMSIS/Include/core_cmInstr.h **** 
 137:libs/CMSIS/Include/core_cmInstr.h **** /** \brief  Reverse bit order of value
 138:libs/CMSIS/Include/core_cmInstr.h **** 
 139:libs/CMSIS/Include/core_cmInstr.h ****     This function reverses the bit order of the given value.
 140:libs/CMSIS/Include/core_cmInstr.h **** 
 141:libs/CMSIS/Include/core_cmInstr.h ****     \param [in]    value  Value to reverse
 142:libs/CMSIS/Include/core_cmInstr.h ****     \return               Reversed value
 143:libs/CMSIS/Include/core_cmInstr.h ****  */
 144:libs/CMSIS/Include/core_cmInstr.h **** #define __RBIT                            __rbit
 145:libs/CMSIS/Include/core_cmInstr.h **** 
 146:libs/CMSIS/Include/core_cmInstr.h **** 
 147:libs/CMSIS/Include/core_cmInstr.h **** /** \brief  LDR Exclusive (8 bit)
 148:libs/CMSIS/Include/core_cmInstr.h **** 
 149:libs/CMSIS/Include/core_cmInstr.h ****     This function performs a exclusive LDR command for 8 bit value.
 150:libs/CMSIS/Include/core_cmInstr.h **** 
 151:libs/CMSIS/Include/core_cmInstr.h ****     \param [in]    ptr  Pointer to data
 152:libs/CMSIS/Include/core_cmInstr.h ****     \return             value of type uint8_t at (*ptr)
 153:libs/CMSIS/Include/core_cmInstr.h ****  */
 154:libs/CMSIS/Include/core_cmInstr.h **** #define __LDREXB(ptr)                     ((uint8_t ) __ldrex(ptr))
 155:libs/CMSIS/Include/core_cmInstr.h **** 
 156:libs/CMSIS/Include/core_cmInstr.h **** 
 157:libs/CMSIS/Include/core_cmInstr.h **** /** \brief  LDR Exclusive (16 bit)
 158:libs/CMSIS/Include/core_cmInstr.h **** 
 159:libs/CMSIS/Include/core_cmInstr.h ****     This function performs a exclusive LDR command for 16 bit values.
 160:libs/CMSIS/Include/core_cmInstr.h **** 
 161:libs/CMSIS/Include/core_cmInstr.h ****     \param [in]    ptr  Pointer to data
 162:libs/CMSIS/Include/core_cmInstr.h ****     \return        value of type uint16_t at (*ptr)
 163:libs/CMSIS/Include/core_cmInstr.h ****  */
 164:libs/CMSIS/Include/core_cmInstr.h **** #define __LDREXH(ptr)                     ((uint16_t) __ldrex(ptr))
 165:libs/CMSIS/Include/core_cmInstr.h **** 
 166:libs/CMSIS/Include/core_cmInstr.h **** 
 167:libs/CMSIS/Include/core_cmInstr.h **** /** \brief  LDR Exclusive (32 bit)
 168:libs/CMSIS/Include/core_cmInstr.h **** 
 169:libs/CMSIS/Include/core_cmInstr.h ****     This function performs a exclusive LDR command for 32 bit values.
 170:libs/CMSIS/Include/core_cmInstr.h **** 
 171:libs/CMSIS/Include/core_cmInstr.h ****     \param [in]    ptr  Pointer to data
 172:libs/CMSIS/Include/core_cmInstr.h ****     \return        value of type uint32_t at (*ptr)
 173:libs/CMSIS/Include/core_cmInstr.h ****  */
 174:libs/CMSIS/Include/core_cmInstr.h **** #define __LDREXW(ptr)                     ((uint32_t ) __ldrex(ptr))
 175:libs/CMSIS/Include/core_cmInstr.h **** 
 176:libs/CMSIS/Include/core_cmInstr.h **** 
 177:libs/CMSIS/Include/core_cmInstr.h **** /** \brief  STR Exclusive (8 bit)
 178:libs/CMSIS/Include/core_cmInstr.h **** 
 179:libs/CMSIS/Include/core_cmInstr.h ****     This function performs a exclusive STR command for 8 bit values.
 180:libs/CMSIS/Include/core_cmInstr.h **** 
 181:libs/CMSIS/Include/core_cmInstr.h ****     \param [in]  value  Value to store
 182:libs/CMSIS/Include/core_cmInstr.h ****     \param [in]    ptr  Pointer to location
 183:libs/CMSIS/Include/core_cmInstr.h ****     \return          0  Function succeeded
 184:libs/CMSIS/Include/core_cmInstr.h ****     \return          1  Function failed
 185:libs/CMSIS/Include/core_cmInstr.h ****  */
 186:libs/CMSIS/Include/core_cmInstr.h **** #define __STREXB(value, ptr)              __strex(value, ptr)
 187:libs/CMSIS/Include/core_cmInstr.h **** 
 188:libs/CMSIS/Include/core_cmInstr.h **** 
 189:libs/CMSIS/Include/core_cmInstr.h **** /** \brief  STR Exclusive (16 bit)
 190:libs/CMSIS/Include/core_cmInstr.h **** 
 191:libs/CMSIS/Include/core_cmInstr.h ****     This function performs a exclusive STR command for 16 bit values.
 192:libs/CMSIS/Include/core_cmInstr.h **** 
 193:libs/CMSIS/Include/core_cmInstr.h ****     \param [in]  value  Value to store
 194:libs/CMSIS/Include/core_cmInstr.h ****     \param [in]    ptr  Pointer to location
 195:libs/CMSIS/Include/core_cmInstr.h ****     \return          0  Function succeeded
 196:libs/CMSIS/Include/core_cmInstr.h ****     \return          1  Function failed
 197:libs/CMSIS/Include/core_cmInstr.h ****  */
 198:libs/CMSIS/Include/core_cmInstr.h **** #define __STREXH(value, ptr)              __strex(value, ptr)
 199:libs/CMSIS/Include/core_cmInstr.h **** 
 200:libs/CMSIS/Include/core_cmInstr.h **** 
 201:libs/CMSIS/Include/core_cmInstr.h **** /** \brief  STR Exclusive (32 bit)
 202:libs/CMSIS/Include/core_cmInstr.h **** 
 203:libs/CMSIS/Include/core_cmInstr.h ****     This function performs a exclusive STR command for 32 bit values.
 204:libs/CMSIS/Include/core_cmInstr.h **** 
 205:libs/CMSIS/Include/core_cmInstr.h ****     \param [in]  value  Value to store
 206:libs/CMSIS/Include/core_cmInstr.h ****     \param [in]    ptr  Pointer to location
 207:libs/CMSIS/Include/core_cmInstr.h ****     \return          0  Function succeeded
 208:libs/CMSIS/Include/core_cmInstr.h ****     \return          1  Function failed
 209:libs/CMSIS/Include/core_cmInstr.h ****  */
 210:libs/CMSIS/Include/core_cmInstr.h **** #define __STREXW(value, ptr)              __strex(value, ptr)
 211:libs/CMSIS/Include/core_cmInstr.h **** 
 212:libs/CMSIS/Include/core_cmInstr.h **** 
 213:libs/CMSIS/Include/core_cmInstr.h **** /** \brief  Remove the exclusive lock
 214:libs/CMSIS/Include/core_cmInstr.h **** 
 215:libs/CMSIS/Include/core_cmInstr.h ****     This function removes the exclusive lock which is created by LDREX.
 216:libs/CMSIS/Include/core_cmInstr.h **** 
 217:libs/CMSIS/Include/core_cmInstr.h ****  */
 218:libs/CMSIS/Include/core_cmInstr.h **** #define __CLREX                           __clrex
 219:libs/CMSIS/Include/core_cmInstr.h **** 
 220:libs/CMSIS/Include/core_cmInstr.h **** 
 221:libs/CMSIS/Include/core_cmInstr.h **** /** \brief  Signed Saturate
 222:libs/CMSIS/Include/core_cmInstr.h **** 
 223:libs/CMSIS/Include/core_cmInstr.h ****     This function saturates a signed value.
 224:libs/CMSIS/Include/core_cmInstr.h **** 
 225:libs/CMSIS/Include/core_cmInstr.h ****     \param [in]  value  Value to be saturated
 226:libs/CMSIS/Include/core_cmInstr.h ****     \param [in]    sat  Bit position to saturate to (1..32)
 227:libs/CMSIS/Include/core_cmInstr.h ****     \return             Saturated value
 228:libs/CMSIS/Include/core_cmInstr.h ****  */
 229:libs/CMSIS/Include/core_cmInstr.h **** #define __SSAT                            __ssat
 230:libs/CMSIS/Include/core_cmInstr.h **** 
 231:libs/CMSIS/Include/core_cmInstr.h **** 
 232:libs/CMSIS/Include/core_cmInstr.h **** /** \brief  Unsigned Saturate
 233:libs/CMSIS/Include/core_cmInstr.h **** 
 234:libs/CMSIS/Include/core_cmInstr.h ****     This function saturates an unsigned value.
 235:libs/CMSIS/Include/core_cmInstr.h **** 
 236:libs/CMSIS/Include/core_cmInstr.h ****     \param [in]  value  Value to be saturated
 237:libs/CMSIS/Include/core_cmInstr.h ****     \param [in]    sat  Bit position to saturate to (0..31)
 238:libs/CMSIS/Include/core_cmInstr.h ****     \return             Saturated value
 239:libs/CMSIS/Include/core_cmInstr.h ****  */
 240:libs/CMSIS/Include/core_cmInstr.h **** #define __USAT                            __usat
 241:libs/CMSIS/Include/core_cmInstr.h **** 
 242:libs/CMSIS/Include/core_cmInstr.h **** 
 243:libs/CMSIS/Include/core_cmInstr.h **** /** \brief  Count leading zeros
 244:libs/CMSIS/Include/core_cmInstr.h **** 
 245:libs/CMSIS/Include/core_cmInstr.h ****     This function counts the number of leading zeros of a data value.
 246:libs/CMSIS/Include/core_cmInstr.h **** 
 247:libs/CMSIS/Include/core_cmInstr.h ****     \param [in]  value  Value to count the leading zeros
 248:libs/CMSIS/Include/core_cmInstr.h ****     \return             number of leading zeros in value
 249:libs/CMSIS/Include/core_cmInstr.h ****  */
 250:libs/CMSIS/Include/core_cmInstr.h **** #define __CLZ                             __clz 
 251:libs/CMSIS/Include/core_cmInstr.h **** 
 252:libs/CMSIS/Include/core_cmInstr.h **** #endif /* (__CORTEX_M >= 0x03) */
 253:libs/CMSIS/Include/core_cmInstr.h **** 
 254:libs/CMSIS/Include/core_cmInstr.h **** 
 255:libs/CMSIS/Include/core_cmInstr.h **** 
 256:libs/CMSIS/Include/core_cmInstr.h **** #elif defined ( __ICCARM__ ) /*------------------ ICC Compiler -------------------*/
 257:libs/CMSIS/Include/core_cmInstr.h **** /* IAR iccarm specific functions */
 258:libs/CMSIS/Include/core_cmInstr.h **** 
 259:libs/CMSIS/Include/core_cmInstr.h **** #include <cmsis_iar.h>
 260:libs/CMSIS/Include/core_cmInstr.h **** 
 261:libs/CMSIS/Include/core_cmInstr.h **** 
 262:libs/CMSIS/Include/core_cmInstr.h **** #elif defined ( __GNUC__ ) /*------------------ GNU Compiler ---------------------*/
 263:libs/CMSIS/Include/core_cmInstr.h **** /* GNU gcc specific functions */
 264:libs/CMSIS/Include/core_cmInstr.h **** 
 265:libs/CMSIS/Include/core_cmInstr.h **** /** \brief  No Operation
 266:libs/CMSIS/Include/core_cmInstr.h **** 
 267:libs/CMSIS/Include/core_cmInstr.h ****     No Operation does nothing. This instruction can be used for code alignment purposes.
 268:libs/CMSIS/Include/core_cmInstr.h ****  */
 269:libs/CMSIS/Include/core_cmInstr.h **** __attribute__( ( always_inline ) ) static __INLINE void __NOP(void)
 270:libs/CMSIS/Include/core_cmInstr.h **** {
 271:libs/CMSIS/Include/core_cmInstr.h ****   __ASM volatile ("nop");
 272:libs/CMSIS/Include/core_cmInstr.h **** }
 273:libs/CMSIS/Include/core_cmInstr.h **** 
 274:libs/CMSIS/Include/core_cmInstr.h **** 
 275:libs/CMSIS/Include/core_cmInstr.h **** /** \brief  Wait For Interrupt
 276:libs/CMSIS/Include/core_cmInstr.h **** 
 277:libs/CMSIS/Include/core_cmInstr.h ****     Wait For Interrupt is a hint instruction that suspends execution
 278:libs/CMSIS/Include/core_cmInstr.h ****     until one of a number of events occurs.
 279:libs/CMSIS/Include/core_cmInstr.h ****  */
 280:libs/CMSIS/Include/core_cmInstr.h **** __attribute__( ( always_inline ) ) static __INLINE void __WFI(void)
 281:libs/CMSIS/Include/core_cmInstr.h **** {
 282:libs/CMSIS/Include/core_cmInstr.h ****   __ASM volatile ("wfi");
 283:libs/CMSIS/Include/core_cmInstr.h **** }
 284:libs/CMSIS/Include/core_cmInstr.h **** 
 285:libs/CMSIS/Include/core_cmInstr.h **** 
 286:libs/CMSIS/Include/core_cmInstr.h **** /** \brief  Wait For Event
 287:libs/CMSIS/Include/core_cmInstr.h **** 
 288:libs/CMSIS/Include/core_cmInstr.h ****     Wait For Event is a hint instruction that permits the processor to enter
 289:libs/CMSIS/Include/core_cmInstr.h ****     a low-power state until one of a number of events occurs.
 290:libs/CMSIS/Include/core_cmInstr.h ****  */
 291:libs/CMSIS/Include/core_cmInstr.h **** __attribute__( ( always_inline ) ) static __INLINE void __WFE(void)
 292:libs/CMSIS/Include/core_cmInstr.h **** {
 293:libs/CMSIS/Include/core_cmInstr.h ****   __ASM volatile ("wfe");
 294:libs/CMSIS/Include/core_cmInstr.h **** }
 295:libs/CMSIS/Include/core_cmInstr.h **** 
 296:libs/CMSIS/Include/core_cmInstr.h **** 
 297:libs/CMSIS/Include/core_cmInstr.h **** /** \brief  Send Event
 298:libs/CMSIS/Include/core_cmInstr.h **** 
 299:libs/CMSIS/Include/core_cmInstr.h ****     Send Event is a hint instruction. It causes an event to be signaled to the CPU.
 300:libs/CMSIS/Include/core_cmInstr.h ****  */
 301:libs/CMSIS/Include/core_cmInstr.h **** __attribute__( ( always_inline ) ) static __INLINE void __SEV(void)
 302:libs/CMSIS/Include/core_cmInstr.h **** {
 303:libs/CMSIS/Include/core_cmInstr.h ****   __ASM volatile ("sev");
 304:libs/CMSIS/Include/core_cmInstr.h **** }
 305:libs/CMSIS/Include/core_cmInstr.h **** 
 306:libs/CMSIS/Include/core_cmInstr.h **** 
 307:libs/CMSIS/Include/core_cmInstr.h **** /** \brief  Instruction Synchronization Barrier
 308:libs/CMSIS/Include/core_cmInstr.h **** 
 309:libs/CMSIS/Include/core_cmInstr.h ****     Instruction Synchronization Barrier flushes the pipeline in the processor, 
 310:libs/CMSIS/Include/core_cmInstr.h ****     so that all instructions following the ISB are fetched from cache or 
 311:libs/CMSIS/Include/core_cmInstr.h ****     memory, after the instruction has been completed.
 312:libs/CMSIS/Include/core_cmInstr.h ****  */
 313:libs/CMSIS/Include/core_cmInstr.h **** __attribute__( ( always_inline ) ) static __INLINE void __ISB(void)
 314:libs/CMSIS/Include/core_cmInstr.h **** {
 315:libs/CMSIS/Include/core_cmInstr.h ****   __ASM volatile ("isb");
 316:libs/CMSIS/Include/core_cmInstr.h **** }
 317:libs/CMSIS/Include/core_cmInstr.h **** 
 318:libs/CMSIS/Include/core_cmInstr.h **** 
 319:libs/CMSIS/Include/core_cmInstr.h **** /** \brief  Data Synchronization Barrier
 320:libs/CMSIS/Include/core_cmInstr.h **** 
 321:libs/CMSIS/Include/core_cmInstr.h ****     This function acts as a special kind of Data Memory Barrier. 
 322:libs/CMSIS/Include/core_cmInstr.h ****     It completes when all explicit memory accesses before this instruction complete.
 323:libs/CMSIS/Include/core_cmInstr.h ****  */
 324:libs/CMSIS/Include/core_cmInstr.h **** __attribute__( ( always_inline ) ) static __INLINE void __DSB(void)
 325:libs/CMSIS/Include/core_cmInstr.h **** {
 326:libs/CMSIS/Include/core_cmInstr.h ****   __ASM volatile ("dsb");
 327:libs/CMSIS/Include/core_cmInstr.h **** }
 328:libs/CMSIS/Include/core_cmInstr.h **** 
 329:libs/CMSIS/Include/core_cmInstr.h **** 
 330:libs/CMSIS/Include/core_cmInstr.h **** /** \brief  Data Memory Barrier
 331:libs/CMSIS/Include/core_cmInstr.h **** 
 332:libs/CMSIS/Include/core_cmInstr.h ****     This function ensures the apparent order of the explicit memory operations before 
 333:libs/CMSIS/Include/core_cmInstr.h ****     and after the instruction, without ensuring their completion.
 334:libs/CMSIS/Include/core_cmInstr.h ****  */
 335:libs/CMSIS/Include/core_cmInstr.h **** __attribute__( ( always_inline ) ) static __INLINE void __DMB(void)
 336:libs/CMSIS/Include/core_cmInstr.h **** {
 337:libs/CMSIS/Include/core_cmInstr.h ****   __ASM volatile ("dmb");
 338:libs/CMSIS/Include/core_cmInstr.h **** }
 339:libs/CMSIS/Include/core_cmInstr.h **** 
 340:libs/CMSIS/Include/core_cmInstr.h **** 
 341:libs/CMSIS/Include/core_cmInstr.h **** /** \brief  Reverse byte order (32 bit)
 342:libs/CMSIS/Include/core_cmInstr.h **** 
 343:libs/CMSIS/Include/core_cmInstr.h ****     This function reverses the byte order in integer value.
 344:libs/CMSIS/Include/core_cmInstr.h **** 
 345:libs/CMSIS/Include/core_cmInstr.h ****     \param [in]    value  Value to reverse
 346:libs/CMSIS/Include/core_cmInstr.h ****     \return               Reversed value
 347:libs/CMSIS/Include/core_cmInstr.h ****  */
 348:libs/CMSIS/Include/core_cmInstr.h **** __attribute__( ( always_inline ) ) static __INLINE uint32_t __REV(uint32_t value)
 349:libs/CMSIS/Include/core_cmInstr.h **** {
 350:libs/CMSIS/Include/core_cmInstr.h ****   uint32_t result;
 351:libs/CMSIS/Include/core_cmInstr.h ****   
 352:libs/CMSIS/Include/core_cmInstr.h ****   __ASM volatile ("rev %0, %1" : "=r" (result) : "r" (value) );
  90              		.loc 2 352 0
  91              	@ 352 "libs/CMSIS/Include/core_cmInstr.h" 1
  92 003c 1BBA     		rev r3, r3
  93              	@ 0 "" 2
  94              	.LVL9:
  95              		.thumb
  96              	.LBE15:
  97              	.LBE14:
  98              		.loc 1 125 0
  99 003e 0493     		str	r3, [sp, #16]
 100              	.LVL10:
 126:libs/STM32F4xx_StdPeriph_Driver/src/stm32f4xx_cryp_des.c ****   keyaddr+=4;
 127:libs/STM32F4xx_StdPeriph_Driver/src/stm32f4xx_cryp_des.c ****   DES_CRYP_KeyInitStructure.CRYP_Key1Right= __REV(*(uint32_t*)(keyaddr));
 101              		.loc 1 127 0
 102 0040 6368     		ldr	r3, [r4, #4]
 103              	.LVL11:
 104              	.LBB16:
 105              	.LBB17:
 106              		.loc 2 352 0
 107              	@ 352 "libs/CMSIS/Include/core_cmInstr.h" 1
 108 0042 1BBA     		rev r3, r3
 109              	@ 0 "" 2
 110              	.LVL12:
 111              		.thumb
 112              	.LBE17:
 113              	.LBE16:
 114              		.loc 1 127 0
 115 0044 0593     		str	r3, [sp, #20]
 128:libs/STM32F4xx_StdPeriph_Driver/src/stm32f4xx_cryp_des.c ****   CRYP_KeyInit(& DES_CRYP_KeyInitStructure);
 116              		.loc 1 128 0
 117 0046 02A8     		add	r0, sp, #8
 118 0048 FFF7FEFF 		bl	CRYP_KeyInit
 119              	.LVL13:
 129:libs/STM32F4xx_StdPeriph_Driver/src/stm32f4xx_cryp_des.c **** 
 130:libs/STM32F4xx_StdPeriph_Driver/src/stm32f4xx_cryp_des.c ****   /* Flush IN/OUT FIFO */
 131:libs/STM32F4xx_StdPeriph_Driver/src/stm32f4xx_cryp_des.c ****   CRYP_FIFOFlush();
 120              		.loc 1 131 0
 121 004c FFF7FEFF 		bl	CRYP_FIFOFlush
 122              	.LVL14:
 132:libs/STM32F4xx_StdPeriph_Driver/src/stm32f4xx_cryp_des.c **** 
 133:libs/STM32F4xx_StdPeriph_Driver/src/stm32f4xx_cryp_des.c ****   /* Enable Crypto processor */
 134:libs/STM32F4xx_StdPeriph_Driver/src/stm32f4xx_cryp_des.c ****   CRYP_Cmd(ENABLE);
 123              		.loc 1 134 0
 124 0050 0120     		movs	r0, #1
 125 0052 FFF7FEFF 		bl	CRYP_Cmd
 126              	.LVL15:
 135:libs/STM32F4xx_StdPeriph_Driver/src/stm32f4xx_cryp_des.c **** 
 136:libs/STM32F4xx_StdPeriph_Driver/src/stm32f4xx_cryp_des.c ****   for(i=0; ((i<Ilength) && (status != ERROR)); i+=8)
 127              		.loc 1 136 0
 128 0056 0026     		movs	r6, #0
 101:libs/STM32F4xx_StdPeriph_Driver/src/stm32f4xx_cryp_des.c ****   uint32_t keyaddr    = (uint32_t)Key;
 129              		.loc 1 101 0
 130 0058 0127     		movs	r7, #1
 137:libs/STM32F4xx_StdPeriph_Driver/src/stm32f4xx_cryp_des.c ****   {
 138:libs/STM32F4xx_StdPeriph_Driver/src/stm32f4xx_cryp_des.c **** 
 139:libs/STM32F4xx_StdPeriph_Driver/src/stm32f4xx_cryp_des.c ****     /* Write the Input block in the Input FIFO */
 140:libs/STM32F4xx_StdPeriph_Driver/src/stm32f4xx_cryp_des.c ****     CRYP_DataIn(*(uint32_t*)(inputaddr));
 141:libs/STM32F4xx_StdPeriph_Driver/src/stm32f4xx_cryp_des.c ****     inputaddr+=4;
 142:libs/STM32F4xx_StdPeriph_Driver/src/stm32f4xx_cryp_des.c ****     CRYP_DataIn(*(uint32_t*)(inputaddr));
 143:libs/STM32F4xx_StdPeriph_Driver/src/stm32f4xx_cryp_des.c ****     inputaddr+=4;
 144:libs/STM32F4xx_StdPeriph_Driver/src/stm32f4xx_cryp_des.c **** 
 145:libs/STM32F4xx_StdPeriph_Driver/src/stm32f4xx_cryp_des.c **** /* Wait until the complete message has been processed */
 146:libs/STM32F4xx_StdPeriph_Driver/src/stm32f4xx_cryp_des.c ****     counter = 0;
 131              		.loc 1 146 0
 132 005a B046     		mov	r8, r6
 147:libs/STM32F4xx_StdPeriph_Driver/src/stm32f4xx_cryp_des.c ****     do
 148:libs/STM32F4xx_StdPeriph_Driver/src/stm32f4xx_cryp_des.c ****     {
 149:libs/STM32F4xx_StdPeriph_Driver/src/stm32f4xx_cryp_des.c ****       busystatus = CRYP_GetFlagStatus(CRYP_FLAG_BUSY);
 133              		.loc 1 149 0
 134 005c 1024     		movs	r4, #16
 135              	.LVL16:
 136:libs/STM32F4xx_StdPeriph_Driver/src/stm32f4xx_cryp_des.c ****   {
 136              		.loc 1 136 0
 137 005e 23E0     		b	.L4
 138              	.LVL17:
 139              	.L8:
 140:libs/STM32F4xx_StdPeriph_Driver/src/stm32f4xx_cryp_des.c ****     inputaddr+=4;
 140              		.loc 1 140 0
 141 0060 2868     		ldr	r0, [r5]
 142 0062 FFF7FEFF 		bl	CRYP_DataIn
 143              	.LVL18:
 142:libs/STM32F4xx_StdPeriph_Driver/src/stm32f4xx_cryp_des.c ****     inputaddr+=4;
 144              		.loc 1 142 0
 145 0066 6868     		ldr	r0, [r5, #4]
 146 0068 FFF7FEFF 		bl	CRYP_DataIn
 147              	.LVL19:
 143:libs/STM32F4xx_StdPeriph_Driver/src/stm32f4xx_cryp_des.c **** 
 148              		.loc 1 143 0
 149 006c 0835     		adds	r5, r5, #8
 150              	.LVL20:
 146:libs/STM32F4xx_StdPeriph_Driver/src/stm32f4xx_cryp_des.c ****     do
 151              		.loc 1 146 0
 152 006e CDF80480 		str	r8, [sp, #4]
 153              	.L6:
 154              		.loc 1 149 0 discriminator 1
 155 0072 2046     		mov	r0, r4
 156 0074 FFF7FEFF 		bl	CRYP_GetFlagStatus
 157              	.LVL21:
 158 0078 0246     		mov	r2, r0
 159              	.LVL22:
 150:libs/STM32F4xx_StdPeriph_Driver/src/stm32f4xx_cryp_des.c ****       counter++;
 160              		.loc 1 150 0 discriminator 1
 161 007a 019B     		ldr	r3, [sp, #4]
 162 007c 0133     		adds	r3, r3, #1
 163 007e 0193     		str	r3, [sp, #4]
 151:libs/STM32F4xx_StdPeriph_Driver/src/stm32f4xx_cryp_des.c ****     }while ((counter != DESBUSY_TIMEOUT) && (busystatus != RESET));
 164              		.loc 1 151 0 discriminator 1
 165 0080 019B     		ldr	r3, [sp, #4]
 166 0082 B3F5803F 		cmp	r3, #65536
 167 0086 01D0     		beq	.L5
 168 0088 0028     		cmp	r0, #0
 169 008a F2D1     		bne	.L6
 170              	.L5:
 152:libs/STM32F4xx_StdPeriph_Driver/src/stm32f4xx_cryp_des.c **** 
 153:libs/STM32F4xx_StdPeriph_Driver/src/stm32f4xx_cryp_des.c ****     if (busystatus != RESET)
 171              		.loc 1 153 0
 172 008c 52B9     		cbnz	r2, .L9
 154:libs/STM32F4xx_StdPeriph_Driver/src/stm32f4xx_cryp_des.c ****    {
 155:libs/STM32F4xx_StdPeriph_Driver/src/stm32f4xx_cryp_des.c ****        status = ERROR;
 156:libs/STM32F4xx_StdPeriph_Driver/src/stm32f4xx_cryp_des.c ****     }
 157:libs/STM32F4xx_StdPeriph_Driver/src/stm32f4xx_cryp_des.c ****     else
 158:libs/STM32F4xx_StdPeriph_Driver/src/stm32f4xx_cryp_des.c ****     {
 159:libs/STM32F4xx_StdPeriph_Driver/src/stm32f4xx_cryp_des.c **** 
 160:libs/STM32F4xx_StdPeriph_Driver/src/stm32f4xx_cryp_des.c ****       /* Read the Output block from the Output FIFO */
 161:libs/STM32F4xx_StdPeriph_Driver/src/stm32f4xx_cryp_des.c ****       *(uint32_t*)(outputaddr) = CRYP_DataOut();
 173              		.loc 1 161 0
 174 008e FFF7FEFF 		bl	CRYP_DataOut
 175              	.LVL23:
 176 0092 C9F80000 		str	r0, [r9]
 177              	.LVL24:
 162:libs/STM32F4xx_StdPeriph_Driver/src/stm32f4xx_cryp_des.c ****       outputaddr+=4;
 163:libs/STM32F4xx_StdPeriph_Driver/src/stm32f4xx_cryp_des.c ****       *(uint32_t*)(outputaddr) = CRYP_DataOut();
 178              		.loc 1 163 0
 179 0096 FFF7FEFF 		bl	CRYP_DataOut
 180              	.LVL25:
 181 009a C9F80400 		str	r0, [r9, #4]
 164:libs/STM32F4xx_StdPeriph_Driver/src/stm32f4xx_cryp_des.c ****       outputaddr+=4;
 182              		.loc 1 164 0
 183 009e 09F10809 		add	r9, r9, #8
 184              	.LVL26:
 185 00a2 00E0     		b	.L7
 186              	.LVL27:
 187              	.L9:
 155:libs/STM32F4xx_StdPeriph_Driver/src/stm32f4xx_cryp_des.c ****     }
 188              		.loc 1 155 0
 189 00a4 4746     		mov	r7, r8
 190              	.LVL28:
 191              	.L7:
 136:libs/STM32F4xx_StdPeriph_Driver/src/stm32f4xx_cryp_des.c ****   {
 192              		.loc 1 136 0
 193 00a6 0836     		adds	r6, r6, #8
 194              	.LVL29:
 195              	.L4:
 136:libs/STM32F4xx_StdPeriph_Driver/src/stm32f4xx_cryp_des.c ****   {
 196              		.loc 1 136 0 is_stmt 0 discriminator 1
 197 00a8 5645     		cmp	r6, r10
 198 00aa 2CBF     		ite	cs
 199 00ac 0023     		movcs	r3, #0
 200 00ae 07F00103 		andcc	r3, r7, #1
 201 00b2 002B     		cmp	r3, #0
 202 00b4 D4D1     		bne	.L8
 165:libs/STM32F4xx_StdPeriph_Driver/src/stm32f4xx_cryp_des.c ****     }
 166:libs/STM32F4xx_StdPeriph_Driver/src/stm32f4xx_cryp_des.c ****   }
 167:libs/STM32F4xx_StdPeriph_Driver/src/stm32f4xx_cryp_des.c **** 
 168:libs/STM32F4xx_StdPeriph_Driver/src/stm32f4xx_cryp_des.c ****   /* Disable Crypto */
 169:libs/STM32F4xx_StdPeriph_Driver/src/stm32f4xx_cryp_des.c ****   CRYP_Cmd(DISABLE);
 203              		.loc 1 169 0 is_stmt 1
 204 00b6 0020     		movs	r0, #0
 205 00b8 FFF7FEFF 		bl	CRYP_Cmd
 206              	.LVL30:
 170:libs/STM32F4xx_StdPeriph_Driver/src/stm32f4xx_cryp_des.c **** 
 171:libs/STM32F4xx_StdPeriph_Driver/src/stm32f4xx_cryp_des.c ****   return status; 
 172:libs/STM32F4xx_StdPeriph_Driver/src/stm32f4xx_cryp_des.c **** }
 207              		.loc 1 172 0
 208 00bc 3846     		mov	r0, r7
 209 00be 0CB0     		add	sp, sp, #48
 210              		@ sp needed
 211 00c0 BDE8F087 		pop	{r4, r5, r6, r7, r8, r9, r10, pc}
 212              		.cfi_endproc
 213              	.LFE110:
 215              		.section	.text.CRYP_DES_CBC,"ax",%progbits
 216              		.align	2
 217              		.global	CRYP_DES_CBC
 218              		.thumb
 219              		.thumb_func
 221              	CRYP_DES_CBC:
 222              	.LFB111:
 173:libs/STM32F4xx_StdPeriph_Driver/src/stm32f4xx_cryp_des.c **** 
 174:libs/STM32F4xx_StdPeriph_Driver/src/stm32f4xx_cryp_des.c **** /**
 175:libs/STM32F4xx_StdPeriph_Driver/src/stm32f4xx_cryp_des.c ****   * @brief  Encrypt and decrypt using DES in CBC Mode
 176:libs/STM32F4xx_StdPeriph_Driver/src/stm32f4xx_cryp_des.c ****   * @param  Mode: encryption or decryption Mode.
 177:libs/STM32F4xx_StdPeriph_Driver/src/stm32f4xx_cryp_des.c ****   *          This parameter can be one of the following values:
 178:libs/STM32F4xx_StdPeriph_Driver/src/stm32f4xx_cryp_des.c ****   *            @arg MODE_ENCRYPT: Encryption
 179:libs/STM32F4xx_StdPeriph_Driver/src/stm32f4xx_cryp_des.c ****   *            @arg MODE_DECRYPT: Decryption
 180:libs/STM32F4xx_StdPeriph_Driver/src/stm32f4xx_cryp_des.c ****   * @param  Key: Key used for DES algorithm.
 181:libs/STM32F4xx_StdPeriph_Driver/src/stm32f4xx_cryp_des.c ****   * @param  InitVectors: Initialisation Vectors used for DES algorithm.
 182:libs/STM32F4xx_StdPeriph_Driver/src/stm32f4xx_cryp_des.c ****   * @param  Ilength: length of the Input buffer, must be a multiple of 8.
 183:libs/STM32F4xx_StdPeriph_Driver/src/stm32f4xx_cryp_des.c ****   * @param  Input: pointer to the Input buffer.
 184:libs/STM32F4xx_StdPeriph_Driver/src/stm32f4xx_cryp_des.c ****   * @param  Output: pointer to the returned buffer.
 185:libs/STM32F4xx_StdPeriph_Driver/src/stm32f4xx_cryp_des.c ****   * @retval An ErrorStatus enumeration value:
 186:libs/STM32F4xx_StdPeriph_Driver/src/stm32f4xx_cryp_des.c ****   *          - SUCCESS: Operation done
 187:libs/STM32F4xx_StdPeriph_Driver/src/stm32f4xx_cryp_des.c ****   *          - ERROR: Operation failed
 188:libs/STM32F4xx_StdPeriph_Driver/src/stm32f4xx_cryp_des.c ****   */
 189:libs/STM32F4xx_StdPeriph_Driver/src/stm32f4xx_cryp_des.c **** ErrorStatus CRYP_DES_CBC(uint8_t Mode, uint8_t Key[8], uint8_t InitVectors[8],
 190:libs/STM32F4xx_StdPeriph_Driver/src/stm32f4xx_cryp_des.c ****                          uint8_t *Input, uint32_t Ilength, uint8_t *Output)
 191:libs/STM32F4xx_StdPeriph_Driver/src/stm32f4xx_cryp_des.c **** {
 223              		.loc 1 191 0
 224              		.cfi_startproc
 225              		@ args = 8, pretend = 0, frame = 64
 226              		@ frame_needed = 0, uses_anonymous_args = 0
 227              	.LVL31:
 228 0000 2DE9F047 		push	{r4, r5, r6, r7, r8, r9, r10, lr}
 229              	.LCFI2:
 230              		.cfi_def_cfa_offset 32
 231              		.cfi_offset 4, -32
 232              		.cfi_offset 5, -28
 233              		.cfi_offset 6, -24
 234              		.cfi_offset 7, -20
 235              		.cfi_offset 8, -16
 236              		.cfi_offset 9, -12
 237              		.cfi_offset 10, -8
 238              		.cfi_offset 14, -4
 239 0004 90B0     		sub	sp, sp, #64
 240              	.LCFI3:
 241              		.cfi_def_cfa_offset 96
 242 0006 0746     		mov	r7, r0
 243 0008 0E46     		mov	r6, r1
 244 000a 1446     		mov	r4, r2
 245 000c DDF860A0 		ldr	r10, [sp, #96]
 192:libs/STM32F4xx_StdPeriph_Driver/src/stm32f4xx_cryp_des.c ****   CRYP_InitTypeDef DES_CRYP_InitStructure;
 193:libs/STM32F4xx_StdPeriph_Driver/src/stm32f4xx_cryp_des.c ****   CRYP_KeyInitTypeDef DES_CRYP_KeyInitStructure;
 194:libs/STM32F4xx_StdPeriph_Driver/src/stm32f4xx_cryp_des.c ****   CRYP_IVInitTypeDef DES_CRYP_IVInitStructure;
 195:libs/STM32F4xx_StdPeriph_Driver/src/stm32f4xx_cryp_des.c ****   __IO uint32_t counter = 0;
 246              		.loc 1 195 0
 247 0010 0022     		movs	r2, #0
 248              	.LVL32:
 249 0012 0192     		str	r2, [sp, #4]
 250              	.LVL33:
 196:libs/STM32F4xx_StdPeriph_Driver/src/stm32f4xx_cryp_des.c ****   uint32_t busystatus = 0;
 197:libs/STM32F4xx_StdPeriph_Driver/src/stm32f4xx_cryp_des.c ****   ErrorStatus status = SUCCESS;
 198:libs/STM32F4xx_StdPeriph_Driver/src/stm32f4xx_cryp_des.c ****   uint32_t keyaddr    = (uint32_t)Key;
 199:libs/STM32F4xx_StdPeriph_Driver/src/stm32f4xx_cryp_des.c ****   uint32_t inputaddr  = (uint32_t)Input;
 251              		.loc 1 199 0
 252 0014 1D46     		mov	r5, r3
 253              	.LVL34:
 200:libs/STM32F4xx_StdPeriph_Driver/src/stm32f4xx_cryp_des.c ****   uint32_t outputaddr = (uint32_t)Output;
 254              		.loc 1 200 0
 255 0016 DDF86490 		ldr	r9, [sp, #100]
 256              	.LVL35:
 201:libs/STM32F4xx_StdPeriph_Driver/src/stm32f4xx_cryp_des.c ****   uint32_t ivaddr     = (uint32_t)InitVectors;
 202:libs/STM32F4xx_StdPeriph_Driver/src/stm32f4xx_cryp_des.c ****   uint32_t i = 0;
 203:libs/STM32F4xx_StdPeriph_Driver/src/stm32f4xx_cryp_des.c **** 
 204:libs/STM32F4xx_StdPeriph_Driver/src/stm32f4xx_cryp_des.c ****   /* Crypto structures initialisation*/
 205:libs/STM32F4xx_StdPeriph_Driver/src/stm32f4xx_cryp_des.c ****   CRYP_KeyStructInit(&DES_CRYP_KeyInitStructure);
 257              		.loc 1 205 0
 258 001a 06A8     		add	r0, sp, #24
 259              	.LVL36:
 260 001c FFF7FEFF 		bl	CRYP_KeyStructInit
 261              	.LVL37:
 206:libs/STM32F4xx_StdPeriph_Driver/src/stm32f4xx_cryp_des.c **** 
 207:libs/STM32F4xx_StdPeriph_Driver/src/stm32f4xx_cryp_des.c ****   /* Crypto Init for Encryption process */
 208:libs/STM32F4xx_StdPeriph_Driver/src/stm32f4xx_cryp_des.c ****   if(Mode == MODE_ENCRYPT) /* DES encryption */
 262              		.loc 1 208 0
 263 0020 012F     		cmp	r7, #1
 209:libs/STM32F4xx_StdPeriph_Driver/src/stm32f4xx_cryp_des.c ****   {
 210:libs/STM32F4xx_StdPeriph_Driver/src/stm32f4xx_cryp_des.c ****      DES_CRYP_InitStructure.CRYP_AlgoDir  = CRYP_AlgoDir_Encrypt;
 264              		.loc 1 210 0
 265 0022 0CBF     		ite	eq
 266 0024 0023     		moveq	r3, #0
 211:libs/STM32F4xx_StdPeriph_Driver/src/stm32f4xx_cryp_des.c ****   }
 212:libs/STM32F4xx_StdPeriph_Driver/src/stm32f4xx_cryp_des.c ****   else /*if(Mode == MODE_DECRYPT)*/ /* DES decryption */
 213:libs/STM32F4xx_StdPeriph_Driver/src/stm32f4xx_cryp_des.c ****   {
 214:libs/STM32F4xx_StdPeriph_Driver/src/stm32f4xx_cryp_des.c ****      DES_CRYP_InitStructure.CRYP_AlgoDir  = CRYP_AlgoDir_Decrypt;
 267              		.loc 1 214 0
 268 0026 0423     		movne	r3, #4
 269 0028 ADF83830 		strh	r3, [sp, #56]	@ movhi
 215:libs/STM32F4xx_StdPeriph_Driver/src/stm32f4xx_cryp_des.c ****   }
 216:libs/STM32F4xx_StdPeriph_Driver/src/stm32f4xx_cryp_des.c **** 
 217:libs/STM32F4xx_StdPeriph_Driver/src/stm32f4xx_cryp_des.c ****   DES_CRYP_InitStructure.CRYP_AlgoMode = CRYP_AlgoMode_DES_CBC;
 270              		.loc 1 217 0
 271 002c 1823     		movs	r3, #24
 272 002e ADF83A30 		strh	r3, [sp, #58]	@ movhi
 218:libs/STM32F4xx_StdPeriph_Driver/src/stm32f4xx_cryp_des.c ****   DES_CRYP_InitStructure.CRYP_DataType = CRYP_DataType_8b;
 273              		.loc 1 218 0
 274 0032 8023     		movs	r3, #128
 275 0034 ADF83C30 		strh	r3, [sp, #60]	@ movhi
 219:libs/STM32F4xx_StdPeriph_Driver/src/stm32f4xx_cryp_des.c ****   CRYP_Init(&DES_CRYP_InitStructure);
 276              		.loc 1 219 0
 277 0038 0EA8     		add	r0, sp, #56
 278 003a FFF7FEFF 		bl	CRYP_Init
 279              	.LVL38:
 220:libs/STM32F4xx_StdPeriph_Driver/src/stm32f4xx_cryp_des.c **** 
 221:libs/STM32F4xx_StdPeriph_Driver/src/stm32f4xx_cryp_des.c ****   /* Key Initialisation */
 222:libs/STM32F4xx_StdPeriph_Driver/src/stm32f4xx_cryp_des.c ****   DES_CRYP_KeyInitStructure.CRYP_Key1Left = __REV(*(uint32_t*)(keyaddr));
 280              		.loc 1 222 0
 281 003e 3368     		ldr	r3, [r6]
 282              	.LVL39:
 283              	.LBB18:
 284              	.LBB19:
 285              		.loc 2 352 0
 286              	@ 352 "libs/CMSIS/Include/core_cmInstr.h" 1
 287 0040 1BBA     		rev r3, r3
 288              	@ 0 "" 2
 289              	.LVL40:
 290              		.thumb
 291              	.LBE19:
 292              	.LBE18:
 293              		.loc 1 222 0
 294 0042 0893     		str	r3, [sp, #32]
 295              	.LVL41:
 223:libs/STM32F4xx_StdPeriph_Driver/src/stm32f4xx_cryp_des.c ****   keyaddr+=4;
 224:libs/STM32F4xx_StdPeriph_Driver/src/stm32f4xx_cryp_des.c ****   DES_CRYP_KeyInitStructure.CRYP_Key1Right= __REV(*(uint32_t*)(keyaddr));
 296              		.loc 1 224 0
 297 0044 7368     		ldr	r3, [r6, #4]
 298              	.LVL42:
 299              	.LBB20:
 300              	.LBB21:
 301              		.loc 2 352 0
 302              	@ 352 "libs/CMSIS/Include/core_cmInstr.h" 1
 303 0046 1BBA     		rev r3, r3
 304              	@ 0 "" 2
 305              	.LVL43:
 306              		.thumb
 307              	.LBE21:
 308              	.LBE20:
 309              		.loc 1 224 0
 310 0048 0993     		str	r3, [sp, #36]
 225:libs/STM32F4xx_StdPeriph_Driver/src/stm32f4xx_cryp_des.c ****   CRYP_KeyInit(& DES_CRYP_KeyInitStructure);
 311              		.loc 1 225 0
 312 004a 06A8     		add	r0, sp, #24
 313 004c FFF7FEFF 		bl	CRYP_KeyInit
 314              	.LVL44:
 226:libs/STM32F4xx_StdPeriph_Driver/src/stm32f4xx_cryp_des.c **** 
 227:libs/STM32F4xx_StdPeriph_Driver/src/stm32f4xx_cryp_des.c ****   /* Initialization Vectors */
 228:libs/STM32F4xx_StdPeriph_Driver/src/stm32f4xx_cryp_des.c ****   DES_CRYP_IVInitStructure.CRYP_IV0Left = __REV(*(uint32_t*)(ivaddr));
 315              		.loc 1 228 0
 316 0050 2368     		ldr	r3, [r4]
 317              	.LVL45:
 318              	.LBB22:
 319              	.LBB23:
 320              		.loc 2 352 0
 321              	@ 352 "libs/CMSIS/Include/core_cmInstr.h" 1
 322 0052 1BBA     		rev r3, r3
 323              	@ 0 "" 2
 324              	.LVL46:
 325              		.thumb
 326              	.LBE23:
 327              	.LBE22:
 328              		.loc 1 228 0
 329 0054 0293     		str	r3, [sp, #8]
 330              	.LVL47:
 229:libs/STM32F4xx_StdPeriph_Driver/src/stm32f4xx_cryp_des.c ****   ivaddr+=4;
 230:libs/STM32F4xx_StdPeriph_Driver/src/stm32f4xx_cryp_des.c ****   DES_CRYP_IVInitStructure.CRYP_IV0Right= __REV(*(uint32_t*)(ivaddr));
 331              		.loc 1 230 0
 332 0056 6368     		ldr	r3, [r4, #4]
 333              	.LVL48:
 334              	.LBB24:
 335              	.LBB25:
 336              		.loc 2 352 0
 337              	@ 352 "libs/CMSIS/Include/core_cmInstr.h" 1
 338 0058 1BBA     		rev r3, r3
 339              	@ 0 "" 2
 340              	.LVL49:
 341              		.thumb
 342              	.LBE25:
 343              	.LBE24:
 344              		.loc 1 230 0
 345 005a 0393     		str	r3, [sp, #12]
 231:libs/STM32F4xx_StdPeriph_Driver/src/stm32f4xx_cryp_des.c ****   CRYP_IVInit(&DES_CRYP_IVInitStructure);
 346              		.loc 1 231 0
 347 005c 02A8     		add	r0, sp, #8
 348              	.LVL50:
 349 005e FFF7FEFF 		bl	CRYP_IVInit
 350              	.LVL51:
 232:libs/STM32F4xx_StdPeriph_Driver/src/stm32f4xx_cryp_des.c **** 
 233:libs/STM32F4xx_StdPeriph_Driver/src/stm32f4xx_cryp_des.c ****   /* Flush IN/OUT FIFO */
 234:libs/STM32F4xx_StdPeriph_Driver/src/stm32f4xx_cryp_des.c ****   CRYP_FIFOFlush();
 351              		.loc 1 234 0
 352 0062 FFF7FEFF 		bl	CRYP_FIFOFlush
 353              	.LVL52:
 235:libs/STM32F4xx_StdPeriph_Driver/src/stm32f4xx_cryp_des.c ****   
 236:libs/STM32F4xx_StdPeriph_Driver/src/stm32f4xx_cryp_des.c ****   /* Enable Crypto processor */
 237:libs/STM32F4xx_StdPeriph_Driver/src/stm32f4xx_cryp_des.c ****   CRYP_Cmd(ENABLE);
 354              		.loc 1 237 0
 355 0066 0120     		movs	r0, #1
 356 0068 FFF7FEFF 		bl	CRYP_Cmd
 357              	.LVL53:
 238:libs/STM32F4xx_StdPeriph_Driver/src/stm32f4xx_cryp_des.c **** 
 239:libs/STM32F4xx_StdPeriph_Driver/src/stm32f4xx_cryp_des.c ****   for(i=0; ((i<Ilength) && (status != ERROR)); i+=8)
 358              		.loc 1 239 0
 359 006c 0026     		movs	r6, #0
 360              	.LVL54:
 197:libs/STM32F4xx_StdPeriph_Driver/src/stm32f4xx_cryp_des.c ****   uint32_t keyaddr    = (uint32_t)Key;
 361              		.loc 1 197 0
 362 006e 0127     		movs	r7, #1
 240:libs/STM32F4xx_StdPeriph_Driver/src/stm32f4xx_cryp_des.c ****   {
 241:libs/STM32F4xx_StdPeriph_Driver/src/stm32f4xx_cryp_des.c ****     /* Write the Input block in the Input FIFO */
 242:libs/STM32F4xx_StdPeriph_Driver/src/stm32f4xx_cryp_des.c ****     CRYP_DataIn(*(uint32_t*)(inputaddr));
 243:libs/STM32F4xx_StdPeriph_Driver/src/stm32f4xx_cryp_des.c ****     inputaddr+=4;
 244:libs/STM32F4xx_StdPeriph_Driver/src/stm32f4xx_cryp_des.c ****     CRYP_DataIn(*(uint32_t*)(inputaddr));
 245:libs/STM32F4xx_StdPeriph_Driver/src/stm32f4xx_cryp_des.c ****     inputaddr+=4;
 246:libs/STM32F4xx_StdPeriph_Driver/src/stm32f4xx_cryp_des.c **** 
 247:libs/STM32F4xx_StdPeriph_Driver/src/stm32f4xx_cryp_des.c ****     /* Wait until the complete message has been processed */
 248:libs/STM32F4xx_StdPeriph_Driver/src/stm32f4xx_cryp_des.c ****     counter = 0;
 363              		.loc 1 248 0
 364 0070 B046     		mov	r8, r6
 249:libs/STM32F4xx_StdPeriph_Driver/src/stm32f4xx_cryp_des.c ****     do
 250:libs/STM32F4xx_StdPeriph_Driver/src/stm32f4xx_cryp_des.c ****     {
 251:libs/STM32F4xx_StdPeriph_Driver/src/stm32f4xx_cryp_des.c ****       busystatus = CRYP_GetFlagStatus(CRYP_FLAG_BUSY);
 365              		.loc 1 251 0
 366 0072 1024     		movs	r4, #16
 367              	.LVL55:
 239:libs/STM32F4xx_StdPeriph_Driver/src/stm32f4xx_cryp_des.c ****   {
 368              		.loc 1 239 0
 369 0074 23E0     		b	.L14
 370              	.LVL56:
 371              	.L18:
 242:libs/STM32F4xx_StdPeriph_Driver/src/stm32f4xx_cryp_des.c ****     inputaddr+=4;
 372              		.loc 1 242 0
 373 0076 2868     		ldr	r0, [r5]
 374 0078 FFF7FEFF 		bl	CRYP_DataIn
 375              	.LVL57:
 244:libs/STM32F4xx_StdPeriph_Driver/src/stm32f4xx_cryp_des.c ****     inputaddr+=4;
 376              		.loc 1 244 0
 377 007c 6868     		ldr	r0, [r5, #4]
 378 007e FFF7FEFF 		bl	CRYP_DataIn
 379              	.LVL58:
 245:libs/STM32F4xx_StdPeriph_Driver/src/stm32f4xx_cryp_des.c **** 
 380              		.loc 1 245 0
 381 0082 0835     		adds	r5, r5, #8
 382              	.LVL59:
 248:libs/STM32F4xx_StdPeriph_Driver/src/stm32f4xx_cryp_des.c ****     do
 383              		.loc 1 248 0
 384 0084 CDF80480 		str	r8, [sp, #4]
 385              	.L16:
 386              		.loc 1 251 0 discriminator 1
 387 0088 2046     		mov	r0, r4
 388 008a FFF7FEFF 		bl	CRYP_GetFlagStatus
 389              	.LVL60:
 390 008e 0246     		mov	r2, r0
 391              	.LVL61:
 252:libs/STM32F4xx_StdPeriph_Driver/src/stm32f4xx_cryp_des.c ****       counter++;
 392              		.loc 1 252 0 discriminator 1
 393 0090 019B     		ldr	r3, [sp, #4]
 394 0092 0133     		adds	r3, r3, #1
 395 0094 0193     		str	r3, [sp, #4]
 253:libs/STM32F4xx_StdPeriph_Driver/src/stm32f4xx_cryp_des.c ****     }while ((counter != DESBUSY_TIMEOUT) && (busystatus != RESET));
 396              		.loc 1 253 0 discriminator 1
 397 0096 019B     		ldr	r3, [sp, #4]
 398 0098 B3F5803F 		cmp	r3, #65536
 399 009c 01D0     		beq	.L15
 400 009e 0028     		cmp	r0, #0
 401 00a0 F2D1     		bne	.L16
 402              	.L15:
 254:libs/STM32F4xx_StdPeriph_Driver/src/stm32f4xx_cryp_des.c **** 
 255:libs/STM32F4xx_StdPeriph_Driver/src/stm32f4xx_cryp_des.c ****     if (busystatus != RESET)
 403              		.loc 1 255 0
 404 00a2 52B9     		cbnz	r2, .L19
 256:libs/STM32F4xx_StdPeriph_Driver/src/stm32f4xx_cryp_des.c ****    {
 257:libs/STM32F4xx_StdPeriph_Driver/src/stm32f4xx_cryp_des.c ****        status = ERROR;
 258:libs/STM32F4xx_StdPeriph_Driver/src/stm32f4xx_cryp_des.c ****     }
 259:libs/STM32F4xx_StdPeriph_Driver/src/stm32f4xx_cryp_des.c ****     else
 260:libs/STM32F4xx_StdPeriph_Driver/src/stm32f4xx_cryp_des.c ****     {
 261:libs/STM32F4xx_StdPeriph_Driver/src/stm32f4xx_cryp_des.c ****       /* Read the Output block from the Output FIFO */
 262:libs/STM32F4xx_StdPeriph_Driver/src/stm32f4xx_cryp_des.c ****       *(uint32_t*)(outputaddr) = CRYP_DataOut();
 405              		.loc 1 262 0
 406 00a4 FFF7FEFF 		bl	CRYP_DataOut
 407              	.LVL62:
 408 00a8 C9F80000 		str	r0, [r9]
 409              	.LVL63:
 263:libs/STM32F4xx_StdPeriph_Driver/src/stm32f4xx_cryp_des.c ****       outputaddr+=4;
 264:libs/STM32F4xx_StdPeriph_Driver/src/stm32f4xx_cryp_des.c ****       *(uint32_t*)(outputaddr) = CRYP_DataOut();
 410              		.loc 1 264 0
 411 00ac FFF7FEFF 		bl	CRYP_DataOut
 412              	.LVL64:
 413 00b0 C9F80400 		str	r0, [r9, #4]
 265:libs/STM32F4xx_StdPeriph_Driver/src/stm32f4xx_cryp_des.c ****       outputaddr+=4;
 414              		.loc 1 265 0
 415 00b4 09F10809 		add	r9, r9, #8
 416              	.LVL65:
 417 00b8 00E0     		b	.L17
 418              	.LVL66:
 419              	.L19:
 257:libs/STM32F4xx_StdPeriph_Driver/src/stm32f4xx_cryp_des.c ****     }
 420              		.loc 1 257 0
 421 00ba 4746     		mov	r7, r8
 422              	.LVL67:
 423              	.L17:
 239:libs/STM32F4xx_StdPeriph_Driver/src/stm32f4xx_cryp_des.c ****   {
 424              		.loc 1 239 0
 425 00bc 0836     		adds	r6, r6, #8
 426              	.LVL68:
 427              	.L14:
 239:libs/STM32F4xx_StdPeriph_Driver/src/stm32f4xx_cryp_des.c ****   {
 428              		.loc 1 239 0 is_stmt 0 discriminator 1
 429 00be 5645     		cmp	r6, r10
 430 00c0 2CBF     		ite	cs
 431 00c2 0023     		movcs	r3, #0
 432 00c4 07F00103 		andcc	r3, r7, #1
 433 00c8 002B     		cmp	r3, #0
 434 00ca D4D1     		bne	.L18
 266:libs/STM32F4xx_StdPeriph_Driver/src/stm32f4xx_cryp_des.c ****     }
 267:libs/STM32F4xx_StdPeriph_Driver/src/stm32f4xx_cryp_des.c ****   }
 268:libs/STM32F4xx_StdPeriph_Driver/src/stm32f4xx_cryp_des.c **** 
 269:libs/STM32F4xx_StdPeriph_Driver/src/stm32f4xx_cryp_des.c ****   /* Disable Crypto */
 270:libs/STM32F4xx_StdPeriph_Driver/src/stm32f4xx_cryp_des.c ****   CRYP_Cmd(DISABLE);
 435              		.loc 1 270 0 is_stmt 1
 436 00cc 0020     		movs	r0, #0
 437 00ce FFF7FEFF 		bl	CRYP_Cmd
 438              	.LVL69:
 271:libs/STM32F4xx_StdPeriph_Driver/src/stm32f4xx_cryp_des.c **** 
 272:libs/STM32F4xx_StdPeriph_Driver/src/stm32f4xx_cryp_des.c ****   return status; 
 273:libs/STM32F4xx_StdPeriph_Driver/src/stm32f4xx_cryp_des.c **** }
 439              		.loc 1 273 0
 440 00d2 3846     		mov	r0, r7
 441 00d4 10B0     		add	sp, sp, #64
 442              		@ sp needed
 443 00d6 BDE8F087 		pop	{r4, r5, r6, r7, r8, r9, r10, pc}
 444              		.cfi_endproc
 445              	.LFE111:
 447 00da 00BF     		.text
 448              	.Letext0:
 449              		.file 3 "/usr/include/newlib/machine/_default_types.h"
 450              		.file 4 "/usr/include/newlib/stdint.h"
 451              		.file 5 "libs/Device/STM32F4xx/Include/stm32f4xx.h"
 452              		.file 6 "libs/STM32F4xx_StdPeriph_Driver/inc/stm32f4xx_cryp.h"
 453              		.file 7 "libs/CMSIS/Include/core_cm4.h"
DEFINED SYMBOLS
                            *ABS*:0000000000000000 stm32f4xx_cryp_des.c
     /tmp/ccbenZNO.s:20     .text.CRYP_DES_ECB:0000000000000000 $t
     /tmp/ccbenZNO.s:25     .text.CRYP_DES_ECB:0000000000000000 CRYP_DES_ECB
     /tmp/ccbenZNO.s:216    .text.CRYP_DES_CBC:0000000000000000 $t
     /tmp/ccbenZNO.s:221    .text.CRYP_DES_CBC:0000000000000000 CRYP_DES_CBC
                     .debug_frame:0000000000000010 $d
                           .group:0000000000000000 wm4.1.7402b5479d3fa4780665141f585fc0ee
                           .group:0000000000000000 wm4.stm32f4xx.h.48.a3308e16720c7afc3eb28e585e628ce6
                           .group:0000000000000000 wm4.core_cm4.h.32.5f62939b60122629d60d85d0c4a14709
                           .group:0000000000000000 wm4.features.h.22.6a4ca7cd053637cc1d0db6c16f39b2d7
                           .group:0000000000000000 wm4._default_types.h.15.8b2cb27e528498f8ff711db085d6e489
                           .group:0000000000000000 wm4.stdint.h.20.796e373797e732130a803d4c0338fa1b
                           .group:0000000000000000 wm4.core_cmInstr.h.25.f50f886f2edf670cf199b35fd96f5c91
                           .group:0000000000000000 wm4.core_cm4_simd.h.29.b4a3fdfb606cb3b26119424324d4b963
                           .group:0000000000000000 wm4.core_cm4.h.153.5393ef7e6cebf34dd51ca528f9218ab3
                           .group:0000000000000000 wm4.stm32f4xx.h.282.95bae448a91bccfbf24a6f9d95904bb8
                           .group:0000000000000000 wm4.stm32f4xx_adc.h.102.2061aa73008746f3c2cc6ce8f635cad3
                           .group:0000000000000000 wm4.stm32f4xx_can.h.25.87f18ca48b2692d39f76e87b1f07c953
                           .group:0000000000000000 wm4.stm32f4xx_dac.h.25.c43557a6416ea4dfa986c1209c2558d6
                           .group:0000000000000000 wm4.stm32f4xx_dbgmcu.h.24.7aedfdcf091890b5cb96019bd29a2bfc
                           .group:0000000000000000 wm4.stm32f4xx_dcmi.h.24.64883d9be802a535b1d7770d14da73e0
                           .group:0000000000000000 wm4.stm32f4xx_dma.h.25.c1fa1d44ae0bc9c2b3a0d1d355d8c1e6
                           .group:0000000000000000 wm4.stm32f4xx_exti.h.25.620998268d5d3d9042a8297fbe07d507
                           .group:0000000000000000 wm4.stm32f4xx_flash.h.25.65d4f351b72ee41355279f70305f361a
                           .group:0000000000000000 wm4.stm32f4xx_fsmc.h.25.b907ac7bd9bec46e02d06b137d53cfd8
                           .group:0000000000000000 wm4.stm32f4xx_hash.h.25.633fb84f031cf2ab1bd834e536716dfa
                           .group:0000000000000000 wm4.stm32f4xx_gpio.h.25.5bd1d790d742a307b55aea5fa8fcdae8
                           .group:0000000000000000 wm4.stm32f4xx_i2c.h.25.8fcdb817a00a67d4624d79bab0d9275f
                           .group:0000000000000000 wm4.stm32f4xx_iwdg.h.25.3013e8d2058415cb9d51af77f748a146
                           .group:0000000000000000 wm4.stm32f4xx_pwr.h.25.48b68c1f3a894ab012f9c2a2c222f159
                           .group:0000000000000000 wm4.stm32f4xx_rcc.h.24.c15e7c8dc065bb29146f29591b195c87
                           .group:0000000000000000 wm4.stm32f4xx_rng.h.25.cdb5c5c07de6a48aedfde608da3f447e
                           .group:0000000000000000 wm4.stm32f4xx_rtc.h.25.4809a79ad46ad97b4a01e735a96738eb
                           .group:0000000000000000 wm4.stm32f4xx_sdio.h.25.406302aabae34eada94e5f2cde635a3e
                           .group:0000000000000000 wm4.stm32f4xx_spi.h.25.46c61b79ff8408da93e2e90cf9b717d6
                           .group:0000000000000000 wm4.stm32f4xx_syscfg.h.25.9d5caab5677661b69e959531364e23d7
                           .group:0000000000000000 wm4.stm32f4xx_tim.h.25.948f7fc943f34bd206e29758e77ee0a2
                           .group:0000000000000000 wm4.stm32f4xx_usart.h.25.b64697dad017ba547dd272c2cdb5846a
                           .group:0000000000000000 wm4.stm32f4xx_wwdg.h.25.09d70b7849c6894ddf1e83c8e86b70e1
                           .group:0000000000000000 wm4.misc.h.25.a0cb758c1f091b46f201b19cec9e63a1
                           .group:0000000000000000 wm4.stm32f4xx.h.6913.da011404ccb203790556c86f10c46b18
                           .group:0000000000000000 wm4.stm32f4xx_cryp.h.119.d9dc2f059ca5f1650f6b9481919a2fab

UNDEFINED SYMBOLS
CRYP_KeyStructInit
CRYP_Init
CRYP_KeyInit
CRYP_FIFOFlush
CRYP_Cmd
CRYP_DataIn
CRYP_GetFlagStatus
CRYP_DataOut
CRYP_IVInit
